[0.000000] (-) TimerEvent: {}
[0.000090] (-) JobUnselected: {'identifier': 'depthimage_to_laserscan'}
[0.000119] (-) JobUnselected: {'identifier': 'f4_project'}
[0.000139] (-) JobUnselected: {'identifier': 'px4_msgs'}
[0.000157] (-) JobUnselected: {'identifier': 'px4_offboard'}
[0.000173] (-) JobUnselected: {'identifier': 'px4_ros_com'}
[0.000191] (wld_net) JobQueued: {'identifier': 'wld_net', 'dependencies': OrderedDict()}
[0.000212] (wld_net) JobStarted: {'identifier': 'wld_net'}
[0.099210] (-) TimerEvent: {}
[0.199385] (-) TimerEvent: {}
[0.299637] (-) TimerEvent: {}
[0.399908] (-) TimerEvent: {}
[0.500021] (-) TimerEvent: {}
[0.600144] (-) TimerEvent: {}
[0.700318] (-) TimerEvent: {}
[0.800451] (-) TimerEvent: {}
[0.900609] (-) TimerEvent: {}
[1.000754] (-) TimerEvent: {}
[1.049811] (wld_net) Command: {'cmd': ['/usr/bin/python3', '-W', 'ignore:setup.py install is deprecated', '-W', 'ignore:easy_install command is deprecated', 'setup.py', 'develop', '--editable', '--build-directory', '/home/anas/drone_sitl_ws/build/wld_net/build', '--no-deps', 'symlink_data'], 'cwd': '/home/anas/drone_sitl_ws/build/wld_net', 'env': {'USER': 'anas', 'SHLVL': '0', 'LD_LIBRARY_PATH': '/opt/ros/humble/opt/rviz_ogre_vendor/lib:/opt/ros/humble/lib/x86_64-linux-gnu:/opt/ros/humble/lib', 'HOME': '/home/anas', 'OLDPWD': '/home/anas/drone_sitl_ws', 'ROS_PYTHON_VERSION': '3', 'DBUS_SESSION_BUS_ADDRESS': 'unix:path=/run/user/1000/bus', 'WSL_DISTRO_NAME': 'Ubuntu-22.04', 'WAYLAND_DISPLAY': 'wayland-0', 'ROS_DISTRO': 'humble', 'LOGNAME': 'anas', 'NAME': 'anas-amer', 'WSL_INTEROP': '/run/WSL/1159_interop', 'PULSE_SERVER': 'unix:/mnt/wslg/PulseServer', '_': '/usr/bin/colcon', 'ROS_VERSION': '2', 'TERM': 'xterm-256color', 'ROS_LOCALHOST_ONLY': '0', 'PATH': '/opt/ros/humble/bin:/usr/local/sbin:/usr/local/bin:/usr/sbin:/usr/bin:/sbin:/bin:/usr/games:/usr/local/games:/usr/lib/wsl/lib:/mnt/c/TwinCAT/Common64:/mnt/c/TwinCAT/Common32:/mnt/c/WINDOWS/system32:/mnt/c/WINDOWS:/mnt/c/WINDOWS/System32/Wbem:/mnt/c/WINDOWS/System32/WindowsPowerShell/v1.0/:/mnt/c/WINDOWS/System32/OpenSSH/:/mnt/c/Program Files/NVIDIA Corporation/NVIDIA App/NvDLISR:/mnt/c/Program Files (x86)/NVIDIA Corporation/PhysX/Common:/mnt/c/Program Files (x86)/Windows Kits/8.1/Windows Performance Toolkit/:/mnt/c/Program Files/nodejs/:/mnt/d/Matlab/bin:/mnt/c/Program Files/Git/cmd:/mnt/c/Program Files/Docker/Docker/resources/bin:/mnt/c/Program Files/dotnet/:/mnt/c/Program Files/usbipd-win/:/mnt/c/Program Files (x86)/cloudflared/:/mnt/c/Program Files/Pandoc/:/mnt/c/Program Files/cursor/resources/app/bin:/mnt/c/Program Files/CMake/bin:/mnt/c/Program Files/Cloudflare/Cloudflare WARP/:/mnt/c/Users/amera/AppData/Local/Programs/Python/Python311/Scripts/:/mnt/c/Users/amera/AppData/Local/Programs/Python/Python311/:/mnt/c/Users/amera/AppData/Local/Microsoft/WindowsApps:/mnt/c/Users/amera/AppData/Local/Programs/Microsoft VS Code/bin:/mnt/c/Users/amera/AppData/Local/Programs/MiKTeX/miktex/bin/x64/:/mnt/c/Users/amera/AppData/Roaming/npm:/mnt/c/Users/amera/AppData/Local/Google/Cloud SDK/google-cloud-sdk/bin:/mnt/c/Users/amera/.dotnet/tools:/mnt/c/Users/amera/AppData/Local/Programs/Antigravity/bin', 'XDG_RUNTIME_DIR': '/run/user/1000/', 'DISPLAY': ':0', 'LANG': 'en_US.UTF-8', 'AMENT_PREFIX_PATH': '/opt/ros/humble', 'SHELL': '/bin/bash', 'PWD': '/home/anas/drone_sitl_ws/build/wld_net', 'PYTHONPATH': '/home/anas/drone_sitl_ws/build/wld_net/prefix_override:/usr/lib/python3/dist-packages/colcon_core/task/python/colcon_distutils_commands:/home/anas/drone_sitl_ws/install/wld_net/lib/python3.10/site-packages:/opt/ros/humble/lib/python3.10/site-packages:/opt/ros/humble/local/lib/python3.10/dist-packages', 'COLCON': '1', 'WSL2_GUI_APPS_ENABLED': '1', 'HOSTTYPE': 'x86_64', 'WSLENV': 'ELECTRON_RUN_AS_NODE/w:'}, 'shell': False}
[1.100834] (-) TimerEvent: {}
[1.199824] (wld_net) StderrLine: {'line': b"/home/anas/.local/lib/python3.10/site-packages/setuptools/_distutils/dist.py:289: UserWarning: Unknown distribution option: 'tests_require'\n"}
[1.200275] (wld_net) StderrLine: {'line': b'  warnings.warn(msg)\n'}
[1.200877] (-) TimerEvent: {}
[1.300987] (-) TimerEvent: {}
[1.401148] (-) TimerEvent: {}
[1.411398] (wld_net) StdoutLine: {'line': b'running develop\n'}
[1.501224] (-) TimerEvent: {}
[1.601378] (-) TimerEvent: {}
[1.701508] (-) TimerEvent: {}
[1.703398] (wld_net) StdoutLine: {'line': b'running egg_info\n'}
[1.723565] (wld_net) StdoutLine: {'line': b'writing wld_net.egg-info/PKG-INFO\n'}
[1.724149] (wld_net) StdoutLine: {'line': b'writing dependency_links to wld_net.egg-info/dependency_links.txt\n'}
[1.724376] (wld_net) StdoutLine: {'line': b'writing entry points to wld_net.egg-info/entry_points.txt\n'}
[1.724688] (wld_net) StdoutLine: {'line': b'writing requirements to wld_net.egg-info/requires.txt\n'}
[1.724888] (wld_net) StdoutLine: {'line': b'writing top-level names to wld_net.egg-info/top_level.txt\n'}
[1.766751] (wld_net) StdoutLine: {'line': b"reading manifest file 'wld_net.egg-info/SOURCES.txt'\n"}
[1.768790] (wld_net) StdoutLine: {'line': b"writing manifest file 'wld_net.egg-info/SOURCES.txt'\n"}
[1.801608] (-) TimerEvent: {}
[1.807144] (wld_net) StdoutLine: {'line': b'running build_ext\n'}
[1.807858] (wld_net) StdoutLine: {'line': b'Creating /home/anas/drone_sitl_ws/install/wld_net/lib/python3.10/site-packages/wld-net.egg-link (link to .)\n'}
[1.808680] (wld_net) StdoutLine: {'line': b'Installing dehazing_node script to /home/anas/drone_sitl_ws/install/wld_net/bin\n'}
[1.808878] (wld_net) StdoutLine: {'line': b'Installing video_dehazing_node script to /home/anas/drone_sitl_ws/install/wld_net/bin\n'}
[1.809068] (wld_net) StdoutLine: {'line': b'Installing webcam_dehazing_node script to /home/anas/drone_sitl_ws/install/wld_net/bin\n'}
[1.809350] (wld_net) StdoutLine: {'line': b'\n'}
[1.809456] (wld_net) StdoutLine: {'line': b'Installed /home/anas/drone_sitl_ws/build/wld_net\n'}
[1.809561] (wld_net) StdoutLine: {'line': b'running symlink_data\n'}
[1.844796] (wld_net) CommandEnded: {'returncode': 0}
[1.871027] (wld_net) JobEnded: {'identifier': 'wld_net', 'rc': 0}
[1.871793] (-) EventReactorShutdown: {}
