[0.483s] DEBUG:colcon:Command line arguments: ['/usr/bin/colcon', 'build', '--packages-select', 'wld_net', '--symlink-install']
[0.483s] DEBUG:colcon:Parsed command line arguments: Namespace(log_base=None, log_level=None, verb_name='build', build_base='build', install_base='install', merge_install=False, symlink_install=True, test_result_base=None, continue_on_error=False, executor='parallel', parallel_workers=6, event_handlers=None, ignore_user_meta=False, metas=['./colcon.meta'], base_paths=['.'], packages_ignore=None, packages_ignore_regex=None, paths=None, packages_up_to=None, packages_up_to_regex=None, packages_above=None, packages_above_and_dependencies=None, packages_above_depth=None, packages_select_by_dep=None, packages_skip_by_dep=None, packages_skip_up_to=None, packages_select_build_failed=False, packages_skip_build_finished=False, packages_select_test_failures=False, packages_skip_test_passed=False, packages_select=['wld_net'], packages_skip=None, packages_select_regex=None, packages_skip_regex=None, packages_start=None, packages_end=None, allow_overriding=[], cmake_args=None, cmake_target=None, cmake_target_skip_unavailable=False, cmake_clean_cache=False, cmake_clean_first=False, cmake_force_configure=False, ament_cmake_args=None, catkin_cmake_args=None, catkin_skip_building_tests=False, verb_parser=<colcon_defaults.argument_parser.defaults.DefaultArgumentsDecorator object at 0x7fc17826e860>, verb_extension=<colcon_core.verb.build.BuildVerb object at 0x7fc17839f820>, main=<bound method BuildVerb.main of <colcon_core.verb.build.BuildVerb object at 0x7fc17839f820>>)
[0.577s] Level 1:colcon.colcon_core.package_discovery:discover_packages(colcon_meta) check parameters
[0.577s] Level 1:colcon.colcon_core.package_discovery:discover_packages(recursive) check parameters
[0.577s] Level 1:colcon.colcon_core.package_discovery:discover_packages(ignore) check parameters
[0.577s] Level 1:colcon.colcon_core.package_discovery:discover_packages(path) check parameters
[0.577s] Level 1:colcon.colcon_core.package_discovery:discover_packages(colcon_meta) discover
[0.577s] Level 1:colcon.colcon_core.package_discovery:discover_packages(recursive) discover
[0.577s] INFO:colcon.colcon_core.package_discovery:Crawling recursively for packages in '/home/anas/drone_sitl_ws'
[0.577s] Level 1:colcon.colcon_core.package_identification:_identify(.) by extensions ['ignore', 'ignore_ament_install']
[0.578s] Level 1:colcon.colcon_core.package_identification:_identify(.) by extension 'ignore'
[0.578s] Level 1:colcon.colcon_core.package_identification:_identify(.) by extension 'ignore_ament_install'
[0.578s] Level 1:colcon.colcon_core.package_identification:_identify(.) by extensions ['colcon_pkg']
[0.578s] Level 1:colcon.colcon_core.package_identification:_identify(.) by extension 'colcon_pkg'
[0.578s] Level 1:colcon.colcon_core.package_identification:_identify(.) by extensions ['colcon_meta']
[0.578s] Level 1:colcon.colcon_core.package_identification:_identify(.) by extension 'colcon_meta'
[0.578s] Level 1:colcon.colcon_core.package_identification:_identify(.) by extensions ['ros']
[0.578s] Level 1:colcon.colcon_core.package_identification:_identify(.) by extension 'ros'
[0.596s] Level 1:colcon.colcon_core.package_identification:_identify(.) by extensions ['cmake', 'python']
[0.596s] Level 1:colcon.colcon_core.package_identification:_identify(.) by extension 'cmake'
[0.597s] Level 1:colcon.colcon_core.package_identification:_identify(.) by extension 'python'
[0.597s] Level 1:colcon.colcon_core.package_identification:_identify(.) by extensions ['python_setup_py']
[0.597s] Level 1:colcon.colcon_core.package_identification:_identify(.) by extension 'python_setup_py'
[0.597s] Level 1:colcon.colcon_core.package_identification:_identify(build) by extensions ['ignore', 'ignore_ament_install']
[0.597s] Level 1:colcon.colcon_core.package_identification:_identify(build) by extension 'ignore'
[0.597s] Level 1:colcon.colcon_core.package_identification:_identify(build) ignored
[0.597s] Level 1:colcon.colcon_core.package_identification:_identify(install) by extensions ['ignore', 'ignore_ament_install']
[0.597s] Level 1:colcon.colcon_core.package_identification:_identify(install) by extension 'ignore'
[0.597s] Level 1:colcon.colcon_core.package_identification:_identify(install) ignored
[0.597s] Level 1:colcon.colcon_core.package_identification:_identify(log) by extensions ['ignore', 'ignore_ament_install']
[0.597s] Level 1:colcon.colcon_core.package_identification:_identify(log) by extension 'ignore'
[0.597s] Level 1:colcon.colcon_core.package_identification:_identify(log) ignored
[0.597s] Level 1:colcon.colcon_core.package_identification:_identify(src) by extensions ['ignore', 'ignore_ament_install']
[0.597s] Level 1:colcon.colcon_core.package_identification:_identify(src) by extension 'ignore'
[0.598s] Level 1:colcon.colcon_core.package_identification:_identify(src) by extension 'ignore_ament_install'
[0.598s] Level 1:colcon.colcon_core.package_identification:_identify(src) by extensions ['colcon_pkg']
[0.598s] Level 1:colcon.colcon_core.package_identification:_identify(src) by extension 'colcon_pkg'
[0.598s] Level 1:colcon.colcon_core.package_identification:_identify(src) by extensions ['colcon_meta']
[0.598s] Level 1:colcon.colcon_core.package_identification:_identify(src) by extension 'colcon_meta'
[0.598s] Level 1:colcon.colcon_core.package_identification:_identify(src) by extensions ['ros']
[0.598s] Level 1:colcon.colcon_core.package_identification:_identify(src) by extension 'ros'
[0.598s] Level 1:colcon.colcon_core.package_identification:_identify(src) by extensions ['cmake', 'python']
[0.598s] Level 1:colcon.colcon_core.package_identification:_identify(src) by extension 'cmake'
[0.598s] Level 1:colcon.colcon_core.package_identification:_identify(src) by extension 'python'
[0.598s] Level 1:colcon.colcon_core.package_identification:_identify(src) by extensions ['python_setup_py']
[0.598s] Level 1:colcon.colcon_core.package_identification:_identify(src) by extension 'python_setup_py'
[0.598s] Level 1:colcon.colcon_core.package_identification:_identify(src/RL_research_workspace) by extensions ['ignore', 'ignore_ament_install']
[0.598s] Level 1:colcon.colcon_core.package_identification:_identify(src/RL_research_workspace) by extension 'ignore'
[0.598s] Level 1:colcon.colcon_core.package_identification:_identify(src/RL_research_workspace) by extension 'ignore_ament_install'
[0.598s] Level 1:colcon.colcon_core.package_identification:_identify(src/RL_research_workspace) by extensions ['colcon_pkg']
[0.598s] Level 1:colcon.colcon_core.package_identification:_identify(src/RL_research_workspace) by extension 'colcon_pkg'
[0.598s] Level 1:colcon.colcon_core.package_identification:_identify(src/RL_research_workspace) by extensions ['colcon_meta']
[0.598s] Level 1:colcon.colcon_core.package_identification:_identify(src/RL_research_workspace) by extension 'colcon_meta'
[0.598s] Level 1:colcon.colcon_core.package_identification:_identify(src/RL_research_workspace) by extensions ['ros']
[0.598s] Level 1:colcon.colcon_core.package_identification:_identify(src/RL_research_workspace) by extension 'ros'
[0.598s] Level 1:colcon.colcon_core.package_identification:_identify(src/RL_research_workspace) by extensions ['cmake', 'python']
[0.598s] Level 1:colcon.colcon_core.package_identification:_identify(src/RL_research_workspace) by extension 'cmake'
[0.599s] Level 1:colcon.colcon_core.package_identification:_identify(src/RL_research_workspace) by extension 'python'
[0.599s] Level 1:colcon.colcon_core.package_identification:_identify(src/RL_research_workspace) by extensions ['python_setup_py']
[0.599s] Level 1:colcon.colcon_core.package_identification:_identify(src/RL_research_workspace) by extension 'python_setup_py'
[0.599s] Level 1:colcon.colcon_core.package_identification:_identify(src/RL_research_workspace/src) by extensions ['ignore', 'ignore_ament_install']
[0.599s] Level 1:colcon.colcon_core.package_identification:_identify(src/RL_research_workspace/src) by extension 'ignore'
[0.599s] Level 1:colcon.colcon_core.package_identification:_identify(src/RL_research_workspace/src) by extension 'ignore_ament_install'
[0.599s] Level 1:colcon.colcon_core.package_identification:_identify(src/RL_research_workspace/src) by extensions ['colcon_pkg']
[0.599s] Level 1:colcon.colcon_core.package_identification:_identify(src/RL_research_workspace/src) by extension 'colcon_pkg'
[0.599s] Level 1:colcon.colcon_core.package_identification:_identify(src/RL_research_workspace/src) by extensions ['colcon_meta']
[0.599s] Level 1:colcon.colcon_core.package_identification:_identify(src/RL_research_workspace/src) by extension 'colcon_meta'
[0.599s] Level 1:colcon.colcon_core.package_identification:_identify(src/RL_research_workspace/src) by extensions ['ros']
[0.599s] Level 1:colcon.colcon_core.package_identification:_identify(src/RL_research_workspace/src) by extension 'ros'
[0.599s] Level 1:colcon.colcon_core.package_identification:_identify(src/RL_research_workspace/src) by extensions ['cmake', 'python']
[0.599s] Level 1:colcon.colcon_core.package_identification:_identify(src/RL_research_workspace/src) by extension 'cmake'
[0.599s] Level 1:colcon.colcon_core.package_identification:_identify(src/RL_research_workspace/src) by extension 'python'
[0.599s] Level 1:colcon.colcon_core.package_identification:_identify(src/RL_research_workspace/src) by extensions ['python_setup_py']
[0.599s] Level 1:colcon.colcon_core.package_identification:_identify(src/RL_research_workspace/src) by extension 'python_setup_py'
[0.599s] Level 1:colcon.colcon_core.package_identification:_identify(src/RL_research_workspace/src/depthimage_to_laserscan-foxy-devel) by extensions ['ignore', 'ignore_ament_install']
[0.599s] Level 1:colcon.colcon_core.package_identification:_identify(src/RL_research_workspace/src/depthimage_to_laserscan-foxy-devel) by extension 'ignore'
[0.599s] Level 1:colcon.colcon_core.package_identification:_identify(src/RL_research_workspace/src/depthimage_to_laserscan-foxy-devel) by extension 'ignore_ament_install'
[0.600s] Level 1:colcon.colcon_core.package_identification:_identify(src/RL_research_workspace/src/depthimage_to_laserscan-foxy-devel) by extensions ['colcon_pkg']
[0.600s] Level 1:colcon.colcon_core.package_identification:_identify(src/RL_research_workspace/src/depthimage_to_laserscan-foxy-devel) by extension 'colcon_pkg'
[0.600s] Level 1:colcon.colcon_core.package_identification:_identify(src/RL_research_workspace/src/depthimage_to_laserscan-foxy-devel) by extensions ['colcon_meta']
[0.600s] Level 1:colcon.colcon_core.package_identification:_identify(src/RL_research_workspace/src/depthimage_to_laserscan-foxy-devel) by extension 'colcon_meta'
[0.600s] Level 1:colcon.colcon_core.package_identification:_identify(src/RL_research_workspace/src/depthimage_to_laserscan-foxy-devel) by extensions ['ros']
[0.600s] Level 1:colcon.colcon_core.package_identification:_identify(src/RL_research_workspace/src/depthimage_to_laserscan-foxy-devel) by extension 'ros'
[0.604s] DEBUG:colcon.colcon_core.package_identification:Package 'src/RL_research_workspace/src/depthimage_to_laserscan-foxy-devel' with type 'ros.ament_cmake' and name 'depthimage_to_laserscan'
[0.604s] Level 1:colcon.colcon_core.package_identification:_identify(src/RL_research_workspace/src/f4_project) by extensions ['ignore', 'ignore_ament_install']
[0.604s] Level 1:colcon.colcon_core.package_identification:_identify(src/RL_research_workspace/src/f4_project) by extension 'ignore'
[0.604s] Level 1:colcon.colcon_core.package_identification:_identify(src/RL_research_workspace/src/f4_project) by extension 'ignore_ament_install'
[0.604s] Level 1:colcon.colcon_core.package_identification:_identify(src/RL_research_workspace/src/f4_project) by extensions ['colcon_pkg']
[0.604s] Level 1:colcon.colcon_core.package_identification:_identify(src/RL_research_workspace/src/f4_project) by extension 'colcon_pkg'
[0.604s] Level 1:colcon.colcon_core.package_identification:_identify(src/RL_research_workspace/src/f4_project) by extensions ['colcon_meta']
[0.604s] Level 1:colcon.colcon_core.package_identification:_identify(src/RL_research_workspace/src/f4_project) by extension 'colcon_meta'
[0.604s] Level 1:colcon.colcon_core.package_identification:_identify(src/RL_research_workspace/src/f4_project) by extensions ['ros']
[0.605s] Level 1:colcon.colcon_core.package_identification:_identify(src/RL_research_workspace/src/f4_project) by extension 'ros'
[0.605s] DEBUG:colcon.colcon_core.package_identification:Package 'src/RL_research_workspace/src/f4_project' with type 'ros.ament_python' and name 'f4_project'
[0.606s] Level 1:colcon.colcon_core.package_identification:_identify(src/WLD-Net) by extensions ['ignore', 'ignore_ament_install']
[0.606s] Level 1:colcon.colcon_core.package_identification:_identify(src/WLD-Net) by extension 'ignore'
[0.606s] Level 1:colcon.colcon_core.package_identification:_identify(src/WLD-Net) by extension 'ignore_ament_install'
[0.606s] Level 1:colcon.colcon_core.package_identification:_identify(src/WLD-Net) by extensions ['colcon_pkg']
[0.606s] Level 1:colcon.colcon_core.package_identification:_identify(src/WLD-Net) by extension 'colcon_pkg'
[0.606s] Level 1:colcon.colcon_core.package_identification:_identify(src/WLD-Net) by extensions ['colcon_meta']
[0.606s] Level 1:colcon.colcon_core.package_identification:_identify(src/WLD-Net) by extension 'colcon_meta'
[0.606s] Level 1:colcon.colcon_core.package_identification:_identify(src/WLD-Net) by extensions ['ros']
[0.606s] Level 1:colcon.colcon_core.package_identification:_identify(src/WLD-Net) by extension 'ros'
[0.607s] DEBUG:colcon.colcon_core.package_identification:Package 'src/WLD-Net' with type 'ros.ament_python' and name 'wld_net'
[0.607s] Level 1:colcon.colcon_core.package_identification:_identify(src/px4-offboard) by extensions ['ignore', 'ignore_ament_install']
[0.607s] Level 1:colcon.colcon_core.package_identification:_identify(src/px4-offboard) by extension 'ignore'
[0.607s] Level 1:colcon.colcon_core.package_identification:_identify(src/px4-offboard) by extension 'ignore_ament_install'
[0.607s] Level 1:colcon.colcon_core.package_identification:_identify(src/px4-offboard) by extensions ['colcon_pkg']
[0.607s] Level 1:colcon.colcon_core.package_identification:_identify(src/px4-offboard) by extension 'colcon_pkg'
[0.607s] Level 1:colcon.colcon_core.package_identification:_identify(src/px4-offboard) by extensions ['colcon_meta']
[0.607s] Level 1:colcon.colcon_core.package_identification:_identify(src/px4-offboard) by extension 'colcon_meta'
[0.607s] Level 1:colcon.colcon_core.package_identification:_identify(src/px4-offboard) by extensions ['ros']
[0.607s] Level 1:colcon.colcon_core.package_identification:_identify(src/px4-offboard) by extension 'ros'
[0.608s] DEBUG:colcon.colcon_core.package_identification:Package 'src/px4-offboard' with type 'ros.ament_python' and name 'px4_offboard'
[0.608s] Level 1:colcon.colcon_core.package_identification:_identify(src/px4_msgs) by extensions ['ignore', 'ignore_ament_install']
[0.608s] Level 1:colcon.colcon_core.package_identification:_identify(src/px4_msgs) by extension 'ignore'
[0.608s] Level 1:colcon.colcon_core.package_identification:_identify(src/px4_msgs) by extension 'ignore_ament_install'
[0.608s] Level 1:colcon.colcon_core.package_identification:_identify(src/px4_msgs) by extensions ['colcon_pkg']
[0.608s] Level 1:colcon.colcon_core.package_identification:_identify(src/px4_msgs) by extension 'colcon_pkg'
[0.608s] Level 1:colcon.colcon_core.package_identification:_identify(src/px4_msgs) by extensions ['colcon_meta']
[0.608s] Level 1:colcon.colcon_core.package_identification:_identify(src/px4_msgs) by extension 'colcon_meta'
[0.608s] Level 1:colcon.colcon_core.package_identification:_identify(src/px4_msgs) by extensions ['ros']
[0.608s] Level 1:colcon.colcon_core.package_identification:_identify(src/px4_msgs) by extension 'ros'
[0.609s] DEBUG:colcon.colcon_core.package_identification:Package 'src/px4_msgs' with type 'ros.ament_cmake' and name 'px4_msgs'
[0.610s] Level 1:colcon.colcon_core.package_identification:_identify(src/px4_ros_com) by extensions ['ignore', 'ignore_ament_install']
[0.610s] Level 1:colcon.colcon_core.package_identification:_identify(src/px4_ros_com) by extension 'ignore'
[0.610s] Level 1:colcon.colcon_core.package_identification:_identify(src/px4_ros_com) by extension 'ignore_ament_install'
[0.610s] Level 1:colcon.colcon_core.package_identification:_identify(src/px4_ros_com) by extensions ['colcon_pkg']
[0.610s] Level 1:colcon.colcon_core.package_identification:_identify(src/px4_ros_com) by extension 'colcon_pkg'
[0.610s] Level 1:colcon.colcon_core.package_identification:_identify(src/px4_ros_com) by extensions ['colcon_meta']
[0.610s] Level 1:colcon.colcon_core.package_identification:_identify(src/px4_ros_com) by extension 'colcon_meta'
[0.610s] Level 1:colcon.colcon_core.package_identification:_identify(src/px4_ros_com) by extensions ['ros']
[0.610s] Level 1:colcon.colcon_core.package_identification:_identify(src/px4_ros_com) by extension 'ros'
[0.612s] DEBUG:colcon.colcon_core.package_identification:Package 'src/px4_ros_com' with type 'ros.ament_cmake' and name 'px4_ros_com'
[0.612s] Level 1:colcon.colcon_core.package_discovery:discover_packages(recursive) using defaults
[0.612s] Level 1:colcon.colcon_core.package_discovery:discover_packages(ignore) discover
[0.612s] Level 1:colcon.colcon_core.package_discovery:discover_packages(ignore) using defaults
[0.612s] Level 1:colcon.colcon_core.package_discovery:discover_packages(path) discover
[0.612s] Level 1:colcon.colcon_core.package_discovery:discover_packages(path) using defaults
[0.643s] INFO:colcon.colcon_core.package_selection:Skipping not selected package 'depthimage_to_laserscan' in 'src/RL_research_workspace/src/depthimage_to_laserscan-foxy-devel'
[0.643s] INFO:colcon.colcon_core.package_selection:Skipping not selected package 'f4_project' in 'src/RL_research_workspace/src/f4_project'
[0.643s] INFO:colcon.colcon_core.package_selection:Skipping not selected package 'px4_msgs' in 'src/px4_msgs'
[0.643s] INFO:colcon.colcon_core.package_selection:Skipping not selected package 'px4_offboard' in 'src/px4-offboard'
[0.643s] INFO:colcon.colcon_core.package_selection:Skipping not selected package 'px4_ros_com' in 'src/px4_ros_com'
[0.643s] Level 1:colcon.colcon_core.package_discovery:discover_packages(prefix_path) check parameters
[0.643s] Level 1:colcon.colcon_core.package_discovery:discover_packages(prefix_path) discover
[0.648s] DEBUG:colcon.colcon_installed_package_information.package_discovery:Found 388 installed packages in /opt/ros/humble
[0.650s] Level 1:colcon.colcon_core.package_discovery:discover_packages(prefix_path) using defaults
[0.701s] Level 5:colcon.colcon_core.verb:set package 'wld_net' build argument 'cmake_args' from command line to 'None'
[0.702s] Level 5:colcon.colcon_core.verb:set package 'wld_net' build argument 'cmake_target' from command line to 'None'
[0.702s] Level 5:colcon.colcon_core.verb:set package 'wld_net' build argument 'cmake_target_skip_unavailable' from command line to 'False'
[0.702s] Level 5:colcon.colcon_core.verb:set package 'wld_net' build argument 'cmake_clean_cache' from command line to 'False'
[0.702s] Level 5:colcon.colcon_core.verb:set package 'wld_net' build argument 'cmake_clean_first' from command line to 'False'
[0.702s] Level 5:colcon.colcon_core.verb:set package 'wld_net' build argument 'cmake_force_configure' from command line to 'False'
[0.702s] Level 5:colcon.colcon_core.verb:set package 'wld_net' build argument 'ament_cmake_args' from command line to 'None'
[0.702s] Level 5:colcon.colcon_core.verb:set package 'wld_net' build argument 'catkin_cmake_args' from command line to 'None'
[0.702s] Level 5:colcon.colcon_core.verb:set package 'wld_net' build argument 'catkin_skip_building_tests' from command line to 'False'
[0.702s] DEBUG:colcon.colcon_core.verb:Building package 'wld_net' with the following arguments: {'ament_cmake_args': None, 'build_base': '/home/anas/drone_sitl_ws/build/wld_net', 'catkin_cmake_args': None, 'catkin_skip_building_tests': False, 'cmake_args': None, 'cmake_clean_cache': False, 'cmake_clean_first': False, 'cmake_force_configure': False, 'cmake_target': None, 'cmake_target_skip_unavailable': False, 'install_base': '/home/anas/drone_sitl_ws/install/wld_net', 'merge_install': False, 'path': '/home/anas/drone_sitl_ws/src/WLD-Net', 'symlink_install': True, 'test_result_base': None}
[0.702s] INFO:colcon.colcon_core.executor:Executing jobs using 'parallel' executor
[0.703s] DEBUG:colcon.colcon_parallel_executor.executor.parallel:run_until_complete
[0.703s] INFO:colcon.colcon_ros.task.ament_python.build:Building ROS package in '/home/anas/drone_sitl_ws/src/WLD-Net' with build type 'ament_python'
[0.703s] Level 1:colcon.colcon_core.shell:create_environment_hook('wld_net', 'ament_prefix_path')
[0.710s] INFO:colcon.colcon_core.plugin_system:Skipping extension 'colcon_core.shell.bat': Not used on non-Windows systems
[0.710s] INFO:colcon.colcon_core.shell:Creating environment hook '/home/anas/drone_sitl_ws/install/wld_net/share/wld_net/hook/ament_prefix_path.ps1'
[0.711s] INFO:colcon.colcon_core.shell:Creating environment descriptor '/home/anas/drone_sitl_ws/install/wld_net/share/wld_net/hook/ament_prefix_path.dsv'
[0.712s] INFO:colcon.colcon_core.shell:Creating environment hook '/home/anas/drone_sitl_ws/install/wld_net/share/wld_net/hook/ament_prefix_path.sh'
[0.713s] INFO:colcon.colcon_core.shell:Skip shell extension 'powershell' for command environment: Not usable outside of PowerShell
[0.713s] DEBUG:colcon.colcon_core.shell:Skip shell extension 'dsv' for command environment
[0.936s] INFO:colcon.colcon_core.task.python.build:Building Python package in '/home/anas/drone_sitl_ws/src/WLD-Net'
[0.936s] INFO:colcon.colcon_core.shell:Skip shell extension 'powershell' for command environment: Not usable outside of PowerShell
[0.936s] DEBUG:colcon.colcon_core.shell:Skip shell extension 'dsv' for command environment
[1.755s] DEBUG:colcon.colcon_core.event_handler.log_command:Invoking command in '/home/anas/drone_sitl_ws/build/wld_net': PYTHONPATH=/home/anas/drone_sitl_ws/build/wld_net/prefix_override:/usr/lib/python3/dist-packages/colcon_core/task/python/colcon_distutils_commands:/home/anas/drone_sitl_ws/install/wld_net/lib/python3.10/site-packages:${PYTHONPATH} /usr/bin/python3 -W ignore:setup.py install is deprecated -W ignore:easy_install command is deprecated setup.py develop --editable --build-directory /home/anas/drone_sitl_ws/build/wld_net/build --no-deps symlink_data
[2.548s] Level 1:colcon.colcon_core.shell:create_environment_hook('wld_net', 'pythonpath_develop')
[2.549s] DEBUG:colcon.colcon_core.event_handler.log_command:Invoked command in '/home/anas/drone_sitl_ws/build/wld_net' returned '0': PYTHONPATH=/home/anas/drone_sitl_ws/build/wld_net/prefix_override:/usr/lib/python3/dist-packages/colcon_core/task/python/colcon_distutils_commands:/home/anas/drone_sitl_ws/install/wld_net/lib/python3.10/site-packages:${PYTHONPATH} /usr/bin/python3 -W ignore:setup.py install is deprecated -W ignore:easy_install command is deprecated setup.py develop --editable --build-directory /home/anas/drone_sitl_ws/build/wld_net/build --no-deps symlink_data
[2.549s] INFO:colcon.colcon_core.shell:Creating environment hook '/home/anas/drone_sitl_ws/build/wld_net/share/wld_net/hook/pythonpath_develop.ps1'
[2.550s] INFO:colcon.colcon_core.shell:Creating environment descriptor '/home/anas/drone_sitl_ws/build/wld_net/share/wld_net/hook/pythonpath_develop.dsv'
[2.551s] INFO:colcon.colcon_core.shell:Creating environment hook '/home/anas/drone_sitl_ws/build/wld_net/share/wld_net/hook/pythonpath_develop.sh'
[2.559s] Level 1:colcon.colcon_core.environment:checking '/home/anas/drone_sitl_ws/install/wld_net' for CMake module files
[2.560s] Level 1:colcon.colcon_core.environment:checking '/home/anas/drone_sitl_ws/install/wld_net' for CMake config files
[2.561s] Level 1:colcon.colcon_core.environment:checking '/home/anas/drone_sitl_ws/install/wld_net/lib'
[2.561s] Level 1:colcon.colcon_core.environment:checking '/home/anas/drone_sitl_ws/install/wld_net/bin'
[2.561s] Level 1:colcon.colcon_core.shell:create_environment_hook('wld_net', 'path')
[2.562s] INFO:colcon.colcon_core.shell:Creating environment hook '/home/anas/drone_sitl_ws/install/wld_net/share/wld_net/hook/path.ps1'
[2.562s] INFO:colcon.colcon_core.shell:Creating environment descriptor '/home/anas/drone_sitl_ws/install/wld_net/share/wld_net/hook/path.dsv'
[2.562s] INFO:colcon.colcon_core.shell:Creating environment hook '/home/anas/drone_sitl_ws/install/wld_net/share/wld_net/hook/path.sh'
[2.563s] Level 1:colcon.colcon_core.environment:checking '/home/anas/drone_sitl_ws/install/wld_net/lib/pkgconfig/wld_net.pc'
[2.563s] Level 1:colcon.colcon_core.environment:checking '/home/anas/drone_sitl_ws/install/wld_net/lib/python3.10/site-packages'
[2.563s] Level 1:colcon.colcon_core.shell:create_environment_hook('wld_net', 'pythonpath')
[2.563s] INFO:colcon.colcon_core.shell:Creating environment hook '/home/anas/drone_sitl_ws/install/wld_net/share/wld_net/hook/pythonpath.ps1'
[2.564s] INFO:colcon.colcon_core.shell:Creating environment descriptor '/home/anas/drone_sitl_ws/install/wld_net/share/wld_net/hook/pythonpath.dsv'
[2.564s] INFO:colcon.colcon_core.shell:Creating environment hook '/home/anas/drone_sitl_ws/install/wld_net/share/wld_net/hook/pythonpath.sh'
[2.565s] Level 1:colcon.colcon_core.environment:checking '/home/anas/drone_sitl_ws/install/wld_net/bin'
[2.565s] Level 1:colcon.colcon_core.shell:create_environment_hook('wld_net', 'pythonscriptspath')
[2.565s] INFO:colcon.colcon_core.shell:Creating environment hook '/home/anas/drone_sitl_ws/install/wld_net/share/wld_net/hook/pythonscriptspath.ps1'
[2.565s] INFO:colcon.colcon_core.shell:Creating environment descriptor '/home/anas/drone_sitl_ws/install/wld_net/share/wld_net/hook/pythonscriptspath.dsv'
[2.566s] INFO:colcon.colcon_core.shell:Creating environment hook '/home/anas/drone_sitl_ws/install/wld_net/share/wld_net/hook/pythonscriptspath.sh'
[2.566s] Level 1:colcon.colcon_core.environment:create_environment_scripts_only(wld_net)
[2.566s] INFO:colcon.colcon_core.shell:Creating package script '/home/anas/drone_sitl_ws/install/wld_net/share/wld_net/package.ps1'
[2.568s] INFO:colcon.colcon_core.shell:Creating package descriptor '/home/anas/drone_sitl_ws/install/wld_net/share/wld_net/package.dsv'
[2.569s] INFO:colcon.colcon_core.shell:Creating package script '/home/anas/drone_sitl_ws/install/wld_net/share/wld_net/package.sh'
[2.570s] INFO:colcon.colcon_core.shell:Creating package script '/home/anas/drone_sitl_ws/install/wld_net/share/wld_net/package.bash'
[2.572s] INFO:colcon.colcon_core.shell:Creating package script '/home/anas/drone_sitl_ws/install/wld_net/share/wld_net/package.zsh'
[2.574s] Level 1:colcon.colcon_core.environment:create_file_with_runtime_dependencies(/home/anas/drone_sitl_ws/install/wld_net/share/colcon-core/packages/wld_net)
[2.574s] DEBUG:colcon.colcon_parallel_executor.executor.parallel:closing loop
[2.575s] DEBUG:colcon.colcon_parallel_executor.executor.parallel:loop closed
[2.575s] DEBUG:colcon.colcon_parallel_executor.executor.parallel:run_until_complete finished with '0'
[2.575s] DEBUG:colcon.colcon_core.event_reactor:joining thread
[2.666s] INFO:colcon.colcon_core.plugin_system:Skipping extension 'colcon_notification.desktop_notification.notify_send': Could not find 'notify-send'
[2.667s] INFO:colcon.colcon_core.plugin_system:Skipping extension 'colcon_notification.desktop_notification.terminal_notifier': Not used on non-Darwin systems
[2.667s] INFO:colcon.colcon_core.plugin_system:Skipping extension 'colcon_notification.desktop_notification.win32': Not used on non-Windows systems
[2.667s] INFO:colcon.colcon_notification.desktop_notification:Sending desktop notification using 'notify2'
[2.668s] DEBUG:colcon.colcon_notification.desktop_notification.notify2:Failed to initialize notify2: org.freedesktop.DBus.Error.ServiceUnknown: The name org.freedesktop.Notifications was not provided by any .service files
[2.669s] DEBUG:colcon.colcon_core.event_reactor:joined thread
[2.669s] INFO:colcon.colcon_core.shell:Creating prefix script '/home/anas/drone_sitl_ws/install/local_setup.ps1'
[2.670s] INFO:colcon.colcon_core.shell:Creating prefix util module '/home/anas/drone_sitl_ws/install/_local_setup_util_ps1.py'
[2.673s] INFO:colcon.colcon_core.shell:Creating prefix chain script '/home/anas/drone_sitl_ws/install/setup.ps1'
[2.675s] INFO:colcon.colcon_core.shell:Creating prefix script '/home/anas/drone_sitl_ws/install/local_setup.sh'
[2.676s] INFO:colcon.colcon_core.shell:Creating prefix util module '/home/anas/drone_sitl_ws/install/_local_setup_util_sh.py'
[2.676s] INFO:colcon.colcon_core.shell:Creating prefix chain script '/home/anas/drone_sitl_ws/install/setup.sh'
[2.678s] INFO:colcon.colcon_core.shell:Creating prefix script '/home/anas/drone_sitl_ws/install/local_setup.bash'
[2.679s] INFO:colcon.colcon_core.shell:Creating prefix chain script '/home/anas/drone_sitl_ws/install/setup.bash'
[2.681s] INFO:colcon.colcon_core.shell:Creating prefix script '/home/anas/drone_sitl_ws/install/local_setup.zsh'
[2.682s] INFO:colcon.colcon_core.shell:Creating prefix chain script '/home/anas/drone_sitl_ws/install/setup.zsh'
