[0.369s] DEBUG:colcon:Command line arguments: ['/usr/bin/colcon', 'build', '--symlink-install']
[0.369s] DEBUG:colcon:Parsed command line arguments: Namespace(log_base=None, log_level=None, verb_name='build', build_base='build', install_base='install', merge_install=False, symlink_install=True, test_result_base=None, continue_on_error=False, executor='parallel', parallel_workers=6, event_handlers=None, ignore_user_meta=False, metas=['./colcon.meta'], base_paths=['.'], packages_ignore=None, packages_ignore_regex=None, paths=None, packages_up_to=None, packages_up_to_regex=None, packages_above=None, packages_above_and_dependencies=None, packages_above_depth=None, packages_select_by_dep=None, packages_skip_by_dep=None, packages_skip_up_to=None, packages_select_build_failed=False, packages_skip_build_finished=False, packages_select_test_failures=False, packages_skip_test_passed=False, packages_select=None, packages_skip=None, packages_select_regex=None, packages_skip_regex=None, packages_start=None, packages_end=None, allow_overriding=[], cmake_args=None, cmake_target=None, cmake_target_skip_unavailable=False, cmake_clean_cache=False, cmake_clean_first=False, cmake_force_configure=False, ament_cmake_args=None, catkin_cmake_args=None, catkin_skip_building_tests=False, verb_parser=<colcon_defaults.argument_parser.defaults.DefaultArgumentsDecorator object at 0x7f863dab1ae0>, verb_extension=<colcon_core.verb.build.BuildVerb object at 0x7f863dbf35e0>, main=<bound method BuildVerb.main of <colcon_core.verb.build.BuildVerb object at 0x7f863dbf35e0>>)
[0.471s] Level 1:colcon.colcon_core.package_discovery:discover_packages(colcon_meta) check parameters
[0.471s] Level 1:colcon.colcon_core.package_discovery:discover_packages(recursive) check parameters
[0.471s] Level 1:colcon.colcon_core.package_discovery:discover_packages(ignore) check parameters
[0.471s] Level 1:colcon.colcon_core.package_discovery:discover_packages(path) check parameters
[0.471s] Level 1:colcon.colcon_core.package_discovery:discover_packages(colcon_meta) discover
[0.471s] Level 1:colcon.colcon_core.package_discovery:discover_packages(recursive) discover
[0.471s] INFO:colcon.colcon_core.package_discovery:Crawling recursively for packages in '/home/anas/drone_sitl_ws'
[0.471s] Level 1:colcon.colcon_core.package_identification:_identify(.) by extensions ['ignore', 'ignore_ament_install']
[0.472s] Level 1:colcon.colcon_core.package_identification:_identify(.) by extension 'ignore'
[0.472s] Level 1:colcon.colcon_core.package_identification:_identify(.) by extension 'ignore_ament_install'
[0.472s] Level 1:colcon.colcon_core.package_identification:_identify(.) by extensions ['colcon_pkg']
[0.472s] Level 1:colcon.colcon_core.package_identification:_identify(.) by extension 'colcon_pkg'
[0.472s] Level 1:colcon.colcon_core.package_identification:_identify(.) by extensions ['colcon_meta']
[0.472s] Level 1:colcon.colcon_core.package_identification:_identify(.) by extension 'colcon_meta'
[0.472s] Level 1:colcon.colcon_core.package_identification:_identify(.) by extensions ['ros']
[0.472s] Level 1:colcon.colcon_core.package_identification:_identify(.) by extension 'ros'
[0.493s] Level 1:colcon.colcon_core.package_identification:_identify(.) by extensions ['cmake', 'python']
[0.493s] Level 1:colcon.colcon_core.package_identification:_identify(.) by extension 'cmake'
[0.493s] Level 1:colcon.colcon_core.package_identification:_identify(.) by extension 'python'
[0.493s] Level 1:colcon.colcon_core.package_identification:_identify(.) by extensions ['python_setup_py']
[0.493s] Level 1:colcon.colcon_core.package_identification:_identify(.) by extension 'python_setup_py'
[0.494s] Level 1:colcon.colcon_core.package_identification:_identify(build) by extensions ['ignore', 'ignore_ament_install']
[0.494s] Level 1:colcon.colcon_core.package_identification:_identify(build) by extension 'ignore'
[0.494s] Level 1:colcon.colcon_core.package_identification:_identify(build) ignored
[0.494s] Level 1:colcon.colcon_core.package_identification:_identify(install) by extensions ['ignore', 'ignore_ament_install']
[0.494s] Level 1:colcon.colcon_core.package_identification:_identify(install) by extension 'ignore'
[0.494s] Level 1:colcon.colcon_core.package_identification:_identify(install) ignored
[0.495s] Level 1:colcon.colcon_core.package_identification:_identify(log) by extensions ['ignore', 'ignore_ament_install']
[0.495s] Level 1:colcon.colcon_core.package_identification:_identify(log) by extension 'ignore'
[0.495s] Level 1:colcon.colcon_core.package_identification:_identify(log) ignored
[0.495s] Level 1:colcon.colcon_core.package_identification:_identify(src) by extensions ['ignore', 'ignore_ament_install']
[0.495s] Level 1:colcon.colcon_core.package_identification:_identify(src) by extension 'ignore'
[0.495s] Level 1:colcon.colcon_core.package_identification:_identify(src) by extension 'ignore_ament_install'
[0.495s] Level 1:colcon.colcon_core.package_identification:_identify(src) by extensions ['colcon_pkg']
[0.495s] Level 1:colcon.colcon_core.package_identification:_identify(src) by extension 'colcon_pkg'
[0.495s] Level 1:colcon.colcon_core.package_identification:_identify(src) by extensions ['colcon_meta']
[0.495s] Level 1:colcon.colcon_core.package_identification:_identify(src) by extension 'colcon_meta'
[0.495s] Level 1:colcon.colcon_core.package_identification:_identify(src) by extensions ['ros']
[0.495s] Level 1:colcon.colcon_core.package_identification:_identify(src) by extension 'ros'
[0.496s] Level 1:colcon.colcon_core.package_identification:_identify(src) by extensions ['cmake', 'python']
[0.496s] Level 1:colcon.colcon_core.package_identification:_identify(src) by extension 'cmake'
[0.496s] Level 1:colcon.colcon_core.package_identification:_identify(src) by extension 'python'
[0.496s] Level 1:colcon.colcon_core.package_identification:_identify(src) by extensions ['python_setup_py']
[0.496s] Level 1:colcon.colcon_core.package_identification:_identify(src) by extension 'python_setup_py'
[0.496s] Level 1:colcon.colcon_core.package_identification:_identify(src/RL_research_workspace) by extensions ['ignore', 'ignore_ament_install']
[0.496s] Level 1:colcon.colcon_core.package_identification:_identify(src/RL_research_workspace) by extension 'ignore'
[0.497s] Level 1:colcon.colcon_core.package_identification:_identify(src/RL_research_workspace) by extension 'ignore_ament_install'
[0.497s] Level 1:colcon.colcon_core.package_identification:_identify(src/RL_research_workspace) by extensions ['colcon_pkg']
[0.497s] Level 1:colcon.colcon_core.package_identification:_identify(src/RL_research_workspace) by extension 'colcon_pkg'
[0.497s] Level 1:colcon.colcon_core.package_identification:_identify(src/RL_research_workspace) by extensions ['colcon_meta']
[0.497s] Level 1:colcon.colcon_core.package_identification:_identify(src/RL_research_workspace) by extension 'colcon_meta'
[0.497s] Level 1:colcon.colcon_core.package_identification:_identify(src/RL_research_workspace) by extensions ['ros']
[0.497s] Level 1:colcon.colcon_core.package_identification:_identify(src/RL_research_workspace) by extension 'ros'
[0.497s] Level 1:colcon.colcon_core.package_identification:_identify(src/RL_research_workspace) by extensions ['cmake', 'python']
[0.497s] Level 1:colcon.colcon_core.package_identification:_identify(src/RL_research_workspace) by extension 'cmake'
[0.497s] Level 1:colcon.colcon_core.package_identification:_identify(src/RL_research_workspace) by extension 'python'
[0.497s] Level 1:colcon.colcon_core.package_identification:_identify(src/RL_research_workspace) by extensions ['python_setup_py']
[0.497s] Level 1:colcon.colcon_core.package_identification:_identify(src/RL_research_workspace) by extension 'python_setup_py'
[0.498s] Level 1:colcon.colcon_core.package_identification:_identify(src/RL_research_workspace/src) by extensions ['ignore', 'ignore_ament_install']
[0.498s] Level 1:colcon.colcon_core.package_identification:_identify(src/RL_research_workspace/src) by extension 'ignore'
[0.498s] Level 1:colcon.colcon_core.package_identification:_identify(src/RL_research_workspace/src) by extension 'ignore_ament_install'
[0.498s] Level 1:colcon.colcon_core.package_identification:_identify(src/RL_research_workspace/src) by extensions ['colcon_pkg']
[0.498s] Level 1:colcon.colcon_core.package_identification:_identify(src/RL_research_workspace/src) by extension 'colcon_pkg'
[0.498s] Level 1:colcon.colcon_core.package_identification:_identify(src/RL_research_workspace/src) by extensions ['colcon_meta']
[0.498s] Level 1:colcon.colcon_core.package_identification:_identify(src/RL_research_workspace/src) by extension 'colcon_meta'
[0.498s] Level 1:colcon.colcon_core.package_identification:_identify(src/RL_research_workspace/src) by extensions ['ros']
[0.498s] Level 1:colcon.colcon_core.package_identification:_identify(src/RL_research_workspace/src) by extension 'ros'
[0.498s] Level 1:colcon.colcon_core.package_identification:_identify(src/RL_research_workspace/src) by extensions ['cmake', 'python']
[0.498s] Level 1:colcon.colcon_core.package_identification:_identify(src/RL_research_workspace/src) by extension 'cmake'
[0.498s] Level 1:colcon.colcon_core.package_identification:_identify(src/RL_research_workspace/src) by extension 'python'
[0.498s] Level 1:colcon.colcon_core.package_identification:_identify(src/RL_research_workspace/src) by extensions ['python_setup_py']
[0.498s] Level 1:colcon.colcon_core.package_identification:_identify(src/RL_research_workspace/src) by extension 'python_setup_py'
[0.499s] Level 1:colcon.colcon_core.package_identification:_identify(src/RL_research_workspace/src/depthimage_to_laserscan-foxy-devel) by extensions ['ignore', 'ignore_ament_install']
[0.499s] Level 1:colcon.colcon_core.package_identification:_identify(src/RL_research_workspace/src/depthimage_to_laserscan-foxy-devel) by extension 'ignore'
[0.499s] Level 1:colcon.colcon_core.package_identification:_identify(src/RL_research_workspace/src/depthimage_to_laserscan-foxy-devel) by extension 'ignore_ament_install'
[0.499s] Level 1:colcon.colcon_core.package_identification:_identify(src/RL_research_workspace/src/depthimage_to_laserscan-foxy-devel) by extensions ['colcon_pkg']
[0.499s] Level 1:colcon.colcon_core.package_identification:_identify(src/RL_research_workspace/src/depthimage_to_laserscan-foxy-devel) by extension 'colcon_pkg'
[0.499s] Level 1:colcon.colcon_core.package_identification:_identify(src/RL_research_workspace/src/depthimage_to_laserscan-foxy-devel) by extensions ['colcon_meta']
[0.499s] Level 1:colcon.colcon_core.package_identification:_identify(src/RL_research_workspace/src/depthimage_to_laserscan-foxy-devel) by extension 'colcon_meta'
[0.499s] Level 1:colcon.colcon_core.package_identification:_identify(src/RL_research_workspace/src/depthimage_to_laserscan-foxy-devel) by extensions ['ros']
[0.499s] Level 1:colcon.colcon_core.package_identification:_identify(src/RL_research_workspace/src/depthimage_to_laserscan-foxy-devel) by extension 'ros'
[0.504s] DEBUG:colcon.colcon_core.package_identification:Package 'src/RL_research_workspace/src/depthimage_to_laserscan-foxy-devel' with type 'ros.ament_cmake' and name 'depthimage_to_laserscan'
[0.505s] Level 1:colcon.colcon_core.package_identification:_identify(src/RL_research_workspace/src/f4_project) by extensions ['ignore', 'ignore_ament_install']
[0.505s] Level 1:colcon.colcon_core.package_identification:_identify(src/RL_research_workspace/src/f4_project) by extension 'ignore'
[0.505s] Level 1:colcon.colcon_core.package_identification:_identify(src/RL_research_workspace/src/f4_project) by extension 'ignore_ament_install'
[0.505s] Level 1:colcon.colcon_core.package_identification:_identify(src/RL_research_workspace/src/f4_project) by extensions ['colcon_pkg']
[0.505s] Level 1:colcon.colcon_core.package_identification:_identify(src/RL_research_workspace/src/f4_project) by extension 'colcon_pkg'
[0.505s] Level 1:colcon.colcon_core.package_identification:_identify(src/RL_research_workspace/src/f4_project) by extensions ['colcon_meta']
[0.505s] Level 1:colcon.colcon_core.package_identification:_identify(src/RL_research_workspace/src/f4_project) by extension 'colcon_meta'
[0.505s] Level 1:colcon.colcon_core.package_identification:_identify(src/RL_research_workspace/src/f4_project) by extensions ['ros']
[0.505s] Level 1:colcon.colcon_core.package_identification:_identify(src/RL_research_workspace/src/f4_project) by extension 'ros'
[0.506s] DEBUG:colcon.colcon_core.package_identification:Package 'src/RL_research_workspace/src/f4_project' with type 'ros.ament_python' and name 'f4_project'
[0.506s] Level 1:colcon.colcon_core.package_identification:_identify(src/WLD-Net) by extensions ['ignore', 'ignore_ament_install']
[0.506s] Level 1:colcon.colcon_core.package_identification:_identify(src/WLD-Net) by extension 'ignore'
[0.506s] Level 1:colcon.colcon_core.package_identification:_identify(src/WLD-Net) by extension 'ignore_ament_install'
[0.506s] Level 1:colcon.colcon_core.package_identification:_identify(src/WLD-Net) by extensions ['colcon_pkg']
[0.506s] Level 1:colcon.colcon_core.package_identification:_identify(src/WLD-Net) by extension 'colcon_pkg'
[0.506s] Level 1:colcon.colcon_core.package_identification:_identify(src/WLD-Net) by extensions ['colcon_meta']
[0.506s] Level 1:colcon.colcon_core.package_identification:_identify(src/WLD-Net) by extension 'colcon_meta'
[0.506s] Level 1:colcon.colcon_core.package_identification:_identify(src/WLD-Net) by extensions ['ros']
[0.506s] Level 1:colcon.colcon_core.package_identification:_identify(src/WLD-Net) by extension 'ros'
[0.508s] DEBUG:colcon.colcon_core.package_identification:Package 'src/WLD-Net' with type 'ros.ament_python' and name 'wld_net'
[0.508s] Level 1:colcon.colcon_core.package_identification:_identify(src/px4-offboard) by extensions ['ignore', 'ignore_ament_install']
[0.508s] Level 1:colcon.colcon_core.package_identification:_identify(src/px4-offboard) by extension 'ignore'
[0.508s] Level 1:colcon.colcon_core.package_identification:_identify(src/px4-offboard) by extension 'ignore_ament_install'
[0.508s] Level 1:colcon.colcon_core.package_identification:_identify(src/px4-offboard) by extensions ['colcon_pkg']
[0.508s] Level 1:colcon.colcon_core.package_identification:_identify(src/px4-offboard) by extension 'colcon_pkg'
[0.508s] Level 1:colcon.colcon_core.package_identification:_identify(src/px4-offboard) by extensions ['colcon_meta']
[0.508s] Level 1:colcon.colcon_core.package_identification:_identify(src/px4-offboard) by extension 'colcon_meta'
[0.508s] Level 1:colcon.colcon_core.package_identification:_identify(src/px4-offboard) by extensions ['ros']
[0.508s] Level 1:colcon.colcon_core.package_identification:_identify(src/px4-offboard) by extension 'ros'
[0.509s] DEBUG:colcon.colcon_core.package_identification:Package 'src/px4-offboard' with type 'ros.ament_python' and name 'px4_offboard'
[0.510s] Level 1:colcon.colcon_core.package_identification:_identify(src/px4_msgs) by extensions ['ignore', 'ignore_ament_install']
[0.510s] Level 1:colcon.colcon_core.package_identification:_identify(src/px4_msgs) by extension 'ignore'
[0.510s] Level 1:colcon.colcon_core.package_identification:_identify(src/px4_msgs) by extension 'ignore_ament_install'
[0.510s] Level 1:colcon.colcon_core.package_identification:_identify(src/px4_msgs) by extensions ['colcon_pkg']
[0.511s] Level 1:colcon.colcon_core.package_identification:_identify(src/px4_msgs) by extension 'colcon_pkg'
[0.511s] Level 1:colcon.colcon_core.package_identification:_identify(src/px4_msgs) by extensions ['colcon_meta']
[0.511s] Level 1:colcon.colcon_core.package_identification:_identify(src/px4_msgs) by extension 'colcon_meta'
[0.511s] Level 1:colcon.colcon_core.package_identification:_identify(src/px4_msgs) by extensions ['ros']
[0.511s] Level 1:colcon.colcon_core.package_identification:_identify(src/px4_msgs) by extension 'ros'
[0.512s] DEBUG:colcon.colcon_core.package_identification:Package 'src/px4_msgs' with type 'ros.ament_cmake' and name 'px4_msgs'
[0.512s] Level 1:colcon.colcon_core.package_identification:_identify(src/px4_ros_com) by extensions ['ignore', 'ignore_ament_install']
[0.512s] Level 1:colcon.colcon_core.package_identification:_identify(src/px4_ros_com) by extension 'ignore'
[0.513s] Level 1:colcon.colcon_core.package_identification:_identify(src/px4_ros_com) by extension 'ignore_ament_install'
[0.513s] Level 1:colcon.colcon_core.package_identification:_identify(src/px4_ros_com) by extensions ['colcon_pkg']
[0.513s] Level 1:colcon.colcon_core.package_identification:_identify(src/px4_ros_com) by extension 'colcon_pkg'
[0.513s] Level 1:colcon.colcon_core.package_identification:_identify(src/px4_ros_com) by extensions ['colcon_meta']
[0.513s] Level 1:colcon.colcon_core.package_identification:_identify(src/px4_ros_com) by extension 'colcon_meta'
[0.513s] Level 1:colcon.colcon_core.package_identification:_identify(src/px4_ros_com) by extensions ['ros']
[0.513s] Level 1:colcon.colcon_core.package_identification:_identify(src/px4_ros_com) by extension 'ros'
[0.515s] DEBUG:colcon.colcon_core.package_identification:Package 'src/px4_ros_com' with type 'ros.ament_cmake' and name 'px4_ros_com'
[0.515s] Level 1:colcon.colcon_core.package_discovery:discover_packages(recursive) using defaults
[0.515s] Level 1:colcon.colcon_core.package_discovery:discover_packages(ignore) discover
[0.515s] Level 1:colcon.colcon_core.package_discovery:discover_packages(ignore) using defaults
[0.515s] Level 1:colcon.colcon_core.package_discovery:discover_packages(path) discover
[0.515s] Level 1:colcon.colcon_core.package_discovery:discover_packages(path) using defaults
[0.561s] Level 1:colcon.colcon_core.package_discovery:discover_packages(prefix_path) check parameters
[0.561s] Level 1:colcon.colcon_core.package_discovery:discover_packages(prefix_path) discover
[0.576s] DEBUG:colcon.colcon_installed_package_information.package_discovery:Found 6 installed packages in /home/anas/drone_sitl_ws/install
[0.578s] DEBUG:colcon.colcon_installed_package_information.package_discovery:Found 18 installed packages in /home/anas/ros2_ws/install
[0.580s] DEBUG:colcon.colcon_installed_package_information.package_discovery:Found 388 installed packages in /opt/ros/humble
[0.582s] Level 1:colcon.colcon_core.package_discovery:discover_packages(prefix_path) using defaults
[0.679s] Level 5:colcon.colcon_core.verb:set package 'depthimage_to_laserscan' build argument 'cmake_args' from command line to 'None'
[0.680s] Level 5:colcon.colcon_core.verb:set package 'depthimage_to_laserscan' build argument 'cmake_target' from command line to 'None'
[0.680s] Level 5:colcon.colcon_core.verb:set package 'depthimage_to_laserscan' build argument 'cmake_target_skip_unavailable' from command line to 'False'
[0.680s] Level 5:colcon.colcon_core.verb:set package 'depthimage_to_laserscan' build argument 'cmake_clean_cache' from command line to 'False'
[0.680s] Level 5:colcon.colcon_core.verb:set package 'depthimage_to_laserscan' build argument 'cmake_clean_first' from command line to 'False'
[0.680s] Level 5:colcon.colcon_core.verb:set package 'depthimage_to_laserscan' build argument 'cmake_force_configure' from command line to 'False'
[0.680s] Level 5:colcon.colcon_core.verb:set package 'depthimage_to_laserscan' build argument 'ament_cmake_args' from command line to 'None'
[0.680s] Level 5:colcon.colcon_core.verb:set package 'depthimage_to_laserscan' build argument 'catkin_cmake_args' from command line to 'None'
[0.680s] Level 5:colcon.colcon_core.verb:set package 'depthimage_to_laserscan' build argument 'catkin_skip_building_tests' from command line to 'False'
[0.680s] DEBUG:colcon.colcon_core.verb:Building package 'depthimage_to_laserscan' with the following arguments: {'ament_cmake_args': None, 'build_base': '/home/anas/drone_sitl_ws/build/depthimage_to_laserscan', 'catkin_cmake_args': None, 'catkin_skip_building_tests': False, 'cmake_args': None, 'cmake_clean_cache': False, 'cmake_clean_first': False, 'cmake_force_configure': False, 'cmake_target': None, 'cmake_target_skip_unavailable': False, 'install_base': '/home/anas/drone_sitl_ws/install/depthimage_to_laserscan', 'merge_install': False, 'path': '/home/anas/drone_sitl_ws/src/RL_research_workspace/src/depthimage_to_laserscan-foxy-devel', 'symlink_install': True, 'test_result_base': None}
[0.680s] Level 5:colcon.colcon_core.verb:set package 'f4_project' build argument 'cmake_args' from command line to 'None'
[0.680s] Level 5:colcon.colcon_core.verb:set package 'f4_project' build argument 'cmake_target' from command line to 'None'
[0.680s] Level 5:colcon.colcon_core.verb:set package 'f4_project' build argument 'cmake_target_skip_unavailable' from command line to 'False'
[0.681s] Level 5:colcon.colcon_core.verb:set package 'f4_project' build argument 'cmake_clean_cache' from command line to 'False'
[0.681s] Level 5:colcon.colcon_core.verb:set package 'f4_project' build argument 'cmake_clean_first' from command line to 'False'
[0.681s] Level 5:colcon.colcon_core.verb:set package 'f4_project' build argument 'cmake_force_configure' from command line to 'False'
[0.681s] Level 5:colcon.colcon_core.verb:set package 'f4_project' build argument 'ament_cmake_args' from command line to 'None'
[0.681s] Level 5:colcon.colcon_core.verb:set package 'f4_project' build argument 'catkin_cmake_args' from command line to 'None'
[0.681s] Level 5:colcon.colcon_core.verb:set package 'f4_project' build argument 'catkin_skip_building_tests' from command line to 'False'
[0.681s] DEBUG:colcon.colcon_core.verb:Building package 'f4_project' with the following arguments: {'ament_cmake_args': None, 'build_base': '/home/anas/drone_sitl_ws/build/f4_project', 'catkin_cmake_args': None, 'catkin_skip_building_tests': False, 'cmake_args': None, 'cmake_clean_cache': False, 'cmake_clean_first': False, 'cmake_force_configure': False, 'cmake_target': None, 'cmake_target_skip_unavailable': False, 'install_base': '/home/anas/drone_sitl_ws/install/f4_project', 'merge_install': False, 'path': '/home/anas/drone_sitl_ws/src/RL_research_workspace/src/f4_project', 'symlink_install': True, 'test_result_base': None}
[0.681s] Level 5:colcon.colcon_core.verb:set package 'px4_msgs' build argument 'cmake_args' from command line to 'None'
[0.681s] Level 5:colcon.colcon_core.verb:set package 'px4_msgs' build argument 'cmake_target' from command line to 'None'
[0.681s] Level 5:colcon.colcon_core.verb:set package 'px4_msgs' build argument 'cmake_target_skip_unavailable' from command line to 'False'
[0.681s] Level 5:colcon.colcon_core.verb:set package 'px4_msgs' build argument 'cmake_clean_cache' from command line to 'False'
[0.681s] Level 5:colcon.colcon_core.verb:set package 'px4_msgs' build argument 'cmake_clean_first' from command line to 'False'
[0.681s] Level 5:colcon.colcon_core.verb:set package 'px4_msgs' build argument 'cmake_force_configure' from command line to 'False'
[0.681s] Level 5:colcon.colcon_core.verb:set package 'px4_msgs' build argument 'ament_cmake_args' from command line to 'None'
[0.681s] Level 5:colcon.colcon_core.verb:set package 'px4_msgs' build argument 'catkin_cmake_args' from command line to 'None'
[0.681s] Level 5:colcon.colcon_core.verb:set package 'px4_msgs' build argument 'catkin_skip_building_tests' from command line to 'False'
[0.681s] DEBUG:colcon.colcon_core.verb:Building package 'px4_msgs' with the following arguments: {'ament_cmake_args': None, 'build_base': '/home/anas/drone_sitl_ws/build/px4_msgs', 'catkin_cmake_args': None, 'catkin_skip_building_tests': False, 'cmake_args': None, 'cmake_clean_cache': False, 'cmake_clean_first': False, 'cmake_force_configure': False, 'cmake_target': None, 'cmake_target_skip_unavailable': False, 'install_base': '/home/anas/drone_sitl_ws/install/px4_msgs', 'merge_install': False, 'path': '/home/anas/drone_sitl_ws/src/px4_msgs', 'symlink_install': True, 'test_result_base': None}
[0.682s] Level 5:colcon.colcon_core.verb:set package 'wld_net' build argument 'cmake_args' from command line to 'None'
[0.682s] Level 5:colcon.colcon_core.verb:set package 'wld_net' build argument 'cmake_target' from command line to 'None'
[0.682s] Level 5:colcon.colcon_core.verb:set package 'wld_net' build argument 'cmake_target_skip_unavailable' from command line to 'False'
[0.682s] Level 5:colcon.colcon_core.verb:set package 'wld_net' build argument 'cmake_clean_cache' from command line to 'False'
[0.682s] Level 5:colcon.colcon_core.verb:set package 'wld_net' build argument 'cmake_clean_first' from command line to 'False'
[0.682s] Level 5:colcon.colcon_core.verb:set package 'wld_net' build argument 'cmake_force_configure' from command line to 'False'
[0.682s] Level 5:colcon.colcon_core.verb:set package 'wld_net' build argument 'ament_cmake_args' from command line to 'None'
[0.682s] Level 5:colcon.colcon_core.verb:set package 'wld_net' build argument 'catkin_cmake_args' from command line to 'None'
[0.682s] Level 5:colcon.colcon_core.verb:set package 'wld_net' build argument 'catkin_skip_building_tests' from command line to 'False'
[0.682s] DEBUG:colcon.colcon_core.verb:Building package 'wld_net' with the following arguments: {'ament_cmake_args': None, 'build_base': '/home/anas/drone_sitl_ws/build/wld_net', 'catkin_cmake_args': None, 'catkin_skip_building_tests': False, 'cmake_args': None, 'cmake_clean_cache': False, 'cmake_clean_first': False, 'cmake_force_configure': False, 'cmake_target': None, 'cmake_target_skip_unavailable': False, 'install_base': '/home/anas/drone_sitl_ws/install/wld_net', 'merge_install': False, 'path': '/home/anas/drone_sitl_ws/src/WLD-Net', 'symlink_install': True, 'test_result_base': None}
[0.683s] Level 5:colcon.colcon_core.verb:set package 'px4_offboard' build argument 'cmake_args' from command line to 'None'
[0.683s] Level 5:colcon.colcon_core.verb:set package 'px4_offboard' build argument 'cmake_target' from command line to 'None'
[0.683s] Level 5:colcon.colcon_core.verb:set package 'px4_offboard' build argument 'cmake_target_skip_unavailable' from command line to 'False'
[0.683s] Level 5:colcon.colcon_core.verb:set package 'px4_offboard' build argument 'cmake_clean_cache' from command line to 'False'
[0.683s] Level 5:colcon.colcon_core.verb:set package 'px4_offboard' build argument 'cmake_clean_first' from command line to 'False'
[0.683s] Level 5:colcon.colcon_core.verb:set package 'px4_offboard' build argument 'cmake_force_configure' from command line to 'False'
[0.683s] Level 5:colcon.colcon_core.verb:set package 'px4_offboard' build argument 'ament_cmake_args' from command line to 'None'
[0.683s] Level 5:colcon.colcon_core.verb:set package 'px4_offboard' build argument 'catkin_cmake_args' from command line to 'None'
[0.683s] Level 5:colcon.colcon_core.verb:set package 'px4_offboard' build argument 'catkin_skip_building_tests' from command line to 'False'
[0.683s] DEBUG:colcon.colcon_core.verb:Building package 'px4_offboard' with the following arguments: {'ament_cmake_args': None, 'build_base': '/home/anas/drone_sitl_ws/build/px4_offboard', 'catkin_cmake_args': None, 'catkin_skip_building_tests': False, 'cmake_args': None, 'cmake_clean_cache': False, 'cmake_clean_first': False, 'cmake_force_configure': False, 'cmake_target': None, 'cmake_target_skip_unavailable': False, 'install_base': '/home/anas/drone_sitl_ws/install/px4_offboard', 'merge_install': False, 'path': '/home/anas/drone_sitl_ws/src/px4-offboard', 'symlink_install': True, 'test_result_base': None}
[0.683s] Level 5:colcon.colcon_core.verb:set package 'px4_ros_com' build argument 'cmake_args' from command line to 'None'
[0.683s] Level 5:colcon.colcon_core.verb:set package 'px4_ros_com' build argument 'cmake_target' from command line to 'None'
[0.683s] Level 5:colcon.colcon_core.verb:set package 'px4_ros_com' build argument 'cmake_target_skip_unavailable' from command line to 'False'
[0.684s] Level 5:colcon.colcon_core.verb:set package 'px4_ros_com' build argument 'cmake_clean_cache' from command line to 'False'
[0.684s] Level 5:colcon.colcon_core.verb:set package 'px4_ros_com' build argument 'cmake_clean_first' from command line to 'False'
[0.684s] Level 5:colcon.colcon_core.verb:set package 'px4_ros_com' build argument 'cmake_force_configure' from command line to 'False'
[0.684s] Level 5:colcon.colcon_core.verb:set package 'px4_ros_com' build argument 'ament_cmake_args' from command line to 'None'
[0.684s] Level 5:colcon.colcon_core.verb:set package 'px4_ros_com' build argument 'catkin_cmake_args' from command line to 'None'
[0.684s] Level 5:colcon.colcon_core.verb:set package 'px4_ros_com' build argument 'catkin_skip_building_tests' from command line to 'False'
[0.684s] DEBUG:colcon.colcon_core.verb:Building package 'px4_ros_com' with the following arguments: {'ament_cmake_args': None, 'build_base': '/home/anas/drone_sitl_ws/build/px4_ros_com', 'catkin_cmake_args': None, 'catkin_skip_building_tests': False, 'cmake_args': None, 'cmake_clean_cache': False, 'cmake_clean_first': False, 'cmake_force_configure': False, 'cmake_target': None, 'cmake_target_skip_unavailable': False, 'install_base': '/home/anas/drone_sitl_ws/install/px4_ros_com', 'merge_install': False, 'path': '/home/anas/drone_sitl_ws/src/px4_ros_com', 'symlink_install': True, 'test_result_base': None}
[0.684s] INFO:colcon.colcon_core.executor:Executing jobs using 'parallel' executor
[0.685s] DEBUG:colcon.colcon_parallel_executor.executor.parallel:run_until_complete
[0.686s] INFO:colcon.colcon_ros.task.ament_cmake.build:Building ROS package in '/home/anas/drone_sitl_ws/src/px4_msgs' with build type 'ament_cmake'
[0.686s] INFO:colcon.colcon_cmake.task.cmake.build:Building CMake package in '/home/anas/drone_sitl_ws/src/px4_msgs'
[0.694s] INFO:colcon.colcon_core.plugin_system:Skipping extension 'colcon_core.shell.bat': Not used on non-Windows systems
[0.694s] INFO:colcon.colcon_core.shell:Skip shell extension 'powershell' for command environment: Not usable outside of PowerShell
[0.694s] DEBUG:colcon.colcon_core.shell:Skip shell extension 'dsv' for command environment
[0.703s] INFO:colcon.colcon_ros.task.ament_cmake.build:Building ROS package in '/home/anas/drone_sitl_ws/src/RL_research_workspace/src/depthimage_to_laserscan-foxy-devel' with build type 'ament_cmake'
[0.703s] INFO:colcon.colcon_cmake.task.cmake.build:Building CMake package in '/home/anas/drone_sitl_ws/src/RL_research_workspace/src/depthimage_to_laserscan-foxy-devel'
[0.703s] INFO:colcon.colcon_core.shell:Skip shell extension 'powershell' for command environment: Not usable outside of PowerShell
[0.703s] DEBUG:colcon.colcon_core.shell:Skip shell extension 'dsv' for command environment
[0.710s] INFO:colcon.colcon_ros.task.ament_python.build:Building ROS package in '/home/anas/drone_sitl_ws/src/RL_research_workspace/src/f4_project' with build type 'ament_python'
[0.710s] Level 1:colcon.colcon_core.shell:create_environment_hook('f4_project', 'ament_prefix_path')
[0.711s] INFO:colcon.colcon_core.shell:Creating environment hook '/home/anas/drone_sitl_ws/install/f4_project/share/f4_project/hook/ament_prefix_path.ps1'
[0.712s] INFO:colcon.colcon_core.shell:Creating environment descriptor '/home/anas/drone_sitl_ws/install/f4_project/share/f4_project/hook/ament_prefix_path.dsv'
[0.713s] INFO:colcon.colcon_core.shell:Creating environment hook '/home/anas/drone_sitl_ws/install/f4_project/share/f4_project/hook/ament_prefix_path.sh'
[0.714s] INFO:colcon.colcon_core.shell:Skip shell extension 'powershell' for command environment: Not usable outside of PowerShell
[0.714s] DEBUG:colcon.colcon_core.shell:Skip shell extension 'dsv' for command environment
[0.721s] INFO:colcon.colcon_ros.task.ament_python.build:Building ROS package in '/home/anas/drone_sitl_ws/src/WLD-Net' with build type 'ament_python'
[0.721s] Level 1:colcon.colcon_core.shell:create_environment_hook('wld_net', 'ament_prefix_path')
[0.721s] INFO:colcon.colcon_core.shell:Creating environment hook '/home/anas/drone_sitl_ws/install/wld_net/share/wld_net/hook/ament_prefix_path.ps1'
[0.722s] INFO:colcon.colcon_core.shell:Creating environment descriptor '/home/anas/drone_sitl_ws/install/wld_net/share/wld_net/hook/ament_prefix_path.dsv'
[0.723s] INFO:colcon.colcon_core.shell:Creating environment hook '/home/anas/drone_sitl_ws/install/wld_net/share/wld_net/hook/ament_prefix_path.sh'
[0.723s] INFO:colcon.colcon_core.shell:Skip shell extension 'powershell' for command environment: Not usable outside of PowerShell
[0.723s] DEBUG:colcon.colcon_core.shell:Skip shell extension 'dsv' for command environment
[0.749s] DEBUG:colcon.colcon_core.event_handler.log_command:Invoking command in '/home/anas/drone_sitl_ws/build/px4_msgs': CMAKE_PREFIX_PATH=${CMAKE_PREFIX_PATH}:/home/anas/drone_sitl_ws/install/wld_net:/home/anas/drone_sitl_ws/install/px4_offboard:/home/anas/drone_sitl_ws/install/f4_project:/home/anas/ros2_ws/install/sjtu_drone_control:/home/anas/ros2_ws/install/sjtu_drone_bringup:/home/anas/ros2_ws/install/px4_offboard:/home/anas/ros2_ws/install/f4_project:/opt/ros/humble /usr/local/bin/cmake --build /home/anas/drone_sitl_ws/build/px4_msgs -- -j6 -l6
[0.757s] DEBUG:colcon.colcon_core.event_handler.log_command:Invoking command in '/home/anas/drone_sitl_ws/build/depthimage_to_laserscan': CMAKE_PREFIX_PATH=${CMAKE_PREFIX_PATH}:/home/anas/drone_sitl_ws/install/wld_net:/home/anas/drone_sitl_ws/install/px4_offboard:/home/anas/drone_sitl_ws/install/f4_project:/home/anas/ros2_ws/install/sjtu_drone_control:/home/anas/ros2_ws/install/sjtu_drone_bringup:/home/anas/ros2_ws/install/px4_offboard:/home/anas/ros2_ws/install/f4_project:/opt/ros/humble /usr/local/bin/cmake --build /home/anas/drone_sitl_ws/build/depthimage_to_laserscan -- -j6 -l6
[1.061s] INFO:colcon.colcon_core.task.python.build:Building Python package in '/home/anas/drone_sitl_ws/src/RL_research_workspace/src/f4_project'
[1.061s] INFO:colcon.colcon_core.shell:Skip shell extension 'powershell' for command environment: Not usable outside of PowerShell
[1.062s] DEBUG:colcon.colcon_core.shell:Skip shell extension 'dsv' for command environment
[1.371s] INFO:colcon.colcon_core.task.python.build:Building Python package in '/home/anas/drone_sitl_ws/src/WLD-Net'
[1.372s] INFO:colcon.colcon_core.shell:Skip shell extension 'powershell' for command environment: Not usable outside of PowerShell
[1.372s] DEBUG:colcon.colcon_core.shell:Skip shell extension 'dsv' for command environment
[1.391s] DEBUG:colcon.colcon_core.event_handler.log_command:Invoked command in '/home/anas/drone_sitl_ws/build/depthimage_to_laserscan' returned '0': CMAKE_PREFIX_PATH=${CMAKE_PREFIX_PATH}:/home/anas/drone_sitl_ws/install/wld_net:/home/anas/drone_sitl_ws/install/px4_offboard:/home/anas/drone_sitl_ws/install/f4_project:/home/anas/ros2_ws/install/sjtu_drone_control:/home/anas/ros2_ws/install/sjtu_drone_bringup:/home/anas/ros2_ws/install/px4_offboard:/home/anas/ros2_ws/install/f4_project:/opt/ros/humble /usr/local/bin/cmake --build /home/anas/drone_sitl_ws/build/depthimage_to_laserscan -- -j6 -l6
[1.404s] DEBUG:colcon.colcon_core.event_handler.log_command:Invoking command in '/home/anas/drone_sitl_ws/build/depthimage_to_laserscan': CMAKE_PREFIX_PATH=${CMAKE_PREFIX_PATH}:/home/anas/drone_sitl_ws/install/wld_net:/home/anas/drone_sitl_ws/install/px4_offboard:/home/anas/drone_sitl_ws/install/f4_project:/home/anas/ros2_ws/install/sjtu_drone_control:/home/anas/ros2_ws/install/sjtu_drone_bringup:/home/anas/ros2_ws/install/px4_offboard:/home/anas/ros2_ws/install/f4_project:/opt/ros/humble /usr/local/bin/cmake --install /home/anas/drone_sitl_ws/build/depthimage_to_laserscan
[1.445s] Level 1:colcon.colcon_core.environment:create_environment_scripts_only(depthimage_to_laserscan)
[1.446s] DEBUG:colcon.colcon_core.event_handler.log_command:Invoked command in '/home/anas/drone_sitl_ws/build/depthimage_to_laserscan' returned '0': CMAKE_PREFIX_PATH=${CMAKE_PREFIX_PATH}:/home/anas/drone_sitl_ws/install/wld_net:/home/anas/drone_sitl_ws/install/px4_offboard:/home/anas/drone_sitl_ws/install/f4_project:/home/anas/ros2_ws/install/sjtu_drone_control:/home/anas/ros2_ws/install/sjtu_drone_bringup:/home/anas/ros2_ws/install/px4_offboard:/home/anas/ros2_ws/install/f4_project:/opt/ros/humble /usr/local/bin/cmake --install /home/anas/drone_sitl_ws/build/depthimage_to_laserscan
[1.454s] Level 1:colcon.colcon_core.environment:checking '/home/anas/drone_sitl_ws/install/depthimage_to_laserscan' for CMake module files
[1.456s] Level 1:colcon.colcon_core.environment:checking '/home/anas/drone_sitl_ws/install/depthimage_to_laserscan' for CMake config files
[1.458s] Level 1:colcon.colcon_core.shell:create_environment_hook('depthimage_to_laserscan', 'cmake_prefix_path')
[1.458s] INFO:colcon.colcon_core.shell:Creating environment hook '/home/anas/drone_sitl_ws/install/depthimage_to_laserscan/share/depthimage_to_laserscan/hook/cmake_prefix_path.ps1'
[1.459s] INFO:colcon.colcon_core.shell:Creating environment descriptor '/home/anas/drone_sitl_ws/install/depthimage_to_laserscan/share/depthimage_to_laserscan/hook/cmake_prefix_path.dsv'
[1.459s] INFO:colcon.colcon_core.shell:Creating environment hook '/home/anas/drone_sitl_ws/install/depthimage_to_laserscan/share/depthimage_to_laserscan/hook/cmake_prefix_path.sh'
[1.460s] Level 1:colcon.colcon_core.environment:checking '/home/anas/drone_sitl_ws/install/depthimage_to_laserscan/lib'
[1.460s] Level 1:colcon.colcon_core.shell:create_environment_hook('depthimage_to_laserscan', 'ld_library_path_lib')
[1.460s] INFO:colcon.colcon_core.shell:Creating environment hook '/home/anas/drone_sitl_ws/install/depthimage_to_laserscan/share/depthimage_to_laserscan/hook/ld_library_path_lib.ps1'
[1.461s] INFO:colcon.colcon_core.shell:Creating environment descriptor '/home/anas/drone_sitl_ws/install/depthimage_to_laserscan/share/depthimage_to_laserscan/hook/ld_library_path_lib.dsv'
[1.461s] INFO:colcon.colcon_core.shell:Creating environment hook '/home/anas/drone_sitl_ws/install/depthimage_to_laserscan/share/depthimage_to_laserscan/hook/ld_library_path_lib.sh'
[1.461s] Level 1:colcon.colcon_core.environment:checking '/home/anas/drone_sitl_ws/install/depthimage_to_laserscan/bin'
[1.462s] Level 1:colcon.colcon_core.environment:checking '/home/anas/drone_sitl_ws/install/depthimage_to_laserscan/lib/pkgconfig/depthimage_to_laserscan.pc'
[1.462s] Level 1:colcon.colcon_core.environment:checking '/home/anas/drone_sitl_ws/install/depthimage_to_laserscan/lib/python3.10/site-packages'
[1.462s] Level 1:colcon.colcon_core.environment:checking '/home/anas/drone_sitl_ws/install/depthimage_to_laserscan/bin'
[1.463s] INFO:colcon.colcon_core.shell:Creating package script '/home/anas/drone_sitl_ws/install/depthimage_to_laserscan/share/depthimage_to_laserscan/package.ps1'
[1.464s] INFO:colcon.colcon_core.shell:Creating package descriptor '/home/anas/drone_sitl_ws/install/depthimage_to_laserscan/share/depthimage_to_laserscan/package.dsv'
[1.465s] INFO:colcon.colcon_core.shell:Creating package script '/home/anas/drone_sitl_ws/install/depthimage_to_laserscan/share/depthimage_to_laserscan/package.sh'
[1.467s] INFO:colcon.colcon_core.shell:Creating package script '/home/anas/drone_sitl_ws/install/depthimage_to_laserscan/share/depthimage_to_laserscan/package.bash'
[1.468s] INFO:colcon.colcon_core.shell:Creating package script '/home/anas/drone_sitl_ws/install/depthimage_to_laserscan/share/depthimage_to_laserscan/package.zsh'
[1.469s] Level 1:colcon.colcon_core.environment:create_file_with_runtime_dependencies(/home/anas/drone_sitl_ws/install/depthimage_to_laserscan/share/colcon-core/packages/depthimage_to_laserscan)
[1.470s] Level 1:colcon.colcon_core.environment:create_environment_scripts_only(depthimage_to_laserscan)
[1.470s] Level 1:colcon.colcon_core.environment:checking '/home/anas/drone_sitl_ws/install/depthimage_to_laserscan' for CMake module files
[1.471s] Level 1:colcon.colcon_core.environment:checking '/home/anas/drone_sitl_ws/install/depthimage_to_laserscan' for CMake config files
[1.471s] Level 1:colcon.colcon_core.shell:create_environment_hook('depthimage_to_laserscan', 'cmake_prefix_path')
[1.472s] INFO:colcon.colcon_core.shell:Creating environment hook '/home/anas/drone_sitl_ws/install/depthimage_to_laserscan/share/depthimage_to_laserscan/hook/cmake_prefix_path.ps1'
[1.472s] INFO:colcon.colcon_core.shell:Creating environment descriptor '/home/anas/drone_sitl_ws/install/depthimage_to_laserscan/share/depthimage_to_laserscan/hook/cmake_prefix_path.dsv'
[1.473s] INFO:colcon.colcon_core.shell:Creating environment hook '/home/anas/drone_sitl_ws/install/depthimage_to_laserscan/share/depthimage_to_laserscan/hook/cmake_prefix_path.sh'
[1.473s] Level 1:colcon.colcon_core.environment:checking '/home/anas/drone_sitl_ws/install/depthimage_to_laserscan/lib'
[1.473s] Level 1:colcon.colcon_core.shell:create_environment_hook('depthimage_to_laserscan', 'ld_library_path_lib')
[1.473s] INFO:colcon.colcon_core.shell:Creating environment hook '/home/anas/drone_sitl_ws/install/depthimage_to_laserscan/share/depthimage_to_laserscan/hook/ld_library_path_lib.ps1'
[1.474s] INFO:colcon.colcon_core.shell:Creating environment descriptor '/home/anas/drone_sitl_ws/install/depthimage_to_laserscan/share/depthimage_to_laserscan/hook/ld_library_path_lib.dsv'
[1.474s] INFO:colcon.colcon_core.shell:Creating environment hook '/home/anas/drone_sitl_ws/install/depthimage_to_laserscan/share/depthimage_to_laserscan/hook/ld_library_path_lib.sh'
[1.475s] Level 1:colcon.colcon_core.environment:checking '/home/anas/drone_sitl_ws/install/depthimage_to_laserscan/bin'
[1.475s] Level 1:colcon.colcon_core.environment:checking '/home/anas/drone_sitl_ws/install/depthimage_to_laserscan/lib/pkgconfig/depthimage_to_laserscan.pc'
[1.475s] Level 1:colcon.colcon_core.environment:checking '/home/anas/drone_sitl_ws/install/depthimage_to_laserscan/lib/python3.10/site-packages'
[1.475s] Level 1:colcon.colcon_core.environment:checking '/home/anas/drone_sitl_ws/install/depthimage_to_laserscan/bin'
[1.475s] INFO:colcon.colcon_core.shell:Creating package script '/home/anas/drone_sitl_ws/install/depthimage_to_laserscan/share/depthimage_to_laserscan/package.ps1'
[1.476s] INFO:colcon.colcon_core.shell:Creating package descriptor '/home/anas/drone_sitl_ws/install/depthimage_to_laserscan/share/depthimage_to_laserscan/package.dsv'
[1.476s] INFO:colcon.colcon_core.shell:Creating package script '/home/anas/drone_sitl_ws/install/depthimage_to_laserscan/share/depthimage_to_laserscan/package.sh'
[1.477s] INFO:colcon.colcon_core.shell:Creating package script '/home/anas/drone_sitl_ws/install/depthimage_to_laserscan/share/depthimage_to_laserscan/package.bash'
[1.477s] INFO:colcon.colcon_core.shell:Creating package script '/home/anas/drone_sitl_ws/install/depthimage_to_laserscan/share/depthimage_to_laserscan/package.zsh'
[1.477s] Level 1:colcon.colcon_core.environment:create_file_with_runtime_dependencies(/home/anas/drone_sitl_ws/install/depthimage_to_laserscan/share/colcon-core/packages/depthimage_to_laserscan)
[2.748s] DEBUG:colcon.colcon_core.event_handler.log_command:Invoking command in '/home/anas/drone_sitl_ws/build/f4_project': PYTHONPATH=/home/anas/drone_sitl_ws/build/f4_project/prefix_override:/usr/lib/python3/dist-packages/colcon_core/task/python/colcon_distutils_commands:/home/anas/drone_sitl_ws/install/f4_project/lib/python3.10/site-packages:${PYTHONPATH} /usr/bin/python3 -W ignore:setup.py install is deprecated -W ignore:easy_install command is deprecated setup.py develop --editable --build-directory /home/anas/drone_sitl_ws/build/f4_project/build --no-deps symlink_data
[2.752s] DEBUG:colcon.colcon_core.event_handler.log_command:Invoking command in '/home/anas/drone_sitl_ws/build/wld_net': PYTHONPATH=/home/anas/drone_sitl_ws/build/wld_net/prefix_override:/usr/lib/python3/dist-packages/colcon_core/task/python/colcon_distutils_commands:/home/anas/drone_sitl_ws/install/wld_net/lib/python3.10/site-packages:${PYTHONPATH} /usr/bin/python3 -W ignore:setup.py install is deprecated -W ignore:easy_install command is deprecated setup.py develop --editable --build-directory /home/anas/drone_sitl_ws/build/wld_net/build --no-deps symlink_data
[3.046s] DEBUG:colcon.colcon_core.event_handler.log_command:Invoked command in '/home/anas/drone_sitl_ws/build/px4_msgs' returned '0': CMAKE_PREFIX_PATH=${CMAKE_PREFIX_PATH}:/home/anas/drone_sitl_ws/install/wld_net:/home/anas/drone_sitl_ws/install/px4_offboard:/home/anas/drone_sitl_ws/install/f4_project:/home/anas/ros2_ws/install/sjtu_drone_control:/home/anas/ros2_ws/install/sjtu_drone_bringup:/home/anas/ros2_ws/install/px4_offboard:/home/anas/ros2_ws/install/f4_project:/opt/ros/humble /usr/local/bin/cmake --build /home/anas/drone_sitl_ws/build/px4_msgs -- -j6 -l6
[3.049s] DEBUG:colcon.colcon_core.event_handler.log_command:Invoking command in '/home/anas/drone_sitl_ws/build/px4_msgs': CMAKE_PREFIX_PATH=${CMAKE_PREFIX_PATH}:/home/anas/drone_sitl_ws/install/wld_net:/home/anas/drone_sitl_ws/install/px4_offboard:/home/anas/drone_sitl_ws/install/f4_project:/home/anas/ros2_ws/install/sjtu_drone_control:/home/anas/ros2_ws/install/sjtu_drone_bringup:/home/anas/ros2_ws/install/px4_offboard:/home/anas/ros2_ws/install/f4_project:/opt/ros/humble /usr/local/bin/cmake --install /home/anas/drone_sitl_ws/build/px4_msgs
[3.936s] Level 1:colcon.colcon_core.shell:create_environment_hook('f4_project', 'pythonpath_develop')
[3.936s] INFO:colcon.colcon_core.shell:Creating environment hook '/home/anas/drone_sitl_ws/build/f4_project/share/f4_project/hook/pythonpath_develop.ps1'
[3.937s] DEBUG:colcon.colcon_core.event_handler.log_command:Invoked command in '/home/anas/drone_sitl_ws/build/f4_project' returned '0': PYTHONPATH=/home/anas/drone_sitl_ws/build/f4_project/prefix_override:/usr/lib/python3/dist-packages/colcon_core/task/python/colcon_distutils_commands:/home/anas/drone_sitl_ws/install/f4_project/lib/python3.10/site-packages:${PYTHONPATH} /usr/bin/python3 -W ignore:setup.py install is deprecated -W ignore:easy_install command is deprecated setup.py develop --editable --build-directory /home/anas/drone_sitl_ws/build/f4_project/build --no-deps symlink_data
[3.940s] INFO:colcon.colcon_core.shell:Creating environment descriptor '/home/anas/drone_sitl_ws/build/f4_project/share/f4_project/hook/pythonpath_develop.dsv'
[3.942s] INFO:colcon.colcon_core.shell:Creating environment hook '/home/anas/drone_sitl_ws/build/f4_project/share/f4_project/hook/pythonpath_develop.sh'
[3.944s] Level 1:colcon.colcon_core.environment:checking '/home/anas/drone_sitl_ws/install/f4_project' for CMake module files
[3.946s] Level 1:colcon.colcon_core.environment:checking '/home/anas/drone_sitl_ws/install/f4_project' for CMake config files
[3.952s] Level 1:colcon.colcon_core.environment:checking '/home/anas/drone_sitl_ws/install/f4_project/lib'
[3.952s] Level 1:colcon.colcon_core.environment:checking '/home/anas/drone_sitl_ws/install/f4_project/bin'
[3.953s] Level 1:colcon.colcon_core.environment:checking '/home/anas/drone_sitl_ws/install/f4_project/lib/pkgconfig/f4_project.pc'
[3.953s] Level 1:colcon.colcon_core.environment:checking '/home/anas/drone_sitl_ws/install/f4_project/lib/python3.10/site-packages'
[3.953s] Level 1:colcon.colcon_core.shell:create_environment_hook('f4_project', 'pythonpath')
[3.953s] INFO:colcon.colcon_core.shell:Creating environment hook '/home/anas/drone_sitl_ws/install/f4_project/share/f4_project/hook/pythonpath.ps1'
[3.956s] INFO:colcon.colcon_core.shell:Creating environment descriptor '/home/anas/drone_sitl_ws/install/f4_project/share/f4_project/hook/pythonpath.dsv'
[3.958s] INFO:colcon.colcon_core.shell:Creating environment hook '/home/anas/drone_sitl_ws/install/f4_project/share/f4_project/hook/pythonpath.sh'
[3.960s] Level 1:colcon.colcon_core.environment:checking '/home/anas/drone_sitl_ws/install/f4_project/bin'
[3.961s] Level 1:colcon.colcon_core.environment:create_environment_scripts_only(f4_project)
[3.961s] INFO:colcon.colcon_core.shell:Creating package script '/home/anas/drone_sitl_ws/install/f4_project/share/f4_project/package.ps1'
[3.964s] INFO:colcon.colcon_core.shell:Creating package descriptor '/home/anas/drone_sitl_ws/install/f4_project/share/f4_project/package.dsv'
[3.966s] INFO:colcon.colcon_core.shell:Creating package script '/home/anas/drone_sitl_ws/install/f4_project/share/f4_project/package.sh'
[3.968s] INFO:colcon.colcon_core.shell:Creating package script '/home/anas/drone_sitl_ws/install/f4_project/share/f4_project/package.bash'
[3.969s] INFO:colcon.colcon_core.shell:Creating package script '/home/anas/drone_sitl_ws/install/f4_project/share/f4_project/package.zsh'
[3.970s] Level 1:colcon.colcon_core.environment:create_file_with_runtime_dependencies(/home/anas/drone_sitl_ws/install/f4_project/share/colcon-core/packages/f4_project)
[3.996s] Level 1:colcon.colcon_core.shell:create_environment_hook('wld_net', 'pythonpath_develop')
[3.996s] INFO:colcon.colcon_core.shell:Creating environment hook '/home/anas/drone_sitl_ws/build/wld_net/share/wld_net/hook/pythonpath_develop.ps1'
[3.997s] DEBUG:colcon.colcon_core.event_handler.log_command:Invoked command in '/home/anas/drone_sitl_ws/build/wld_net' returned '0': PYTHONPATH=/home/anas/drone_sitl_ws/build/wld_net/prefix_override:/usr/lib/python3/dist-packages/colcon_core/task/python/colcon_distutils_commands:/home/anas/drone_sitl_ws/install/wld_net/lib/python3.10/site-packages:${PYTHONPATH} /usr/bin/python3 -W ignore:setup.py install is deprecated -W ignore:easy_install command is deprecated setup.py develop --editable --build-directory /home/anas/drone_sitl_ws/build/wld_net/build --no-deps symlink_data
[4.000s] INFO:colcon.colcon_core.shell:Creating environment descriptor '/home/anas/drone_sitl_ws/build/wld_net/share/wld_net/hook/pythonpath_develop.dsv'
[4.002s] INFO:colcon.colcon_core.shell:Creating environment hook '/home/anas/drone_sitl_ws/build/wld_net/share/wld_net/hook/pythonpath_develop.sh'
[4.004s] Level 1:colcon.colcon_core.environment:checking '/home/anas/drone_sitl_ws/install/wld_net' for CMake module files
[4.006s] Level 1:colcon.colcon_core.environment:checking '/home/anas/drone_sitl_ws/install/wld_net' for CMake config files
[4.011s] Level 1:colcon.colcon_core.environment:checking '/home/anas/drone_sitl_ws/install/wld_net/lib'
[4.012s] Level 1:colcon.colcon_core.environment:checking '/home/anas/drone_sitl_ws/install/wld_net/bin'
[4.012s] Level 1:colcon.colcon_core.shell:create_environment_hook('wld_net', 'path')
[4.012s] INFO:colcon.colcon_core.shell:Creating environment hook '/home/anas/drone_sitl_ws/install/wld_net/share/wld_net/hook/path.ps1'
[4.014s] INFO:colcon.colcon_core.shell:Creating environment descriptor '/home/anas/drone_sitl_ws/install/wld_net/share/wld_net/hook/path.dsv'
[4.015s] INFO:colcon.colcon_core.shell:Creating environment hook '/home/anas/drone_sitl_ws/install/wld_net/share/wld_net/hook/path.sh'
[4.017s] Level 1:colcon.colcon_core.environment:checking '/home/anas/drone_sitl_ws/install/wld_net/lib/pkgconfig/wld_net.pc'
[4.017s] Level 1:colcon.colcon_core.environment:checking '/home/anas/drone_sitl_ws/install/wld_net/lib/python3.10/site-packages'
[4.017s] Level 1:colcon.colcon_core.shell:create_environment_hook('wld_net', 'pythonpath')
[4.018s] INFO:colcon.colcon_core.shell:Creating environment hook '/home/anas/drone_sitl_ws/install/wld_net/share/wld_net/hook/pythonpath.ps1'
[4.020s] INFO:colcon.colcon_core.shell:Creating environment descriptor '/home/anas/drone_sitl_ws/install/wld_net/share/wld_net/hook/pythonpath.dsv'
[4.021s] INFO:colcon.colcon_core.shell:Creating environment hook '/home/anas/drone_sitl_ws/install/wld_net/share/wld_net/hook/pythonpath.sh'
[4.022s] Level 1:colcon.colcon_core.environment:checking '/home/anas/drone_sitl_ws/install/wld_net/bin'
[4.023s] Level 1:colcon.colcon_core.shell:create_environment_hook('wld_net', 'pythonscriptspath')
[4.023s] INFO:colcon.colcon_core.shell:Creating environment hook '/home/anas/drone_sitl_ws/install/wld_net/share/wld_net/hook/pythonscriptspath.ps1'
[4.024s] INFO:colcon.colcon_core.shell:Creating environment descriptor '/home/anas/drone_sitl_ws/install/wld_net/share/wld_net/hook/pythonscriptspath.dsv'
[4.027s] INFO:colcon.colcon_core.shell:Creating environment hook '/home/anas/drone_sitl_ws/install/wld_net/share/wld_net/hook/pythonscriptspath.sh'
[4.028s] Level 1:colcon.colcon_core.environment:create_environment_scripts_only(wld_net)
[4.030s] INFO:colcon.colcon_core.shell:Creating package script '/home/anas/drone_sitl_ws/install/wld_net/share/wld_net/package.ps1'
[4.032s] INFO:colcon.colcon_core.shell:Creating package descriptor '/home/anas/drone_sitl_ws/install/wld_net/share/wld_net/package.dsv'
[4.034s] INFO:colcon.colcon_core.shell:Creating package script '/home/anas/drone_sitl_ws/install/wld_net/share/wld_net/package.sh'
[4.037s] INFO:colcon.colcon_core.shell:Creating package script '/home/anas/drone_sitl_ws/install/wld_net/share/wld_net/package.bash'
[4.039s] INFO:colcon.colcon_core.shell:Creating package script '/home/anas/drone_sitl_ws/install/wld_net/share/wld_net/package.zsh'
[4.042s] Level 1:colcon.colcon_core.environment:create_file_with_runtime_dependencies(/home/anas/drone_sitl_ws/install/wld_net/share/colcon-core/packages/wld_net)
[5.119s] Level 1:colcon.colcon_core.environment:create_environment_scripts_only(px4_msgs)
[5.119s] Level 1:colcon.colcon_core.environment:checking '/home/anas/drone_sitl_ws/install/px4_msgs' for CMake module files
[5.120s] DEBUG:colcon.colcon_core.event_handler.log_command:Invoked command in '/home/anas/drone_sitl_ws/build/px4_msgs' returned '0': CMAKE_PREFIX_PATH=${CMAKE_PREFIX_PATH}:/home/anas/drone_sitl_ws/install/wld_net:/home/anas/drone_sitl_ws/install/px4_offboard:/home/anas/drone_sitl_ws/install/f4_project:/home/anas/ros2_ws/install/sjtu_drone_control:/home/anas/ros2_ws/install/sjtu_drone_bringup:/home/anas/ros2_ws/install/px4_offboard:/home/anas/ros2_ws/install/f4_project:/opt/ros/humble /usr/local/bin/cmake --install /home/anas/drone_sitl_ws/build/px4_msgs
[5.121s] Level 1:colcon.colcon_core.environment:checking '/home/anas/drone_sitl_ws/install/px4_msgs' for CMake config files
[5.157s] Level 1:colcon.colcon_core.shell:create_environment_hook('px4_msgs', 'cmake_prefix_path')
[5.158s] INFO:colcon.colcon_core.shell:Creating environment hook '/home/anas/drone_sitl_ws/install/px4_msgs/share/px4_msgs/hook/cmake_prefix_path.ps1'
[5.158s] INFO:colcon.colcon_core.shell:Creating environment descriptor '/home/anas/drone_sitl_ws/install/px4_msgs/share/px4_msgs/hook/cmake_prefix_path.dsv'
[5.159s] INFO:colcon.colcon_core.shell:Creating environment hook '/home/anas/drone_sitl_ws/install/px4_msgs/share/px4_msgs/hook/cmake_prefix_path.sh'
[5.159s] Level 1:colcon.colcon_core.environment:checking '/home/anas/drone_sitl_ws/install/px4_msgs/lib'
[5.159s] Level 1:colcon.colcon_core.shell:create_environment_hook('px4_msgs', 'ld_library_path_lib')
[5.159s] INFO:colcon.colcon_core.shell:Creating environment hook '/home/anas/drone_sitl_ws/install/px4_msgs/share/px4_msgs/hook/ld_library_path_lib.ps1'
[5.160s] INFO:colcon.colcon_core.shell:Creating environment descriptor '/home/anas/drone_sitl_ws/install/px4_msgs/share/px4_msgs/hook/ld_library_path_lib.dsv'
[5.160s] INFO:colcon.colcon_core.shell:Creating environment hook '/home/anas/drone_sitl_ws/install/px4_msgs/share/px4_msgs/hook/ld_library_path_lib.sh'
[5.160s] Level 1:colcon.colcon_core.environment:checking '/home/anas/drone_sitl_ws/install/px4_msgs/bin'
[5.161s] Level 1:colcon.colcon_core.environment:checking '/home/anas/drone_sitl_ws/install/px4_msgs/lib/pkgconfig/px4_msgs.pc'
[5.161s] Level 1:colcon.colcon_core.environment:checking '/home/anas/drone_sitl_ws/install/px4_msgs/lib/python3.10/site-packages'
[5.161s] Level 1:colcon.colcon_core.environment:checking '/home/anas/drone_sitl_ws/install/px4_msgs/bin'
[5.161s] INFO:colcon.colcon_core.shell:Creating package script '/home/anas/drone_sitl_ws/install/px4_msgs/share/px4_msgs/package.ps1'
[5.162s] INFO:colcon.colcon_core.shell:Creating package descriptor '/home/anas/drone_sitl_ws/install/px4_msgs/share/px4_msgs/package.dsv'
[5.162s] INFO:colcon.colcon_core.shell:Creating package script '/home/anas/drone_sitl_ws/install/px4_msgs/share/px4_msgs/package.sh'
[5.163s] INFO:colcon.colcon_core.shell:Creating package script '/home/anas/drone_sitl_ws/install/px4_msgs/share/px4_msgs/package.bash'
[5.163s] INFO:colcon.colcon_core.shell:Creating package script '/home/anas/drone_sitl_ws/install/px4_msgs/share/px4_msgs/package.zsh'
[5.163s] Level 1:colcon.colcon_core.environment:create_file_with_runtime_dependencies(/home/anas/drone_sitl_ws/install/px4_msgs/share/colcon-core/packages/px4_msgs)
[5.164s] Level 1:colcon.colcon_core.environment:create_environment_scripts_only(px4_msgs)
[5.164s] Level 1:colcon.colcon_core.environment:checking '/home/anas/drone_sitl_ws/install/px4_msgs' for CMake module files
[5.165s] Level 1:colcon.colcon_core.environment:checking '/home/anas/drone_sitl_ws/install/px4_msgs' for CMake config files
[5.184s] Level 1:colcon.colcon_core.shell:create_environment_hook('px4_msgs', 'cmake_prefix_path')
[5.185s] INFO:colcon.colcon_core.shell:Creating environment hook '/home/anas/drone_sitl_ws/install/px4_msgs/share/px4_msgs/hook/cmake_prefix_path.ps1'
[5.185s] INFO:colcon.colcon_core.shell:Creating environment descriptor '/home/anas/drone_sitl_ws/install/px4_msgs/share/px4_msgs/hook/cmake_prefix_path.dsv'
[5.185s] INFO:colcon.colcon_core.shell:Creating environment hook '/home/anas/drone_sitl_ws/install/px4_msgs/share/px4_msgs/hook/cmake_prefix_path.sh'
[5.186s] Level 1:colcon.colcon_core.environment:checking '/home/anas/drone_sitl_ws/install/px4_msgs/lib'
[5.186s] Level 1:colcon.colcon_core.shell:create_environment_hook('px4_msgs', 'ld_library_path_lib')
[5.186s] INFO:colcon.colcon_core.shell:Creating environment hook '/home/anas/drone_sitl_ws/install/px4_msgs/share/px4_msgs/hook/ld_library_path_lib.ps1'
[5.187s] INFO:colcon.colcon_core.shell:Creating environment descriptor '/home/anas/drone_sitl_ws/install/px4_msgs/share/px4_msgs/hook/ld_library_path_lib.dsv'
[5.187s] INFO:colcon.colcon_core.shell:Creating environment hook '/home/anas/drone_sitl_ws/install/px4_msgs/share/px4_msgs/hook/ld_library_path_lib.sh'
[5.187s] Level 1:colcon.colcon_core.environment:checking '/home/anas/drone_sitl_ws/install/px4_msgs/bin'
[5.187s] Level 1:colcon.colcon_core.environment:checking '/home/anas/drone_sitl_ws/install/px4_msgs/lib/pkgconfig/px4_msgs.pc'
[5.187s] Level 1:colcon.colcon_core.environment:checking '/home/anas/drone_sitl_ws/install/px4_msgs/lib/python3.10/site-packages'
[5.188s] Level 1:colcon.colcon_core.environment:checking '/home/anas/drone_sitl_ws/install/px4_msgs/bin'
[5.188s] INFO:colcon.colcon_core.shell:Creating package script '/home/anas/drone_sitl_ws/install/px4_msgs/share/px4_msgs/package.ps1'
[5.189s] INFO:colcon.colcon_core.shell:Creating package descriptor '/home/anas/drone_sitl_ws/install/px4_msgs/share/px4_msgs/package.dsv'
[5.190s] INFO:colcon.colcon_core.shell:Creating package script '/home/anas/drone_sitl_ws/install/px4_msgs/share/px4_msgs/package.sh'
[5.190s] INFO:colcon.colcon_core.shell:Creating package script '/home/anas/drone_sitl_ws/install/px4_msgs/share/px4_msgs/package.bash'
[5.190s] INFO:colcon.colcon_core.shell:Creating package script '/home/anas/drone_sitl_ws/install/px4_msgs/share/px4_msgs/package.zsh'
[5.191s] Level 1:colcon.colcon_core.environment:create_file_with_runtime_dependencies(/home/anas/drone_sitl_ws/install/px4_msgs/share/colcon-core/packages/px4_msgs)
[5.192s] INFO:colcon.colcon_ros.task.ament_python.build:Building ROS package in '/home/anas/drone_sitl_ws/src/px4-offboard' with build type 'ament_python'
[5.192s] Level 1:colcon.colcon_core.shell:create_environment_hook('px4_offboard', 'ament_prefix_path')
[5.192s] INFO:colcon.colcon_core.shell:Creating environment hook '/home/anas/drone_sitl_ws/install/px4_offboard/share/px4_offboard/hook/ament_prefix_path.ps1'
[5.193s] INFO:colcon.colcon_core.shell:Creating environment descriptor '/home/anas/drone_sitl_ws/install/px4_offboard/share/px4_offboard/hook/ament_prefix_path.dsv'
[5.194s] INFO:colcon.colcon_core.shell:Creating environment hook '/home/anas/drone_sitl_ws/install/px4_offboard/share/px4_offboard/hook/ament_prefix_path.sh'
[5.195s] INFO:colcon.colcon_core.shell:Skip shell extension 'powershell' for command environment: Not usable outside of PowerShell
[5.196s] DEBUG:colcon.colcon_core.shell:Skip shell extension 'dsv' for command environment
[5.201s] INFO:colcon.colcon_ros.task.ament_cmake.build:Building ROS package in '/home/anas/drone_sitl_ws/src/px4_ros_com' with build type 'ament_cmake'
[5.202s] INFO:colcon.colcon_cmake.task.cmake.build:Building CMake package in '/home/anas/drone_sitl_ws/src/px4_ros_com'
[5.202s] INFO:colcon.colcon_core.shell:Skip shell extension 'powershell' for command environment: Not usable outside of PowerShell
[5.202s] DEBUG:colcon.colcon_core.shell:Skip shell extension 'dsv' for command environment
[5.299s] DEBUG:colcon.colcon_core.event_handler.log_command:Invoking command in '/home/anas/drone_sitl_ws/build/px4_ros_com': CMAKE_PREFIX_PATH=/home/anas/drone_sitl_ws/install/px4_msgs:/home/anas/drone_sitl_ws/install/px4_ros_com:/home/anas/drone_sitl_ws/install/depthimage_to_laserscan:/home/anas/ros2_ws/install/velodyne_simulator:/home/anas/ros2_ws/install/velodyne_gazebo_plugins:/home/anas/ros2_ws/install/velodyne_description:/home/anas/ros2_ws/install/td3:/home/anas/ros2_ws/install/sjtu_drone_description:/home/anas/ros2_ws/install/risk_map_f4:/home/anas/ros2_ws/install/px4_ros_com:/home/anas/ros2_ws/install/px4_msgs:/home/anas/ros2_ws/install/openni2_camera:/home/anas/ros2_ws/install/mono_visual_odometry:/home/anas/ros2_ws/install/libuvc:/home/anas/ros2_ws/install/depthimage_to_laserscan:/home/anas/ros2_ws/install/astra_camera:/home/anas/ros2_ws/install/astra_camera_msgs:/home/anas/drone_sitl_ws/install/wld_net:/home/anas/drone_sitl_ws/install/px4_offboard:/home/anas/drone_sitl_ws/install/f4_project:/home/anas/ros2_ws/install/sjtu_drone_control:/home/anas/ros2_ws/install/sjtu_drone_bringup:/home/anas/ros2_ws/install/px4_offboard:/home/anas/ros2_ws/install/f4_project:/opt/ros/humble LD_LIBRARY_PATH=/home/anas/drone_sitl_ws/install/px4_msgs/lib:/home/anas/drone_sitl_ws/install/px4_ros_com/lib:/home/anas/drone_sitl_ws/install/depthimage_to_laserscan/lib:/home/anas/ros2_ws/install/velodyne_gazebo_plugins/lib:/home/anas/ros2_ws/install/sjtu_drone_description/lib:/home/anas/ros2_ws/install/px4_ros_com/lib:/home/anas/ros2_ws/install/px4_msgs/lib:/home/anas/ros2_ws/install/openni2_camera/lib:/home/anas/ros2_ws/install/libuvc/lib:/home/anas/ros2_ws/install/depthimage_to_laserscan/lib:/home/anas/ros2_ws/install/astra_camera/lib:/home/anas/ros2_ws/install/astra_camera_msgs/lib:/opt/ros/humble/opt/rviz_ogre_vendor/lib:/opt/ros/humble/lib/x86_64-linux-gnu:/opt/ros/humble/lib /usr/local/bin/cmake --build /home/anas/drone_sitl_ws/build/px4_ros_com -- -j6 -l6
[5.667s] INFO:colcon.colcon_core.task.python.build:Building Python package in '/home/anas/drone_sitl_ws/src/px4-offboard'
[5.667s] INFO:colcon.colcon_core.shell:Skip shell extension 'powershell' for command environment: Not usable outside of PowerShell
[5.667s] DEBUG:colcon.colcon_core.shell:Skip shell extension 'dsv' for command environment
[5.927s] DEBUG:colcon.colcon_core.event_handler.log_command:Invoked command in '/home/anas/drone_sitl_ws/build/px4_ros_com' returned '0': CMAKE_PREFIX_PATH=/home/anas/drone_sitl_ws/install/px4_msgs:/home/anas/drone_sitl_ws/install/px4_ros_com:/home/anas/drone_sitl_ws/install/depthimage_to_laserscan:/home/anas/ros2_ws/install/velodyne_simulator:/home/anas/ros2_ws/install/velodyne_gazebo_plugins:/home/anas/ros2_ws/install/velodyne_description:/home/anas/ros2_ws/install/td3:/home/anas/ros2_ws/install/sjtu_drone_description:/home/anas/ros2_ws/install/risk_map_f4:/home/anas/ros2_ws/install/px4_ros_com:/home/anas/ros2_ws/install/px4_msgs:/home/anas/ros2_ws/install/openni2_camera:/home/anas/ros2_ws/install/mono_visual_odometry:/home/anas/ros2_ws/install/libuvc:/home/anas/ros2_ws/install/depthimage_to_laserscan:/home/anas/ros2_ws/install/astra_camera:/home/anas/ros2_ws/install/astra_camera_msgs:/home/anas/drone_sitl_ws/install/wld_net:/home/anas/drone_sitl_ws/install/px4_offboard:/home/anas/drone_sitl_ws/install/f4_project:/home/anas/ros2_ws/install/sjtu_drone_control:/home/anas/ros2_ws/install/sjtu_drone_bringup:/home/anas/ros2_ws/install/px4_offboard:/home/anas/ros2_ws/install/f4_project:/opt/ros/humble LD_LIBRARY_PATH=/home/anas/drone_sitl_ws/install/px4_msgs/lib:/home/anas/drone_sitl_ws/install/px4_ros_com/lib:/home/anas/drone_sitl_ws/install/depthimage_to_laserscan/lib:/home/anas/ros2_ws/install/velodyne_gazebo_plugins/lib:/home/anas/ros2_ws/install/sjtu_drone_description/lib:/home/anas/ros2_ws/install/px4_ros_com/lib:/home/anas/ros2_ws/install/px4_msgs/lib:/home/anas/ros2_ws/install/openni2_camera/lib:/home/anas/ros2_ws/install/libuvc/lib:/home/anas/ros2_ws/install/depthimage_to_laserscan/lib:/home/anas/ros2_ws/install/astra_camera/lib:/home/anas/ros2_ws/install/astra_camera_msgs/lib:/opt/ros/humble/opt/rviz_ogre_vendor/lib:/opt/ros/humble/lib/x86_64-linux-gnu:/opt/ros/humble/lib /usr/local/bin/cmake --build /home/anas/drone_sitl_ws/build/px4_ros_com -- -j6 -l6
[5.930s] DEBUG:colcon.colcon_core.event_handler.log_command:Invoking command in '/home/anas/drone_sitl_ws/build/px4_ros_com': CMAKE_PREFIX_PATH=/home/anas/drone_sitl_ws/install/px4_msgs:/home/anas/drone_sitl_ws/install/px4_ros_com:/home/anas/drone_sitl_ws/install/depthimage_to_laserscan:/home/anas/ros2_ws/install/velodyne_simulator:/home/anas/ros2_ws/install/velodyne_gazebo_plugins:/home/anas/ros2_ws/install/velodyne_description:/home/anas/ros2_ws/install/td3:/home/anas/ros2_ws/install/sjtu_drone_description:/home/anas/ros2_ws/install/risk_map_f4:/home/anas/ros2_ws/install/px4_ros_com:/home/anas/ros2_ws/install/px4_msgs:/home/anas/ros2_ws/install/openni2_camera:/home/anas/ros2_ws/install/mono_visual_odometry:/home/anas/ros2_ws/install/libuvc:/home/anas/ros2_ws/install/depthimage_to_laserscan:/home/anas/ros2_ws/install/astra_camera:/home/anas/ros2_ws/install/astra_camera_msgs:/home/anas/drone_sitl_ws/install/wld_net:/home/anas/drone_sitl_ws/install/px4_offboard:/home/anas/drone_sitl_ws/install/f4_project:/home/anas/ros2_ws/install/sjtu_drone_control:/home/anas/ros2_ws/install/sjtu_drone_bringup:/home/anas/ros2_ws/install/px4_offboard:/home/anas/ros2_ws/install/f4_project:/opt/ros/humble LD_LIBRARY_PATH=/home/anas/drone_sitl_ws/install/px4_msgs/lib:/home/anas/drone_sitl_ws/install/px4_ros_com/lib:/home/anas/drone_sitl_ws/install/depthimage_to_laserscan/lib:/home/anas/ros2_ws/install/velodyne_gazebo_plugins/lib:/home/anas/ros2_ws/install/sjtu_drone_description/lib:/home/anas/ros2_ws/install/px4_ros_com/lib:/home/anas/ros2_ws/install/px4_msgs/lib:/home/anas/ros2_ws/install/openni2_camera/lib:/home/anas/ros2_ws/install/libuvc/lib:/home/anas/ros2_ws/install/depthimage_to_laserscan/lib:/home/anas/ros2_ws/install/astra_camera/lib:/home/anas/ros2_ws/install/astra_camera_msgs/lib:/opt/ros/humble/opt/rviz_ogre_vendor/lib:/opt/ros/humble/lib/x86_64-linux-gnu:/opt/ros/humble/lib /usr/local/bin/cmake --install /home/anas/drone_sitl_ws/build/px4_ros_com
[6.023s] Level 1:colcon.colcon_core.environment:create_environment_scripts_only(px4_ros_com)
[6.024s] Level 1:colcon.colcon_core.environment:checking '/home/anas/drone_sitl_ws/install/px4_ros_com' for CMake module files
[6.024s] DEBUG:colcon.colcon_core.event_handler.log_command:Invoked command in '/home/anas/drone_sitl_ws/build/px4_ros_com' returned '0': CMAKE_PREFIX_PATH=/home/anas/drone_sitl_ws/install/px4_msgs:/home/anas/drone_sitl_ws/install/px4_ros_com:/home/anas/drone_sitl_ws/install/depthimage_to_laserscan:/home/anas/ros2_ws/install/velodyne_simulator:/home/anas/ros2_ws/install/velodyne_gazebo_plugins:/home/anas/ros2_ws/install/velodyne_description:/home/anas/ros2_ws/install/td3:/home/anas/ros2_ws/install/sjtu_drone_description:/home/anas/ros2_ws/install/risk_map_f4:/home/anas/ros2_ws/install/px4_ros_com:/home/anas/ros2_ws/install/px4_msgs:/home/anas/ros2_ws/install/openni2_camera:/home/anas/ros2_ws/install/mono_visual_odometry:/home/anas/ros2_ws/install/libuvc:/home/anas/ros2_ws/install/depthimage_to_laserscan:/home/anas/ros2_ws/install/astra_camera:/home/anas/ros2_ws/install/astra_camera_msgs:/home/anas/drone_sitl_ws/install/wld_net:/home/anas/drone_sitl_ws/install/px4_offboard:/home/anas/drone_sitl_ws/install/f4_project:/home/anas/ros2_ws/install/sjtu_drone_control:/home/anas/ros2_ws/install/sjtu_drone_bringup:/home/anas/ros2_ws/install/px4_offboard:/home/anas/ros2_ws/install/f4_project:/opt/ros/humble LD_LIBRARY_PATH=/home/anas/drone_sitl_ws/install/px4_msgs/lib:/home/anas/drone_sitl_ws/install/px4_ros_com/lib:/home/anas/drone_sitl_ws/install/depthimage_to_laserscan/lib:/home/anas/ros2_ws/install/velodyne_gazebo_plugins/lib:/home/anas/ros2_ws/install/sjtu_drone_description/lib:/home/anas/ros2_ws/install/px4_ros_com/lib:/home/anas/ros2_ws/install/px4_msgs/lib:/home/anas/ros2_ws/install/openni2_camera/lib:/home/anas/ros2_ws/install/libuvc/lib:/home/anas/ros2_ws/install/depthimage_to_laserscan/lib:/home/anas/ros2_ws/install/astra_camera/lib:/home/anas/ros2_ws/install/astra_camera_msgs/lib:/opt/ros/humble/opt/rviz_ogre_vendor/lib:/opt/ros/humble/lib/x86_64-linux-gnu:/opt/ros/humble/lib /usr/local/bin/cmake --install /home/anas/drone_sitl_ws/build/px4_ros_com
[6.026s] Level 1:colcon.colcon_core.environment:checking '/home/anas/drone_sitl_ws/install/px4_ros_com' for CMake config files
[6.030s] Level 1:colcon.colcon_core.shell:create_environment_hook('px4_ros_com', 'cmake_prefix_path')
[6.031s] INFO:colcon.colcon_core.shell:Creating environment hook '/home/anas/drone_sitl_ws/install/px4_ros_com/share/px4_ros_com/hook/cmake_prefix_path.ps1'
[6.032s] INFO:colcon.colcon_core.shell:Creating environment descriptor '/home/anas/drone_sitl_ws/install/px4_ros_com/share/px4_ros_com/hook/cmake_prefix_path.dsv'
[6.032s] INFO:colcon.colcon_core.shell:Creating environment hook '/home/anas/drone_sitl_ws/install/px4_ros_com/share/px4_ros_com/hook/cmake_prefix_path.sh'
[6.033s] Level 1:colcon.colcon_core.environment:checking '/home/anas/drone_sitl_ws/install/px4_ros_com/lib'
[6.033s] Level 1:colcon.colcon_core.shell:create_environment_hook('px4_ros_com', 'ld_library_path_lib')
[6.033s] INFO:colcon.colcon_core.shell:Creating environment hook '/home/anas/drone_sitl_ws/install/px4_ros_com/share/px4_ros_com/hook/ld_library_path_lib.ps1'
[6.034s] INFO:colcon.colcon_core.shell:Creating environment descriptor '/home/anas/drone_sitl_ws/install/px4_ros_com/share/px4_ros_com/hook/ld_library_path_lib.dsv'
[6.035s] INFO:colcon.colcon_core.shell:Creating environment hook '/home/anas/drone_sitl_ws/install/px4_ros_com/share/px4_ros_com/hook/ld_library_path_lib.sh'
[6.036s] Level 1:colcon.colcon_core.environment:checking '/home/anas/drone_sitl_ws/install/px4_ros_com/bin'
[6.036s] Level 1:colcon.colcon_core.environment:checking '/home/anas/drone_sitl_ws/install/px4_ros_com/lib/pkgconfig/px4_ros_com.pc'
[6.036s] Level 1:colcon.colcon_core.environment:checking '/home/anas/drone_sitl_ws/install/px4_ros_com/lib/python3.10/site-packages'
[6.037s] Level 1:colcon.colcon_core.environment:checking '/home/anas/drone_sitl_ws/install/px4_ros_com/bin'
[6.037s] INFO:colcon.colcon_core.shell:Creating package script '/home/anas/drone_sitl_ws/install/px4_ros_com/share/px4_ros_com/package.ps1'
[6.038s] INFO:colcon.colcon_core.shell:Creating package descriptor '/home/anas/drone_sitl_ws/install/px4_ros_com/share/px4_ros_com/package.dsv'
[6.039s] INFO:colcon.colcon_core.shell:Creating package script '/home/anas/drone_sitl_ws/install/px4_ros_com/share/px4_ros_com/package.sh'
[6.040s] INFO:colcon.colcon_core.shell:Creating package script '/home/anas/drone_sitl_ws/install/px4_ros_com/share/px4_ros_com/package.bash'
[6.041s] INFO:colcon.colcon_core.shell:Creating package script '/home/anas/drone_sitl_ws/install/px4_ros_com/share/px4_ros_com/package.zsh'
[6.041s] Level 1:colcon.colcon_core.environment:create_file_with_runtime_dependencies(/home/anas/drone_sitl_ws/install/px4_ros_com/share/colcon-core/packages/px4_ros_com)
[6.043s] Level 1:colcon.colcon_core.environment:create_environment_scripts_only(px4_ros_com)
[6.043s] Level 1:colcon.colcon_core.environment:checking '/home/anas/drone_sitl_ws/install/px4_ros_com' for CMake module files
[6.047s] Level 1:colcon.colcon_core.environment:checking '/home/anas/drone_sitl_ws/install/px4_ros_com' for CMake config files
[6.048s] Level 1:colcon.colcon_core.shell:create_environment_hook('px4_ros_com', 'cmake_prefix_path')
[6.049s] INFO:colcon.colcon_core.shell:Creating environment hook '/home/anas/drone_sitl_ws/install/px4_ros_com/share/px4_ros_com/hook/cmake_prefix_path.ps1'
[6.050s] INFO:colcon.colcon_core.shell:Creating environment descriptor '/home/anas/drone_sitl_ws/install/px4_ros_com/share/px4_ros_com/hook/cmake_prefix_path.dsv'
[6.051s] INFO:colcon.colcon_core.shell:Creating environment hook '/home/anas/drone_sitl_ws/install/px4_ros_com/share/px4_ros_com/hook/cmake_prefix_path.sh'
[6.052s] Level 1:colcon.colcon_core.environment:checking '/home/anas/drone_sitl_ws/install/px4_ros_com/lib'
[6.052s] Level 1:colcon.colcon_core.shell:create_environment_hook('px4_ros_com', 'ld_library_path_lib')
[6.052s] INFO:colcon.colcon_core.shell:Creating environment hook '/home/anas/drone_sitl_ws/install/px4_ros_com/share/px4_ros_com/hook/ld_library_path_lib.ps1'
[6.053s] INFO:colcon.colcon_core.shell:Creating environment descriptor '/home/anas/drone_sitl_ws/install/px4_ros_com/share/px4_ros_com/hook/ld_library_path_lib.dsv'
[6.054s] INFO:colcon.colcon_core.shell:Creating environment hook '/home/anas/drone_sitl_ws/install/px4_ros_com/share/px4_ros_com/hook/ld_library_path_lib.sh'
[6.055s] Level 1:colcon.colcon_core.environment:checking '/home/anas/drone_sitl_ws/install/px4_ros_com/bin'
[6.055s] Level 1:colcon.colcon_core.environment:checking '/home/anas/drone_sitl_ws/install/px4_ros_com/lib/pkgconfig/px4_ros_com.pc'
[6.055s] Level 1:colcon.colcon_core.environment:checking '/home/anas/drone_sitl_ws/install/px4_ros_com/lib/python3.10/site-packages'
[6.056s] Level 1:colcon.colcon_core.environment:checking '/home/anas/drone_sitl_ws/install/px4_ros_com/bin'
[6.057s] INFO:colcon.colcon_core.shell:Creating package script '/home/anas/drone_sitl_ws/install/px4_ros_com/share/px4_ros_com/package.ps1'
[6.059s] INFO:colcon.colcon_core.shell:Creating package descriptor '/home/anas/drone_sitl_ws/install/px4_ros_com/share/px4_ros_com/package.dsv'
[6.060s] INFO:colcon.colcon_core.shell:Creating package script '/home/anas/drone_sitl_ws/install/px4_ros_com/share/px4_ros_com/package.sh'
[6.062s] INFO:colcon.colcon_core.shell:Creating package script '/home/anas/drone_sitl_ws/install/px4_ros_com/share/px4_ros_com/package.bash'
[6.063s] INFO:colcon.colcon_core.shell:Creating package script '/home/anas/drone_sitl_ws/install/px4_ros_com/share/px4_ros_com/package.zsh'
[6.065s] Level 1:colcon.colcon_core.environment:create_file_with_runtime_dependencies(/home/anas/drone_sitl_ws/install/px4_ros_com/share/colcon-core/packages/px4_ros_com)
[6.692s] DEBUG:colcon.colcon_core.event_handler.log_command:Invoking command in '/home/anas/drone_sitl_ws/build/px4_offboard': CMAKE_PREFIX_PATH=/home/anas/drone_sitl_ws/install/px4_msgs:/home/anas/drone_sitl_ws/install/px4_ros_com:/home/anas/drone_sitl_ws/install/depthimage_to_laserscan:/home/anas/ros2_ws/install/velodyne_simulator:/home/anas/ros2_ws/install/velodyne_gazebo_plugins:/home/anas/ros2_ws/install/velodyne_description:/home/anas/ros2_ws/install/td3:/home/anas/ros2_ws/install/sjtu_drone_description:/home/anas/ros2_ws/install/risk_map_f4:/home/anas/ros2_ws/install/px4_ros_com:/home/anas/ros2_ws/install/px4_msgs:/home/anas/ros2_ws/install/openni2_camera:/home/anas/ros2_ws/install/mono_visual_odometry:/home/anas/ros2_ws/install/libuvc:/home/anas/ros2_ws/install/depthimage_to_laserscan:/home/anas/ros2_ws/install/astra_camera:/home/anas/ros2_ws/install/astra_camera_msgs LD_LIBRARY_PATH=/home/anas/drone_sitl_ws/install/px4_msgs/lib:/home/anas/drone_sitl_ws/install/px4_ros_com/lib:/home/anas/drone_sitl_ws/install/depthimage_to_laserscan/lib:/home/anas/ros2_ws/install/velodyne_gazebo_plugins/lib:/home/anas/ros2_ws/install/sjtu_drone_description/lib:/home/anas/ros2_ws/install/px4_ros_com/lib:/home/anas/ros2_ws/install/px4_msgs/lib:/home/anas/ros2_ws/install/openni2_camera/lib:/home/anas/ros2_ws/install/libuvc/lib:/home/anas/ros2_ws/install/depthimage_to_laserscan/lib:/home/anas/ros2_ws/install/astra_camera/lib:/home/anas/ros2_ws/install/astra_camera_msgs/lib:/opt/ros/humble/opt/rviz_ogre_vendor/lib:/opt/ros/humble/lib/x86_64-linux-gnu:/opt/ros/humble/lib PYTHONPATH=/home/anas/drone_sitl_ws/build/px4_offboard/prefix_override:/usr/lib/python3/dist-packages/colcon_core/task/python/colcon_distutils_commands:/home/anas/drone_sitl_ws/install/px4_offboard/lib/python3.10/site-packages:${PYTHONPATH} /usr/bin/python3 -W ignore:setup.py install is deprecated -W ignore:easy_install command is deprecated setup.py develop --editable --build-directory /home/anas/drone_sitl_ws/build/px4_offboard/build --no-deps symlink_data
[7.661s] Level 1:colcon.colcon_core.shell:create_environment_hook('px4_offboard', 'pythonpath_develop')
[7.661s] INFO:colcon.colcon_core.shell:Creating environment hook '/home/anas/drone_sitl_ws/build/px4_offboard/share/px4_offboard/hook/pythonpath_develop.ps1'
[7.662s] DEBUG:colcon.colcon_core.event_handler.log_command:Invoked command in '/home/anas/drone_sitl_ws/build/px4_offboard' returned '0': CMAKE_PREFIX_PATH=/home/anas/drone_sitl_ws/install/px4_msgs:/home/anas/drone_sitl_ws/install/px4_ros_com:/home/anas/drone_sitl_ws/install/depthimage_to_laserscan:/home/anas/ros2_ws/install/velodyne_simulator:/home/anas/ros2_ws/install/velodyne_gazebo_plugins:/home/anas/ros2_ws/install/velodyne_description:/home/anas/ros2_ws/install/td3:/home/anas/ros2_ws/install/sjtu_drone_description:/home/anas/ros2_ws/install/risk_map_f4:/home/anas/ros2_ws/install/px4_ros_com:/home/anas/ros2_ws/install/px4_msgs:/home/anas/ros2_ws/install/openni2_camera:/home/anas/ros2_ws/install/mono_visual_odometry:/home/anas/ros2_ws/install/libuvc:/home/anas/ros2_ws/install/depthimage_to_laserscan:/home/anas/ros2_ws/install/astra_camera:/home/anas/ros2_ws/install/astra_camera_msgs LD_LIBRARY_PATH=/home/anas/drone_sitl_ws/install/px4_msgs/lib:/home/anas/drone_sitl_ws/install/px4_ros_com/lib:/home/anas/drone_sitl_ws/install/depthimage_to_laserscan/lib:/home/anas/ros2_ws/install/velodyne_gazebo_plugins/lib:/home/anas/ros2_ws/install/sjtu_drone_description/lib:/home/anas/ros2_ws/install/px4_ros_com/lib:/home/anas/ros2_ws/install/px4_msgs/lib:/home/anas/ros2_ws/install/openni2_camera/lib:/home/anas/ros2_ws/install/libuvc/lib:/home/anas/ros2_ws/install/depthimage_to_laserscan/lib:/home/anas/ros2_ws/install/astra_camera/lib:/home/anas/ros2_ws/install/astra_camera_msgs/lib:/opt/ros/humble/opt/rviz_ogre_vendor/lib:/opt/ros/humble/lib/x86_64-linux-gnu:/opt/ros/humble/lib PYTHONPATH=/home/anas/drone_sitl_ws/build/px4_offboard/prefix_override:/usr/lib/python3/dist-packages/colcon_core/task/python/colcon_distutils_commands:/home/anas/drone_sitl_ws/install/px4_offboard/lib/python3.10/site-packages:${PYTHONPATH} /usr/bin/python3 -W ignore:setup.py install is deprecated -W ignore:easy_install command is deprecated setup.py develop --editable --build-directory /home/anas/drone_sitl_ws/build/px4_offboard/build --no-deps symlink_data
[7.662s] INFO:colcon.colcon_core.shell:Creating environment descriptor '/home/anas/drone_sitl_ws/build/px4_offboard/share/px4_offboard/hook/pythonpath_develop.dsv'
[7.662s] INFO:colcon.colcon_core.shell:Creating environment hook '/home/anas/drone_sitl_ws/build/px4_offboard/share/px4_offboard/hook/pythonpath_develop.sh'
[7.663s] Level 1:colcon.colcon_core.environment:checking '/home/anas/drone_sitl_ws/install/px4_offboard' for CMake module files
[7.664s] Level 1:colcon.colcon_core.environment:checking '/home/anas/drone_sitl_ws/install/px4_offboard' for CMake config files
[7.666s] Level 1:colcon.colcon_core.environment:checking '/home/anas/drone_sitl_ws/install/px4_offboard/lib'
[7.666s] Level 1:colcon.colcon_core.environment:checking '/home/anas/drone_sitl_ws/install/px4_offboard/bin'
[7.666s] Level 1:colcon.colcon_core.environment:checking '/home/anas/drone_sitl_ws/install/px4_offboard/lib/pkgconfig/px4_offboard.pc'
[7.667s] Level 1:colcon.colcon_core.environment:checking '/home/anas/drone_sitl_ws/install/px4_offboard/lib/python3.10/site-packages'
[7.667s] Level 1:colcon.colcon_core.shell:create_environment_hook('px4_offboard', 'pythonpath')
[7.667s] INFO:colcon.colcon_core.shell:Creating environment hook '/home/anas/drone_sitl_ws/install/px4_offboard/share/px4_offboard/hook/pythonpath.ps1'
[7.668s] INFO:colcon.colcon_core.shell:Creating environment descriptor '/home/anas/drone_sitl_ws/install/px4_offboard/share/px4_offboard/hook/pythonpath.dsv'
[7.668s] INFO:colcon.colcon_core.shell:Creating environment hook '/home/anas/drone_sitl_ws/install/px4_offboard/share/px4_offboard/hook/pythonpath.sh'
[7.669s] Level 1:colcon.colcon_core.environment:checking '/home/anas/drone_sitl_ws/install/px4_offboard/bin'
[7.669s] Level 1:colcon.colcon_core.environment:create_environment_scripts_only(px4_offboard)
[7.669s] INFO:colcon.colcon_core.shell:Creating package script '/home/anas/drone_sitl_ws/install/px4_offboard/share/px4_offboard/package.ps1'
[7.670s] INFO:colcon.colcon_core.shell:Creating package descriptor '/home/anas/drone_sitl_ws/install/px4_offboard/share/px4_offboard/package.dsv'
[7.670s] INFO:colcon.colcon_core.shell:Creating package script '/home/anas/drone_sitl_ws/install/px4_offboard/share/px4_offboard/package.sh'
[7.671s] INFO:colcon.colcon_core.shell:Creating package script '/home/anas/drone_sitl_ws/install/px4_offboard/share/px4_offboard/package.bash'
[7.671s] INFO:colcon.colcon_core.shell:Creating package script '/home/anas/drone_sitl_ws/install/px4_offboard/share/px4_offboard/package.zsh'
[7.671s] Level 1:colcon.colcon_core.environment:create_file_with_runtime_dependencies(/home/anas/drone_sitl_ws/install/px4_offboard/share/colcon-core/packages/px4_offboard)
[7.672s] DEBUG:colcon.colcon_parallel_executor.executor.parallel:closing loop
[7.672s] DEBUG:colcon.colcon_parallel_executor.executor.parallel:loop closed
[7.672s] DEBUG:colcon.colcon_parallel_executor.executor.parallel:run_until_complete finished with '0'
[7.673s] DEBUG:colcon.colcon_core.event_reactor:joining thread
[7.740s] INFO:colcon.colcon_core.plugin_system:Skipping extension 'colcon_notification.desktop_notification.notify_send': Could not find 'notify-send'
[7.740s] INFO:colcon.colcon_core.plugin_system:Skipping extension 'colcon_notification.desktop_notification.terminal_notifier': Not used on non-Darwin systems
[7.740s] INFO:colcon.colcon_core.plugin_system:Skipping extension 'colcon_notification.desktop_notification.win32': Not used on non-Windows systems
[7.741s] INFO:colcon.colcon_notification.desktop_notification:Sending desktop notification using 'notify2'
[7.745s] DEBUG:colcon.colcon_notification.desktop_notification.notify2:Failed to initialize notify2: org.freedesktop.DBus.Error.ServiceUnknown: The name org.freedesktop.Notifications was not provided by any .service files
[7.745s] DEBUG:colcon.colcon_core.event_reactor:joined thread
[7.745s] INFO:colcon.colcon_core.shell:Creating prefix script '/home/anas/drone_sitl_ws/install/local_setup.ps1'
[7.747s] INFO:colcon.colcon_core.shell:Creating prefix util module '/home/anas/drone_sitl_ws/install/_local_setup_util_ps1.py'
[7.749s] INFO:colcon.colcon_core.shell:Creating prefix chain script '/home/anas/drone_sitl_ws/install/setup.ps1'
[7.751s] INFO:colcon.colcon_core.shell:Creating prefix script '/home/anas/drone_sitl_ws/install/local_setup.sh'
[7.752s] INFO:colcon.colcon_core.shell:Creating prefix util module '/home/anas/drone_sitl_ws/install/_local_setup_util_sh.py'
[7.753s] INFO:colcon.colcon_core.shell:Creating prefix chain script '/home/anas/drone_sitl_ws/install/setup.sh'
[7.755s] INFO:colcon.colcon_core.shell:Creating prefix script '/home/anas/drone_sitl_ws/install/local_setup.bash'
[7.756s] INFO:colcon.colcon_core.shell:Creating prefix chain script '/home/anas/drone_sitl_ws/install/setup.bash'
[7.758s] INFO:colcon.colcon_core.shell:Creating prefix script '/home/anas/drone_sitl_ws/install/local_setup.zsh'
[7.759s] INFO:colcon.colcon_core.shell:Creating prefix chain script '/home/anas/drone_sitl_ws/install/setup.zsh'
