[0.436s] Invoking command in '/home/anas/drone_sitl_ws/build/px4_ros_com': CMAKE_PREFIX_PATH=/home/anas/drone_sitl_ws/install/px4_msgs:/home/anas/drone_sitl_ws/install/px4_ros_com:/home/anas/drone_sitl_ws/install/depthimage_to_laserscan:/home/anas/ros2_ws/install/velodyne_simulator:/home/anas/ros2_ws/install/velodyne_gazebo_plugins:/home/anas/ros2_ws/install/velodyne_description:/home/anas/ros2_ws/install/td3:/home/anas/ros2_ws/install/sjtu_drone_description:/home/anas/ros2_ws/install/risk_map_f4:/home/anas/ros2_ws/install/px4_ros_com:/home/anas/ros2_ws/install/px4_msgs:/home/anas/ros2_ws/install/openni2_camera:/home/anas/ros2_ws/install/mono_visual_odometry:/home/anas/ros2_ws/install/libuvc:/home/anas/ros2_ws/install/depthimage_to_laserscan:/home/anas/ros2_ws/install/astra_camera:/home/anas/ros2_ws/install/astra_camera_msgs:/home/anas/drone_sitl_ws/install/wld_net:/home/anas/drone_sitl_ws/install/px4_offboard:/home/anas/drone_sitl_ws/install/f4_project:/home/anas/ros2_ws/install/sjtu_drone_control:/home/anas/ros2_ws/install/sjtu_drone_bringup:/home/anas/ros2_ws/install/px4_offboard:/home/anas/ros2_ws/install/f4_project:/opt/ros/humble LD_LIBRARY_PATH=/home/anas/drone_sitl_ws/install/px4_msgs/lib:/home/anas/drone_sitl_ws/install/px4_ros_com/lib:/home/anas/drone_sitl_ws/install/depthimage_to_laserscan/lib:/home/anas/ros2_ws/install/velodyne_gazebo_plugins/lib:/home/anas/ros2_ws/install/sjtu_drone_description/lib:/home/anas/ros2_ws/install/px4_ros_com/lib:/home/anas/ros2_ws/install/px4_msgs/lib:/home/anas/ros2_ws/install/openni2_camera/lib:/home/anas/ros2_ws/install/libuvc/lib:/home/anas/ros2_ws/install/depthimage_to_laserscan/lib:/home/anas/ros2_ws/install/astra_camera/lib:/home/anas/ros2_ws/install/astra_camera_msgs/lib:/opt/ros/humble/opt/rviz_ogre_vendor/lib:/opt/ros/humble/lib/x86_64-linux-gnu:/opt/ros/humble/lib /usr/local/bin/cmake --build /home/anas/drone_sitl_ws/build/px4_ros_com -- -j6 -l6
[0.472s] [ 16%] Built target debug_vect_advertiser
[0.472s] [ 33%] Built target frame_transforms
[0.473s] [ 58%] Built target offboard_control
[0.473s] [ 66%] Built target vehicle_gps_position_listener
[0.474s] [ 83%] Built target sensor_combined_listener
[0.480s] [100%] Built target offboard_control_srv
[0.491s] [100%] Built target ament_cmake_python_symlink_px4_ros_com
[0.759s] running egg_info
[0.783s] writing px4_ros_com.egg-info/PKG-INFO
[0.784s] writing dependency_links to px4_ros_com.egg-info/dependency_links.txt
[0.784s] writing top-level names to px4_ros_com.egg-info/top_level.txt
[0.851s] reading manifest file 'px4_ros_com.egg-info/SOURCES.txt'
[0.852s] writing manifest file 'px4_ros_com.egg-info/SOURCES.txt'
[0.880s] [100%] Built target ament_cmake_python_build_px4_ros_com_egg
[0.886s] Invoked command in '/home/anas/drone_sitl_ws/build/px4_ros_com' returned '0': CMAKE_PREFIX_PATH=/home/anas/drone_sitl_ws/install/px4_msgs:/home/anas/drone_sitl_ws/install/px4_ros_com:/home/anas/drone_sitl_ws/install/depthimage_to_laserscan:/home/anas/ros2_ws/install/velodyne_simulator:/home/anas/ros2_ws/install/velodyne_gazebo_plugins:/home/anas/ros2_ws/install/velodyne_description:/home/anas/ros2_ws/install/td3:/home/anas/ros2_ws/install/sjtu_drone_description:/home/anas/ros2_ws/install/risk_map_f4:/home/anas/ros2_ws/install/px4_ros_com:/home/anas/ros2_ws/install/px4_msgs:/home/anas/ros2_ws/install/openni2_camera:/home/anas/ros2_ws/install/mono_visual_odometry:/home/anas/ros2_ws/install/libuvc:/home/anas/ros2_ws/install/depthimage_to_laserscan:/home/anas/ros2_ws/install/astra_camera:/home/anas/ros2_ws/install/astra_camera_msgs:/home/anas/drone_sitl_ws/install/wld_net:/home/anas/drone_sitl_ws/install/px4_offboard:/home/anas/drone_sitl_ws/install/f4_project:/home/anas/ros2_ws/install/sjtu_drone_control:/home/anas/ros2_ws/install/sjtu_drone_bringup:/home/anas/ros2_ws/install/px4_offboard:/home/anas/ros2_ws/install/f4_project:/opt/ros/humble LD_LIBRARY_PATH=/home/anas/drone_sitl_ws/install/px4_msgs/lib:/home/anas/drone_sitl_ws/install/px4_ros_com/lib:/home/anas/drone_sitl_ws/install/depthimage_to_laserscan/lib:/home/anas/ros2_ws/install/velodyne_gazebo_plugins/lib:/home/anas/ros2_ws/install/sjtu_drone_description/lib:/home/anas/ros2_ws/install/px4_ros_com/lib:/home/anas/ros2_ws/install/px4_msgs/lib:/home/anas/ros2_ws/install/openni2_camera/lib:/home/anas/ros2_ws/install/libuvc/lib:/home/anas/ros2_ws/install/depthimage_to_laserscan/lib:/home/anas/ros2_ws/install/astra_camera/lib:/home/anas/ros2_ws/install/astra_camera_msgs/lib:/opt/ros/humble/opt/rviz_ogre_vendor/lib:/opt/ros/humble/lib/x86_64-linux-gnu:/opt/ros/humble/lib /usr/local/bin/cmake --build /home/anas/drone_sitl_ws/build/px4_ros_com -- -j6 -l6
[0.888s] Invoking command in '/home/anas/drone_sitl_ws/build/px4_ros_com': CMAKE_PREFIX_PATH=/home/anas/drone_sitl_ws/install/px4_msgs:/home/anas/drone_sitl_ws/install/px4_ros_com:/home/anas/drone_sitl_ws/install/depthimage_to_laserscan:/home/anas/ros2_ws/install/velodyne_simulator:/home/anas/ros2_ws/install/velodyne_gazebo_plugins:/home/anas/ros2_ws/install/velodyne_description:/home/anas/ros2_ws/install/td3:/home/anas/ros2_ws/install/sjtu_drone_description:/home/anas/ros2_ws/install/risk_map_f4:/home/anas/ros2_ws/install/px4_ros_com:/home/anas/ros2_ws/install/px4_msgs:/home/anas/ros2_ws/install/openni2_camera:/home/anas/ros2_ws/install/mono_visual_odometry:/home/anas/ros2_ws/install/libuvc:/home/anas/ros2_ws/install/depthimage_to_laserscan:/home/anas/ros2_ws/install/astra_camera:/home/anas/ros2_ws/install/astra_camera_msgs:/home/anas/drone_sitl_ws/install/wld_net:/home/anas/drone_sitl_ws/install/px4_offboard:/home/anas/drone_sitl_ws/install/f4_project:/home/anas/ros2_ws/install/sjtu_drone_control:/home/anas/ros2_ws/install/sjtu_drone_bringup:/home/anas/ros2_ws/install/px4_offboard:/home/anas/ros2_ws/install/f4_project:/opt/ros/humble LD_LIBRARY_PATH=/home/anas/drone_sitl_ws/install/px4_msgs/lib:/home/anas/drone_sitl_ws/install/px4_ros_com/lib:/home/anas/drone_sitl_ws/install/depthimage_to_laserscan/lib:/home/anas/ros2_ws/install/velodyne_gazebo_plugins/lib:/home/anas/ros2_ws/install/sjtu_drone_description/lib:/home/anas/ros2_ws/install/px4_ros_com/lib:/home/anas/ros2_ws/install/px4_msgs/lib:/home/anas/ros2_ws/install/openni2_camera/lib:/home/anas/ros2_ws/install/libuvc/lib:/home/anas/ros2_ws/install/depthimage_to_laserscan/lib:/home/anas/ros2_ws/install/astra_camera/lib:/home/anas/ros2_ws/install/astra_camera_msgs/lib:/opt/ros/humble/opt/rviz_ogre_vendor/lib:/opt/ros/humble/lib/x86_64-linux-gnu:/opt/ros/humble/lib /usr/local/bin/cmake --install /home/anas/drone_sitl_ws/build/px4_ros_com
[0.892s] -- Install configuration: ""
[0.893s] -- Execute custom install script
[0.893s] -- Up-to-date symlink: /home/anas/drone_sitl_ws/install/px4_ros_com/lib/px4_ros_com/sensor_combined_listener
[0.893s] -- Up-to-date symlink: /home/anas/drone_sitl_ws/install/px4_ros_com/lib/px4_ros_com/vehicle_gps_position_listener
[0.893s] -- Up-to-date symlink: /home/anas/drone_sitl_ws/install/px4_ros_com/lib/px4_ros_com/debug_vect_advertiser
[0.894s] -- Up-to-date symlink: /home/anas/drone_sitl_ws/install/px4_ros_com/lib/px4_ros_com/offboard_control
[0.894s] -- Up-to-date symlink: /home/anas/drone_sitl_ws/install/px4_ros_com/lib/px4_ros_com/offboard_control_srv
[0.895s] -- Up-to-date symlink: /home/anas/drone_sitl_ws/install/px4_ros_com/share/px4_ros_com/environment/library_path.sh
[0.895s] -- Up-to-date symlink: /home/anas/drone_sitl_ws/install/px4_ros_com/share/px4_ros_com/environment/library_path.dsv
[0.895s] -- Up-to-date symlink: /home/anas/drone_sitl_ws/install/px4_ros_com/include/px4_ros_com/frame_transforms.h
[0.895s] -- Up-to-date symlink: /home/anas/drone_sitl_ws/install/px4_ros_com/share/px4_ros_com//launch/offboard_control_launch.yaml
[0.896s] -- Up-to-date symlink: /home/anas/drone_sitl_ws/install/px4_ros_com/share/px4_ros_com//launch/sensor_combined_listener.launch.py
[0.896s] -- Up-to-date symlink: /home/anas/drone_sitl_ws/install/px4_ros_com/share/px4_ros_com//test/__init__.py
[0.896s] -- Up-to-date symlink: /home/anas/drone_sitl_ws/install/px4_ros_com/share/px4_ros_com//test/pipeline_io_test.py
[0.896s] -- Up-to-date symlink: /home/anas/drone_sitl_ws/install/px4_ros_com/share/px4_ros_com//test/test_input.py
[0.896s] -- Up-to-date symlink: /home/anas/drone_sitl_ws/install/px4_ros_com/share/px4_ros_com//test/test_output.py
[0.897s] -- Up-to-date symlink: /home/anas/drone_sitl_ws/install/px4_ros_com/share/px4_ros_com/environment/pythonpath.sh
[0.897s] -- Up-to-date symlink: /home/anas/drone_sitl_ws/install/px4_ros_com/share/px4_ros_com/environment/pythonpath.dsv
[0.897s] -- Up-to-date symlink: /home/anas/drone_sitl_ws/install/px4_ros_com/local/lib/python3.10/dist-packages/px4_ros_com-0.1.0-py3.10.egg-info/PKG-INFO
[0.897s] -- Up-to-date symlink: /home/anas/drone_sitl_ws/install/px4_ros_com/local/lib/python3.10/dist-packages/px4_ros_com-0.1.0-py3.10.egg-info/SOURCES.txt
[0.897s] -- Up-to-date symlink: /home/anas/drone_sitl_ws/install/px4_ros_com/local/lib/python3.10/dist-packages/px4_ros_com-0.1.0-py3.10.egg-info/dependency_links.txt
[0.897s] -- Up-to-date symlink: /home/anas/drone_sitl_ws/install/px4_ros_com/local/lib/python3.10/dist-packages/px4_ros_com-0.1.0-py3.10.egg-info/top_level.txt
[0.898s] -- Up-to-date symlink: /home/anas/drone_sitl_ws/install/px4_ros_com/local/lib/python3.10/dist-packages/px4_ros_com/__init__.py
[0.899s] -- Up-to-date symlink: /home/anas/drone_sitl_ws/install/px4_ros_com/local/lib/python3.10/dist-packages/px4_ros_com/module_to_import.py
[0.899s] -- Up-to-date symlink: /home/anas/drone_sitl_ws/install/px4_ros_com/lib/px4_ros_com/offboard_control.py
[0.899s] -- Up-to-date symlink: /home/anas/drone_sitl_ws/install/px4_ros_com/share/ament_index/resource_index/package_run_dependencies/px4_ros_com
[0.899s] -- Up-to-date symlink: /home/anas/drone_sitl_ws/install/px4_ros_com/share/ament_index/resource_index/parent_prefix_path/px4_ros_com
[0.900s] -- Up-to-date symlink: /home/anas/drone_sitl_ws/install/px4_ros_com/share/px4_ros_com/environment/ament_prefix_path.sh
[0.900s] -- Up-to-date symlink: /home/anas/drone_sitl_ws/install/px4_ros_com/share/px4_ros_com/environment/ament_prefix_path.dsv
[0.900s] -- Up-to-date symlink: /home/anas/drone_sitl_ws/install/px4_ros_com/share/px4_ros_com/environment/path.sh
[0.900s] -- Up-to-date symlink: /home/anas/drone_sitl_ws/install/px4_ros_com/share/px4_ros_com/environment/path.dsv
[0.900s] -- Up-to-date symlink: /home/anas/drone_sitl_ws/install/px4_ros_com/share/px4_ros_com/local_setup.bash
[0.901s] -- Up-to-date symlink: /home/anas/drone_sitl_ws/install/px4_ros_com/share/px4_ros_com/local_setup.sh
[0.901s] -- Up-to-date symlink: /home/anas/drone_sitl_ws/install/px4_ros_com/share/px4_ros_com/local_setup.zsh
[0.901s] -- Up-to-date symlink: /home/anas/drone_sitl_ws/install/px4_ros_com/share/px4_ros_com/local_setup.dsv
[0.901s] -- Symlinking: /home/anas/drone_sitl_ws/install/px4_ros_com/share/px4_ros_com/package.dsv
[0.907s] -- Up-to-date symlink: /home/anas/drone_sitl_ws/install/px4_ros_com/share/ament_index/resource_index/packages/px4_ros_com
[0.907s] -- Up-to-date symlink: /home/anas/drone_sitl_ws/install/px4_ros_com/share/px4_ros_com/cmake/ament_cmake_export_dependencies-extras.cmake
[0.907s] -- Up-to-date symlink: /home/anas/drone_sitl_ws/install/px4_ros_com/share/px4_ros_com/cmake/ament_cmake_export_targets-extras.cmake
[0.907s] -- Up-to-date symlink: /home/anas/drone_sitl_ws/install/px4_ros_com/share/px4_ros_com/cmake/ament_cmake_export_include_directories-extras.cmake
[0.907s] -- Up-to-date symlink: /home/anas/drone_sitl_ws/install/px4_ros_com/share/px4_ros_com/cmake/ament_cmake_export_libraries-extras.cmake
[0.908s] -- Up-to-date symlink: /home/anas/drone_sitl_ws/install/px4_ros_com/share/px4_ros_com/cmake/px4_ros_comConfig.cmake
[0.908s] -- Up-to-date symlink: /home/anas/drone_sitl_ws/install/px4_ros_com/share/px4_ros_com/cmake/px4_ros_comConfig-version.cmake
[0.908s] -- Up-to-date symlink: /home/anas/drone_sitl_ws/install/px4_ros_com/share/px4_ros_com/package.xml
[0.908s] -- Up-to-date: /home/anas/drone_sitl_ws/install/px4_ros_com/lib/libframe_transforms.so
[0.951s] Listing '/home/anas/drone_sitl_ws/install/px4_ros_com/local/lib/python3.10/dist-packages/px4_ros_com'...
[0.957s] -- Up-to-date: /home/anas/drone_sitl_ws/install/px4_ros_com/share/px4_ros_com/cmake/export_frame_transformsExport.cmake
[0.957s] -- Up-to-date: /home/anas/drone_sitl_ws/install/px4_ros_com/share/px4_ros_com/cmake/export_frame_transformsExport-noconfig.cmake
[0.959s] Invoked command in '/home/anas/drone_sitl_ws/build/px4_ros_com' returned '0': CMAKE_PREFIX_PATH=/home/anas/drone_sitl_ws/install/px4_msgs:/home/anas/drone_sitl_ws/install/px4_ros_com:/home/anas/drone_sitl_ws/install/depthimage_to_laserscan:/home/anas/ros2_ws/install/velodyne_simulator:/home/anas/ros2_ws/install/velodyne_gazebo_plugins:/home/anas/ros2_ws/install/velodyne_description:/home/anas/ros2_ws/install/td3:/home/anas/ros2_ws/install/sjtu_drone_description:/home/anas/ros2_ws/install/risk_map_f4:/home/anas/ros2_ws/install/px4_ros_com:/home/anas/ros2_ws/install/px4_msgs:/home/anas/ros2_ws/install/openni2_camera:/home/anas/ros2_ws/install/mono_visual_odometry:/home/anas/ros2_ws/install/libuvc:/home/anas/ros2_ws/install/depthimage_to_laserscan:/home/anas/ros2_ws/install/astra_camera:/home/anas/ros2_ws/install/astra_camera_msgs:/home/anas/drone_sitl_ws/install/wld_net:/home/anas/drone_sitl_ws/install/px4_offboard:/home/anas/drone_sitl_ws/install/f4_project:/home/anas/ros2_ws/install/sjtu_drone_control:/home/anas/ros2_ws/install/sjtu_drone_bringup:/home/anas/ros2_ws/install/px4_offboard:/home/anas/ros2_ws/install/f4_project:/opt/ros/humble LD_LIBRARY_PATH=/home/anas/drone_sitl_ws/install/px4_msgs/lib:/home/anas/drone_sitl_ws/install/px4_ros_com/lib:/home/anas/drone_sitl_ws/install/depthimage_to_laserscan/lib:/home/anas/ros2_ws/install/velodyne_gazebo_plugins/lib:/home/anas/ros2_ws/install/sjtu_drone_description/lib:/home/anas/ros2_ws/install/px4_ros_com/lib:/home/anas/ros2_ws/install/px4_msgs/lib:/home/anas/ros2_ws/install/openni2_camera/lib:/home/anas/ros2_ws/install/libuvc/lib:/home/anas/ros2_ws/install/depthimage_to_laserscan/lib:/home/anas/ros2_ws/install/astra_camera/lib:/home/anas/ros2_ws/install/astra_camera_msgs/lib:/opt/ros/humble/opt/rviz_ogre_vendor/lib:/opt/ros/humble/lib/x86_64-linux-gnu:/opt/ros/humble/lib /usr/local/bin/cmake --install /home/anas/drone_sitl_ws/build/px4_ros_com
