[0mCMake Deprecation Warning at CMakeLists.txt:1 (cmake_minimum_required):
  Compatibility with CMake < 3.10 will be removed from a future version of
  CMake.

  Update the VERSION argument <min> value.  Or, use the <min>...<max> syntax
  to tell CMake that the project requires at least <min> but has been updated
  to work with policies introduced by <max> or earlier.

[0m
[0mCMake Deprecation Warning at /opt/ros/humble/src/gtest_vendor/CMakeLists.txt:2 (cmake_minimum_required):
  Compatibility with CMake < 3.10 will be removed from a future version of
  CMake.

  Update the VERSION argument <min> value.  Or, use the <min>...<max> syntax
  to tell CMake that the project requires at least <min> but has been updated
  to work with policies introduced by <max> or earlier.

[0m
In file included from [01m[K/home/anas/drone_sitl_ws/src/RL_research_workspace/src/depthimage_to_laserscan-foxy-devel/src/DepthImageToLaserScan.cpp:34[m[K:
[01m[K/home/anas/drone_sitl_ws/src/RL_research_workspace/src/depthimage_to_laserscan-foxy-devel/include/depthimage_to_laserscan/DepthImageToLaserScan.hpp:[m[K In constructor ‘[01m[Kdepthimage_to_laserscan::DepthImageToLaserScan::DepthImageToLaserScan(float, float, float, int, const string&, int)[m[K’:
[01m[K/home/anas/drone_sitl_ws/src/RL_research_workspace/src/depthimage_to_laserscan-foxy-devel/include/depthimage_to_laserscan/DepthImageToLaserScan.hpp:189:17:[m[K [01;35m[Kwarning: [m[K‘[01m[Kdepthimage_to_laserscan::DepthImageToLaserScan::output_frame_id_[m[K’ will be initialized after [[01;35m[K-Wreorder[m[K]
  189 |     std::string [01;35m[Koutput_frame_id_[m[K; ///< Output frame_id for each laserscan.  This is likely NOT the camera's frame_id.
      |                 [01;35m[K^~~~~~~~~~~~~~~~[m[K
[01m[K/home/anas/drone_sitl_ws/src/RL_research_workspace/src/depthimage_to_laserscan-foxy-devel/include/depthimage_to_laserscan/DepthImageToLaserScan.hpp:188:9:[m[K [01;35m[Kwarning: [m[K  ‘[01m[Kint depthimage_to_laserscan::DepthImageToLaserScan::offset_[m[K’ [[01;35m[K-Wreorder[m[K]
  188 |     int [01;35m[Koffset_[m[K;
      |         [01;35m[K^~~~~~~[m[K
[01m[K/home/anas/drone_sitl_ws/src/RL_research_workspace/src/depthimage_to_laserscan-foxy-devel/src/DepthImageToLaserScan.cpp:50:1:[m[K [01;35m[Kwarning: [m[K  when initialized here [[01;35m[K-Wreorder[m[K]
   50 | [01;35m[KDepthImageToLaserScan[m[K::DepthImageToLaserScan(float scan_time, float range_min, float range_max, int scan_height, const std::string& frame_id, int offset)
      | [01;35m[K^~~~~~~~~~~~~~~~~~~~~[m[K
