running develop
running egg_info
creating f4_project.egg-info
writing f4_project.egg-info/PKG-INFO
writing dependency_links to f4_project.egg-info/dependency_links.txt
writing entry points to f4_project.egg-info/entry_points.txt
writing requirements to f4_project.egg-info/requires.txt
writing top-level names to f4_project.egg-info/top_level.txt
writing manifest file 'f4_project.egg-info/SOURCES.txt'
reading manifest file 'f4_project.egg-info/SOURCES.txt'
writing manifest file 'f4_project.egg-info/SOURCES.txt'
running build_ext
Creating /home/anas/drone_sitl_ws/install/f4_project/lib/python3.10/site-packages/f4-project.egg-link (link to .)
Installing reset_odom script to /home/anas/drone_sitl_ws/install/f4_project/lib/f4_project

Installed /home/anas/drone_sitl_ws/build/f4_project
running symlink_data
creating /home/anas/drone_sitl_ws/install/f4_project/share/ament_index/resource_index/packages
symbolically linking /home/anas/drone_sitl_ws/build/f4_project/resource/f4_project -> /home/anas/drone_sitl_ws/install/f4_project/share/ament_index/resource_index/packages
symbolically linking /home/anas/drone_sitl_ws/build/f4_project/package.xml -> /home/anas/drone_sitl_ws/install/f4_project/share/f4_project
creating /home/anas/drone_sitl_ws/install/f4_project/share/f4_project/worlds
symbolically linking /home/anas/drone_sitl_ws/build/f4_project/worlds/empty.world -> /home/anas/drone_sitl_ws/install/f4_project/share/f4_project/worlds
symbolically linking /home/anas/drone_sitl_ws/build/f4_project/worlds/empty_sped_up.world -> /home/anas/drone_sitl_ws/install/f4_project/share/f4_project/worlds
creating /home/anas/drone_sitl_ws/install/f4_project/share/f4_project/launch
