[0.317s] Invoking command in '/home/anas/drone_sitl_ws/build/px4_ros_com': CMAKE_PREFIX_PATH=/home/anas/drone_sitl_ws/install/px4_msgs:/home/anas/drone_sitl_ws/install/px4_ros_com:/home/anas/drone_sitl_ws/install/depthimage_to_laserscan:/home/anas/ros2_ws/install/velodyne_simulator:/home/anas/ros2_ws/install/velodyne_gazebo_plugins:/home/anas/ros2_ws/install/velodyne_description:/home/anas/ros2_ws/install/td3:/home/anas/ros2_ws/install/sjtu_drone_description:/home/anas/ros2_ws/install/risk_map_f4:/home/anas/ros2_ws/install/px4_ros_com:/home/anas/ros2_ws/install/px4_msgs:/home/anas/ros2_ws/install/openni2_camera:/home/anas/ros2_ws/install/mono_visual_odometry:/home/anas/ros2_ws/install/libuvc:/home/anas/ros2_ws/install/depthimage_to_laserscan:/home/anas/ros2_ws/install/astra_camera:/home/anas/ros2_ws/install/astra_camera_msgs:/home/anas/drone_sitl_ws/install/px4_offboard:/home/anas/drone_sitl_ws/install/f4_project:/home/anas/ros2_ws/install/sjtu_drone_control:/home/anas/ros2_ws/install/sjtu_drone_bringup:/home/anas/ros2_ws/install/px4_offboard:/home/anas/ros2_ws/install/f4_project:/opt/ros/humble LD_LIBRARY_PATH=/home/anas/drone_sitl_ws/install/px4_msgs/lib:/home/anas/drone_sitl_ws/install/px4_ros_com/lib:/home/anas/drone_sitl_ws/install/depthimage_to_laserscan/lib:/home/anas/ros2_ws/install/velodyne_gazebo_plugins/lib:/home/anas/ros2_ws/install/sjtu_drone_description/lib:/home/anas/ros2_ws/install/px4_ros_com/lib:/home/anas/ros2_ws/install/px4_msgs/lib:/home/anas/ros2_ws/install/openni2_camera/lib:/home/anas/ros2_ws/install/libuvc/lib:/home/anas/ros2_ws/install/depthimage_to_laserscan/lib:/home/anas/ros2_ws/install/astra_camera/lib:/home/anas/ros2_ws/install/astra_camera_msgs/lib:/opt/ros/humble/opt/rviz_ogre_vendor/lib:/opt/ros/humble/lib/x86_64-linux-gnu:/opt/ros/humble/lib /usr/local/bin/cmake /home/anas/drone_sitl_ws/src/px4_ros_com -DAMENT_CMAKE_SYMLINK_INSTALL=1 -DCMAKE_INSTALL_PREFIX=/home/anas/drone_sitl_ws/install/px4_ros_com
[0.320s] [0mCMake Deprecation Warning at CMakeLists.txt:1 (cmake_minimum_required):
[0.320s]   Compatibility with CMake < 3.10 will be removed from a future version of
[0.320s]   CMake.
[0.320s] 
[0.320s]   Update the VERSION argument <min> value.  Or, use the <min>...<max> syntax
[0.321s]   to tell CMake that the project requires at least <min> but has been updated
[0.321s]   to work with policies introduced by <max> or earlier.
[0.321s] 
[0.321s] [0m
[0.439s] -- The C compiler identification is GNU 11.4.0
[1.007s] -- The CXX compiler identification is GNU 11.4.0
[1.453s] -- Detecting C compiler ABI info
[1.580s] -- Detecting C compiler ABI info - done
[1.594s] -- Check for working C compiler: /usr/lib/ccache/cc - skipped
[1.594s] -- Detecting C compile features
[1.594s] -- Detecting C compile features - done
[1.604s] -- Detecting CXX compiler ABI info
[1.735s] -- Detecting CXX compiler ABI info - done
[1.748s] -- Check for working CXX compiler: /usr/lib/ccache/c++ - skipped
[1.748s] -- Detecting CXX compile features
[1.749s] -- Detecting CXX compile features - done
[1.758s] -- Found ament_cmake: 1.3.12 (/opt/ros/humble/share/ament_cmake/cmake)
[1.907s] -- Found Python3: /usr/bin/python3 (found version "3.10.12") found components: Interpreter
[1.974s] -- Override CMake install command with custom implementation using symlinks instead of copying resources
[2.030s] -- Found builtin_interfaces: 1.2.2 (/opt/ros/humble/share/builtin_interfaces/cmake)
[2.178s] -- Found rosidl_generator_c: 3.1.7 (/opt/ros/humble/share/rosidl_generator_c/cmake)
[2.187s] -- Found rosidl_adapter: 3.1.7 (/opt/ros/humble/share/rosidl_adapter/cmake)
[2.199s] -- Found rosidl_generator_cpp: 3.1.7 (/opt/ros/humble/share/rosidl_generator_cpp/cmake)
[2.215s] -- Using all available rosidl_typesupport_c: rosidl_typesupport_fastrtps_c;rosidl_typesupport_introspection_c
[2.237s] -- Using all available rosidl_typesupport_cpp: rosidl_typesupport_fastrtps_cpp;rosidl_typesupport_introspection_cpp
[2.259s] -- Found eigen3_cmake_module: 0.1.1 (/opt/ros/humble/share/eigen3_cmake_module/cmake)
[2.274s] -- Found Eigen3: TRUE (found version "3.4.0")
[2.278s] -- Found geometry_msgs: 4.9.0 (/opt/ros/humble/share/geometry_msgs/cmake)
[2.310s] -- Found px4_msgs: 2.0.1 (/home/anas/drone_sitl_ws/install/px4_msgs/share/px4_msgs/cmake)
[2.326s] -- Found rclcpp: 16.0.14 (/opt/ros/humble/share/rclcpp/cmake)
[2.385s] -- Found rmw_implementation_cmake: 6.1.2 (/opt/ros/humble/share/rmw_implementation_cmake/cmake)
[2.390s] -- Found rmw_fastrtps_cpp: 6.2.8 (/opt/ros/humble/share/rmw_fastrtps_cpp/cmake)
[3.408s] -- Found OpenSSL: /usr/lib/x86_64-linux-gnu/libcrypto.so (found version "3.0.2")
[4.551s] -- Found FastRTPS: /opt/ros/humble/include
[6.527s] -- Using RMW implementation 'rmw_fastrtps_cpp' as default
[6.543s] -- Performing Test CMAKE_HAVE_LIBC_PTHREAD
[6.696s] -- Performing Test CMAKE_HAVE_LIBC_PTHREAD - Success
[6.698s] -- Found Threads: TRUE
[6.751s] -- Found sensor_msgs: 4.9.0 (/opt/ros/humble/share/sensor_msgs/cmake)
[6.776s] -- Found rclpy: 3.3.17 (/opt/ros/humble/share/rclpy/cmake)
[6.792s] -- Found ament_lint_auto: 0.12.14 (/opt/ros/humble/share/ament_lint_auto/cmake)
[6.932s] -- Added test 'copyright' to check source files copyright and LICENSE
[6.946s] -- Added test 'cppcheck' to perform static code analysis on C / C++ code
[6.946s] -- Configured cppcheck include dirs: /home/anas/drone_sitl_ws/src/px4_ros_com/include;$<BUILD_INTERFACE:/home/anas/drone_sitl_ws/src/px4_ros_com/include/px4_ros_com>
[6.946s] -- Configured cppcheck exclude dirs and/or files: 
[6.952s] -- Added test 'cpplint' to check C / C++ code against the Google style
[6.952s] -- Configured cpplint exclude dirs and/or files: 
[6.954s] -- Added test 'flake8' to check Python code syntax and style conventions
[6.956s] -- Added test 'lint_cmake' to check CMake code style
[6.958s] -- Added test 'pep257' to check Python code against some of the docstring style conventions in PEP 257
[6.963s] -- Added test 'uncrustify' to check C / C++ code style
[6.963s] -- Configured uncrustify additional arguments: 
[6.965s] -- Added test 'xmllint' to check XML markup files
[6.969s] -- Configuring done (6.6s)
[7.001s] -- Generating done (0.0s)
[7.007s] -- Build files have been written to: /home/anas/drone_sitl_ws/build/px4_ros_com
[7.020s] Invoked command in '/home/anas/drone_sitl_ws/build/px4_ros_com' returned '0': CMAKE_PREFIX_PATH=/home/anas/drone_sitl_ws/install/px4_msgs:/home/anas/drone_sitl_ws/install/px4_ros_com:/home/anas/drone_sitl_ws/install/depthimage_to_laserscan:/home/anas/ros2_ws/install/velodyne_simulator:/home/anas/ros2_ws/install/velodyne_gazebo_plugins:/home/anas/ros2_ws/install/velodyne_description:/home/anas/ros2_ws/install/td3:/home/anas/ros2_ws/install/sjtu_drone_description:/home/anas/ros2_ws/install/risk_map_f4:/home/anas/ros2_ws/install/px4_ros_com:/home/anas/ros2_ws/install/px4_msgs:/home/anas/ros2_ws/install/openni2_camera:/home/anas/ros2_ws/install/mono_visual_odometry:/home/anas/ros2_ws/install/libuvc:/home/anas/ros2_ws/install/depthimage_to_laserscan:/home/anas/ros2_ws/install/astra_camera:/home/anas/ros2_ws/install/astra_camera_msgs:/home/anas/drone_sitl_ws/install/px4_offboard:/home/anas/drone_sitl_ws/install/f4_project:/home/anas/ros2_ws/install/sjtu_drone_control:/home/anas/ros2_ws/install/sjtu_drone_bringup:/home/anas/ros2_ws/install/px4_offboard:/home/anas/ros2_ws/install/f4_project:/opt/ros/humble LD_LIBRARY_PATH=/home/anas/drone_sitl_ws/install/px4_msgs/lib:/home/anas/drone_sitl_ws/install/px4_ros_com/lib:/home/anas/drone_sitl_ws/install/depthimage_to_laserscan/lib:/home/anas/ros2_ws/install/velodyne_gazebo_plugins/lib:/home/anas/ros2_ws/install/sjtu_drone_description/lib:/home/anas/ros2_ws/install/px4_ros_com/lib:/home/anas/ros2_ws/install/px4_msgs/lib:/home/anas/ros2_ws/install/openni2_camera/lib:/home/anas/ros2_ws/install/libuvc/lib:/home/anas/ros2_ws/install/depthimage_to_laserscan/lib:/home/anas/ros2_ws/install/astra_camera/lib:/home/anas/ros2_ws/install/astra_camera_msgs/lib:/opt/ros/humble/opt/rviz_ogre_vendor/lib:/opt/ros/humble/lib/x86_64-linux-gnu:/opt/ros/humble/lib /usr/local/bin/cmake /home/anas/drone_sitl_ws/src/px4_ros_com -DAMENT_CMAKE_SYMLINK_INSTALL=1 -DCMAKE_INSTALL_PREFIX=/home/anas/drone_sitl_ws/install/px4_ros_com
[7.022s] Invoking command in '/home/anas/drone_sitl_ws/build/px4_ros_com': CMAKE_PREFIX_PATH=/home/anas/drone_sitl_ws/install/px4_msgs:/home/anas/drone_sitl_ws/install/px4_ros_com:/home/anas/drone_sitl_ws/install/depthimage_to_laserscan:/home/anas/ros2_ws/install/velodyne_simulator:/home/anas/ros2_ws/install/velodyne_gazebo_plugins:/home/anas/ros2_ws/install/velodyne_description:/home/anas/ros2_ws/install/td3:/home/anas/ros2_ws/install/sjtu_drone_description:/home/anas/ros2_ws/install/risk_map_f4:/home/anas/ros2_ws/install/px4_ros_com:/home/anas/ros2_ws/install/px4_msgs:/home/anas/ros2_ws/install/openni2_camera:/home/anas/ros2_ws/install/mono_visual_odometry:/home/anas/ros2_ws/install/libuvc:/home/anas/ros2_ws/install/depthimage_to_laserscan:/home/anas/ros2_ws/install/astra_camera:/home/anas/ros2_ws/install/astra_camera_msgs:/home/anas/drone_sitl_ws/install/px4_offboard:/home/anas/drone_sitl_ws/install/f4_project:/home/anas/ros2_ws/install/sjtu_drone_control:/home/anas/ros2_ws/install/sjtu_drone_bringup:/home/anas/ros2_ws/install/px4_offboard:/home/anas/ros2_ws/install/f4_project:/opt/ros/humble LD_LIBRARY_PATH=/home/anas/drone_sitl_ws/install/px4_msgs/lib:/home/anas/drone_sitl_ws/install/px4_ros_com/lib:/home/anas/drone_sitl_ws/install/depthimage_to_laserscan/lib:/home/anas/ros2_ws/install/velodyne_gazebo_plugins/lib:/home/anas/ros2_ws/install/sjtu_drone_description/lib:/home/anas/ros2_ws/install/px4_ros_com/lib:/home/anas/ros2_ws/install/px4_msgs/lib:/home/anas/ros2_ws/install/openni2_camera/lib:/home/anas/ros2_ws/install/libuvc/lib:/home/anas/ros2_ws/install/depthimage_to_laserscan/lib:/home/anas/ros2_ws/install/astra_camera/lib:/home/anas/ros2_ws/install/astra_camera_msgs/lib:/opt/ros/humble/opt/rviz_ogre_vendor/lib:/opt/ros/humble/lib/x86_64-linux-gnu:/opt/ros/humble/lib /usr/local/bin/cmake --build /home/anas/drone_sitl_ws/build/px4_ros_com -- -j6 -l6
[7.048s] [ 16%] [32mBuilding CXX object CMakeFiles/frame_transforms.dir/src/lib/frame_transforms.cpp.o[0m
[7.048s] [ 16%] [32mBuilding CXX object CMakeFiles/sensor_combined_listener.dir/src/examples/listeners/sensor_combined_listener.cpp.o[0m
[7.048s] [ 25%] [32mBuilding CXX object CMakeFiles/vehicle_gps_position_listener.dir/src/examples/listeners/vehicle_gps_position_listener.cpp.o[0m
[7.048s] [ 33%] [32mBuilding CXX object CMakeFiles/debug_vect_advertiser.dir/src/examples/advertisers/debug_vect_advertiser.cpp.o[0m
[7.050s] [ 41%] [32mBuilding CXX object CMakeFiles/offboard_control.dir/src/examples/offboard/offboard_control.cpp.o[0m
[7.051s] [ 50%] [32mBuilding CXX object CMakeFiles/offboard_control_srv.dir/src/examples/offboard/offboard_control_srv.cpp.o[0m
[7.069s] [ 58%] [32m[1mLinking CXX executable debug_vect_advertiser[0m
[7.073s] [ 66%] [32m[1mLinking CXX executable offboard_control[0m
[7.074s] [ 75%] [32m[1mLinking CXX executable offboard_control_srv[0m
[7.076s] [ 83%] [32m[1mLinking CXX executable sensor_combined_listener[0m
[7.076s] [ 91%] [32m[1mLinking CXX executable vehicle_gps_position_listener[0m
[7.172s] [100%] [32m[1mLinking CXX shared library libframe_transforms.so[0m
[7.322s] [100%] Built target debug_vect_advertiser
[7.342s] [100%] Built target ament_cmake_python_symlink_px4_ros_com
[7.372s] [100%] Built target offboard_control
[7.387s] [100%] Built target offboard_control_srv
[7.485s] [100%] Built target sensor_combined_listener
[7.494s] [100%] Built target frame_transforms
[7.513s] [100%] Built target vehicle_gps_position_listener
[7.595s] running egg_info
[7.616s] creating px4_ros_com.egg-info
[7.616s] writing px4_ros_com.egg-info/PKG-INFO
[7.617s] writing dependency_links to px4_ros_com.egg-info/dependency_links.txt
[7.617s] writing top-level names to px4_ros_com.egg-info/top_level.txt
[7.617s] writing manifest file 'px4_ros_com.egg-info/SOURCES.txt'
[7.673s] reading manifest file 'px4_ros_com.egg-info/SOURCES.txt'
[7.674s] writing manifest file 'px4_ros_com.egg-info/SOURCES.txt'
[7.696s] [100%] Built target ament_cmake_python_build_px4_ros_com_egg
[7.702s] Invoked command in '/home/anas/drone_sitl_ws/build/px4_ros_com' returned '0': CMAKE_PREFIX_PATH=/home/anas/drone_sitl_ws/install/px4_msgs:/home/anas/drone_sitl_ws/install/px4_ros_com:/home/anas/drone_sitl_ws/install/depthimage_to_laserscan:/home/anas/ros2_ws/install/velodyne_simulator:/home/anas/ros2_ws/install/velodyne_gazebo_plugins:/home/anas/ros2_ws/install/velodyne_description:/home/anas/ros2_ws/install/td3:/home/anas/ros2_ws/install/sjtu_drone_description:/home/anas/ros2_ws/install/risk_map_f4:/home/anas/ros2_ws/install/px4_ros_com:/home/anas/ros2_ws/install/px4_msgs:/home/anas/ros2_ws/install/openni2_camera:/home/anas/ros2_ws/install/mono_visual_odometry:/home/anas/ros2_ws/install/libuvc:/home/anas/ros2_ws/install/depthimage_to_laserscan:/home/anas/ros2_ws/install/astra_camera:/home/anas/ros2_ws/install/astra_camera_msgs:/home/anas/drone_sitl_ws/install/px4_offboard:/home/anas/drone_sitl_ws/install/f4_project:/home/anas/ros2_ws/install/sjtu_drone_control:/home/anas/ros2_ws/install/sjtu_drone_bringup:/home/anas/ros2_ws/install/px4_offboard:/home/anas/ros2_ws/install/f4_project:/opt/ros/humble LD_LIBRARY_PATH=/home/anas/drone_sitl_ws/install/px4_msgs/lib:/home/anas/drone_sitl_ws/install/px4_ros_com/lib:/home/anas/drone_sitl_ws/install/depthimage_to_laserscan/lib:/home/anas/ros2_ws/install/velodyne_gazebo_plugins/lib:/home/anas/ros2_ws/install/sjtu_drone_description/lib:/home/anas/ros2_ws/install/px4_ros_com/lib:/home/anas/ros2_ws/install/px4_msgs/lib:/home/anas/ros2_ws/install/openni2_camera/lib:/home/anas/ros2_ws/install/libuvc/lib:/home/anas/ros2_ws/install/depthimage_to_laserscan/lib:/home/anas/ros2_ws/install/astra_camera/lib:/home/anas/ros2_ws/install/astra_camera_msgs/lib:/opt/ros/humble/opt/rviz_ogre_vendor/lib:/opt/ros/humble/lib/x86_64-linux-gnu:/opt/ros/humble/lib /usr/local/bin/cmake --build /home/anas/drone_sitl_ws/build/px4_ros_com -- -j6 -l6
[7.704s] Invoking command in '/home/anas/drone_sitl_ws/build/px4_ros_com': CMAKE_PREFIX_PATH=/home/anas/drone_sitl_ws/install/px4_msgs:/home/anas/drone_sitl_ws/install/px4_ros_com:/home/anas/drone_sitl_ws/install/depthimage_to_laserscan:/home/anas/ros2_ws/install/velodyne_simulator:/home/anas/ros2_ws/install/velodyne_gazebo_plugins:/home/anas/ros2_ws/install/velodyne_description:/home/anas/ros2_ws/install/td3:/home/anas/ros2_ws/install/sjtu_drone_description:/home/anas/ros2_ws/install/risk_map_f4:/home/anas/ros2_ws/install/px4_ros_com:/home/anas/ros2_ws/install/px4_msgs:/home/anas/ros2_ws/install/openni2_camera:/home/anas/ros2_ws/install/mono_visual_odometry:/home/anas/ros2_ws/install/libuvc:/home/anas/ros2_ws/install/depthimage_to_laserscan:/home/anas/ros2_ws/install/astra_camera:/home/anas/ros2_ws/install/astra_camera_msgs:/home/anas/drone_sitl_ws/install/px4_offboard:/home/anas/drone_sitl_ws/install/f4_project:/home/anas/ros2_ws/install/sjtu_drone_control:/home/anas/ros2_ws/install/sjtu_drone_bringup:/home/anas/ros2_ws/install/px4_offboard:/home/anas/ros2_ws/install/f4_project:/opt/ros/humble LD_LIBRARY_PATH=/home/anas/drone_sitl_ws/install/px4_msgs/lib:/home/anas/drone_sitl_ws/install/px4_ros_com/lib:/home/anas/drone_sitl_ws/install/depthimage_to_laserscan/lib:/home/anas/ros2_ws/install/velodyne_gazebo_plugins/lib:/home/anas/ros2_ws/install/sjtu_drone_description/lib:/home/anas/ros2_ws/install/px4_ros_com/lib:/home/anas/ros2_ws/install/px4_msgs/lib:/home/anas/ros2_ws/install/openni2_camera/lib:/home/anas/ros2_ws/install/libuvc/lib:/home/anas/ros2_ws/install/depthimage_to_laserscan/lib:/home/anas/ros2_ws/install/astra_camera/lib:/home/anas/ros2_ws/install/astra_camera_msgs/lib:/opt/ros/humble/opt/rviz_ogre_vendor/lib:/opt/ros/humble/lib/x86_64-linux-gnu:/opt/ros/humble/lib /usr/local/bin/cmake --install /home/anas/drone_sitl_ws/build/px4_ros_com
[7.707s] -- Install configuration: ""
[7.707s] -- Execute custom install script
[7.708s] -- Symlinking: /home/anas/drone_sitl_ws/install/px4_ros_com/lib/px4_ros_com/sensor_combined_listener
[7.712s] -- Symlinking: /home/anas/drone_sitl_ws/install/px4_ros_com/lib/px4_ros_com/vehicle_gps_position_listener
[7.716s] -- Symlinking: /home/anas/drone_sitl_ws/install/px4_ros_com/lib/px4_ros_com/debug_vect_advertiser
[7.719s] -- Symlinking: /home/anas/drone_sitl_ws/install/px4_ros_com/lib/px4_ros_com/offboard_control
[7.723s] -- Symlinking: /home/anas/drone_sitl_ws/install/px4_ros_com/lib/px4_ros_com/offboard_control_srv
[7.727s] -- Symlinking: /home/anas/drone_sitl_ws/install/px4_ros_com/share/px4_ros_com/environment/library_path.sh
[7.730s] -- Symlinking: /home/anas/drone_sitl_ws/install/px4_ros_com/share/px4_ros_com/environment/library_path.dsv
[7.734s] -- Symlinking: /home/anas/drone_sitl_ws/install/px4_ros_com/include/px4_ros_com/frame_transforms.h
[7.738s] -- Symlinking: /home/anas/drone_sitl_ws/install/px4_ros_com/share/px4_ros_com//launch/offboard_control_launch.yaml
[7.741s] -- Symlinking: /home/anas/drone_sitl_ws/install/px4_ros_com/share/px4_ros_com//launch/sensor_combined_listener.launch.py
[7.745s] -- Symlinking: /home/anas/drone_sitl_ws/install/px4_ros_com/share/px4_ros_com//test/__init__.py
[7.749s] -- Symlinking: /home/anas/drone_sitl_ws/install/px4_ros_com/share/px4_ros_com//test/pipeline_io_test.py
[7.753s] -- Symlinking: /home/anas/drone_sitl_ws/install/px4_ros_com/share/px4_ros_com//test/test_input.py
[7.756s] -- Symlinking: /home/anas/drone_sitl_ws/install/px4_ros_com/share/px4_ros_com//test/test_output.py
[7.759s] -- Symlinking: /home/anas/drone_sitl_ws/install/px4_ros_com/share/px4_ros_com/environment/pythonpath.sh
[7.763s] -- Symlinking: /home/anas/drone_sitl_ws/install/px4_ros_com/share/px4_ros_com/environment/pythonpath.dsv
[7.768s] -- Symlinking: /home/anas/drone_sitl_ws/install/px4_ros_com/local/lib/python3.10/dist-packages/px4_ros_com-0.1.0-py3.10.egg-info/PKG-INFO
[7.771s] -- Symlinking: /home/anas/drone_sitl_ws/install/px4_ros_com/local/lib/python3.10/dist-packages/px4_ros_com-0.1.0-py3.10.egg-info/SOURCES.txt
[7.775s] -- Symlinking: /home/anas/drone_sitl_ws/install/px4_ros_com/local/lib/python3.10/dist-packages/px4_ros_com-0.1.0-py3.10.egg-info/dependency_links.txt
[7.779s] -- Symlinking: /home/anas/drone_sitl_ws/install/px4_ros_com/local/lib/python3.10/dist-packages/px4_ros_com-0.1.0-py3.10.egg-info/top_level.txt
[7.783s] -- Symlinking: /home/anas/drone_sitl_ws/install/px4_ros_com/local/lib/python3.10/dist-packages/px4_ros_com/__init__.py
[7.786s] -- Symlinking: /home/anas/drone_sitl_ws/install/px4_ros_com/local/lib/python3.10/dist-packages/px4_ros_com/module_to_import.py
[7.790s] -- Symlinking: /home/anas/drone_sitl_ws/install/px4_ros_com/lib/px4_ros_com/offboard_control.py
[7.794s] -- Symlinking: /home/anas/drone_sitl_ws/install/px4_ros_com/share/ament_index/resource_index/package_run_dependencies/px4_ros_com
[7.798s] -- Symlinking: /home/anas/drone_sitl_ws/install/px4_ros_com/share/ament_index/resource_index/parent_prefix_path/px4_ros_com
[7.801s] -- Symlinking: /home/anas/drone_sitl_ws/install/px4_ros_com/share/px4_ros_com/environment/ament_prefix_path.sh
[7.805s] -- Symlinking: /home/anas/drone_sitl_ws/install/px4_ros_com/share/px4_ros_com/environment/ament_prefix_path.dsv
[7.808s] -- Symlinking: /home/anas/drone_sitl_ws/install/px4_ros_com/share/px4_ros_com/environment/path.sh
[7.812s] -- Symlinking: /home/anas/drone_sitl_ws/install/px4_ros_com/share/px4_ros_com/environment/path.dsv
[7.815s] -- Symlinking: /home/anas/drone_sitl_ws/install/px4_ros_com/share/px4_ros_com/local_setup.bash
[7.819s] -- Symlinking: /home/anas/drone_sitl_ws/install/px4_ros_com/share/px4_ros_com/local_setup.sh
[7.823s] -- Symlinking: /home/anas/drone_sitl_ws/install/px4_ros_com/share/px4_ros_com/local_setup.zsh
[7.827s] -- Symlinking: /home/anas/drone_sitl_ws/install/px4_ros_com/share/px4_ros_com/local_setup.dsv
[7.830s] -- Symlinking: /home/anas/drone_sitl_ws/install/px4_ros_com/share/px4_ros_com/package.dsv
[7.834s] -- Symlinking: /home/anas/drone_sitl_ws/install/px4_ros_com/share/ament_index/resource_index/packages/px4_ros_com
[7.838s] -- Symlinking: /home/anas/drone_sitl_ws/install/px4_ros_com/share/px4_ros_com/cmake/ament_cmake_export_dependencies-extras.cmake
[7.842s] -- Symlinking: /home/anas/drone_sitl_ws/install/px4_ros_com/share/px4_ros_com/cmake/ament_cmake_export_targets-extras.cmake
[7.845s] -- Symlinking: /home/anas/drone_sitl_ws/install/px4_ros_com/share/px4_ros_com/cmake/ament_cmake_export_include_directories-extras.cmake
[7.849s] -- Symlinking: /home/anas/drone_sitl_ws/install/px4_ros_com/share/px4_ros_com/cmake/ament_cmake_export_libraries-extras.cmake
[7.852s] -- Symlinking: /home/anas/drone_sitl_ws/install/px4_ros_com/share/px4_ros_com/cmake/px4_ros_comConfig.cmake
[7.855s] -- Symlinking: /home/anas/drone_sitl_ws/install/px4_ros_com/share/px4_ros_com/cmake/px4_ros_comConfig-version.cmake
[7.858s] -- Symlinking: /home/anas/drone_sitl_ws/install/px4_ros_com/share/px4_ros_com/package.xml
[7.862s] -- Installing: /home/anas/drone_sitl_ws/install/px4_ros_com/lib/libframe_transforms.so
[7.867s] -- Set non-toolchain portion of runtime path of "/home/anas/drone_sitl_ws/install/px4_ros_com/lib/libframe_transforms.so" to ""
[7.905s] Listing '/home/anas/drone_sitl_ws/install/px4_ros_com/local/lib/python3.10/dist-packages/px4_ros_com'...
[7.905s] Compiling '/home/anas/drone_sitl_ws/install/px4_ros_com/local/lib/python3.10/dist-packages/px4_ros_com/__init__.py'...
[7.905s] Compiling '/home/anas/drone_sitl_ws/install/px4_ros_com/local/lib/python3.10/dist-packages/px4_ros_com/module_to_import.py'...
[7.909s] -- Installing: /home/anas/drone_sitl_ws/install/px4_ros_com/share/px4_ros_com/cmake/export_frame_transformsExport.cmake
[7.909s] -- Installing: /home/anas/drone_sitl_ws/install/px4_ros_com/share/px4_ros_com/cmake/export_frame_transformsExport-noconfig.cmake
[7.911s] Invoked command in '/home/anas/drone_sitl_ws/build/px4_ros_com' returned '0': CMAKE_PREFIX_PATH=/home/anas/drone_sitl_ws/install/px4_msgs:/home/anas/drone_sitl_ws/install/px4_ros_com:/home/anas/drone_sitl_ws/install/depthimage_to_laserscan:/home/anas/ros2_ws/install/velodyne_simulator:/home/anas/ros2_ws/install/velodyne_gazebo_plugins:/home/anas/ros2_ws/install/velodyne_description:/home/anas/ros2_ws/install/td3:/home/anas/ros2_ws/install/sjtu_drone_description:/home/anas/ros2_ws/install/risk_map_f4:/home/anas/ros2_ws/install/px4_ros_com:/home/anas/ros2_ws/install/px4_msgs:/home/anas/ros2_ws/install/openni2_camera:/home/anas/ros2_ws/install/mono_visual_odometry:/home/anas/ros2_ws/install/libuvc:/home/anas/ros2_ws/install/depthimage_to_laserscan:/home/anas/ros2_ws/install/astra_camera:/home/anas/ros2_ws/install/astra_camera_msgs:/home/anas/drone_sitl_ws/install/px4_offboard:/home/anas/drone_sitl_ws/install/f4_project:/home/anas/ros2_ws/install/sjtu_drone_control:/home/anas/ros2_ws/install/sjtu_drone_bringup:/home/anas/ros2_ws/install/px4_offboard:/home/anas/ros2_ws/install/f4_project:/opt/ros/humble LD_LIBRARY_PATH=/home/anas/drone_sitl_ws/install/px4_msgs/lib:/home/anas/drone_sitl_ws/install/px4_ros_com/lib:/home/anas/drone_sitl_ws/install/depthimage_to_laserscan/lib:/home/anas/ros2_ws/install/velodyne_gazebo_plugins/lib:/home/anas/ros2_ws/install/sjtu_drone_description/lib:/home/anas/ros2_ws/install/px4_ros_com/lib:/home/anas/ros2_ws/install/px4_msgs/lib:/home/anas/ros2_ws/install/openni2_camera/lib:/home/anas/ros2_ws/install/libuvc/lib:/home/anas/ros2_ws/install/depthimage_to_laserscan/lib:/home/anas/ros2_ws/install/astra_camera/lib:/home/anas/ros2_ws/install/astra_camera_msgs/lib:/opt/ros/humble/opt/rviz_ogre_vendor/lib:/opt/ros/humble/lib/x86_64-linux-gnu:/opt/ros/humble/lib /usr/local/bin/cmake --install /home/anas/drone_sitl_ws/build/px4_ros_com
