[0.043s] Invoking command in '/home/anas/drone_sitl_ws/build/depthimage_to_laserscan': CMAKE_PREFIX_PATH=${CMAKE_PREFIX_PATH}:/home/anas/drone_sitl_ws/install/wld_net:/home/anas/drone_sitl_ws/install/px4_offboard:/home/anas/drone_sitl_ws/install/f4_project:/home/anas/ros2_ws/install/sjtu_drone_control:/home/anas/ros2_ws/install/sjtu_drone_bringup:/home/anas/ros2_ws/install/px4_offboard:/home/anas/ros2_ws/install/f4_project:/opt/ros/humble /usr/local/bin/cmake --build /home/anas/drone_sitl_ws/build/depthimage_to_laserscan -- -j6 -l6
[0.581s] [ 33%] Built target gtest
[0.582s] [ 33%] Built target gtest_main
[0.582s] [ 50%] Built target DepthImageToLaserScan
[0.582s] [ 66%] Built target depthimage_to_laserscan-test
[0.582s] [ 83%] Built target DepthImageToLaserScanROS
[0.582s] [100%] Built target depthimage_to_laserscan_node
[0.583s] Invoked command in '/home/anas/drone_sitl_ws/build/depthimage_to_laserscan' returned '0': CMAKE_PREFIX_PATH=${CMAKE_PREFIX_PATH}:/home/anas/drone_sitl_ws/install/wld_net:/home/anas/drone_sitl_ws/install/px4_offboard:/home/anas/drone_sitl_ws/install/f4_project:/home/anas/ros2_ws/install/sjtu_drone_control:/home/anas/ros2_ws/install/sjtu_drone_bringup:/home/anas/ros2_ws/install/px4_offboard:/home/anas/ros2_ws/install/f4_project:/opt/ros/humble /usr/local/bin/cmake --build /home/anas/drone_sitl_ws/build/depthimage_to_laserscan -- -j6 -l6
[0.590s] Invoking command in '/home/anas/drone_sitl_ws/build/depthimage_to_laserscan': CMAKE_PREFIX_PATH=${CMAKE_PREFIX_PATH}:/home/anas/drone_sitl_ws/install/wld_net:/home/anas/drone_sitl_ws/install/px4_offboard:/home/anas/drone_sitl_ws/install/f4_project:/home/anas/ros2_ws/install/sjtu_drone_control:/home/anas/ros2_ws/install/sjtu_drone_bringup:/home/anas/ros2_ws/install/px4_offboard:/home/anas/ros2_ws/install/f4_project:/opt/ros/humble /usr/local/bin/cmake --install /home/anas/drone_sitl_ws/build/depthimage_to_laserscan
[0.596s] -- Install configuration: ""
[0.596s] -- Execute custom install script
[0.596s] -- Up-to-date symlink: /home/anas/drone_sitl_ws/install/depthimage_to_laserscan/include/depthimage_to_laserscan/DepthImageToLaserScan.hpp
[0.597s] -- Up-to-date symlink: /home/anas/drone_sitl_ws/install/depthimage_to_laserscan/include/depthimage_to_laserscan/DepthImageToLaserScan.hpp:Zone.Identifier
[0.597s] -- Up-to-date symlink: /home/anas/drone_sitl_ws/install/depthimage_to_laserscan/include/depthimage_to_laserscan/DepthImageToLaserScanROS.hpp
[0.597s] -- Up-to-date symlink: /home/anas/drone_sitl_ws/install/depthimage_to_laserscan/include/depthimage_to_laserscan/DepthImageToLaserScanROS.hpp:Zone.Identifier
[0.597s] -- Up-to-date symlink: /home/anas/drone_sitl_ws/install/depthimage_to_laserscan/include/depthimage_to_laserscan/depth_traits.hpp
[0.597s] -- Up-to-date symlink: /home/anas/drone_sitl_ws/install/depthimage_to_laserscan/include/depthimage_to_laserscan/depth_traits.hpp:Zone.Identifier
[0.598s] -- Up-to-date symlink: /home/anas/drone_sitl_ws/install/depthimage_to_laserscan/share/depthimage_to_laserscan//launch/depthimage_to_laserscan-launch.py
[0.598s] -- Up-to-date symlink: /home/anas/drone_sitl_ws/install/depthimage_to_laserscan/share/depthimage_to_laserscan//launch/depthimage_to_laserscan-launch.py:Zone.Identifier
[0.598s] -- Up-to-date symlink: /home/anas/drone_sitl_ws/install/depthimage_to_laserscan/share/depthimage_to_laserscan//launch/depthimage_to_laserscan-launch.py:Zone.Identifier:Zone.Identifier
[0.598s] -- Up-to-date symlink: /home/anas/drone_sitl_ws/install/depthimage_to_laserscan/share/depthimage_to_laserscan//launch/depthimage_to_laserscan_composed-launch.py
[0.598s] -- Up-to-date symlink: /home/anas/drone_sitl_ws/install/depthimage_to_laserscan/share/depthimage_to_laserscan//launch/depthimage_to_laserscan_composed-launch.py:Zone.Identifier
[0.598s] -- Up-to-date symlink: /home/anas/drone_sitl_ws/install/depthimage_to_laserscan/share/depthimage_to_laserscan//launch/depthimage_to_laserscan_composed-launch.py:Zone.Identifier:Zone.Identifier
[0.599s] -- Up-to-date symlink: /home/anas/drone_sitl_ws/install/depthimage_to_laserscan/share/depthimage_to_laserscan//cfg/param.yaml
[0.599s] -- Up-to-date symlink: /home/anas/drone_sitl_ws/install/depthimage_to_laserscan/share/depthimage_to_laserscan//cfg/param.yaml:Zone.Identifier
[0.599s] -- Up-to-date symlink: /home/anas/drone_sitl_ws/install/depthimage_to_laserscan/share/depthimage_to_laserscan//cfg/param.yaml:Zone.Identifier:Zone.Identifier
[0.599s] -- Up-to-date symlink: /home/anas/drone_sitl_ws/install/depthimage_to_laserscan/lib/libDepthImageToLaserScan.so
[0.599s] -- Up-to-date symlink: /home/anas/drone_sitl_ws/install/depthimage_to_laserscan/lib/libDepthImageToLaserScanROS.so
[0.599s] -- Up-to-date symlink: /home/anas/drone_sitl_ws/install/depthimage_to_laserscan/lib/depthimage_to_laserscan/depthimage_to_laserscan_node
[0.599s] -- Up-to-date symlink: /home/anas/drone_sitl_ws/install/depthimage_to_laserscan/include/depthimage_to_laserscan/DepthImageToLaserScan_export.h
[0.599s] -- Up-to-date symlink: /home/anas/drone_sitl_ws/install/depthimage_to_laserscan/include/depthimage_to_laserscan/DepthImageToLaserScanROS_export.h
[0.600s] -- Up-to-date symlink: /home/anas/drone_sitl_ws/install/depthimage_to_laserscan/share/depthimage_to_laserscan/environment/library_path.sh
[0.600s] -- Up-to-date symlink: /home/anas/drone_sitl_ws/install/depthimage_to_laserscan/share/depthimage_to_laserscan/environment/library_path.dsv
[0.600s] -- Up-to-date symlink: /home/anas/drone_sitl_ws/install/depthimage_to_laserscan/share/ament_index/resource_index/package_run_dependencies/depthimage_to_laserscan
[0.600s] -- Up-to-date symlink: /home/anas/drone_sitl_ws/install/depthimage_to_laserscan/share/ament_index/resource_index/parent_prefix_path/depthimage_to_laserscan
[0.600s] -- Up-to-date symlink: /home/anas/drone_sitl_ws/install/depthimage_to_laserscan/share/depthimage_to_laserscan/environment/ament_prefix_path.sh
[0.600s] -- Up-to-date symlink: /home/anas/drone_sitl_ws/install/depthimage_to_laserscan/share/depthimage_to_laserscan/environment/ament_prefix_path.dsv
[0.600s] -- Up-to-date symlink: /home/anas/drone_sitl_ws/install/depthimage_to_laserscan/share/depthimage_to_laserscan/environment/path.sh
[0.600s] -- Up-to-date symlink: /home/anas/drone_sitl_ws/install/depthimage_to_laserscan/share/depthimage_to_laserscan/environment/path.dsv
[0.600s] -- Up-to-date symlink: /home/anas/drone_sitl_ws/install/depthimage_to_laserscan/share/depthimage_to_laserscan/local_setup.bash
[0.601s] -- Up-to-date symlink: /home/anas/drone_sitl_ws/install/depthimage_to_laserscan/share/depthimage_to_laserscan/local_setup.sh
[0.601s] -- Up-to-date symlink: /home/anas/drone_sitl_ws/install/depthimage_to_laserscan/share/depthimage_to_laserscan/local_setup.zsh
[0.601s] -- Up-to-date symlink: /home/anas/drone_sitl_ws/install/depthimage_to_laserscan/share/depthimage_to_laserscan/local_setup.dsv
[0.601s] -- Symlinking: /home/anas/drone_sitl_ws/install/depthimage_to_laserscan/share/depthimage_to_laserscan/package.dsv
[0.606s] -- Up-to-date symlink: /home/anas/drone_sitl_ws/install/depthimage_to_laserscan/share/ament_index/resource_index/packages/depthimage_to_laserscan
[0.606s] -- Up-to-date symlink: /home/anas/drone_sitl_ws/install/depthimage_to_laserscan/share/ament_index/resource_index/rclcpp_components/depthimage_to_laserscan
[0.606s] -- Up-to-date symlink: /home/anas/drone_sitl_ws/install/depthimage_to_laserscan/share/depthimage_to_laserscan/cmake/ament_cmake_export_include_directories-extras.cmake
[0.606s] -- Up-to-date symlink: /home/anas/drone_sitl_ws/install/depthimage_to_laserscan/share/depthimage_to_laserscan/cmake/ament_cmake_export_libraries-extras.cmake
[0.607s] -- Up-to-date symlink: /home/anas/drone_sitl_ws/install/depthimage_to_laserscan/share/depthimage_to_laserscan/cmake/depthimage_to_laserscanConfig.cmake
[0.607s] -- Up-to-date symlink: /home/anas/drone_sitl_ws/install/depthimage_to_laserscan/share/depthimage_to_laserscan/cmake/depthimage_to_laserscanConfig-version.cmake
[0.607s] -- Up-to-date symlink: /home/anas/drone_sitl_ws/install/depthimage_to_laserscan/share/depthimage_to_laserscan/package.xml
[0.609s] Invoked command in '/home/anas/drone_sitl_ws/build/depthimage_to_laserscan' returned '0': CMAKE_PREFIX_PATH=${CMAKE_PREFIX_PATH}:/home/anas/drone_sitl_ws/install/wld_net:/home/anas/drone_sitl_ws/install/px4_offboard:/home/anas/drone_sitl_ws/install/f4_project:/home/anas/ros2_ws/install/sjtu_drone_control:/home/anas/ros2_ws/install/sjtu_drone_bringup:/home/anas/ros2_ws/install/px4_offboard:/home/anas/ros2_ws/install/f4_project:/opt/ros/humble /usr/local/bin/cmake --install /home/anas/drone_sitl_ws/build/depthimage_to_laserscan
