[0.205s] DEBUG:colcon:Command line arguments: ['/usr/bin/colcon', 'build', '--symlink-install']
[0.205s] DEBUG:colcon:Parsed command line arguments: Namespace(log_base=None, log_level=None, verb_name='build', build_base='build', install_base='install', merge_install=False, symlink_install=True, test_result_base=None, continue_on_error=False, executor='parallel', parallel_workers=6, event_handlers=None, ignore_user_meta=False, metas=['./colcon.meta'], base_paths=['.'], packages_ignore=None, packages_ignore_regex=None, paths=None, packages_up_to=None, packages_up_to_regex=None, packages_above=None, packages_above_and_dependencies=None, packages_above_depth=None, packages_select_by_dep=None, packages_skip_by_dep=None, packages_skip_up_to=None, packages_select_build_failed=False, packages_skip_build_finished=False, packages_select_test_failures=False, packages_skip_test_passed=False, packages_select=None, packages_skip=None, packages_select_regex=None, packages_skip_regex=None, packages_start=None, packages_end=None, allow_overriding=[], cmake_args=None, cmake_target=None, cmake_target_skip_unavailable=False, cmake_clean_cache=False, cmake_clean_first=False, cmake_force_configure=False, ament_cmake_args=None, catkin_cmake_args=None, catkin_skip_building_tests=False, verb_parser=<colcon_defaults.argument_parser.defaults.DefaultArgumentsDecorator object at 0x7f94654edae0>, verb_extension=<colcon_core.verb.build.BuildVerb object at 0x7f94656335e0>, main=<bound method BuildVerb.main of <colcon_core.verb.build.BuildVerb object at 0x7f94656335e0>>)
[0.247s] Level 1:colcon.colcon_core.package_discovery:discover_packages(colcon_meta) check parameters
[0.247s] Level 1:colcon.colcon_core.package_discovery:discover_packages(recursive) check parameters
[0.247s] Level 1:colcon.colcon_core.package_discovery:discover_packages(ignore) check parameters
[0.247s] Level 1:colcon.colcon_core.package_discovery:discover_packages(path) check parameters
[0.247s] Level 1:colcon.colcon_core.package_discovery:discover_packages(colcon_meta) discover
[0.247s] Level 1:colcon.colcon_core.package_discovery:discover_packages(recursive) discover
[0.247s] INFO:colcon.colcon_core.package_discovery:Crawling recursively for packages in '/home/anas/drone_sitl_ws'
[0.247s] Level 1:colcon.colcon_core.package_identification:_identify(.) by extensions ['ignore', 'ignore_ament_install']
[0.247s] Level 1:colcon.colcon_core.package_identification:_identify(.) by extension 'ignore'
[0.247s] Level 1:colcon.colcon_core.package_identification:_identify(.) by extension 'ignore_ament_install'
[0.247s] Level 1:colcon.colcon_core.package_identification:_identify(.) by extensions ['colcon_pkg']
[0.247s] Level 1:colcon.colcon_core.package_identification:_identify(.) by extension 'colcon_pkg'
[0.247s] Level 1:colcon.colcon_core.package_identification:_identify(.) by extensions ['colcon_meta']
[0.247s] Level 1:colcon.colcon_core.package_identification:_identify(.) by extension 'colcon_meta'
[0.248s] Level 1:colcon.colcon_core.package_identification:_identify(.) by extensions ['ros']
[0.248s] Level 1:colcon.colcon_core.package_identification:_identify(.) by extension 'ros'
[0.262s] Level 1:colcon.colcon_core.package_identification:_identify(.) by extensions ['cmake', 'python']
[0.262s] Level 1:colcon.colcon_core.package_identification:_identify(.) by extension 'cmake'
[0.262s] Level 1:colcon.colcon_core.package_identification:_identify(.) by extension 'python'
[0.263s] Level 1:colcon.colcon_core.package_identification:_identify(.) by extensions ['python_setup_py']
[0.263s] Level 1:colcon.colcon_core.package_identification:_identify(.) by extension 'python_setup_py'
[0.263s] Level 1:colcon.colcon_core.package_identification:_identify(build) by extensions ['ignore', 'ignore_ament_install']
[0.263s] Level 1:colcon.colcon_core.package_identification:_identify(build) by extension 'ignore'
[0.263s] Level 1:colcon.colcon_core.package_identification:_identify(build) ignored
[0.263s] Level 1:colcon.colcon_core.package_identification:_identify(install) by extensions ['ignore', 'ignore_ament_install']
[0.263s] Level 1:colcon.colcon_core.package_identification:_identify(install) by extension 'ignore'
[0.263s] Level 1:colcon.colcon_core.package_identification:_identify(install) ignored
[0.263s] Level 1:colcon.colcon_core.package_identification:_identify(log) by extensions ['ignore', 'ignore_ament_install']
[0.263s] Level 1:colcon.colcon_core.package_identification:_identify(log) by extension 'ignore'
[0.263s] Level 1:colcon.colcon_core.package_identification:_identify(log) ignored
[0.263s] Level 1:colcon.colcon_core.package_identification:_identify(src) by extensions ['ignore', 'ignore_ament_install']
[0.263s] Level 1:colcon.colcon_core.package_identification:_identify(src) by extension 'ignore'
[0.264s] Level 1:colcon.colcon_core.package_identification:_identify(src) by extension 'ignore_ament_install'
[0.264s] Level 1:colcon.colcon_core.package_identification:_identify(src) by extensions ['colcon_pkg']
[0.264s] Level 1:colcon.colcon_core.package_identification:_identify(src) by extension 'colcon_pkg'
[0.264s] Level 1:colcon.colcon_core.package_identification:_identify(src) by extensions ['colcon_meta']
[0.264s] Level 1:colcon.colcon_core.package_identification:_identify(src) by extension 'colcon_meta'
[0.264s] Level 1:colcon.colcon_core.package_identification:_identify(src) by extensions ['ros']
[0.264s] Level 1:colcon.colcon_core.package_identification:_identify(src) by extension 'ros'
[0.264s] Level 1:colcon.colcon_core.package_identification:_identify(src) by extensions ['cmake', 'python']
[0.264s] Level 1:colcon.colcon_core.package_identification:_identify(src) by extension 'cmake'
[0.264s] Level 1:colcon.colcon_core.package_identification:_identify(src) by extension 'python'
[0.264s] Level 1:colcon.colcon_core.package_identification:_identify(src) by extensions ['python_setup_py']
[0.264s] Level 1:colcon.colcon_core.package_identification:_identify(src) by extension 'python_setup_py'
[0.264s] Level 1:colcon.colcon_core.package_identification:_identify(src/RL_research_workspace) by extensions ['ignore', 'ignore_ament_install']
[0.264s] Level 1:colcon.colcon_core.package_identification:_identify(src/RL_research_workspace) by extension 'ignore'
[0.264s] Level 1:colcon.colcon_core.package_identification:_identify(src/RL_research_workspace) by extension 'ignore_ament_install'
[0.264s] Level 1:colcon.colcon_core.package_identification:_identify(src/RL_research_workspace) by extensions ['colcon_pkg']
[0.264s] Level 1:colcon.colcon_core.package_identification:_identify(src/RL_research_workspace) by extension 'colcon_pkg'
[0.264s] Level 1:colcon.colcon_core.package_identification:_identify(src/RL_research_workspace) by extensions ['colcon_meta']
[0.264s] Level 1:colcon.colcon_core.package_identification:_identify(src/RL_research_workspace) by extension 'colcon_meta'
[0.264s] Level 1:colcon.colcon_core.package_identification:_identify(src/RL_research_workspace) by extensions ['ros']
[0.264s] Level 1:colcon.colcon_core.package_identification:_identify(src/RL_research_workspace) by extension 'ros'
[0.264s] Level 1:colcon.colcon_core.package_identification:_identify(src/RL_research_workspace) by extensions ['cmake', 'python']
[0.264s] Level 1:colcon.colcon_core.package_identification:_identify(src/RL_research_workspace) by extension 'cmake'
[0.265s] Level 1:colcon.colcon_core.package_identification:_identify(src/RL_research_workspace) by extension 'python'
[0.265s] Level 1:colcon.colcon_core.package_identification:_identify(src/RL_research_workspace) by extensions ['python_setup_py']
[0.265s] Level 1:colcon.colcon_core.package_identification:_identify(src/RL_research_workspace) by extension 'python_setup_py'
[0.265s] Level 1:colcon.colcon_core.package_identification:_identify(src/RL_research_workspace/src) by extensions ['ignore', 'ignore_ament_install']
[0.265s] Level 1:colcon.colcon_core.package_identification:_identify(src/RL_research_workspace/src) by extension 'ignore'
[0.265s] Level 1:colcon.colcon_core.package_identification:_identify(src/RL_research_workspace/src) by extension 'ignore_ament_install'
[0.265s] Level 1:colcon.colcon_core.package_identification:_identify(src/RL_research_workspace/src) by extensions ['colcon_pkg']
[0.265s] Level 1:colcon.colcon_core.package_identification:_identify(src/RL_research_workspace/src) by extension 'colcon_pkg'
[0.265s] Level 1:colcon.colcon_core.package_identification:_identify(src/RL_research_workspace/src) by extensions ['colcon_meta']
[0.265s] Level 1:colcon.colcon_core.package_identification:_identify(src/RL_research_workspace/src) by extension 'colcon_meta'
[0.265s] Level 1:colcon.colcon_core.package_identification:_identify(src/RL_research_workspace/src) by extensions ['ros']
[0.265s] Level 1:colcon.colcon_core.package_identification:_identify(src/RL_research_workspace/src) by extension 'ros'
[0.265s] Level 1:colcon.colcon_core.package_identification:_identify(src/RL_research_workspace/src) by extensions ['cmake', 'python']
[0.265s] Level 1:colcon.colcon_core.package_identification:_identify(src/RL_research_workspace/src) by extension 'cmake'
[0.265s] Level 1:colcon.colcon_core.package_identification:_identify(src/RL_research_workspace/src) by extension 'python'
[0.265s] Level 1:colcon.colcon_core.package_identification:_identify(src/RL_research_workspace/src) by extensions ['python_setup_py']
[0.265s] Level 1:colcon.colcon_core.package_identification:_identify(src/RL_research_workspace/src) by extension 'python_setup_py'
[0.265s] Level 1:colcon.colcon_core.package_identification:_identify(src/RL_research_workspace/src/depthimage_to_laserscan-foxy-devel) by extensions ['ignore', 'ignore_ament_install']
[0.265s] Level 1:colcon.colcon_core.package_identification:_identify(src/RL_research_workspace/src/depthimage_to_laserscan-foxy-devel) by extension 'ignore'
[0.265s] Level 1:colcon.colcon_core.package_identification:_identify(src/RL_research_workspace/src/depthimage_to_laserscan-foxy-devel) by extension 'ignore_ament_install'
[0.266s] Level 1:colcon.colcon_core.package_identification:_identify(src/RL_research_workspace/src/depthimage_to_laserscan-foxy-devel) by extensions ['colcon_pkg']
[0.266s] Level 1:colcon.colcon_core.package_identification:_identify(src/RL_research_workspace/src/depthimage_to_laserscan-foxy-devel) by extension 'colcon_pkg'
[0.266s] Level 1:colcon.colcon_core.package_identification:_identify(src/RL_research_workspace/src/depthimage_to_laserscan-foxy-devel) by extensions ['colcon_meta']
[0.266s] Level 1:colcon.colcon_core.package_identification:_identify(src/RL_research_workspace/src/depthimage_to_laserscan-foxy-devel) by extension 'colcon_meta'
[0.266s] Level 1:colcon.colcon_core.package_identification:_identify(src/RL_research_workspace/src/depthimage_to_laserscan-foxy-devel) by extensions ['ros']
[0.266s] Level 1:colcon.colcon_core.package_identification:_identify(src/RL_research_workspace/src/depthimage_to_laserscan-foxy-devel) by extension 'ros'
[0.268s] DEBUG:colcon.colcon_core.package_identification:Package 'src/RL_research_workspace/src/depthimage_to_laserscan-foxy-devel' with type 'ros.ament_cmake' and name 'depthimage_to_laserscan'
[0.269s] Level 1:colcon.colcon_core.package_identification:_identify(src/RL_research_workspace/src/f4_project) by extensions ['ignore', 'ignore_ament_install']
[0.269s] Level 1:colcon.colcon_core.package_identification:_identify(src/RL_research_workspace/src/f4_project) by extension 'ignore'
[0.269s] Level 1:colcon.colcon_core.package_identification:_identify(src/RL_research_workspace/src/f4_project) by extension 'ignore_ament_install'
[0.269s] Level 1:colcon.colcon_core.package_identification:_identify(src/RL_research_workspace/src/f4_project) by extensions ['colcon_pkg']
[0.269s] Level 1:colcon.colcon_core.package_identification:_identify(src/RL_research_workspace/src/f4_project) by extension 'colcon_pkg'
[0.269s] Level 1:colcon.colcon_core.package_identification:_identify(src/RL_research_workspace/src/f4_project) by extensions ['colcon_meta']
[0.269s] Level 1:colcon.colcon_core.package_identification:_identify(src/RL_research_workspace/src/f4_project) by extension 'colcon_meta'
[0.269s] Level 1:colcon.colcon_core.package_identification:_identify(src/RL_research_workspace/src/f4_project) by extensions ['ros']
[0.269s] Level 1:colcon.colcon_core.package_identification:_identify(src/RL_research_workspace/src/f4_project) by extension 'ros'
[0.269s] DEBUG:colcon.colcon_core.package_identification:Package 'src/RL_research_workspace/src/f4_project' with type 'ros.ament_python' and name 'f4_project'
[0.269s] Level 1:colcon.colcon_core.package_identification:_identify(src/WLD-Net) by extensions ['ignore', 'ignore_ament_install']
[0.270s] Level 1:colcon.colcon_core.package_identification:_identify(src/WLD-Net) by extension 'ignore'
[0.270s] Level 1:colcon.colcon_core.package_identification:_identify(src/WLD-Net) by extension 'ignore_ament_install'
[0.270s] Level 1:colcon.colcon_core.package_identification:_identify(src/WLD-Net) by extensions ['colcon_pkg']
[0.270s] Level 1:colcon.colcon_core.package_identification:_identify(src/WLD-Net) by extension 'colcon_pkg'
[0.270s] Level 1:colcon.colcon_core.package_identification:_identify(src/WLD-Net) by extensions ['colcon_meta']
[0.270s] Level 1:colcon.colcon_core.package_identification:_identify(src/WLD-Net) by extension 'colcon_meta'
[0.270s] Level 1:colcon.colcon_core.package_identification:_identify(src/WLD-Net) by extensions ['ros']
[0.270s] Level 1:colcon.colcon_core.package_identification:_identify(src/WLD-Net) by extension 'ros'
[0.271s] DEBUG:colcon.colcon_core.package_identification:Package 'src/WLD-Net' with type 'ros.ament_python' and name 'wld_net'
[0.271s] Level 1:colcon.colcon_core.package_identification:_identify(src/px4-offboard) by extensions ['ignore', 'ignore_ament_install']
[0.271s] Level 1:colcon.colcon_core.package_identification:_identify(src/px4-offboard) by extension 'ignore'
[0.271s] Level 1:colcon.colcon_core.package_identification:_identify(src/px4-offboard) by extension 'ignore_ament_install'
[0.271s] Level 1:colcon.colcon_core.package_identification:_identify(src/px4-offboard) by extensions ['colcon_pkg']
[0.271s] Level 1:colcon.colcon_core.package_identification:_identify(src/px4-offboard) by extension 'colcon_pkg'
[0.271s] Level 1:colcon.colcon_core.package_identification:_identify(src/px4-offboard) by extensions ['colcon_meta']
[0.271s] Level 1:colcon.colcon_core.package_identification:_identify(src/px4-offboard) by extension 'colcon_meta'
[0.271s] Level 1:colcon.colcon_core.package_identification:_identify(src/px4-offboard) by extensions ['ros']
[0.271s] Level 1:colcon.colcon_core.package_identification:_identify(src/px4-offboard) by extension 'ros'
[0.271s] DEBUG:colcon.colcon_core.package_identification:Package 'src/px4-offboard' with type 'ros.ament_python' and name 'px4_offboard'
[0.272s] Level 1:colcon.colcon_core.package_identification:_identify(src/px4_msgs) by extensions ['ignore', 'ignore_ament_install']
[0.272s] Level 1:colcon.colcon_core.package_identification:_identify(src/px4_msgs) by extension 'ignore'
[0.272s] Level 1:colcon.colcon_core.package_identification:_identify(src/px4_msgs) by extension 'ignore_ament_install'
[0.272s] Level 1:colcon.colcon_core.package_identification:_identify(src/px4_msgs) by extensions ['colcon_pkg']
[0.272s] Level 1:colcon.colcon_core.package_identification:_identify(src/px4_msgs) by extension 'colcon_pkg'
[0.272s] Level 1:colcon.colcon_core.package_identification:_identify(src/px4_msgs) by extensions ['colcon_meta']
[0.272s] Level 1:colcon.colcon_core.package_identification:_identify(src/px4_msgs) by extension 'colcon_meta'
[0.272s] Level 1:colcon.colcon_core.package_identification:_identify(src/px4_msgs) by extensions ['ros']
[0.272s] Level 1:colcon.colcon_core.package_identification:_identify(src/px4_msgs) by extension 'ros'
[0.273s] DEBUG:colcon.colcon_core.package_identification:Package 'src/px4_msgs' with type 'ros.ament_cmake' and name 'px4_msgs'
[0.273s] Level 1:colcon.colcon_core.package_identification:_identify(src/px4_ros_com) by extensions ['ignore', 'ignore_ament_install']
[0.273s] Level 1:colcon.colcon_core.package_identification:_identify(src/px4_ros_com) by extension 'ignore'
[0.273s] Level 1:colcon.colcon_core.package_identification:_identify(src/px4_ros_com) by extension 'ignore_ament_install'
[0.273s] Level 1:colcon.colcon_core.package_identification:_identify(src/px4_ros_com) by extensions ['colcon_pkg']
[0.273s] Level 1:colcon.colcon_core.package_identification:_identify(src/px4_ros_com) by extension 'colcon_pkg'
[0.273s] Level 1:colcon.colcon_core.package_identification:_identify(src/px4_ros_com) by extensions ['colcon_meta']
[0.273s] Level 1:colcon.colcon_core.package_identification:_identify(src/px4_ros_com) by extension 'colcon_meta'
[0.273s] Level 1:colcon.colcon_core.package_identification:_identify(src/px4_ros_com) by extensions ['ros']
[0.273s] Level 1:colcon.colcon_core.package_identification:_identify(src/px4_ros_com) by extension 'ros'
[0.275s] DEBUG:colcon.colcon_core.package_identification:Package 'src/px4_ros_com' with type 'ros.ament_cmake' and name 'px4_ros_com'
[0.275s] Level 1:colcon.colcon_core.package_discovery:discover_packages(recursive) using defaults
[0.275s] Level 1:colcon.colcon_core.package_discovery:discover_packages(ignore) discover
[0.275s] Level 1:colcon.colcon_core.package_discovery:discover_packages(ignore) using defaults
[0.275s] Level 1:colcon.colcon_core.package_discovery:discover_packages(path) discover
[0.275s] Level 1:colcon.colcon_core.package_discovery:discover_packages(path) using defaults
[0.299s] Level 1:colcon.colcon_core.package_discovery:discover_packages(prefix_path) check parameters
[0.299s] Level 1:colcon.colcon_core.package_discovery:discover_packages(prefix_path) discover
[0.301s] DEBUG:colcon.colcon_installed_package_information.package_discovery:Found 6 installed packages in /home/anas/drone_sitl_ws/install
[0.302s] DEBUG:colcon.colcon_installed_package_information.package_discovery:Found 18 installed packages in /home/anas/ros2_ws/install
[0.304s] DEBUG:colcon.colcon_installed_package_information.package_discovery:Found 388 installed packages in /opt/ros/humble
[0.306s] Level 1:colcon.colcon_core.package_discovery:discover_packages(prefix_path) using defaults
[0.360s] Level 5:colcon.colcon_core.verb:set package 'depthimage_to_laserscan' build argument 'cmake_args' from command line to 'None'
[0.360s] Level 5:colcon.colcon_core.verb:set package 'depthimage_to_laserscan' build argument 'cmake_target' from command line to 'None'
[0.361s] Level 5:colcon.colcon_core.verb:set package 'depthimage_to_laserscan' build argument 'cmake_target_skip_unavailable' from command line to 'False'
[0.361s] Level 5:colcon.colcon_core.verb:set package 'depthimage_to_laserscan' build argument 'cmake_clean_cache' from command line to 'False'
[0.361s] Level 5:colcon.colcon_core.verb:set package 'depthimage_to_laserscan' build argument 'cmake_clean_first' from command line to 'False'
[0.361s] Level 5:colcon.colcon_core.verb:set package 'depthimage_to_laserscan' build argument 'cmake_force_configure' from command line to 'False'
[0.361s] Level 5:colcon.colcon_core.verb:set package 'depthimage_to_laserscan' build argument 'ament_cmake_args' from command line to 'None'
[0.361s] Level 5:colcon.colcon_core.verb:set package 'depthimage_to_laserscan' build argument 'catkin_cmake_args' from command line to 'None'
[0.361s] Level 5:colcon.colcon_core.verb:set package 'depthimage_to_laserscan' build argument 'catkin_skip_building_tests' from command line to 'False'
[0.361s] DEBUG:colcon.colcon_core.verb:Building package 'depthimage_to_laserscan' with the following arguments: {'ament_cmake_args': None, 'build_base': '/home/anas/drone_sitl_ws/build/depthimage_to_laserscan', 'catkin_cmake_args': None, 'catkin_skip_building_tests': False, 'cmake_args': None, 'cmake_clean_cache': False, 'cmake_clean_first': False, 'cmake_force_configure': False, 'cmake_target': None, 'cmake_target_skip_unavailable': False, 'install_base': '/home/anas/drone_sitl_ws/install/depthimage_to_laserscan', 'merge_install': False, 'path': '/home/anas/drone_sitl_ws/src/RL_research_workspace/src/depthimage_to_laserscan-foxy-devel', 'symlink_install': True, 'test_result_base': None}
[0.361s] Level 5:colcon.colcon_core.verb:set package 'f4_project' build argument 'cmake_args' from command line to 'None'
[0.361s] Level 5:colcon.colcon_core.verb:set package 'f4_project' build argument 'cmake_target' from command line to 'None'
[0.361s] Level 5:colcon.colcon_core.verb:set package 'f4_project' build argument 'cmake_target_skip_unavailable' from command line to 'False'
[0.361s] Level 5:colcon.colcon_core.verb:set package 'f4_project' build argument 'cmake_clean_cache' from command line to 'False'
[0.361s] Level 5:colcon.colcon_core.verb:set package 'f4_project' build argument 'cmake_clean_first' from command line to 'False'
[0.361s] Level 5:colcon.colcon_core.verb:set package 'f4_project' build argument 'cmake_force_configure' from command line to 'False'
[0.361s] Level 5:colcon.colcon_core.verb:set package 'f4_project' build argument 'ament_cmake_args' from command line to 'None'
[0.361s] Level 5:colcon.colcon_core.verb:set package 'f4_project' build argument 'catkin_cmake_args' from command line to 'None'
[0.361s] Level 5:colcon.colcon_core.verb:set package 'f4_project' build argument 'catkin_skip_building_tests' from command line to 'False'
[0.361s] DEBUG:colcon.colcon_core.verb:Building package 'f4_project' with the following arguments: {'ament_cmake_args': None, 'build_base': '/home/anas/drone_sitl_ws/build/f4_project', 'catkin_cmake_args': None, 'catkin_skip_building_tests': False, 'cmake_args': None, 'cmake_clean_cache': False, 'cmake_clean_first': False, 'cmake_force_configure': False, 'cmake_target': None, 'cmake_target_skip_unavailable': False, 'install_base': '/home/anas/drone_sitl_ws/install/f4_project', 'merge_install': False, 'path': '/home/anas/drone_sitl_ws/src/RL_research_workspace/src/f4_project', 'symlink_install': True, 'test_result_base': None}
[0.362s] Level 5:colcon.colcon_core.verb:set package 'px4_msgs' build argument 'cmake_args' from command line to 'None'
[0.362s] Level 5:colcon.colcon_core.verb:set package 'px4_msgs' build argument 'cmake_target' from command line to 'None'
[0.362s] Level 5:colcon.colcon_core.verb:set package 'px4_msgs' build argument 'cmake_target_skip_unavailable' from command line to 'False'
[0.362s] Level 5:colcon.colcon_core.verb:set package 'px4_msgs' build argument 'cmake_clean_cache' from command line to 'False'
[0.362s] Level 5:colcon.colcon_core.verb:set package 'px4_msgs' build argument 'cmake_clean_first' from command line to 'False'
[0.362s] Level 5:colcon.colcon_core.verb:set package 'px4_msgs' build argument 'cmake_force_configure' from command line to 'False'
[0.362s] Level 5:colcon.colcon_core.verb:set package 'px4_msgs' build argument 'ament_cmake_args' from command line to 'None'
[0.362s] Level 5:colcon.colcon_core.verb:set package 'px4_msgs' build argument 'catkin_cmake_args' from command line to 'None'
[0.362s] Level 5:colcon.colcon_core.verb:set package 'px4_msgs' build argument 'catkin_skip_building_tests' from command line to 'False'
[0.362s] DEBUG:colcon.colcon_core.verb:Building package 'px4_msgs' with the following arguments: {'ament_cmake_args': None, 'build_base': '/home/anas/drone_sitl_ws/build/px4_msgs', 'catkin_cmake_args': None, 'catkin_skip_building_tests': False, 'cmake_args': None, 'cmake_clean_cache': False, 'cmake_clean_first': False, 'cmake_force_configure': False, 'cmake_target': None, 'cmake_target_skip_unavailable': False, 'install_base': '/home/anas/drone_sitl_ws/install/px4_msgs', 'merge_install': False, 'path': '/home/anas/drone_sitl_ws/src/px4_msgs', 'symlink_install': True, 'test_result_base': None}
[0.362s] Level 5:colcon.colcon_core.verb:set package 'wld_net' build argument 'cmake_args' from command line to 'None'
[0.362s] Level 5:colcon.colcon_core.verb:set package 'wld_net' build argument 'cmake_target' from command line to 'None'
[0.362s] Level 5:colcon.colcon_core.verb:set package 'wld_net' build argument 'cmake_target_skip_unavailable' from command line to 'False'
[0.362s] Level 5:colcon.colcon_core.verb:set package 'wld_net' build argument 'cmake_clean_cache' from command line to 'False'
[0.362s] Level 5:colcon.colcon_core.verb:set package 'wld_net' build argument 'cmake_clean_first' from command line to 'False'
[0.362s] Level 5:colcon.colcon_core.verb:set package 'wld_net' build argument 'cmake_force_configure' from command line to 'False'
[0.362s] Level 5:colcon.colcon_core.verb:set package 'wld_net' build argument 'ament_cmake_args' from command line to 'None'
[0.362s] Level 5:colcon.colcon_core.verb:set package 'wld_net' build argument 'catkin_cmake_args' from command line to 'None'
[0.362s] Level 5:colcon.colcon_core.verb:set package 'wld_net' build argument 'catkin_skip_building_tests' from command line to 'False'
[0.362s] DEBUG:colcon.colcon_core.verb:Building package 'wld_net' with the following arguments: {'ament_cmake_args': None, 'build_base': '/home/anas/drone_sitl_ws/build/wld_net', 'catkin_cmake_args': None, 'catkin_skip_building_tests': False, 'cmake_args': None, 'cmake_clean_cache': False, 'cmake_clean_first': False, 'cmake_force_configure': False, 'cmake_target': None, 'cmake_target_skip_unavailable': False, 'install_base': '/home/anas/drone_sitl_ws/install/wld_net', 'merge_install': False, 'path': '/home/anas/drone_sitl_ws/src/WLD-Net', 'symlink_install': True, 'test_result_base': None}
[0.363s] Level 5:colcon.colcon_core.verb:set package 'px4_offboard' build argument 'cmake_args' from command line to 'None'
[0.363s] Level 5:colcon.colcon_core.verb:set package 'px4_offboard' build argument 'cmake_target' from command line to 'None'
[0.363s] Level 5:colcon.colcon_core.verb:set package 'px4_offboard' build argument 'cmake_target_skip_unavailable' from command line to 'False'
[0.363s] Level 5:colcon.colcon_core.verb:set package 'px4_offboard' build argument 'cmake_clean_cache' from command line to 'False'
[0.363s] Level 5:colcon.colcon_core.verb:set package 'px4_offboard' build argument 'cmake_clean_first' from command line to 'False'
[0.363s] Level 5:colcon.colcon_core.verb:set package 'px4_offboard' build argument 'cmake_force_configure' from command line to 'False'
[0.363s] Level 5:colcon.colcon_core.verb:set package 'px4_offboard' build argument 'ament_cmake_args' from command line to 'None'
[0.363s] Level 5:colcon.colcon_core.verb:set package 'px4_offboard' build argument 'catkin_cmake_args' from command line to 'None'
[0.363s] Level 5:colcon.colcon_core.verb:set package 'px4_offboard' build argument 'catkin_skip_building_tests' from command line to 'False'
[0.363s] DEBUG:colcon.colcon_core.verb:Building package 'px4_offboard' with the following arguments: {'ament_cmake_args': None, 'build_base': '/home/anas/drone_sitl_ws/build/px4_offboard', 'catkin_cmake_args': None, 'catkin_skip_building_tests': False, 'cmake_args': None, 'cmake_clean_cache': False, 'cmake_clean_first': False, 'cmake_force_configure': False, 'cmake_target': None, 'cmake_target_skip_unavailable': False, 'install_base': '/home/anas/drone_sitl_ws/install/px4_offboard', 'merge_install': False, 'path': '/home/anas/drone_sitl_ws/src/px4-offboard', 'symlink_install': True, 'test_result_base': None}
[0.363s] Level 5:colcon.colcon_core.verb:set package 'px4_ros_com' build argument 'cmake_args' from command line to 'None'
[0.363s] Level 5:colcon.colcon_core.verb:set package 'px4_ros_com' build argument 'cmake_target' from command line to 'None'
[0.363s] Level 5:colcon.colcon_core.verb:set package 'px4_ros_com' build argument 'cmake_target_skip_unavailable' from command line to 'False'
[0.363s] Level 5:colcon.colcon_core.verb:set package 'px4_ros_com' build argument 'cmake_clean_cache' from command line to 'False'
[0.363s] Level 5:colcon.colcon_core.verb:set package 'px4_ros_com' build argument 'cmake_clean_first' from command line to 'False'
[0.363s] Level 5:colcon.colcon_core.verb:set package 'px4_ros_com' build argument 'cmake_force_configure' from command line to 'False'
[0.363s] Level 5:colcon.colcon_core.verb:set package 'px4_ros_com' build argument 'ament_cmake_args' from command line to 'None'
[0.363s] Level 5:colcon.colcon_core.verb:set package 'px4_ros_com' build argument 'catkin_cmake_args' from command line to 'None'
[0.363s] Level 5:colcon.colcon_core.verb:set package 'px4_ros_com' build argument 'catkin_skip_building_tests' from command line to 'False'
[0.363s] DEBUG:colcon.colcon_core.verb:Building package 'px4_ros_com' with the following arguments: {'ament_cmake_args': None, 'build_base': '/home/anas/drone_sitl_ws/build/px4_ros_com', 'catkin_cmake_args': None, 'catkin_skip_building_tests': False, 'cmake_args': None, 'cmake_clean_cache': False, 'cmake_clean_first': False, 'cmake_force_configure': False, 'cmake_target': None, 'cmake_target_skip_unavailable': False, 'install_base': '/home/anas/drone_sitl_ws/install/px4_ros_com', 'merge_install': False, 'path': '/home/anas/drone_sitl_ws/src/px4_ros_com', 'symlink_install': True, 'test_result_base': None}
[0.364s] INFO:colcon.colcon_core.executor:Executing jobs using 'parallel' executor
[0.365s] DEBUG:colcon.colcon_parallel_executor.executor.parallel:run_until_complete
[0.365s] INFO:colcon.colcon_ros.task.ament_cmake.build:Building ROS package in '/home/anas/drone_sitl_ws/src/px4_msgs' with build type 'ament_cmake'
[0.365s] INFO:colcon.colcon_cmake.task.cmake.build:Building CMake package in '/home/anas/drone_sitl_ws/src/px4_msgs'
[0.368s] INFO:colcon.colcon_core.plugin_system:Skipping extension 'colcon_core.shell.bat': Not used on non-Windows systems
[0.369s] INFO:colcon.colcon_core.shell:Skip shell extension 'powershell' for command environment: Not usable outside of PowerShell
[0.369s] DEBUG:colcon.colcon_core.shell:Skip shell extension 'dsv' for command environment
[0.376s] INFO:colcon.colcon_ros.task.ament_cmake.build:Building ROS package in '/home/anas/drone_sitl_ws/src/RL_research_workspace/src/depthimage_to_laserscan-foxy-devel' with build type 'ament_cmake'
[0.376s] INFO:colcon.colcon_cmake.task.cmake.build:Building CMake package in '/home/anas/drone_sitl_ws/src/RL_research_workspace/src/depthimage_to_laserscan-foxy-devel'
[0.376s] INFO:colcon.colcon_core.shell:Skip shell extension 'powershell' for command environment: Not usable outside of PowerShell
[0.376s] DEBUG:colcon.colcon_core.shell:Skip shell extension 'dsv' for command environment
[0.382s] INFO:colcon.colcon_ros.task.ament_python.build:Building ROS package in '/home/anas/drone_sitl_ws/src/RL_research_workspace/src/f4_project' with build type 'ament_python'
[0.382s] Level 1:colcon.colcon_core.shell:create_environment_hook('f4_project', 'ament_prefix_path')
[0.383s] INFO:colcon.colcon_core.shell:Creating environment hook '/home/anas/drone_sitl_ws/install/f4_project/share/f4_project/hook/ament_prefix_path.ps1'
[0.383s] INFO:colcon.colcon_core.shell:Creating environment descriptor '/home/anas/drone_sitl_ws/install/f4_project/share/f4_project/hook/ament_prefix_path.dsv'
[0.384s] INFO:colcon.colcon_core.shell:Creating environment hook '/home/anas/drone_sitl_ws/install/f4_project/share/f4_project/hook/ament_prefix_path.sh'
[0.385s] INFO:colcon.colcon_core.shell:Skip shell extension 'powershell' for command environment: Not usable outside of PowerShell
[0.385s] DEBUG:colcon.colcon_core.shell:Skip shell extension 'dsv' for command environment
[0.389s] INFO:colcon.colcon_ros.task.ament_python.build:Building ROS package in '/home/anas/drone_sitl_ws/src/WLD-Net' with build type 'ament_python'
[0.390s] Level 1:colcon.colcon_core.shell:create_environment_hook('wld_net', 'ament_prefix_path')
[0.390s] INFO:colcon.colcon_core.shell:Creating environment hook '/home/anas/drone_sitl_ws/install/wld_net/share/wld_net/hook/ament_prefix_path.ps1'
[0.390s] INFO:colcon.colcon_core.shell:Creating environment descriptor '/home/anas/drone_sitl_ws/install/wld_net/share/wld_net/hook/ament_prefix_path.dsv'
[0.391s] INFO:colcon.colcon_core.shell:Creating environment hook '/home/anas/drone_sitl_ws/install/wld_net/share/wld_net/hook/ament_prefix_path.sh'
[0.391s] INFO:colcon.colcon_core.shell:Skip shell extension 'powershell' for command environment: Not usable outside of PowerShell
[0.391s] DEBUG:colcon.colcon_core.shell:Skip shell extension 'dsv' for command environment
[0.418s] DEBUG:colcon.colcon_core.event_handler.log_command:Invoking command in '/home/anas/drone_sitl_ws/build/px4_msgs': CMAKE_PREFIX_PATH=${CMAKE_PREFIX_PATH}:/home/anas/drone_sitl_ws/install/wld_net:/home/anas/drone_sitl_ws/install/px4_offboard:/home/anas/drone_sitl_ws/install/f4_project:/home/anas/ros2_ws/install/sjtu_drone_control:/home/anas/ros2_ws/install/sjtu_drone_bringup:/home/anas/ros2_ws/install/px4_offboard:/home/anas/ros2_ws/install/f4_project:/opt/ros/humble /usr/local/bin/cmake --build /home/anas/drone_sitl_ws/build/px4_msgs -- -j6 -l6
[0.421s] DEBUG:colcon.colcon_core.event_handler.log_command:Invoking command in '/home/anas/drone_sitl_ws/build/depthimage_to_laserscan': CMAKE_PREFIX_PATH=${CMAKE_PREFIX_PATH}:/home/anas/drone_sitl_ws/install/wld_net:/home/anas/drone_sitl_ws/install/px4_offboard:/home/anas/drone_sitl_ws/install/f4_project:/home/anas/ros2_ws/install/sjtu_drone_control:/home/anas/ros2_ws/install/sjtu_drone_bringup:/home/anas/ros2_ws/install/px4_offboard:/home/anas/ros2_ws/install/f4_project:/opt/ros/humble /usr/local/bin/cmake --build /home/anas/drone_sitl_ws/build/depthimage_to_laserscan -- -j6 -l6
[0.683s] INFO:colcon.colcon_core.task.python.build:Building Python package in '/home/anas/drone_sitl_ws/src/RL_research_workspace/src/f4_project'
[0.683s] INFO:colcon.colcon_core.shell:Skip shell extension 'powershell' for command environment: Not usable outside of PowerShell
[0.683s] DEBUG:colcon.colcon_core.shell:Skip shell extension 'dsv' for command environment
[0.940s] INFO:colcon.colcon_core.task.python.build:Building Python package in '/home/anas/drone_sitl_ws/src/WLD-Net'
[0.941s] INFO:colcon.colcon_core.shell:Skip shell extension 'powershell' for command environment: Not usable outside of PowerShell
[0.941s] DEBUG:colcon.colcon_core.shell:Skip shell extension 'dsv' for command environment
[0.951s] DEBUG:colcon.colcon_core.event_handler.log_command:Invoked command in '/home/anas/drone_sitl_ws/build/depthimage_to_laserscan' returned '0': CMAKE_PREFIX_PATH=${CMAKE_PREFIX_PATH}:/home/anas/drone_sitl_ws/install/wld_net:/home/anas/drone_sitl_ws/install/px4_offboard:/home/anas/drone_sitl_ws/install/f4_project:/home/anas/ros2_ws/install/sjtu_drone_control:/home/anas/ros2_ws/install/sjtu_drone_bringup:/home/anas/ros2_ws/install/px4_offboard:/home/anas/ros2_ws/install/f4_project:/opt/ros/humble /usr/local/bin/cmake --build /home/anas/drone_sitl_ws/build/depthimage_to_laserscan -- -j6 -l6
[0.957s] DEBUG:colcon.colcon_core.event_handler.log_command:Invoking command in '/home/anas/drone_sitl_ws/build/depthimage_to_laserscan': CMAKE_PREFIX_PATH=${CMAKE_PREFIX_PATH}:/home/anas/drone_sitl_ws/install/wld_net:/home/anas/drone_sitl_ws/install/px4_offboard:/home/anas/drone_sitl_ws/install/f4_project:/home/anas/ros2_ws/install/sjtu_drone_control:/home/anas/ros2_ws/install/sjtu_drone_bringup:/home/anas/ros2_ws/install/px4_offboard:/home/anas/ros2_ws/install/f4_project:/opt/ros/humble /usr/local/bin/cmake --install /home/anas/drone_sitl_ws/build/depthimage_to_laserscan
[0.973s] Level 1:colcon.colcon_core.environment:create_environment_scripts_only(depthimage_to_laserscan)
[0.974s] DEBUG:colcon.colcon_core.event_handler.log_command:Invoked command in '/home/anas/drone_sitl_ws/build/depthimage_to_laserscan' returned '0': CMAKE_PREFIX_PATH=${CMAKE_PREFIX_PATH}:/home/anas/drone_sitl_ws/install/wld_net:/home/anas/drone_sitl_ws/install/px4_offboard:/home/anas/drone_sitl_ws/install/f4_project:/home/anas/ros2_ws/install/sjtu_drone_control:/home/anas/ros2_ws/install/sjtu_drone_bringup:/home/anas/ros2_ws/install/px4_offboard:/home/anas/ros2_ws/install/f4_project:/opt/ros/humble /usr/local/bin/cmake --install /home/anas/drone_sitl_ws/build/depthimage_to_laserscan
[0.978s] Level 1:colcon.colcon_core.environment:checking '/home/anas/drone_sitl_ws/install/depthimage_to_laserscan' for CMake module files
[0.978s] Level 1:colcon.colcon_core.environment:checking '/home/anas/drone_sitl_ws/install/depthimage_to_laserscan' for CMake config files
[0.979s] Level 1:colcon.colcon_core.shell:create_environment_hook('depthimage_to_laserscan', 'cmake_prefix_path')
[0.979s] INFO:colcon.colcon_core.shell:Creating environment hook '/home/anas/drone_sitl_ws/install/depthimage_to_laserscan/share/depthimage_to_laserscan/hook/cmake_prefix_path.ps1'
[0.980s] INFO:colcon.colcon_core.shell:Creating environment descriptor '/home/anas/drone_sitl_ws/install/depthimage_to_laserscan/share/depthimage_to_laserscan/hook/cmake_prefix_path.dsv'
[0.980s] INFO:colcon.colcon_core.shell:Creating environment hook '/home/anas/drone_sitl_ws/install/depthimage_to_laserscan/share/depthimage_to_laserscan/hook/cmake_prefix_path.sh'
[0.980s] Level 1:colcon.colcon_core.environment:checking '/home/anas/drone_sitl_ws/install/depthimage_to_laserscan/lib'
[0.981s] Level 1:colcon.colcon_core.shell:create_environment_hook('depthimage_to_laserscan', 'ld_library_path_lib')
[0.981s] INFO:colcon.colcon_core.shell:Creating environment hook '/home/anas/drone_sitl_ws/install/depthimage_to_laserscan/share/depthimage_to_laserscan/hook/ld_library_path_lib.ps1'
[0.981s] INFO:colcon.colcon_core.shell:Creating environment descriptor '/home/anas/drone_sitl_ws/install/depthimage_to_laserscan/share/depthimage_to_laserscan/hook/ld_library_path_lib.dsv'
[0.981s] INFO:colcon.colcon_core.shell:Creating environment hook '/home/anas/drone_sitl_ws/install/depthimage_to_laserscan/share/depthimage_to_laserscan/hook/ld_library_path_lib.sh'
[0.982s] Level 1:colcon.colcon_core.environment:checking '/home/anas/drone_sitl_ws/install/depthimage_to_laserscan/bin'
[0.982s] Level 1:colcon.colcon_core.environment:checking '/home/anas/drone_sitl_ws/install/depthimage_to_laserscan/lib/pkgconfig/depthimage_to_laserscan.pc'
[0.982s] Level 1:colcon.colcon_core.environment:checking '/home/anas/drone_sitl_ws/install/depthimage_to_laserscan/lib/python3.10/site-packages'
[0.982s] Level 1:colcon.colcon_core.environment:checking '/home/anas/drone_sitl_ws/install/depthimage_to_laserscan/bin'
[0.983s] INFO:colcon.colcon_core.shell:Creating package script '/home/anas/drone_sitl_ws/install/depthimage_to_laserscan/share/depthimage_to_laserscan/package.ps1'
[0.984s] INFO:colcon.colcon_core.shell:Creating package descriptor '/home/anas/drone_sitl_ws/install/depthimage_to_laserscan/share/depthimage_to_laserscan/package.dsv'
[0.984s] INFO:colcon.colcon_core.shell:Creating package script '/home/anas/drone_sitl_ws/install/depthimage_to_laserscan/share/depthimage_to_laserscan/package.sh'
[0.985s] INFO:colcon.colcon_core.shell:Creating package script '/home/anas/drone_sitl_ws/install/depthimage_to_laserscan/share/depthimage_to_laserscan/package.bash'
[0.986s] INFO:colcon.colcon_core.shell:Creating package script '/home/anas/drone_sitl_ws/install/depthimage_to_laserscan/share/depthimage_to_laserscan/package.zsh'
[0.987s] Level 1:colcon.colcon_core.environment:create_file_with_runtime_dependencies(/home/anas/drone_sitl_ws/install/depthimage_to_laserscan/share/colcon-core/packages/depthimage_to_laserscan)
[0.987s] Level 1:colcon.colcon_core.environment:create_environment_scripts_only(depthimage_to_laserscan)
[0.988s] Level 1:colcon.colcon_core.environment:checking '/home/anas/drone_sitl_ws/install/depthimage_to_laserscan' for CMake module files
[0.988s] Level 1:colcon.colcon_core.environment:checking '/home/anas/drone_sitl_ws/install/depthimage_to_laserscan' for CMake config files
[0.988s] Level 1:colcon.colcon_core.shell:create_environment_hook('depthimage_to_laserscan', 'cmake_prefix_path')
[0.989s] INFO:colcon.colcon_core.shell:Creating environment hook '/home/anas/drone_sitl_ws/install/depthimage_to_laserscan/share/depthimage_to_laserscan/hook/cmake_prefix_path.ps1'
[0.989s] INFO:colcon.colcon_core.shell:Creating environment descriptor '/home/anas/drone_sitl_ws/install/depthimage_to_laserscan/share/depthimage_to_laserscan/hook/cmake_prefix_path.dsv'
[0.989s] INFO:colcon.colcon_core.shell:Creating environment hook '/home/anas/drone_sitl_ws/install/depthimage_to_laserscan/share/depthimage_to_laserscan/hook/cmake_prefix_path.sh'
[0.990s] Level 1:colcon.colcon_core.environment:checking '/home/anas/drone_sitl_ws/install/depthimage_to_laserscan/lib'
[0.990s] Level 1:colcon.colcon_core.shell:create_environment_hook('depthimage_to_laserscan', 'ld_library_path_lib')
[0.990s] INFO:colcon.colcon_core.shell:Creating environment hook '/home/anas/drone_sitl_ws/install/depthimage_to_laserscan/share/depthimage_to_laserscan/hook/ld_library_path_lib.ps1'
[0.991s] INFO:colcon.colcon_core.shell:Creating environment descriptor '/home/anas/drone_sitl_ws/install/depthimage_to_laserscan/share/depthimage_to_laserscan/hook/ld_library_path_lib.dsv'
[0.991s] INFO:colcon.colcon_core.shell:Creating environment hook '/home/anas/drone_sitl_ws/install/depthimage_to_laserscan/share/depthimage_to_laserscan/hook/ld_library_path_lib.sh'
[0.991s] Level 1:colcon.colcon_core.environment:checking '/home/anas/drone_sitl_ws/install/depthimage_to_laserscan/bin'
[0.991s] Level 1:colcon.colcon_core.environment:checking '/home/anas/drone_sitl_ws/install/depthimage_to_laserscan/lib/pkgconfig/depthimage_to_laserscan.pc'
[0.991s] Level 1:colcon.colcon_core.environment:checking '/home/anas/drone_sitl_ws/install/depthimage_to_laserscan/lib/python3.10/site-packages'
[0.992s] Level 1:colcon.colcon_core.environment:checking '/home/anas/drone_sitl_ws/install/depthimage_to_laserscan/bin'
[0.992s] INFO:colcon.colcon_core.shell:Creating package script '/home/anas/drone_sitl_ws/install/depthimage_to_laserscan/share/depthimage_to_laserscan/package.ps1'
[0.992s] INFO:colcon.colcon_core.shell:Creating package descriptor '/home/anas/drone_sitl_ws/install/depthimage_to_laserscan/share/depthimage_to_laserscan/package.dsv'
[0.993s] INFO:colcon.colcon_core.shell:Creating package script '/home/anas/drone_sitl_ws/install/depthimage_to_laserscan/share/depthimage_to_laserscan/package.sh'
[0.993s] INFO:colcon.colcon_core.shell:Creating package script '/home/anas/drone_sitl_ws/install/depthimage_to_laserscan/share/depthimage_to_laserscan/package.bash'
[0.994s] INFO:colcon.colcon_core.shell:Creating package script '/home/anas/drone_sitl_ws/install/depthimage_to_laserscan/share/depthimage_to_laserscan/package.zsh'
[0.994s] Level 1:colcon.colcon_core.environment:create_file_with_runtime_dependencies(/home/anas/drone_sitl_ws/install/depthimage_to_laserscan/share/colcon-core/packages/depthimage_to_laserscan)
[1.666s] DEBUG:colcon.colcon_core.event_handler.log_command:Invoked command in '/home/anas/drone_sitl_ws/build/px4_msgs' returned '0': CMAKE_PREFIX_PATH=${CMAKE_PREFIX_PATH}:/home/anas/drone_sitl_ws/install/wld_net:/home/anas/drone_sitl_ws/install/px4_offboard:/home/anas/drone_sitl_ws/install/f4_project:/home/anas/ros2_ws/install/sjtu_drone_control:/home/anas/ros2_ws/install/sjtu_drone_bringup:/home/anas/ros2_ws/install/px4_offboard:/home/anas/ros2_ws/install/f4_project:/opt/ros/humble /usr/local/bin/cmake --build /home/anas/drone_sitl_ws/build/px4_msgs -- -j6 -l6
[1.669s] DEBUG:colcon.colcon_core.event_handler.log_command:Invoking command in '/home/anas/drone_sitl_ws/build/px4_msgs': CMAKE_PREFIX_PATH=${CMAKE_PREFIX_PATH}:/home/anas/drone_sitl_ws/install/wld_net:/home/anas/drone_sitl_ws/install/px4_offboard:/home/anas/drone_sitl_ws/install/f4_project:/home/anas/ros2_ws/install/sjtu_drone_control:/home/anas/ros2_ws/install/sjtu_drone_bringup:/home/anas/ros2_ws/install/px4_offboard:/home/anas/ros2_ws/install/f4_project:/opt/ros/humble /usr/local/bin/cmake --install /home/anas/drone_sitl_ws/build/px4_msgs
[1.864s] DEBUG:colcon.colcon_core.event_handler.log_command:Invoking command in '/home/anas/drone_sitl_ws/build/f4_project': PYTHONPATH=/home/anas/drone_sitl_ws/build/f4_project/prefix_override:/usr/lib/python3/dist-packages/colcon_core/task/python/colcon_distutils_commands:/home/anas/drone_sitl_ws/install/f4_project/lib/python3.10/site-packages:${PYTHONPATH} /usr/bin/python3 -W ignore:setup.py install is deprecated -W ignore:easy_install command is deprecated setup.py develop --editable --build-directory /home/anas/drone_sitl_ws/build/f4_project/build --no-deps symlink_data
[1.873s] DEBUG:colcon.colcon_core.event_handler.log_command:Invoking command in '/home/anas/drone_sitl_ws/build/wld_net': PYTHONPATH=/home/anas/drone_sitl_ws/build/wld_net/prefix_override:/usr/lib/python3/dist-packages/colcon_core/task/python/colcon_distutils_commands:/home/anas/drone_sitl_ws/install/wld_net/lib/python3.10/site-packages:${PYTHONPATH} /usr/bin/python3 -W ignore:setup.py install is deprecated -W ignore:easy_install command is deprecated setup.py develop --editable --build-directory /home/anas/drone_sitl_ws/build/wld_net/build --no-deps symlink_data
[2.479s] Level 1:colcon.colcon_core.environment:create_environment_scripts_only(px4_msgs)
[2.480s] Level 1:colcon.colcon_core.environment:checking '/home/anas/drone_sitl_ws/install/px4_msgs' for CMake module files
[2.480s] DEBUG:colcon.colcon_core.event_handler.log_command:Invoked command in '/home/anas/drone_sitl_ws/build/px4_msgs' returned '0': CMAKE_PREFIX_PATH=${CMAKE_PREFIX_PATH}:/home/anas/drone_sitl_ws/install/wld_net:/home/anas/drone_sitl_ws/install/px4_offboard:/home/anas/drone_sitl_ws/install/f4_project:/home/anas/ros2_ws/install/sjtu_drone_control:/home/anas/ros2_ws/install/sjtu_drone_bringup:/home/anas/ros2_ws/install/px4_offboard:/home/anas/ros2_ws/install/f4_project:/opt/ros/humble /usr/local/bin/cmake --install /home/anas/drone_sitl_ws/build/px4_msgs
[2.481s] Level 1:colcon.colcon_core.environment:checking '/home/anas/drone_sitl_ws/install/px4_msgs' for CMake config files
[2.499s] Level 1:colcon.colcon_core.shell:create_environment_hook('px4_msgs', 'cmake_prefix_path')
[2.500s] INFO:colcon.colcon_core.shell:Creating environment hook '/home/anas/drone_sitl_ws/install/px4_msgs/share/px4_msgs/hook/cmake_prefix_path.ps1'
[2.500s] INFO:colcon.colcon_core.shell:Creating environment descriptor '/home/anas/drone_sitl_ws/install/px4_msgs/share/px4_msgs/hook/cmake_prefix_path.dsv'
[2.501s] INFO:colcon.colcon_core.shell:Creating environment hook '/home/anas/drone_sitl_ws/install/px4_msgs/share/px4_msgs/hook/cmake_prefix_path.sh'
[2.501s] Level 1:colcon.colcon_core.environment:checking '/home/anas/drone_sitl_ws/install/px4_msgs/lib'
[2.501s] Level 1:colcon.colcon_core.shell:create_environment_hook('px4_msgs', 'ld_library_path_lib')
[2.501s] INFO:colcon.colcon_core.shell:Creating environment hook '/home/anas/drone_sitl_ws/install/px4_msgs/share/px4_msgs/hook/ld_library_path_lib.ps1'
[2.502s] INFO:colcon.colcon_core.shell:Creating environment descriptor '/home/anas/drone_sitl_ws/install/px4_msgs/share/px4_msgs/hook/ld_library_path_lib.dsv'
[2.502s] INFO:colcon.colcon_core.shell:Creating environment hook '/home/anas/drone_sitl_ws/install/px4_msgs/share/px4_msgs/hook/ld_library_path_lib.sh'
[2.502s] Level 1:colcon.colcon_core.environment:checking '/home/anas/drone_sitl_ws/install/px4_msgs/bin'
[2.502s] Level 1:colcon.colcon_core.environment:checking '/home/anas/drone_sitl_ws/install/px4_msgs/lib/pkgconfig/px4_msgs.pc'
[2.503s] Level 1:colcon.colcon_core.environment:checking '/home/anas/drone_sitl_ws/install/px4_msgs/lib/python3.10/site-packages'
[2.503s] Level 1:colcon.colcon_core.environment:checking '/home/anas/drone_sitl_ws/install/px4_msgs/bin'
[2.503s] INFO:colcon.colcon_core.shell:Creating package script '/home/anas/drone_sitl_ws/install/px4_msgs/share/px4_msgs/package.ps1'
[2.504s] INFO:colcon.colcon_core.shell:Creating package descriptor '/home/anas/drone_sitl_ws/install/px4_msgs/share/px4_msgs/package.dsv'
[2.504s] INFO:colcon.colcon_core.shell:Creating package script '/home/anas/drone_sitl_ws/install/px4_msgs/share/px4_msgs/package.sh'
[2.505s] INFO:colcon.colcon_core.shell:Creating package script '/home/anas/drone_sitl_ws/install/px4_msgs/share/px4_msgs/package.bash'
[2.505s] INFO:colcon.colcon_core.shell:Creating package script '/home/anas/drone_sitl_ws/install/px4_msgs/share/px4_msgs/package.zsh'
[2.506s] Level 1:colcon.colcon_core.environment:create_file_with_runtime_dependencies(/home/anas/drone_sitl_ws/install/px4_msgs/share/colcon-core/packages/px4_msgs)
[2.506s] Level 1:colcon.colcon_core.environment:create_environment_scripts_only(px4_msgs)
[2.507s] Level 1:colcon.colcon_core.environment:checking '/home/anas/drone_sitl_ws/install/px4_msgs' for CMake module files
[2.507s] Level 1:colcon.colcon_core.environment:checking '/home/anas/drone_sitl_ws/install/px4_msgs' for CMake config files
[2.526s] Level 1:colcon.colcon_core.shell:create_environment_hook('px4_msgs', 'cmake_prefix_path')
[2.526s] INFO:colcon.colcon_core.shell:Creating environment hook '/home/anas/drone_sitl_ws/install/px4_msgs/share/px4_msgs/hook/cmake_prefix_path.ps1'
[2.527s] INFO:colcon.colcon_core.shell:Creating environment descriptor '/home/anas/drone_sitl_ws/install/px4_msgs/share/px4_msgs/hook/cmake_prefix_path.dsv'
[2.527s] INFO:colcon.colcon_core.shell:Creating environment hook '/home/anas/drone_sitl_ws/install/px4_msgs/share/px4_msgs/hook/cmake_prefix_path.sh'
[2.528s] Level 1:colcon.colcon_core.environment:checking '/home/anas/drone_sitl_ws/install/px4_msgs/lib'
[2.528s] Level 1:colcon.colcon_core.shell:create_environment_hook('px4_msgs', 'ld_library_path_lib')
[2.528s] INFO:colcon.colcon_core.shell:Creating environment hook '/home/anas/drone_sitl_ws/install/px4_msgs/share/px4_msgs/hook/ld_library_path_lib.ps1'
[2.529s] INFO:colcon.colcon_core.shell:Creating environment descriptor '/home/anas/drone_sitl_ws/install/px4_msgs/share/px4_msgs/hook/ld_library_path_lib.dsv'
[2.529s] INFO:colcon.colcon_core.shell:Creating environment hook '/home/anas/drone_sitl_ws/install/px4_msgs/share/px4_msgs/hook/ld_library_path_lib.sh'
[2.529s] Level 1:colcon.colcon_core.environment:checking '/home/anas/drone_sitl_ws/install/px4_msgs/bin'
[2.529s] Level 1:colcon.colcon_core.environment:checking '/home/anas/drone_sitl_ws/install/px4_msgs/lib/pkgconfig/px4_msgs.pc'
[2.529s] Level 1:colcon.colcon_core.environment:checking '/home/anas/drone_sitl_ws/install/px4_msgs/lib/python3.10/site-packages'
[2.530s] Level 1:colcon.colcon_core.environment:checking '/home/anas/drone_sitl_ws/install/px4_msgs/bin'
[2.530s] INFO:colcon.colcon_core.shell:Creating package script '/home/anas/drone_sitl_ws/install/px4_msgs/share/px4_msgs/package.ps1'
[2.530s] INFO:colcon.colcon_core.shell:Creating package descriptor '/home/anas/drone_sitl_ws/install/px4_msgs/share/px4_msgs/package.dsv'
[2.531s] INFO:colcon.colcon_core.shell:Creating package script '/home/anas/drone_sitl_ws/install/px4_msgs/share/px4_msgs/package.sh'
[2.531s] INFO:colcon.colcon_core.shell:Creating package script '/home/anas/drone_sitl_ws/install/px4_msgs/share/px4_msgs/package.bash'
[2.532s] INFO:colcon.colcon_core.shell:Creating package script '/home/anas/drone_sitl_ws/install/px4_msgs/share/px4_msgs/package.zsh'
[2.532s] Level 1:colcon.colcon_core.environment:create_file_with_runtime_dependencies(/home/anas/drone_sitl_ws/install/px4_msgs/share/colcon-core/packages/px4_msgs)
[2.532s] INFO:colcon.colcon_ros.task.ament_python.build:Building ROS package in '/home/anas/drone_sitl_ws/src/px4-offboard' with build type 'ament_python'
[2.533s] Level 1:colcon.colcon_core.shell:create_environment_hook('px4_offboard', 'ament_prefix_path')
[2.533s] INFO:colcon.colcon_core.shell:Creating environment hook '/home/anas/drone_sitl_ws/install/px4_offboard/share/px4_offboard/hook/ament_prefix_path.ps1'
[2.534s] INFO:colcon.colcon_core.shell:Creating environment descriptor '/home/anas/drone_sitl_ws/install/px4_offboard/share/px4_offboard/hook/ament_prefix_path.dsv'
[2.534s] INFO:colcon.colcon_core.shell:Creating environment hook '/home/anas/drone_sitl_ws/install/px4_offboard/share/px4_offboard/hook/ament_prefix_path.sh'
[2.535s] INFO:colcon.colcon_core.shell:Skip shell extension 'powershell' for command environment: Not usable outside of PowerShell
[2.535s] DEBUG:colcon.colcon_core.shell:Skip shell extension 'dsv' for command environment
[2.541s] INFO:colcon.colcon_ros.task.ament_cmake.build:Building ROS package in '/home/anas/drone_sitl_ws/src/px4_ros_com' with build type 'ament_cmake'
[2.541s] INFO:colcon.colcon_cmake.task.cmake.build:Building CMake package in '/home/anas/drone_sitl_ws/src/px4_ros_com'
[2.542s] INFO:colcon.colcon_core.shell:Skip shell extension 'powershell' for command environment: Not usable outside of PowerShell
[2.542s] DEBUG:colcon.colcon_core.shell:Skip shell extension 'dsv' for command environment
[2.949s] INFO:colcon.colcon_core.task.python.build:Building Python package in '/home/anas/drone_sitl_ws/src/px4-offboard'
[2.949s] INFO:colcon.colcon_core.shell:Skip shell extension 'powershell' for command environment: Not usable outside of PowerShell
[2.949s] DEBUG:colcon.colcon_core.shell:Skip shell extension 'dsv' for command environment
[2.956s] Level 1:colcon.colcon_core.shell:create_environment_hook('wld_net', 'pythonpath_develop')
[2.957s] INFO:colcon.colcon_core.shell:Creating environment hook '/home/anas/drone_sitl_ws/build/wld_net/share/wld_net/hook/pythonpath_develop.ps1'
[2.957s] DEBUG:colcon.colcon_core.event_handler.log_command:Invoked command in '/home/anas/drone_sitl_ws/build/wld_net' returned '0': PYTHONPATH=/home/anas/drone_sitl_ws/build/wld_net/prefix_override:/usr/lib/python3/dist-packages/colcon_core/task/python/colcon_distutils_commands:/home/anas/drone_sitl_ws/install/wld_net/lib/python3.10/site-packages:${PYTHONPATH} /usr/bin/python3 -W ignore:setup.py install is deprecated -W ignore:easy_install command is deprecated setup.py develop --editable --build-directory /home/anas/drone_sitl_ws/build/wld_net/build --no-deps symlink_data
[2.958s] INFO:colcon.colcon_core.shell:Creating environment descriptor '/home/anas/drone_sitl_ws/build/wld_net/share/wld_net/hook/pythonpath_develop.dsv'
[2.958s] INFO:colcon.colcon_core.shell:Creating environment hook '/home/anas/drone_sitl_ws/build/wld_net/share/wld_net/hook/pythonpath_develop.sh'
[2.959s] Level 1:colcon.colcon_core.environment:checking '/home/anas/drone_sitl_ws/install/wld_net' for CMake module files
[2.960s] Level 1:colcon.colcon_core.environment:checking '/home/anas/drone_sitl_ws/install/wld_net' for CMake config files
[2.960s] Level 1:colcon.colcon_core.environment:checking '/home/anas/drone_sitl_ws/install/wld_net/lib'
[2.961s] Level 1:colcon.colcon_core.environment:checking '/home/anas/drone_sitl_ws/install/wld_net/bin'
[2.961s] Level 1:colcon.colcon_core.shell:create_environment_hook('wld_net', 'path')
[2.961s] INFO:colcon.colcon_core.shell:Creating environment hook '/home/anas/drone_sitl_ws/install/wld_net/share/wld_net/hook/path.ps1'
[2.961s] INFO:colcon.colcon_core.shell:Creating environment descriptor '/home/anas/drone_sitl_ws/install/wld_net/share/wld_net/hook/path.dsv'
[2.962s] INFO:colcon.colcon_core.shell:Creating environment hook '/home/anas/drone_sitl_ws/install/wld_net/share/wld_net/hook/path.sh'
[2.962s] Level 1:colcon.colcon_core.environment:checking '/home/anas/drone_sitl_ws/install/wld_net/lib/pkgconfig/wld_net.pc'
[2.963s] Level 1:colcon.colcon_core.environment:checking '/home/anas/drone_sitl_ws/install/wld_net/lib/python3.10/site-packages'
[2.963s] Level 1:colcon.colcon_core.shell:create_environment_hook('wld_net', 'pythonpath')
[2.963s] INFO:colcon.colcon_core.shell:Creating environment hook '/home/anas/drone_sitl_ws/install/wld_net/share/wld_net/hook/pythonpath.ps1'
[2.963s] INFO:colcon.colcon_core.shell:Creating environment descriptor '/home/anas/drone_sitl_ws/install/wld_net/share/wld_net/hook/pythonpath.dsv'
[2.964s] INFO:colcon.colcon_core.shell:Creating environment hook '/home/anas/drone_sitl_ws/install/wld_net/share/wld_net/hook/pythonpath.sh'
[2.964s] Level 1:colcon.colcon_core.environment:checking '/home/anas/drone_sitl_ws/install/wld_net/bin'
[2.964s] Level 1:colcon.colcon_core.shell:create_environment_hook('wld_net', 'pythonscriptspath')
[2.965s] INFO:colcon.colcon_core.shell:Creating environment hook '/home/anas/drone_sitl_ws/install/wld_net/share/wld_net/hook/pythonscriptspath.ps1'
[2.965s] INFO:colcon.colcon_core.shell:Creating environment descriptor '/home/anas/drone_sitl_ws/install/wld_net/share/wld_net/hook/pythonscriptspath.dsv'
[2.965s] INFO:colcon.colcon_core.shell:Creating environment hook '/home/anas/drone_sitl_ws/install/wld_net/share/wld_net/hook/pythonscriptspath.sh'
[2.966s] Level 1:colcon.colcon_core.environment:create_environment_scripts_only(wld_net)
[2.966s] INFO:colcon.colcon_core.shell:Creating package script '/home/anas/drone_sitl_ws/install/wld_net/share/wld_net/package.ps1'
[2.967s] INFO:colcon.colcon_core.shell:Creating package descriptor '/home/anas/drone_sitl_ws/install/wld_net/share/wld_net/package.dsv'
[2.968s] INFO:colcon.colcon_core.shell:Creating package script '/home/anas/drone_sitl_ws/install/wld_net/share/wld_net/package.sh'
[2.969s] INFO:colcon.colcon_core.shell:Creating package script '/home/anas/drone_sitl_ws/install/wld_net/share/wld_net/package.bash'
[2.970s] INFO:colcon.colcon_core.shell:Creating package script '/home/anas/drone_sitl_ws/install/wld_net/share/wld_net/package.zsh'
[2.971s] Level 1:colcon.colcon_core.environment:create_file_with_runtime_dependencies(/home/anas/drone_sitl_ws/install/wld_net/share/colcon-core/packages/wld_net)
[2.974s] Level 1:colcon.colcon_core.shell:create_environment_hook('f4_project', 'pythonpath_develop')
[2.975s] INFO:colcon.colcon_core.shell:Creating environment hook '/home/anas/drone_sitl_ws/build/f4_project/share/f4_project/hook/pythonpath_develop.ps1'
[2.976s] INFO:colcon.colcon_core.shell:Creating environment descriptor '/home/anas/drone_sitl_ws/build/f4_project/share/f4_project/hook/pythonpath_develop.dsv'
[2.977s] DEBUG:colcon.colcon_core.event_handler.log_command:Invoking command in '/home/anas/drone_sitl_ws/build/px4_ros_com': CMAKE_PREFIX_PATH=/home/anas/drone_sitl_ws/install/px4_msgs:/home/anas/drone_sitl_ws/install/px4_ros_com:/home/anas/drone_sitl_ws/install/depthimage_to_laserscan:/home/anas/ros2_ws/install/velodyne_simulator:/home/anas/ros2_ws/install/velodyne_gazebo_plugins:/home/anas/ros2_ws/install/velodyne_description:/home/anas/ros2_ws/install/td3:/home/anas/ros2_ws/install/sjtu_drone_description:/home/anas/ros2_ws/install/risk_map_f4:/home/anas/ros2_ws/install/px4_ros_com:/home/anas/ros2_ws/install/px4_msgs:/home/anas/ros2_ws/install/openni2_camera:/home/anas/ros2_ws/install/mono_visual_odometry:/home/anas/ros2_ws/install/libuvc:/home/anas/ros2_ws/install/depthimage_to_laserscan:/home/anas/ros2_ws/install/astra_camera:/home/anas/ros2_ws/install/astra_camera_msgs:/home/anas/drone_sitl_ws/install/wld_net:/home/anas/drone_sitl_ws/install/px4_offboard:/home/anas/drone_sitl_ws/install/f4_project:/home/anas/ros2_ws/install/sjtu_drone_control:/home/anas/ros2_ws/install/sjtu_drone_bringup:/home/anas/ros2_ws/install/px4_offboard:/home/anas/ros2_ws/install/f4_project:/opt/ros/humble LD_LIBRARY_PATH=/home/anas/drone_sitl_ws/install/px4_msgs/lib:/home/anas/drone_sitl_ws/install/px4_ros_com/lib:/home/anas/drone_sitl_ws/install/depthimage_to_laserscan/lib:/home/anas/ros2_ws/install/velodyne_gazebo_plugins/lib:/home/anas/ros2_ws/install/sjtu_drone_description/lib:/home/anas/ros2_ws/install/px4_ros_com/lib:/home/anas/ros2_ws/install/px4_msgs/lib:/home/anas/ros2_ws/install/openni2_camera/lib:/home/anas/ros2_ws/install/libuvc/lib:/home/anas/ros2_ws/install/depthimage_to_laserscan/lib:/home/anas/ros2_ws/install/astra_camera/lib:/home/anas/ros2_ws/install/astra_camera_msgs/lib:/opt/ros/humble/opt/rviz_ogre_vendor/lib:/opt/ros/humble/lib/x86_64-linux-gnu:/opt/ros/humble/lib /usr/local/bin/cmake --build /home/anas/drone_sitl_ws/build/px4_ros_com -- -j6 -l6
[2.977s] INFO:colcon.colcon_core.shell:Creating environment hook '/home/anas/drone_sitl_ws/build/f4_project/share/f4_project/hook/pythonpath_develop.sh'
[2.977s] DEBUG:colcon.colcon_core.event_handler.log_command:Invoked command in '/home/anas/drone_sitl_ws/build/f4_project' returned '0': PYTHONPATH=/home/anas/drone_sitl_ws/build/f4_project/prefix_override:/usr/lib/python3/dist-packages/colcon_core/task/python/colcon_distutils_commands:/home/anas/drone_sitl_ws/install/f4_project/lib/python3.10/site-packages:${PYTHONPATH} /usr/bin/python3 -W ignore:setup.py install is deprecated -W ignore:easy_install command is deprecated setup.py develop --editable --build-directory /home/anas/drone_sitl_ws/build/f4_project/build --no-deps symlink_data
[2.978s] Level 1:colcon.colcon_core.environment:checking '/home/anas/drone_sitl_ws/install/f4_project' for CMake module files
[2.979s] Level 1:colcon.colcon_core.environment:checking '/home/anas/drone_sitl_ws/install/f4_project' for CMake config files
[2.979s] Level 1:colcon.colcon_core.environment:checking '/home/anas/drone_sitl_ws/install/f4_project/lib'
[2.979s] Level 1:colcon.colcon_core.environment:checking '/home/anas/drone_sitl_ws/install/f4_project/bin'
[2.979s] Level 1:colcon.colcon_core.environment:checking '/home/anas/drone_sitl_ws/install/f4_project/lib/pkgconfig/f4_project.pc'
[2.980s] Level 1:colcon.colcon_core.environment:checking '/home/anas/drone_sitl_ws/install/f4_project/lib/python3.10/site-packages'
[2.980s] Level 1:colcon.colcon_core.shell:create_environment_hook('f4_project', 'pythonpath')
[2.980s] INFO:colcon.colcon_core.shell:Creating environment hook '/home/anas/drone_sitl_ws/install/f4_project/share/f4_project/hook/pythonpath.ps1'
[2.980s] INFO:colcon.colcon_core.shell:Creating environment descriptor '/home/anas/drone_sitl_ws/install/f4_project/share/f4_project/hook/pythonpath.dsv'
[2.981s] INFO:colcon.colcon_core.shell:Creating environment hook '/home/anas/drone_sitl_ws/install/f4_project/share/f4_project/hook/pythonpath.sh'
[2.981s] Level 1:colcon.colcon_core.environment:checking '/home/anas/drone_sitl_ws/install/f4_project/bin'
[2.981s] Level 1:colcon.colcon_core.environment:create_environment_scripts_only(f4_project)
[2.982s] INFO:colcon.colcon_core.shell:Creating package script '/home/anas/drone_sitl_ws/install/f4_project/share/f4_project/package.ps1'
[2.982s] INFO:colcon.colcon_core.shell:Creating package descriptor '/home/anas/drone_sitl_ws/install/f4_project/share/f4_project/package.dsv'
[2.983s] INFO:colcon.colcon_core.shell:Creating package script '/home/anas/drone_sitl_ws/install/f4_project/share/f4_project/package.sh'
[2.983s] INFO:colcon.colcon_core.shell:Creating package script '/home/anas/drone_sitl_ws/install/f4_project/share/f4_project/package.bash'
[2.984s] INFO:colcon.colcon_core.shell:Creating package script '/home/anas/drone_sitl_ws/install/f4_project/share/f4_project/package.zsh'
[2.984s] Level 1:colcon.colcon_core.environment:create_file_with_runtime_dependencies(/home/anas/drone_sitl_ws/install/f4_project/share/colcon-core/packages/f4_project)
[3.427s] DEBUG:colcon.colcon_core.event_handler.log_command:Invoked command in '/home/anas/drone_sitl_ws/build/px4_ros_com' returned '0': CMAKE_PREFIX_PATH=/home/anas/drone_sitl_ws/install/px4_msgs:/home/anas/drone_sitl_ws/install/px4_ros_com:/home/anas/drone_sitl_ws/install/depthimage_to_laserscan:/home/anas/ros2_ws/install/velodyne_simulator:/home/anas/ros2_ws/install/velodyne_gazebo_plugins:/home/anas/ros2_ws/install/velodyne_description:/home/anas/ros2_ws/install/td3:/home/anas/ros2_ws/install/sjtu_drone_description:/home/anas/ros2_ws/install/risk_map_f4:/home/anas/ros2_ws/install/px4_ros_com:/home/anas/ros2_ws/install/px4_msgs:/home/anas/ros2_ws/install/openni2_camera:/home/anas/ros2_ws/install/mono_visual_odometry:/home/anas/ros2_ws/install/libuvc:/home/anas/ros2_ws/install/depthimage_to_laserscan:/home/anas/ros2_ws/install/astra_camera:/home/anas/ros2_ws/install/astra_camera_msgs:/home/anas/drone_sitl_ws/install/wld_net:/home/anas/drone_sitl_ws/install/px4_offboard:/home/anas/drone_sitl_ws/install/f4_project:/home/anas/ros2_ws/install/sjtu_drone_control:/home/anas/ros2_ws/install/sjtu_drone_bringup:/home/anas/ros2_ws/install/px4_offboard:/home/anas/ros2_ws/install/f4_project:/opt/ros/humble LD_LIBRARY_PATH=/home/anas/drone_sitl_ws/install/px4_msgs/lib:/home/anas/drone_sitl_ws/install/px4_ros_com/lib:/home/anas/drone_sitl_ws/install/depthimage_to_laserscan/lib:/home/anas/ros2_ws/install/velodyne_gazebo_plugins/lib:/home/anas/ros2_ws/install/sjtu_drone_description/lib:/home/anas/ros2_ws/install/px4_ros_com/lib:/home/anas/ros2_ws/install/px4_msgs/lib:/home/anas/ros2_ws/install/openni2_camera/lib:/home/anas/ros2_ws/install/libuvc/lib:/home/anas/ros2_ws/install/depthimage_to_laserscan/lib:/home/anas/ros2_ws/install/astra_camera/lib:/home/anas/ros2_ws/install/astra_camera_msgs/lib:/opt/ros/humble/opt/rviz_ogre_vendor/lib:/opt/ros/humble/lib/x86_64-linux-gnu:/opt/ros/humble/lib /usr/local/bin/cmake --build /home/anas/drone_sitl_ws/build/px4_ros_com -- -j6 -l6
[3.429s] DEBUG:colcon.colcon_core.event_handler.log_command:Invoking command in '/home/anas/drone_sitl_ws/build/px4_ros_com': CMAKE_PREFIX_PATH=/home/anas/drone_sitl_ws/install/px4_msgs:/home/anas/drone_sitl_ws/install/px4_ros_com:/home/anas/drone_sitl_ws/install/depthimage_to_laserscan:/home/anas/ros2_ws/install/velodyne_simulator:/home/anas/ros2_ws/install/velodyne_gazebo_plugins:/home/anas/ros2_ws/install/velodyne_description:/home/anas/ros2_ws/install/td3:/home/anas/ros2_ws/install/sjtu_drone_description:/home/anas/ros2_ws/install/risk_map_f4:/home/anas/ros2_ws/install/px4_ros_com:/home/anas/ros2_ws/install/px4_msgs:/home/anas/ros2_ws/install/openni2_camera:/home/anas/ros2_ws/install/mono_visual_odometry:/home/anas/ros2_ws/install/libuvc:/home/anas/ros2_ws/install/depthimage_to_laserscan:/home/anas/ros2_ws/install/astra_camera:/home/anas/ros2_ws/install/astra_camera_msgs:/home/anas/drone_sitl_ws/install/wld_net:/home/anas/drone_sitl_ws/install/px4_offboard:/home/anas/drone_sitl_ws/install/f4_project:/home/anas/ros2_ws/install/sjtu_drone_control:/home/anas/ros2_ws/install/sjtu_drone_bringup:/home/anas/ros2_ws/install/px4_offboard:/home/anas/ros2_ws/install/f4_project:/opt/ros/humble LD_LIBRARY_PATH=/home/anas/drone_sitl_ws/install/px4_msgs/lib:/home/anas/drone_sitl_ws/install/px4_ros_com/lib:/home/anas/drone_sitl_ws/install/depthimage_to_laserscan/lib:/home/anas/ros2_ws/install/velodyne_gazebo_plugins/lib:/home/anas/ros2_ws/install/sjtu_drone_description/lib:/home/anas/ros2_ws/install/px4_ros_com/lib:/home/anas/ros2_ws/install/px4_msgs/lib:/home/anas/ros2_ws/install/openni2_camera/lib:/home/anas/ros2_ws/install/libuvc/lib:/home/anas/ros2_ws/install/depthimage_to_laserscan/lib:/home/anas/ros2_ws/install/astra_camera/lib:/home/anas/ros2_ws/install/astra_camera_msgs/lib:/opt/ros/humble/opt/rviz_ogre_vendor/lib:/opt/ros/humble/lib/x86_64-linux-gnu:/opt/ros/humble/lib /usr/local/bin/cmake --install /home/anas/drone_sitl_ws/build/px4_ros_com
[3.499s] Level 1:colcon.colcon_core.environment:create_environment_scripts_only(px4_ros_com)
[3.500s] Level 1:colcon.colcon_core.environment:checking '/home/anas/drone_sitl_ws/install/px4_ros_com' for CMake module files
[3.500s] DEBUG:colcon.colcon_core.event_handler.log_command:Invoked command in '/home/anas/drone_sitl_ws/build/px4_ros_com' returned '0': CMAKE_PREFIX_PATH=/home/anas/drone_sitl_ws/install/px4_msgs:/home/anas/drone_sitl_ws/install/px4_ros_com:/home/anas/drone_sitl_ws/install/depthimage_to_laserscan:/home/anas/ros2_ws/install/velodyne_simulator:/home/anas/ros2_ws/install/velodyne_gazebo_plugins:/home/anas/ros2_ws/install/velodyne_description:/home/anas/ros2_ws/install/td3:/home/anas/ros2_ws/install/sjtu_drone_description:/home/anas/ros2_ws/install/risk_map_f4:/home/anas/ros2_ws/install/px4_ros_com:/home/anas/ros2_ws/install/px4_msgs:/home/anas/ros2_ws/install/openni2_camera:/home/anas/ros2_ws/install/mono_visual_odometry:/home/anas/ros2_ws/install/libuvc:/home/anas/ros2_ws/install/depthimage_to_laserscan:/home/anas/ros2_ws/install/astra_camera:/home/anas/ros2_ws/install/astra_camera_msgs:/home/anas/drone_sitl_ws/install/wld_net:/home/anas/drone_sitl_ws/install/px4_offboard:/home/anas/drone_sitl_ws/install/f4_project:/home/anas/ros2_ws/install/sjtu_drone_control:/home/anas/ros2_ws/install/sjtu_drone_bringup:/home/anas/ros2_ws/install/px4_offboard:/home/anas/ros2_ws/install/f4_project:/opt/ros/humble LD_LIBRARY_PATH=/home/anas/drone_sitl_ws/install/px4_msgs/lib:/home/anas/drone_sitl_ws/install/px4_ros_com/lib:/home/anas/drone_sitl_ws/install/depthimage_to_laserscan/lib:/home/anas/ros2_ws/install/velodyne_gazebo_plugins/lib:/home/anas/ros2_ws/install/sjtu_drone_description/lib:/home/anas/ros2_ws/install/px4_ros_com/lib:/home/anas/ros2_ws/install/px4_msgs/lib:/home/anas/ros2_ws/install/openni2_camera/lib:/home/anas/ros2_ws/install/libuvc/lib:/home/anas/ros2_ws/install/depthimage_to_laserscan/lib:/home/anas/ros2_ws/install/astra_camera/lib:/home/anas/ros2_ws/install/astra_camera_msgs/lib:/opt/ros/humble/opt/rviz_ogre_vendor/lib:/opt/ros/humble/lib/x86_64-linux-gnu:/opt/ros/humble/lib /usr/local/bin/cmake --install /home/anas/drone_sitl_ws/build/px4_ros_com
[3.501s] Level 1:colcon.colcon_core.environment:checking '/home/anas/drone_sitl_ws/install/px4_ros_com' for CMake config files
[3.501s] Level 1:colcon.colcon_core.shell:create_environment_hook('px4_ros_com', 'cmake_prefix_path')
[3.502s] INFO:colcon.colcon_core.shell:Creating environment hook '/home/anas/drone_sitl_ws/install/px4_ros_com/share/px4_ros_com/hook/cmake_prefix_path.ps1'
[3.502s] INFO:colcon.colcon_core.shell:Creating environment descriptor '/home/anas/drone_sitl_ws/install/px4_ros_com/share/px4_ros_com/hook/cmake_prefix_path.dsv'
[3.503s] INFO:colcon.colcon_core.shell:Creating environment hook '/home/anas/drone_sitl_ws/install/px4_ros_com/share/px4_ros_com/hook/cmake_prefix_path.sh'
[3.504s] Level 1:colcon.colcon_core.environment:checking '/home/anas/drone_sitl_ws/install/px4_ros_com/lib'
[3.504s] Level 1:colcon.colcon_core.shell:create_environment_hook('px4_ros_com', 'ld_library_path_lib')
[3.504s] INFO:colcon.colcon_core.shell:Creating environment hook '/home/anas/drone_sitl_ws/install/px4_ros_com/share/px4_ros_com/hook/ld_library_path_lib.ps1'
[3.504s] INFO:colcon.colcon_core.shell:Creating environment descriptor '/home/anas/drone_sitl_ws/install/px4_ros_com/share/px4_ros_com/hook/ld_library_path_lib.dsv'
[3.505s] INFO:colcon.colcon_core.shell:Creating environment hook '/home/anas/drone_sitl_ws/install/px4_ros_com/share/px4_ros_com/hook/ld_library_path_lib.sh'
[3.505s] Level 1:colcon.colcon_core.environment:checking '/home/anas/drone_sitl_ws/install/px4_ros_com/bin'
[3.505s] Level 1:colcon.colcon_core.environment:checking '/home/anas/drone_sitl_ws/install/px4_ros_com/lib/pkgconfig/px4_ros_com.pc'
[3.505s] Level 1:colcon.colcon_core.environment:checking '/home/anas/drone_sitl_ws/install/px4_ros_com/lib/python3.10/site-packages'
[3.506s] Level 1:colcon.colcon_core.environment:checking '/home/anas/drone_sitl_ws/install/px4_ros_com/bin'
[3.506s] INFO:colcon.colcon_core.shell:Creating package script '/home/anas/drone_sitl_ws/install/px4_ros_com/share/px4_ros_com/package.ps1'
[3.506s] INFO:colcon.colcon_core.shell:Creating package descriptor '/home/anas/drone_sitl_ws/install/px4_ros_com/share/px4_ros_com/package.dsv'
[3.507s] INFO:colcon.colcon_core.shell:Creating package script '/home/anas/drone_sitl_ws/install/px4_ros_com/share/px4_ros_com/package.sh'
[3.507s] INFO:colcon.colcon_core.shell:Creating package script '/home/anas/drone_sitl_ws/install/px4_ros_com/share/px4_ros_com/package.bash'
[3.507s] INFO:colcon.colcon_core.shell:Creating package script '/home/anas/drone_sitl_ws/install/px4_ros_com/share/px4_ros_com/package.zsh'
[3.508s] Level 1:colcon.colcon_core.environment:create_file_with_runtime_dependencies(/home/anas/drone_sitl_ws/install/px4_ros_com/share/colcon-core/packages/px4_ros_com)
[3.508s] Level 1:colcon.colcon_core.environment:create_environment_scripts_only(px4_ros_com)
[3.509s] Level 1:colcon.colcon_core.environment:checking '/home/anas/drone_sitl_ws/install/px4_ros_com' for CMake module files
[3.509s] Level 1:colcon.colcon_core.environment:checking '/home/anas/drone_sitl_ws/install/px4_ros_com' for CMake config files
[3.510s] Level 1:colcon.colcon_core.shell:create_environment_hook('px4_ros_com', 'cmake_prefix_path')
[3.510s] INFO:colcon.colcon_core.shell:Creating environment hook '/home/anas/drone_sitl_ws/install/px4_ros_com/share/px4_ros_com/hook/cmake_prefix_path.ps1'
[3.510s] INFO:colcon.colcon_core.shell:Creating environment descriptor '/home/anas/drone_sitl_ws/install/px4_ros_com/share/px4_ros_com/hook/cmake_prefix_path.dsv'
[3.511s] INFO:colcon.colcon_core.shell:Creating environment hook '/home/anas/drone_sitl_ws/install/px4_ros_com/share/px4_ros_com/hook/cmake_prefix_path.sh'
[3.511s] Level 1:colcon.colcon_core.environment:checking '/home/anas/drone_sitl_ws/install/px4_ros_com/lib'
[3.511s] Level 1:colcon.colcon_core.shell:create_environment_hook('px4_ros_com', 'ld_library_path_lib')
[3.511s] INFO:colcon.colcon_core.shell:Creating environment hook '/home/anas/drone_sitl_ws/install/px4_ros_com/share/px4_ros_com/hook/ld_library_path_lib.ps1'
[3.512s] INFO:colcon.colcon_core.shell:Creating environment descriptor '/home/anas/drone_sitl_ws/install/px4_ros_com/share/px4_ros_com/hook/ld_library_path_lib.dsv'
[3.512s] INFO:colcon.colcon_core.shell:Creating environment hook '/home/anas/drone_sitl_ws/install/px4_ros_com/share/px4_ros_com/hook/ld_library_path_lib.sh'
[3.513s] Level 1:colcon.colcon_core.environment:checking '/home/anas/drone_sitl_ws/install/px4_ros_com/bin'
[3.513s] Level 1:colcon.colcon_core.environment:checking '/home/anas/drone_sitl_ws/install/px4_ros_com/lib/pkgconfig/px4_ros_com.pc'
[3.513s] Level 1:colcon.colcon_core.environment:checking '/home/anas/drone_sitl_ws/install/px4_ros_com/lib/python3.10/site-packages'
[3.513s] Level 1:colcon.colcon_core.environment:checking '/home/anas/drone_sitl_ws/install/px4_ros_com/bin'
[3.514s] INFO:colcon.colcon_core.shell:Creating package script '/home/anas/drone_sitl_ws/install/px4_ros_com/share/px4_ros_com/package.ps1'
[3.514s] INFO:colcon.colcon_core.shell:Creating package descriptor '/home/anas/drone_sitl_ws/install/px4_ros_com/share/px4_ros_com/package.dsv'
[3.515s] INFO:colcon.colcon_core.shell:Creating package script '/home/anas/drone_sitl_ws/install/px4_ros_com/share/px4_ros_com/package.sh'
[3.515s] INFO:colcon.colcon_core.shell:Creating package script '/home/anas/drone_sitl_ws/install/px4_ros_com/share/px4_ros_com/package.bash'
[3.516s] INFO:colcon.colcon_core.shell:Creating package script '/home/anas/drone_sitl_ws/install/px4_ros_com/share/px4_ros_com/package.zsh'
[3.516s] Level 1:colcon.colcon_core.environment:create_file_with_runtime_dependencies(/home/anas/drone_sitl_ws/install/px4_ros_com/share/colcon-core/packages/px4_ros_com)
[3.743s] DEBUG:colcon.colcon_core.event_handler.log_command:Invoking command in '/home/anas/drone_sitl_ws/build/px4_offboard': CMAKE_PREFIX_PATH=/home/anas/drone_sitl_ws/install/px4_msgs:/home/anas/drone_sitl_ws/install/px4_ros_com:/home/anas/drone_sitl_ws/install/depthimage_to_laserscan:/home/anas/ros2_ws/install/velodyne_simulator:/home/anas/ros2_ws/install/velodyne_gazebo_plugins:/home/anas/ros2_ws/install/velodyne_description:/home/anas/ros2_ws/install/td3:/home/anas/ros2_ws/install/sjtu_drone_description:/home/anas/ros2_ws/install/risk_map_f4:/home/anas/ros2_ws/install/px4_ros_com:/home/anas/ros2_ws/install/px4_msgs:/home/anas/ros2_ws/install/openni2_camera:/home/anas/ros2_ws/install/mono_visual_odometry:/home/anas/ros2_ws/install/libuvc:/home/anas/ros2_ws/install/depthimage_to_laserscan:/home/anas/ros2_ws/install/astra_camera:/home/anas/ros2_ws/install/astra_camera_msgs LD_LIBRARY_PATH=/home/anas/drone_sitl_ws/install/px4_msgs/lib:/home/anas/drone_sitl_ws/install/px4_ros_com/lib:/home/anas/drone_sitl_ws/install/depthimage_to_laserscan/lib:/home/anas/ros2_ws/install/velodyne_gazebo_plugins/lib:/home/anas/ros2_ws/install/sjtu_drone_description/lib:/home/anas/ros2_ws/install/px4_ros_com/lib:/home/anas/ros2_ws/install/px4_msgs/lib:/home/anas/ros2_ws/install/openni2_camera/lib:/home/anas/ros2_ws/install/libuvc/lib:/home/anas/ros2_ws/install/depthimage_to_laserscan/lib:/home/anas/ros2_ws/install/astra_camera/lib:/home/anas/ros2_ws/install/astra_camera_msgs/lib:/opt/ros/humble/opt/rviz_ogre_vendor/lib:/opt/ros/humble/lib/x86_64-linux-gnu:/opt/ros/humble/lib PYTHONPATH=/home/anas/drone_sitl_ws/build/px4_offboard/prefix_override:/usr/lib/python3/dist-packages/colcon_core/task/python/colcon_distutils_commands:/home/anas/drone_sitl_ws/install/px4_offboard/lib/python3.10/site-packages:${PYTHONPATH} /usr/bin/python3 -W ignore:setup.py install is deprecated -W ignore:easy_install command is deprecated setup.py develop --editable --build-directory /home/anas/drone_sitl_ws/build/px4_offboard/build --no-deps symlink_data
[4.591s] Level 1:colcon.colcon_core.shell:create_environment_hook('px4_offboard', 'pythonpath_develop')
[4.592s] DEBUG:colcon.colcon_core.event_handler.log_command:Invoked command in '/home/anas/drone_sitl_ws/build/px4_offboard' returned '0': CMAKE_PREFIX_PATH=/home/anas/drone_sitl_ws/install/px4_msgs:/home/anas/drone_sitl_ws/install/px4_ros_com:/home/anas/drone_sitl_ws/install/depthimage_to_laserscan:/home/anas/ros2_ws/install/velodyne_simulator:/home/anas/ros2_ws/install/velodyne_gazebo_plugins:/home/anas/ros2_ws/install/velodyne_description:/home/anas/ros2_ws/install/td3:/home/anas/ros2_ws/install/sjtu_drone_description:/home/anas/ros2_ws/install/risk_map_f4:/home/anas/ros2_ws/install/px4_ros_com:/home/anas/ros2_ws/install/px4_msgs:/home/anas/ros2_ws/install/openni2_camera:/home/anas/ros2_ws/install/mono_visual_odometry:/home/anas/ros2_ws/install/libuvc:/home/anas/ros2_ws/install/depthimage_to_laserscan:/home/anas/ros2_ws/install/astra_camera:/home/anas/ros2_ws/install/astra_camera_msgs LD_LIBRARY_PATH=/home/anas/drone_sitl_ws/install/px4_msgs/lib:/home/anas/drone_sitl_ws/install/px4_ros_com/lib:/home/anas/drone_sitl_ws/install/depthimage_to_laserscan/lib:/home/anas/ros2_ws/install/velodyne_gazebo_plugins/lib:/home/anas/ros2_ws/install/sjtu_drone_description/lib:/home/anas/ros2_ws/install/px4_ros_com/lib:/home/anas/ros2_ws/install/px4_msgs/lib:/home/anas/ros2_ws/install/openni2_camera/lib:/home/anas/ros2_ws/install/libuvc/lib:/home/anas/ros2_ws/install/depthimage_to_laserscan/lib:/home/anas/ros2_ws/install/astra_camera/lib:/home/anas/ros2_ws/install/astra_camera_msgs/lib:/opt/ros/humble/opt/rviz_ogre_vendor/lib:/opt/ros/humble/lib/x86_64-linux-gnu:/opt/ros/humble/lib PYTHONPATH=/home/anas/drone_sitl_ws/build/px4_offboard/prefix_override:/usr/lib/python3/dist-packages/colcon_core/task/python/colcon_distutils_commands:/home/anas/drone_sitl_ws/install/px4_offboard/lib/python3.10/site-packages:${PYTHONPATH} /usr/bin/python3 -W ignore:setup.py install is deprecated -W ignore:easy_install command is deprecated setup.py develop --editable --build-directory /home/anas/drone_sitl_ws/build/px4_offboard/build --no-deps symlink_data
[4.592s] INFO:colcon.colcon_core.shell:Creating environment hook '/home/anas/drone_sitl_ws/build/px4_offboard/share/px4_offboard/hook/pythonpath_develop.ps1'
[4.593s] INFO:colcon.colcon_core.shell:Creating environment descriptor '/home/anas/drone_sitl_ws/build/px4_offboard/share/px4_offboard/hook/pythonpath_develop.dsv'
[4.594s] INFO:colcon.colcon_core.shell:Creating environment hook '/home/anas/drone_sitl_ws/build/px4_offboard/share/px4_offboard/hook/pythonpath_develop.sh'
[4.594s] Level 1:colcon.colcon_core.environment:checking '/home/anas/drone_sitl_ws/install/px4_offboard' for CMake module files
[4.595s] Level 1:colcon.colcon_core.environment:checking '/home/anas/drone_sitl_ws/install/px4_offboard' for CMake config files
[4.595s] Level 1:colcon.colcon_core.environment:checking '/home/anas/drone_sitl_ws/install/px4_offboard/lib'
[4.595s] Level 1:colcon.colcon_core.environment:checking '/home/anas/drone_sitl_ws/install/px4_offboard/bin'
[4.595s] Level 1:colcon.colcon_core.environment:checking '/home/anas/drone_sitl_ws/install/px4_offboard/lib/pkgconfig/px4_offboard.pc'
[4.596s] Level 1:colcon.colcon_core.environment:checking '/home/anas/drone_sitl_ws/install/px4_offboard/lib/python3.10/site-packages'
[4.596s] Level 1:colcon.colcon_core.shell:create_environment_hook('px4_offboard', 'pythonpath')
[4.596s] INFO:colcon.colcon_core.shell:Creating environment hook '/home/anas/drone_sitl_ws/install/px4_offboard/share/px4_offboard/hook/pythonpath.ps1'
[4.597s] INFO:colcon.colcon_core.shell:Creating environment descriptor '/home/anas/drone_sitl_ws/install/px4_offboard/share/px4_offboard/hook/pythonpath.dsv'
[4.597s] INFO:colcon.colcon_core.shell:Creating environment hook '/home/anas/drone_sitl_ws/install/px4_offboard/share/px4_offboard/hook/pythonpath.sh'
[4.598s] Level 1:colcon.colcon_core.environment:checking '/home/anas/drone_sitl_ws/install/px4_offboard/bin'
[4.598s] Level 1:colcon.colcon_core.environment:create_environment_scripts_only(px4_offboard)
[4.598s] INFO:colcon.colcon_core.shell:Creating package script '/home/anas/drone_sitl_ws/install/px4_offboard/share/px4_offboard/package.ps1'
[4.599s] INFO:colcon.colcon_core.shell:Creating package descriptor '/home/anas/drone_sitl_ws/install/px4_offboard/share/px4_offboard/package.dsv'
[4.599s] INFO:colcon.colcon_core.shell:Creating package script '/home/anas/drone_sitl_ws/install/px4_offboard/share/px4_offboard/package.sh'
[4.600s] INFO:colcon.colcon_core.shell:Creating package script '/home/anas/drone_sitl_ws/install/px4_offboard/share/px4_offboard/package.bash'
[4.601s] INFO:colcon.colcon_core.shell:Creating package script '/home/anas/drone_sitl_ws/install/px4_offboard/share/px4_offboard/package.zsh'
[4.601s] Level 1:colcon.colcon_core.environment:create_file_with_runtime_dependencies(/home/anas/drone_sitl_ws/install/px4_offboard/share/colcon-core/packages/px4_offboard)
[4.602s] DEBUG:colcon.colcon_parallel_executor.executor.parallel:closing loop
[4.602s] DEBUG:colcon.colcon_parallel_executor.executor.parallel:loop closed
[4.602s] DEBUG:colcon.colcon_parallel_executor.executor.parallel:run_until_complete finished with '0'
[4.603s] DEBUG:colcon.colcon_core.event_reactor:joining thread
[4.657s] INFO:colcon.colcon_core.plugin_system:Skipping extension 'colcon_notification.desktop_notification.notify_send': Could not find 'notify-send'
[4.657s] INFO:colcon.colcon_core.plugin_system:Skipping extension 'colcon_notification.desktop_notification.terminal_notifier': Not used on non-Darwin systems
[4.657s] INFO:colcon.colcon_core.plugin_system:Skipping extension 'colcon_notification.desktop_notification.win32': Not used on non-Windows systems
[4.657s] INFO:colcon.colcon_notification.desktop_notification:Sending desktop notification using 'notify2'
[4.658s] DEBUG:colcon.colcon_notification.desktop_notification.notify2:Failed to initialize notify2: org.freedesktop.DBus.Error.ServiceUnknown: The name org.freedesktop.Notifications was not provided by any .service files
[4.659s] DEBUG:colcon.colcon_core.event_reactor:joined thread
[4.659s] INFO:colcon.colcon_core.shell:Creating prefix script '/home/anas/drone_sitl_ws/install/local_setup.ps1'
[4.661s] INFO:colcon.colcon_core.shell:Creating prefix util module '/home/anas/drone_sitl_ws/install/_local_setup_util_ps1.py'
[4.662s] INFO:colcon.colcon_core.shell:Creating prefix chain script '/home/anas/drone_sitl_ws/install/setup.ps1'
[4.664s] INFO:colcon.colcon_core.shell:Creating prefix script '/home/anas/drone_sitl_ws/install/local_setup.sh'
[4.664s] INFO:colcon.colcon_core.shell:Creating prefix util module '/home/anas/drone_sitl_ws/install/_local_setup_util_sh.py'
[4.665s] INFO:colcon.colcon_core.shell:Creating prefix chain script '/home/anas/drone_sitl_ws/install/setup.sh'
[4.666s] INFO:colcon.colcon_core.shell:Creating prefix script '/home/anas/drone_sitl_ws/install/local_setup.bash'
[4.667s] INFO:colcon.colcon_core.shell:Creating prefix chain script '/home/anas/drone_sitl_ws/install/setup.bash'
[4.669s] INFO:colcon.colcon_core.shell:Creating prefix script '/home/anas/drone_sitl_ws/install/local_setup.zsh'
[4.669s] INFO:colcon.colcon_core.shell:Creating prefix chain script '/home/anas/drone_sitl_ws/install/setup.zsh'
