[1.680s] Invoking command in '/home/anas/drone_sitl_ws/build/wld_net': PYTHONPATH=/home/anas/drone_sitl_ws/build/wld_net/prefix_override:/usr/lib/python3/dist-packages/colcon_core/task/python/colcon_distutils_commands:/home/anas/drone_sitl_ws/install/wld_net/lib/python3.10/site-packages:${PYTHONPATH} /usr/bin/python3 -W ignore:setup.py install is deprecated -W ignore:easy_install command is deprecated setup.py develop --editable --build-directory /home/anas/drone_sitl_ws/build/wld_net/build --no-deps symlink_data
[1.862s] /home/anas/.local/lib/python3.10/site-packages/setuptools/_distutils/dist.py:289: UserWarning: Unknown distribution option: 'tests_require'
[1.862s]   warnings.warn(msg)
[2.109s] running develop
[2.426s] running egg_info
[2.450s] writing wld_net.egg-info/PKG-INFO
[2.450s] writing dependency_links to wld_net.egg-info/dependency_links.txt
[2.450s] writing entry points to wld_net.egg-info/entry_points.txt
[2.451s] writing requirements to wld_net.egg-info/requires.txt
[2.451s] writing top-level names to wld_net.egg-info/top_level.txt
[2.509s] reading manifest file 'wld_net.egg-info/SOURCES.txt'
[2.511s] writing manifest file 'wld_net.egg-info/SOURCES.txt'
[2.539s] running build_ext
[2.540s] Creating /home/anas/drone_sitl_ws/install/wld_net/lib/python3.10/site-packages/wld-net.egg-link (link to .)
[2.540s] Installing dehazing_node script to /home/anas/drone_sitl_ws/install/wld_net/bin
[2.541s] Installing video_dehazing_node script to /home/anas/drone_sitl_ws/install/wld_net/bin
[2.541s] Installing webcam_dehazing_node script to /home/anas/drone_sitl_ws/install/wld_net/bin
[2.541s] 
[2.541s] Installed /home/anas/drone_sitl_ws/build/wld_net
[2.541s] running symlink_data
[2.608s] Invoked command in '/home/anas/drone_sitl_ws/build/wld_net' returned '0': PYTHONPATH=/home/anas/drone_sitl_ws/build/wld_net/prefix_override:/usr/lib/python3/dist-packages/colcon_core/task/python/colcon_distutils_commands:/home/anas/drone_sitl_ws/install/wld_net/lib/python3.10/site-packages:${PYTHONPATH} /usr/bin/python3 -W ignore:setup.py install is deprecated -W ignore:easy_install command is deprecated setup.py develop --editable --build-directory /home/anas/drone_sitl_ws/build/wld_net/build --no-deps symlink_data
