[1.247s] Invoking command in '/home/anas/drone_sitl_ws/build/wld_net': PYTHONPATH=/home/anas/drone_sitl_ws/build/wld_net/prefix_override:/usr/lib/python3/dist-packages/colcon_core/task/python/colcon_distutils_commands:/home/anas/drone_sitl_ws/install/wld_net/lib/python3.10/site-packages:${PYTHONPATH} /usr/bin/python3 -W ignore:setup.py install is deprecated -W ignore:easy_install command is deprecated setup.py develop --editable --build-directory /home/anas/drone_sitl_ws/build/wld_net/build --no-deps symlink_data
[1.405s] /home/anas/.local/lib/python3.10/site-packages/setuptools/_distutils/dist.py:289: UserWarning: Unknown distribution option: 'tests_require'
[1.405s]   warnings.warn(msg)
[1.613s] running develop
[1.891s] running egg_info
[1.912s] writing wld_net.egg-info/PKG-INFO
[1.913s] writing dependency_links to wld_net.egg-info/dependency_links.txt
[1.913s] writing entry points to wld_net.egg-info/entry_points.txt
[1.914s] writing requirements to wld_net.egg-info/requires.txt
[1.914s] writing top-level names to wld_net.egg-info/top_level.txt
[1.956s] reading manifest file 'wld_net.egg-info/SOURCES.txt'
[1.959s] writing manifest file 'wld_net.egg-info/SOURCES.txt'
[1.992s] running build_ext
[1.992s] Creating /home/anas/drone_sitl_ws/install/wld_net/lib/python3.10/site-packages/wld-net.egg-link (link to .)
[1.992s] Installing dehazing_node script to /home/anas/drone_sitl_ws/install/wld_net/bin
[1.993s] Installing video_dehazing_node script to /home/anas/drone_sitl_ws/install/wld_net/bin
[1.993s] Installing webcam_dehazing_node script to /home/anas/drone_sitl_ws/install/wld_net/bin
[1.993s] 
[1.993s] Installed /home/anas/drone_sitl_ws/build/wld_net
[1.994s] running symlink_data
[2.033s] Invoked command in '/home/anas/drone_sitl_ws/build/wld_net' returned '0': PYTHONPATH=/home/anas/drone_sitl_ws/build/wld_net/prefix_override:/usr/lib/python3/dist-packages/colcon_core/task/python/colcon_distutils_commands:/home/anas/drone_sitl_ws/install/wld_net/lib/python3.10/site-packages:${PYTHONPATH} /usr/bin/python3 -W ignore:setup.py install is deprecated -W ignore:easy_install command is deprecated setup.py develop --editable --build-directory /home/anas/drone_sitl_ws/build/wld_net/build --no-deps symlink_data
