[0.000000] (-) TimerEvent: {}
[0.000327] (-) JobUnselected: {'identifier': 'depthimage_to_laserscan'}
[0.000399] (-) JobUnselected: {'identifier': 'f4_project'}
[0.000463] (-) JobUnselected: {'identifier': 'px4_msgs'}
[0.000496] (-) JobUnselected: {'identifier': 'px4_offboard'}
[0.000529] (-) JobUnselected: {'identifier': 'px4_ros_com'}
[0.000564] (wld_net) JobQueued: {'identifier': 'wld_net', 'dependencies': OrderedDict()}
[0.001291] (wld_net) JobStarted: {'identifier': 'wld_net'}
[0.099457] (-) TimerEvent: {}
[0.199661] (-) TimerEvent: {}
[0.299849] (-) TimerEvent: {}
[0.400032] (-) TimerEvent: {}
[0.500249] (-) TimerEvent: {}
[0.600438] (-) TimerEvent: {}
[0.700622] (-) TimerEvent: {}
[0.800805] (-) TimerEvent: {}
[0.900986] (-) TimerEvent: {}
[1.001175] (-) TimerEvent: {}
[1.101398] (-) TimerEvent: {}
[1.201632] (-) TimerEvent: {}
[1.275440] (wld_net) Command: {'cmd': ['/usr/bin/python3', '-W', 'ignore:setup.py install is deprecated', '-W', 'ignore:easy_install command is deprecated', 'setup.py', 'develop', '--editable', '--build-directory', '/home/anas/drone_sitl_ws/build/wld_net/build', '--no-deps', 'symlink_data'], 'cwd': '/home/anas/drone_sitl_ws/build/wld_net', 'env': {'USER': 'anas', 'SHLVL': '0', 'LD_LIBRARY_PATH': '/opt/ros/humble/opt/rviz_ogre_vendor/lib:/opt/ros/humble/lib/x86_64-linux-gnu:/opt/ros/humble/lib', 'HOME': '/home/anas', 'OLDPWD': '/home/anas/drone_sitl_ws', 'ROS_PYTHON_VERSION': '3', 'DBUS_SESSION_BUS_ADDRESS': 'unix:path=/run/user/1000/bus', 'WSL_DISTRO_NAME': 'Ubuntu-22.04', 'WAYLAND_DISPLAY': 'wayland-0', 'ROS_DISTRO': 'humble', 'LOGNAME': 'anas', 'NAME': 'anas-amer', 'WSL_INTEROP': '/run/WSL/46009_interop', 'PULSE_SERVER': 'unix:/mnt/wslg/PulseServer', '_': '/usr/bin/colcon', 'ROS_VERSION': '2', 'TERM': 'xterm-256color', 'ROS_LOCALHOST_ONLY': '0', 'PATH': '/opt/ros/humble/bin:/usr/local/sbin:/usr/local/bin:/usr/sbin:/usr/bin:/sbin:/bin:/usr/games:/usr/local/games:/usr/lib/wsl/lib:/mnt/c/TwinCAT/Common64:/mnt/c/TwinCAT/Common32:/mnt/c/WINDOWS/system32:/mnt/c/WINDOWS:/mnt/c/WINDOWS/System32/Wbem:/mnt/c/WINDOWS/System32/WindowsPowerShell/v1.0/:/mnt/c/WINDOWS/System32/OpenSSH/:/mnt/c/Program Files/NVIDIA Corporation/NVIDIA App/NvDLISR:/mnt/c/Program Files (x86)/NVIDIA Corporation/PhysX/Common:/mnt/c/Program Files (x86)/Windows Kits/8.1/Windows Performance Toolkit/:/mnt/c/Program Files/nodejs/:/mnt/d/Matlab/bin:/mnt/c/Program Files/Git/cmd:/mnt/c/Program Files/Docker/Docker/resources/bin:/mnt/c/Program Files/dotnet/:/mnt/c/Program Files/usbipd-win/:/mnt/c/Program Files (x86)/cloudflared/:/mnt/c/Program Files/Pandoc/:/mnt/c/Program Files/cursor/resources/app/bin:/mnt/c/Program Files/CMake/bin:/mnt/c/Program Files/Cloudflare/Cloudflare WARP/:/mnt/c/Users/amera/AppData/Local/Programs/Python/Python311/Scripts/:/mnt/c/Users/amera/AppData/Local/Programs/Python/Python311/:/mnt/c/Users/amera/AppData/Local/Microsoft/WindowsApps:/mnt/c/Users/amera/AppData/Local/Programs/Microsoft VS Code/bin:/mnt/c/Users/amera/AppData/Local/Programs/MiKTeX/miktex/bin/x64/:/mnt/c/Users/amera/AppData/Roaming/npm:/mnt/c/Users/amera/AppData/Local/Google/Cloud SDK/google-cloud-sdk/bin:/mnt/c/Users/amera/.dotnet/tools:/mnt/c/Users/amera/AppData/Local/Programs/Antigravity/bin', 'XDG_RUNTIME_DIR': '/run/user/1000/', 'DISPLAY': ':0', 'LANG': 'en_US.UTF-8', 'AMENT_PREFIX_PATH': '/opt/ros/humble', 'SHELL': '/bin/bash', 'PWD': '/home/anas/drone_sitl_ws/build/wld_net', 'PYTHONPATH': '/home/anas/drone_sitl_ws/build/wld_net/prefix_override:/usr/lib/python3/dist-packages/colcon_core/task/python/colcon_distutils_commands:/home/anas/drone_sitl_ws/install/wld_net/lib/python3.10/site-packages:/opt/ros/humble/lib/python3.10/site-packages:/opt/ros/humble/local/lib/python3.10/dist-packages', 'COLCON': '1', 'WSL2_GUI_APPS_ENABLED': '1', 'HOSTTYPE': 'x86_64', 'WSLENV': 'ELECTRON_RUN_AS_NODE/w:'}, 'shell': False}
[1.301737] (-) TimerEvent: {}
[1.401917] (-) TimerEvent: {}
[1.428124] (wld_net) StderrLine: {'line': b"/home/anas/.local/lib/python3.10/site-packages/setuptools/_distutils/dist.py:289: UserWarning: Unknown distribution option: 'tests_require'\n"}
[1.428326] (wld_net) StderrLine: {'line': b'  warnings.warn(msg)\n'}
[1.502016] (-) TimerEvent: {}
[1.602216] (-) TimerEvent: {}
[1.622631] (wld_net) StdoutLine: {'line': b'running develop\n'}
[1.702325] (-) TimerEvent: {}
[1.802506] (-) TimerEvent: {}
[1.902717] (-) TimerEvent: {}
[1.903608] (wld_net) StdoutLine: {'line': b'running egg_info\n'}
[1.922648] (wld_net) StdoutLine: {'line': b'writing wld_net.egg-info/PKG-INFO\n'}
[1.923497] (wld_net) StdoutLine: {'line': b'writing dependency_links to wld_net.egg-info/dependency_links.txt\n'}
[1.923789] (wld_net) StdoutLine: {'line': b'writing entry points to wld_net.egg-info/entry_points.txt\n'}
[1.924179] (wld_net) StdoutLine: {'line': b'writing requirements to wld_net.egg-info/requires.txt\n'}
[1.924270] (wld_net) StdoutLine: {'line': b'writing top-level names to wld_net.egg-info/top_level.txt\n'}
[1.966638] (wld_net) StdoutLine: {'line': b"reading manifest file 'wld_net.egg-info/SOURCES.txt'\n"}
[1.968792] (wld_net) StdoutLine: {'line': b"writing manifest file 'wld_net.egg-info/SOURCES.txt'\n"}
[1.995956] (wld_net) StdoutLine: {'line': b'running build_ext\n'}
[1.996307] (wld_net) StdoutLine: {'line': b'Creating /home/anas/drone_sitl_ws/install/wld_net/lib/python3.10/site-packages/wld-net.egg-link (link to .)\n'}
[1.997633] (wld_net) StdoutLine: {'line': b'Installing dehazing_node script to /home/anas/drone_sitl_ws/install/wld_net/bin\n'}
[1.997995] (wld_net) StdoutLine: {'line': b'Installing webcam_dehazing_node script to /home/anas/drone_sitl_ws/install/wld_net/bin\n'}
[1.998322] (wld_net) StdoutLine: {'line': b'\n'}
[1.998426] (wld_net) StdoutLine: {'line': b'Installed /home/anas/drone_sitl_ws/build/wld_net\n'}
[1.998512] (wld_net) StdoutLine: {'line': b'running symlink_data\n'}
[2.002838] (-) TimerEvent: {}
[2.026332] (wld_net) CommandEnded: {'returncode': 0}
[2.053111] (wld_net) JobEnded: {'identifier': 'wld_net', 'rc': 0}
[2.053967] (-) EventReactorShutdown: {}
