running egg_info
creating ../../build/wld_net/wld_net.egg-info
writing ../../build/wld_net/wld_net.egg-info/PKG-INFO
writing dependency_links to ../../build/wld_net/wld_net.egg-info/dependency_links.txt
writing entry points to ../../build/wld_net/wld_net.egg-info/entry_points.txt
writing requirements to ../../build/wld_net/wld_net.egg-info/requires.txt
writing top-level names to ../../build/wld_net/wld_net.egg-info/top_level.txt
writing manifest file '../../build/wld_net/wld_net.egg-info/SOURCES.txt'
reading manifest file '../../build/wld_net/wld_net.egg-info/SOURCES.txt'
adding license file 'LICENSE.txt'
writing manifest file '../../build/wld_net/wld_net.egg-info/SOURCES.txt'
running build
running build_py
creating /home/anas/drone_sitl_ws/build/wld_net/build/lib/wld_net
copying wld_net/attention_spatial.py -> /home/anas/drone_sitl_ws/build/wld_net/build/lib/wld_net
copying wld_net/FCB_class.py -> /home/anas/drone_sitl_ws/build/wld_net/build/lib/wld_net
copying wld_net/test_IQA.py -> /home/anas/drone_sitl_ws/build/wld_net/build/lib/wld_net
copying wld_net/Attention_Block.py -> /home/anas/drone_sitl_ws/build/wld_net/build/lib/wld_net
copying wld_net/attention_pixel.py -> /home/anas/drone_sitl_ws/build/wld_net/build/lib/wld_net
copying wld_net/test.py -> /home/anas/drone_sitl_ws/build/wld_net/build/lib/wld_net
copying wld_net/train_model.py -> /home/anas/drone_sitl_ws/build/wld_net/build/lib/wld_net
copying wld_net/dataloader.py -> /home/anas/drone_sitl_ws/build/wld_net/build/lib/wld_net
copying wld_net/Feature_Processing.py -> /home/anas/drone_sitl_ws/build/wld_net/build/lib/wld_net
copying wld_net/model_size.py -> /home/anas/drone_sitl_ws/build/wld_net/build/lib/wld_net
copying wld_net/model_latency.py -> /home/anas/drone_sitl_ws/build/wld_net/build/lib/wld_net
copying wld_net/dehazing_node.py -> /home/anas/drone_sitl_ws/build/wld_net/build/lib/wld_net
copying wld_net/__init__.py -> /home/anas/drone_sitl_ws/build/wld_net/build/lib/wld_net
copying wld_net/attention_channel.py -> /home/anas/drone_sitl_ws/build/wld_net/build/lib/wld_net
copying wld_net/dehazing_model.py -> /home/anas/drone_sitl_ws/build/wld_net/build/lib/wld_net
copying wld_net/DWT_Block.py -> /home/anas/drone_sitl_ws/build/wld_net/build/lib/wld_net
running install
running install_lib
creating /home/anas/drone_sitl_ws/install/wld_net/lib/python3.10/site-packages/wld_net
copying /home/anas/drone_sitl_ws/build/wld_net/build/lib/wld_net/attention_spatial.py -> /home/anas/drone_sitl_ws/install/wld_net/lib/python3.10/site-packages/wld_net
copying /home/anas/drone_sitl_ws/build/wld_net/build/lib/wld_net/FCB_class.py -> /home/anas/drone_sitl_ws/install/wld_net/lib/python3.10/site-packages/wld_net
copying /home/anas/drone_sitl_ws/build/wld_net/build/lib/wld_net/test_IQA.py -> /home/anas/drone_sitl_ws/install/wld_net/lib/python3.10/site-packages/wld_net
copying /home/anas/drone_sitl_ws/build/wld_net/build/lib/wld_net/Attention_Block.py -> /home/anas/drone_sitl_ws/install/wld_net/lib/python3.10/site-packages/wld_net
copying /home/anas/drone_sitl_ws/build/wld_net/build/lib/wld_net/attention_pixel.py -> /home/anas/drone_sitl_ws/install/wld_net/lib/python3.10/site-packages/wld_net
copying /home/anas/drone_sitl_ws/build/wld_net/build/lib/wld_net/test.py -> /home/anas/drone_sitl_ws/install/wld_net/lib/python3.10/site-packages/wld_net
copying /home/anas/drone_sitl_ws/build/wld_net/build/lib/wld_net/train_model.py -> /home/anas/drone_sitl_ws/install/wld_net/lib/python3.10/site-packages/wld_net
copying /home/anas/drone_sitl_ws/build/wld_net/build/lib/wld_net/dataloader.py -> /home/anas/drone_sitl_ws/install/wld_net/lib/python3.10/site-packages/wld_net
copying /home/anas/drone_sitl_ws/build/wld_net/build/lib/wld_net/Feature_Processing.py -> /home/anas/drone_sitl_ws/install/wld_net/lib/python3.10/site-packages/wld_net
copying /home/anas/drone_sitl_ws/build/wld_net/build/lib/wld_net/model_size.py -> /home/anas/drone_sitl_ws/install/wld_net/lib/python3.10/site-packages/wld_net
copying /home/anas/drone_sitl_ws/build/wld_net/build/lib/wld_net/model_latency.py -> /home/anas/drone_sitl_ws/install/wld_net/lib/python3.10/site-packages/wld_net
copying /home/anas/drone_sitl_ws/build/wld_net/build/lib/wld_net/dehazing_node.py -> /home/anas/drone_sitl_ws/install/wld_net/lib/python3.10/site-packages/wld_net
copying /home/anas/drone_sitl_ws/build/wld_net/build/lib/wld_net/__init__.py -> /home/anas/drone_sitl_ws/install/wld_net/lib/python3.10/site-packages/wld_net
copying /home/anas/drone_sitl_ws/build/wld_net/build/lib/wld_net/attention_channel.py -> /home/anas/drone_sitl_ws/install/wld_net/lib/python3.10/site-packages/wld_net
copying /home/anas/drone_sitl_ws/build/wld_net/build/lib/wld_net/dehazing_model.py -> /home/anas/drone_sitl_ws/install/wld_net/lib/python3.10/site-packages/wld_net
copying /home/anas/drone_sitl_ws/build/wld_net/build/lib/wld_net/DWT_Block.py -> /home/anas/drone_sitl_ws/install/wld_net/lib/python3.10/site-packages/wld_net
byte-compiling /home/anas/drone_sitl_ws/install/wld_net/lib/python3.10/site-packages/wld_net/attention_spatial.py to attention_spatial.cpython-310.pyc
byte-compiling /home/anas/drone_sitl_ws/install/wld_net/lib/python3.10/site-packages/wld_net/FCB_class.py to FCB_class.cpython-310.pyc
byte-compiling /home/anas/drone_sitl_ws/install/wld_net/lib/python3.10/site-packages/wld_net/test_IQA.py to test_IQA.cpython-310.pyc
byte-compiling /home/anas/drone_sitl_ws/install/wld_net/lib/python3.10/site-packages/wld_net/Attention_Block.py to Attention_Block.cpython-310.pyc
byte-compiling /home/anas/drone_sitl_ws/install/wld_net/lib/python3.10/site-packages/wld_net/attention_pixel.py to attention_pixel.cpython-310.pyc
byte-compiling /home/anas/drone_sitl_ws/install/wld_net/lib/python3.10/site-packages/wld_net/test.py to test.cpython-310.pyc
byte-compiling /home/anas/drone_sitl_ws/install/wld_net/lib/python3.10/site-packages/wld_net/train_model.py to train_model.cpython-310.pyc
byte-compiling /home/anas/drone_sitl_ws/install/wld_net/lib/python3.10/site-packages/wld_net/dataloader.py to dataloader.cpython-310.pyc
byte-compiling /home/anas/drone_sitl_ws/install/wld_net/lib/python3.10/site-packages/wld_net/Feature_Processing.py to Feature_Processing.cpython-310.pyc
byte-compiling /home/anas/drone_sitl_ws/install/wld_net/lib/python3.10/site-packages/wld_net/model_size.py to model_size.cpython-310.pyc
byte-compiling /home/anas/drone_sitl_ws/install/wld_net/lib/python3.10/site-packages/wld_net/model_latency.py to model_latency.cpython-310.pyc
byte-compiling /home/anas/drone_sitl_ws/install/wld_net/lib/python3.10/site-packages/wld_net/dehazing_node.py to dehazing_node.cpython-310.pyc
byte-compiling /home/anas/drone_sitl_ws/install/wld_net/lib/python3.10/site-packages/wld_net/__init__.py to __init__.cpython-310.pyc
byte-compiling /home/anas/drone_sitl_ws/install/wld_net/lib/python3.10/site-packages/wld_net/attention_channel.py to attention_channel.cpython-310.pyc
byte-compiling /home/anas/drone_sitl_ws/install/wld_net/lib/python3.10/site-packages/wld_net/dehazing_model.py to dehazing_model.cpython-310.pyc
byte-compiling /home/anas/drone_sitl_ws/install/wld_net/lib/python3.10/site-packages/wld_net/DWT_Block.py to DWT_Block.cpython-310.pyc
running install_data
creating /home/anas/drone_sitl_ws/install/wld_net/share/ament_index/resource_index/packages
copying resource/wld_net -> /home/anas/drone_sitl_ws/install/wld_net/share/ament_index/resource_index/packages
copying package.xml -> /home/anas/drone_sitl_ws/install/wld_net/share/wld_net
creating /home/anas/drone_sitl_ws/install/wld_net/share/wld_net/launch
running install_egg_info
Copying ../../build/wld_net/wld_net.egg-info to /home/anas/drone_sitl_ws/install/wld_net/lib/python3.10/site-packages/wld_net-0.0.0-py3.10.egg-info
running install_scripts
Installing dehazing_node script to /home/anas/drone_sitl_ws/install/wld_net/bin
writing list of installed files to '/home/anas/drone_sitl_ws/build/wld_net/install.log'
