[1.133s] Invoking command in '/home/anas/drone_sitl_ws/src/WLD-Net': PYTHONPATH=/home/anas/drone_sitl_ws/build/wld_net/prefix_override:/usr/lib/python3/dist-packages/colcon_core/task/python/colcon_distutils_commands:/home/anas/drone_sitl_ws/install/wld_net/lib/python3.10/site-packages:${PYTHONPATH} /usr/bin/python3 -W ignore:setup.py install is deprecated -W ignore:easy_install command is deprecated setup.py egg_info --egg-base ../../build/wld_net build --build-base /home/anas/drone_sitl_ws/build/wld_net/build install --record /home/anas/drone_sitl_ws/build/wld_net/install.log --single-version-externally-managed install_data
[1.274s] /home/anas/.local/lib/python3.10/site-packages/setuptools/_distutils/dist.py:289: UserWarning: Unknown distribution option: 'tests_require'
[1.274s]   warnings.warn(msg)
[1.389s] running egg_info
[1.413s] creating ../../build/wld_net/wld_net.egg-info
[1.413s] writing ../../build/wld_net/wld_net.egg-info/PKG-INFO
[1.414s] writing dependency_links to ../../build/wld_net/wld_net.egg-info/dependency_links.txt
[1.414s] writing entry points to ../../build/wld_net/wld_net.egg-info/entry_points.txt
[1.414s] writing requirements to ../../build/wld_net/wld_net.egg-info/requires.txt
[1.415s] writing top-level names to ../../build/wld_net/wld_net.egg-info/top_level.txt
[1.415s] writing manifest file '../../build/wld_net/wld_net.egg-info/SOURCES.txt'
[1.458s] reading manifest file '../../build/wld_net/wld_net.egg-info/SOURCES.txt'
[1.458s] adding license file 'LICENSE.txt'
[1.459s] writing manifest file '../../build/wld_net/wld_net.egg-info/SOURCES.txt'
[1.460s] running build
[1.460s] running build_py
[1.460s] creating /home/anas/drone_sitl_ws/build/wld_net/build/lib/wld_net
[1.461s] copying wld_net/attention_spatial.py -> /home/anas/drone_sitl_ws/build/wld_net/build/lib/wld_net
[1.461s] copying wld_net/FCB_class.py -> /home/anas/drone_sitl_ws/build/wld_net/build/lib/wld_net
[1.461s] copying wld_net/test_IQA.py -> /home/anas/drone_sitl_ws/build/wld_net/build/lib/wld_net
[1.462s] copying wld_net/Attention_Block.py -> /home/anas/drone_sitl_ws/build/wld_net/build/lib/wld_net
[1.462s] copying wld_net/attention_pixel.py -> /home/anas/drone_sitl_ws/build/wld_net/build/lib/wld_net
[1.462s] copying wld_net/test.py -> /home/anas/drone_sitl_ws/build/wld_net/build/lib/wld_net
[1.463s] copying wld_net/train_model.py -> /home/anas/drone_sitl_ws/build/wld_net/build/lib/wld_net
[1.463s] copying wld_net/dataloader.py -> /home/anas/drone_sitl_ws/build/wld_net/build/lib/wld_net
[1.463s] copying wld_net/Feature_Processing.py -> /home/anas/drone_sitl_ws/build/wld_net/build/lib/wld_net
[1.464s] copying wld_net/model_size.py -> /home/anas/drone_sitl_ws/build/wld_net/build/lib/wld_net
[1.464s] copying wld_net/model_latency.py -> /home/anas/drone_sitl_ws/build/wld_net/build/lib/wld_net
[1.465s] copying wld_net/dehazing_node.py -> /home/anas/drone_sitl_ws/build/wld_net/build/lib/wld_net
[1.465s] copying wld_net/__init__.py -> /home/anas/drone_sitl_ws/build/wld_net/build/lib/wld_net
[1.465s] copying wld_net/attention_channel.py -> /home/anas/drone_sitl_ws/build/wld_net/build/lib/wld_net
[1.465s] copying wld_net/dehazing_model.py -> /home/anas/drone_sitl_ws/build/wld_net/build/lib/wld_net
[1.465s] copying wld_net/DWT_Block.py -> /home/anas/drone_sitl_ws/build/wld_net/build/lib/wld_net
[1.466s] running install
[1.470s] running install_lib
[1.490s] creating /home/anas/drone_sitl_ws/install/wld_net/lib/python3.10/site-packages/wld_net
[1.490s] copying /home/anas/drone_sitl_ws/build/wld_net/build/lib/wld_net/attention_spatial.py -> /home/anas/drone_sitl_ws/install/wld_net/lib/python3.10/site-packages/wld_net
[1.490s] copying /home/anas/drone_sitl_ws/build/wld_net/build/lib/wld_net/FCB_class.py -> /home/anas/drone_sitl_ws/install/wld_net/lib/python3.10/site-packages/wld_net
[1.490s] copying /home/anas/drone_sitl_ws/build/wld_net/build/lib/wld_net/test_IQA.py -> /home/anas/drone_sitl_ws/install/wld_net/lib/python3.10/site-packages/wld_net
[1.490s] copying /home/anas/drone_sitl_ws/build/wld_net/build/lib/wld_net/Attention_Block.py -> /home/anas/drone_sitl_ws/install/wld_net/lib/python3.10/site-packages/wld_net
[1.491s] copying /home/anas/drone_sitl_ws/build/wld_net/build/lib/wld_net/attention_pixel.py -> /home/anas/drone_sitl_ws/install/wld_net/lib/python3.10/site-packages/wld_net
[1.491s] copying /home/anas/drone_sitl_ws/build/wld_net/build/lib/wld_net/test.py -> /home/anas/drone_sitl_ws/install/wld_net/lib/python3.10/site-packages/wld_net
[1.491s] copying /home/anas/drone_sitl_ws/build/wld_net/build/lib/wld_net/train_model.py -> /home/anas/drone_sitl_ws/install/wld_net/lib/python3.10/site-packages/wld_net
[1.491s] copying /home/anas/drone_sitl_ws/build/wld_net/build/lib/wld_net/dataloader.py -> /home/anas/drone_sitl_ws/install/wld_net/lib/python3.10/site-packages/wld_net
[1.492s] copying /home/anas/drone_sitl_ws/build/wld_net/build/lib/wld_net/Feature_Processing.py -> /home/anas/drone_sitl_ws/install/wld_net/lib/python3.10/site-packages/wld_net
[1.492s] copying /home/anas/drone_sitl_ws/build/wld_net/build/lib/wld_net/model_size.py -> /home/anas/drone_sitl_ws/install/wld_net/lib/python3.10/site-packages/wld_net
[1.492s] copying /home/anas/drone_sitl_ws/build/wld_net/build/lib/wld_net/model_latency.py -> /home/anas/drone_sitl_ws/install/wld_net/lib/python3.10/site-packages/wld_net
[1.492s] copying /home/anas/drone_sitl_ws/build/wld_net/build/lib/wld_net/dehazing_node.py -> /home/anas/drone_sitl_ws/install/wld_net/lib/python3.10/site-packages/wld_net
[1.492s] copying /home/anas/drone_sitl_ws/build/wld_net/build/lib/wld_net/__init__.py -> /home/anas/drone_sitl_ws/install/wld_net/lib/python3.10/site-packages/wld_net
[1.492s] copying /home/anas/drone_sitl_ws/build/wld_net/build/lib/wld_net/attention_channel.py -> /home/anas/drone_sitl_ws/install/wld_net/lib/python3.10/site-packages/wld_net
[1.492s] copying /home/anas/drone_sitl_ws/build/wld_net/build/lib/wld_net/dehazing_model.py -> /home/anas/drone_sitl_ws/install/wld_net/lib/python3.10/site-packages/wld_net
[1.492s] copying /home/anas/drone_sitl_ws/build/wld_net/build/lib/wld_net/DWT_Block.py -> /home/anas/drone_sitl_ws/install/wld_net/lib/python3.10/site-packages/wld_net
[1.493s] byte-compiling /home/anas/drone_sitl_ws/install/wld_net/lib/python3.10/site-packages/wld_net/attention_spatial.py to attention_spatial.cpython-310.pyc
[1.493s] byte-compiling /home/anas/drone_sitl_ws/install/wld_net/lib/python3.10/site-packages/wld_net/FCB_class.py to FCB_class.cpython-310.pyc
[1.494s] byte-compiling /home/anas/drone_sitl_ws/install/wld_net/lib/python3.10/site-packages/wld_net/test_IQA.py to test_IQA.cpython-310.pyc
[1.494s] byte-compiling /home/anas/drone_sitl_ws/install/wld_net/lib/python3.10/site-packages/wld_net/Attention_Block.py to Attention_Block.cpython-310.pyc
[1.495s] byte-compiling /home/anas/drone_sitl_ws/install/wld_net/lib/python3.10/site-packages/wld_net/attention_pixel.py to attention_pixel.cpython-310.pyc
[1.495s] byte-compiling /home/anas/drone_sitl_ws/install/wld_net/lib/python3.10/site-packages/wld_net/test.py to test.cpython-310.pyc
[1.495s] byte-compiling /home/anas/drone_sitl_ws/install/wld_net/lib/python3.10/site-packages/wld_net/train_model.py to train_model.cpython-310.pyc
[1.497s] byte-compiling /home/anas/drone_sitl_ws/install/wld_net/lib/python3.10/site-packages/wld_net/dataloader.py to dataloader.cpython-310.pyc
[1.498s] byte-compiling /home/anas/drone_sitl_ws/install/wld_net/lib/python3.10/site-packages/wld_net/Feature_Processing.py to Feature_Processing.cpython-310.pyc
[1.498s] byte-compiling /home/anas/drone_sitl_ws/install/wld_net/lib/python3.10/site-packages/wld_net/model_size.py to model_size.cpython-310.pyc
[1.499s] byte-compiling /home/anas/drone_sitl_ws/install/wld_net/lib/python3.10/site-packages/wld_net/model_latency.py to model_latency.cpython-310.pyc
[1.499s] byte-compiling /home/anas/drone_sitl_ws/install/wld_net/lib/python3.10/site-packages/wld_net/dehazing_node.py to dehazing_node.cpython-310.pyc
[1.500s] byte-compiling /home/anas/drone_sitl_ws/install/wld_net/lib/python3.10/site-packages/wld_net/__init__.py to __init__.cpython-310.pyc
[1.500s] byte-compiling /home/anas/drone_sitl_ws/install/wld_net/lib/python3.10/site-packages/wld_net/attention_channel.py to attention_channel.cpython-310.pyc
[1.501s] byte-compiling /home/anas/drone_sitl_ws/install/wld_net/lib/python3.10/site-packages/wld_net/dehazing_model.py to dehazing_model.cpython-310.pyc
[1.501s] byte-compiling /home/anas/drone_sitl_ws/install/wld_net/lib/python3.10/site-packages/wld_net/DWT_Block.py to DWT_Block.cpython-310.pyc
[1.502s] running install_data
[1.502s] creating /home/anas/drone_sitl_ws/install/wld_net/share/ament_index/resource_index/packages
[1.503s] copying resource/wld_net -> /home/anas/drone_sitl_ws/install/wld_net/share/ament_index/resource_index/packages
[1.503s] copying package.xml -> /home/anas/drone_sitl_ws/install/wld_net/share/wld_net
[1.503s] creating /home/anas/drone_sitl_ws/install/wld_net/share/wld_net/launch
[1.503s] running install_egg_info
[1.523s] Copying ../../build/wld_net/wld_net.egg-info to /home/anas/drone_sitl_ws/install/wld_net/lib/python3.10/site-packages/wld_net-0.0.0-py3.10.egg-info
[1.524s] running install_scripts
[1.675s] Installing dehazing_node script to /home/anas/drone_sitl_ws/install/wld_net/bin
[1.676s] writing list of installed files to '/home/anas/drone_sitl_ws/build/wld_net/install.log'
[1.698s] Invoked command in '/home/anas/drone_sitl_ws/src/WLD-Net' returned '0': PYTHONPATH=/home/anas/drone_sitl_ws/build/wld_net/prefix_override:/usr/lib/python3/dist-packages/colcon_core/task/python/colcon_distutils_commands:/home/anas/drone_sitl_ws/install/wld_net/lib/python3.10/site-packages:${PYTHONPATH} /usr/bin/python3 -W ignore:setup.py install is deprecated -W ignore:easy_install command is deprecated setup.py egg_info --egg-base ../../build/wld_net build --build-base /home/anas/drone_sitl_ws/build/wld_net/build install --record /home/anas/drone_sitl_ws/build/wld_net/install.log --single-version-externally-managed install_data
