[1.450s] Invoking command in '/home/anas/drone_sitl_ws/build/wld_net': PYTHONPATH=/home/anas/drone_sitl_ws/build/wld_net/prefix_override:/usr/lib/python3/dist-packages/colcon_core/task/python/colcon_distutils_commands:/home/anas/drone_sitl_ws/install/wld_net/lib/python3.10/site-packages:${PYTHONPATH} /usr/bin/python3 -W ignore:setup.py install is deprecated -W ignore:easy_install command is deprecated setup.py develop --editable --build-directory /home/anas/drone_sitl_ws/build/wld_net/build --no-deps symlink_data --force
[1.624s] /home/anas/.local/lib/python3.10/site-packages/setuptools/_distutils/dist.py:289: UserWarning: Unknown distribution option: 'tests_require'
[1.624s]   warnings.warn(msg)
[1.836s] running develop
[2.135s] running egg_info
[2.156s] writing wld_net.egg-info/PKG-INFO
[2.156s] writing dependency_links to wld_net.egg-info/dependency_links.txt
[2.157s] writing entry points to wld_net.egg-info/entry_points.txt
[2.157s] writing requirements to wld_net.egg-info/requires.txt
[2.157s] writing top-level names to wld_net.egg-info/top_level.txt
[2.211s] reading manifest file 'wld_net.egg-info/SOURCES.txt'
[2.214s] writing manifest file 'wld_net.egg-info/SOURCES.txt'
[2.238s] running build_ext
[2.238s] Creating /home/anas/drone_sitl_ws/install/wld_net/lib/python3.10/site-packages/wld-net.egg-link (link to .)
[2.238s] Installing dehazing_node script to /home/anas/drone_sitl_ws/install/wld_net/bin
[2.239s] 
[2.239s] Installed /home/anas/drone_sitl_ws/build/wld_net
[2.239s] running symlink_data
[2.239s] symbolically linking /home/anas/drone_sitl_ws/build/wld_net/resource/wld_net -> /home/anas/drone_sitl_ws/install/wld_net/share/ament_index/resource_index/packages
[2.240s] symbolically linking /home/anas/drone_sitl_ws/build/wld_net/package.xml -> /home/anas/drone_sitl_ws/install/wld_net/share/wld_net
[2.273s] Invoked command in '/home/anas/drone_sitl_ws/build/wld_net' returned '0': PYTHONPATH=/home/anas/drone_sitl_ws/build/wld_net/prefix_override:/usr/lib/python3/dist-packages/colcon_core/task/python/colcon_distutils_commands:/home/anas/drone_sitl_ws/install/wld_net/lib/python3.10/site-packages:${PYTHONPATH} /usr/bin/python3 -W ignore:setup.py install is deprecated -W ignore:easy_install command is deprecated setup.py develop --editable --build-directory /home/anas/drone_sitl_ws/build/wld_net/build --no-deps symlink_data --force
