[1.015s] Invoking command in '/home/anas/drone_sitl_ws/build/px4_offboard': CMAKE_PREFIX_PATH=/home/anas/drone_sitl_ws/install/px4_msgs:/home/anas/drone_sitl_ws/install/px4_ros_com:/home/anas/drone_sitl_ws/install/depthimage_to_laserscan:/home/anas/ros2_ws/install/velodyne_simulator:/home/anas/ros2_ws/install/velodyne_gazebo_plugins:/home/anas/ros2_ws/install/velodyne_description:/home/anas/ros2_ws/install/td3:/home/anas/ros2_ws/install/sjtu_drone_description:/home/anas/ros2_ws/install/risk_map_f4:/home/anas/ros2_ws/install/px4_ros_com:/home/anas/ros2_ws/install/px4_msgs:/home/anas/ros2_ws/install/openni2_camera:/home/anas/ros2_ws/install/mono_visual_odometry:/home/anas/ros2_ws/install/libuvc:/home/anas/ros2_ws/install/depthimage_to_laserscan:/home/anas/ros2_ws/install/astra_camera:/home/anas/ros2_ws/install/astra_camera_msgs LD_LIBRARY_PATH=/home/anas/drone_sitl_ws/install/px4_msgs/lib:/home/anas/drone_sitl_ws/install/px4_ros_com/lib:/home/anas/drone_sitl_ws/install/depthimage_to_laserscan/lib:/home/anas/ros2_ws/install/velodyne_gazebo_plugins/lib:/home/anas/ros2_ws/install/sjtu_drone_description/lib:/home/anas/ros2_ws/install/px4_ros_com/lib:/home/anas/ros2_ws/install/px4_msgs/lib:/home/anas/ros2_ws/install/openni2_camera/lib:/home/anas/ros2_ws/install/libuvc/lib:/home/anas/ros2_ws/install/depthimage_to_laserscan/lib:/home/anas/ros2_ws/install/astra_camera/lib:/home/anas/ros2_ws/install/astra_camera_msgs/lib:/opt/ros/humble/opt/rviz_ogre_vendor/lib:/opt/ros/humble/lib/x86_64-linux-gnu:/opt/ros/humble/lib PYTHONPATH=/home/anas/drone_sitl_ws/build/px4_offboard/prefix_override:/usr/lib/python3/dist-packages/colcon_core/task/python/colcon_distutils_commands:/home/anas/drone_sitl_ws/install/px4_offboard/lib/python3.10/site-packages:${PYTHONPATH} /usr/bin/python3 -W ignore:setup.py install is deprecated -W ignore:easy_install command is deprecated setup.py develop --editable --build-directory /home/anas/drone_sitl_ws/build/px4_offboard/build --no-deps symlink_data
[1.395s] running develop
[1.657s] running egg_info
[1.676s] creating px4_offboard.egg-info
[1.676s] writing px4_offboard.egg-info/PKG-INFO
[1.677s] writing dependency_links to px4_offboard.egg-info/dependency_links.txt
[1.677s] writing entry points to px4_offboard.egg-info/entry_points.txt
[1.677s] writing requirements to px4_offboard.egg-info/requires.txt
[1.677s] writing top-level names to px4_offboard.egg-info/top_level.txt
[1.677s] writing manifest file 'px4_offboard.egg-info/SOURCES.txt'
[1.727s] reading manifest file 'px4_offboard.egg-info/SOURCES.txt'
[1.728s] writing manifest file 'px4_offboard.egg-info/SOURCES.txt'
[1.749s] running build_ext
[1.749s] Creating /home/anas/drone_sitl_ws/install/px4_offboard/lib/python3.10/site-packages/px4-offboard.egg-link (link to .)
[1.749s] Installing forward script to /home/anas/drone_sitl_ws/install/px4_offboard/lib/px4_offboard
[1.750s] Installing offboard_control script to /home/anas/drone_sitl_ws/install/px4_offboard/lib/px4_offboard
[1.750s] Installing square script to /home/anas/drone_sitl_ws/install/px4_offboard/lib/px4_offboard
[1.750s] Installing take_off_land script to /home/anas/drone_sitl_ws/install/px4_offboard/lib/px4_offboard
[1.750s] Installing visualizer script to /home/anas/drone_sitl_ws/install/px4_offboard/lib/px4_offboard
[1.751s] 
[1.751s] Installed /home/anas/drone_sitl_ws/build/px4_offboard
[1.751s] running symlink_data
[1.751s] creating /home/anas/drone_sitl_ws/install/px4_offboard/share/ament_index/resource_index/packages
[1.751s] symbolically linking /home/anas/drone_sitl_ws/build/px4_offboard/resource/px4_offboard -> /home/anas/drone_sitl_ws/install/px4_offboard/share/ament_index/resource_index/packages
[1.752s] symbolically linking /home/anas/drone_sitl_ws/build/px4_offboard/resource/visualize.rviz -> /home/anas/drone_sitl_ws/install/px4_offboard/share/ament_index/resource_index/packages
[1.752s] symbolically linking /home/anas/drone_sitl_ws/build/px4_offboard/package.xml -> /home/anas/drone_sitl_ws/install/px4_offboard/share/px4_offboard
[1.752s] symbolically linking /home/anas/drone_sitl_ws/build/px4_offboard/launch/offboard_position_control.launch.py -> /home/anas/drone_sitl_ws/install/px4_offboard/share/px4_offboard
[1.753s] symbolically linking /home/anas/drone_sitl_ws/build/px4_offboard/launch/visualize.launch.py -> /home/anas/drone_sitl_ws/install/px4_offboard/share/px4_offboard
[1.753s] symbolically linking /home/anas/drone_sitl_ws/build/px4_offboard/launch/visualizer_bridge.launch.py -> /home/anas/drone_sitl_ws/install/px4_offboard/share/px4_offboard
[1.753s] symbolically linking /home/anas/drone_sitl_ws/build/px4_offboard/launch/offboard_hardware_position_control.launch.py -> /home/anas/drone_sitl_ws/install/px4_offboard/share/px4_offboard
[1.753s] symbolically linking /home/anas/drone_sitl_ws/build/px4_offboard/resource/visualize.rviz -> /home/anas/drone_sitl_ws/install/px4_offboard/share/px4_offboard
[1.787s] Invoked command in '/home/anas/drone_sitl_ws/build/px4_offboard' returned '0': CMAKE_PREFIX_PATH=/home/anas/drone_sitl_ws/install/px4_msgs:/home/anas/drone_sitl_ws/install/px4_ros_com:/home/anas/drone_sitl_ws/install/depthimage_to_laserscan:/home/anas/ros2_ws/install/velodyne_simulator:/home/anas/ros2_ws/install/velodyne_gazebo_plugins:/home/anas/ros2_ws/install/velodyne_description:/home/anas/ros2_ws/install/td3:/home/anas/ros2_ws/install/sjtu_drone_description:/home/anas/ros2_ws/install/risk_map_f4:/home/anas/ros2_ws/install/px4_ros_com:/home/anas/ros2_ws/install/px4_msgs:/home/anas/ros2_ws/install/openni2_camera:/home/anas/ros2_ws/install/mono_visual_odometry:/home/anas/ros2_ws/install/libuvc:/home/anas/ros2_ws/install/depthimage_to_laserscan:/home/anas/ros2_ws/install/astra_camera:/home/anas/ros2_ws/install/astra_camera_msgs LD_LIBRARY_PATH=/home/anas/drone_sitl_ws/install/px4_msgs/lib:/home/anas/drone_sitl_ws/install/px4_ros_com/lib:/home/anas/drone_sitl_ws/install/depthimage_to_laserscan/lib:/home/anas/ros2_ws/install/velodyne_gazebo_plugins/lib:/home/anas/ros2_ws/install/sjtu_drone_description/lib:/home/anas/ros2_ws/install/px4_ros_com/lib:/home/anas/ros2_ws/install/px4_msgs/lib:/home/anas/ros2_ws/install/openni2_camera/lib:/home/anas/ros2_ws/install/libuvc/lib:/home/anas/ros2_ws/install/depthimage_to_laserscan/lib:/home/anas/ros2_ws/install/astra_camera/lib:/home/anas/ros2_ws/install/astra_camera_msgs/lib:/opt/ros/humble/opt/rviz_ogre_vendor/lib:/opt/ros/humble/lib/x86_64-linux-gnu:/opt/ros/humble/lib PYTHONPATH=/home/anas/drone_sitl_ws/build/px4_offboard/prefix_override:/usr/lib/python3/dist-packages/colcon_core/task/python/colcon_distutils_commands:/home/anas/drone_sitl_ws/install/px4_offboard/lib/python3.10/site-packages:${PYTHONPATH} /usr/bin/python3 -W ignore:setup.py install is deprecated -W ignore:easy_install command is deprecated setup.py develop --editable --build-directory /home/anas/drone_sitl_ws/build/px4_offboard/build --no-deps symlink_data
