[0.000000] (-) TimerEvent: {}
[0.000050] (-) JobUnselected: {'identifier': 'depthimage_to_laserscan'}
[0.000072] (-) JobUnselected: {'identifier': 'f4_project'}
[0.000088] (-) JobUnselected: {'identifier': 'px4_msgs'}
[0.000102] (-) JobUnselected: {'identifier': 'px4_offboard'}
[0.000115] (-) JobUnselected: {'identifier': 'px4_ros_com'}
[0.000129] (wld_net) JobQueued: {'identifier': 'wld_net', 'dependencies': OrderedDict()}
[0.000166] (wld_net) JobStarted: {'identifier': 'wld_net'}
[0.098968] (-) TimerEvent: {}
[0.199136] (-) TimerEvent: {}
[0.299269] (-) TimerEvent: {}
[0.399449] (-) TimerEvent: {}
[0.499629] (-) TimerEvent: {}
[0.599816] (-) TimerEvent: {}
[0.699996] (-) TimerEvent: {}
[0.800167] (-) TimerEvent: {}
[0.900322] (-) TimerEvent: {}
[1.000513] (-) TimerEvent: {}
[1.100682] (-) TimerEvent: {}
[1.131564] (wld_net) Command: {'cmd': ['/usr/bin/python3', '-W', 'ignore:setup.py install is deprecated', '-W', 'ignore:easy_install command is deprecated', 'setup.py', 'egg_info', '--egg-base', '../../build/wld_net', 'build', '--build-base', '/home/anas/drone_sitl_ws/build/wld_net/build', 'install', '--record', '/home/anas/drone_sitl_ws/build/wld_net/install.log', '--single-version-externally-managed', 'install_data'], 'cwd': '/home/anas/drone_sitl_ws/src/WLD-Net', 'env': {'USER': 'anas', 'SHLVL': '0', 'LD_LIBRARY_PATH': '/opt/ros/humble/opt/rviz_ogre_vendor/lib:/opt/ros/humble/lib/x86_64-linux-gnu:/opt/ros/humble/lib', 'HOME': '/home/anas', 'ROS_PYTHON_VERSION': '3', 'DBUS_SESSION_BUS_ADDRESS': 'unix:path=/run/user/1000/bus', 'WSL_DISTRO_NAME': 'Ubuntu-22.04', 'WAYLAND_DISPLAY': 'wayland-0', 'ROS_DISTRO': 'humble', 'LOGNAME': 'anas', 'NAME': 'anas-amer', 'WSL_INTEROP': '/run/WSL/26645_interop', 'PULSE_SERVER': 'unix:/mnt/wslg/PulseServer', '_': '/usr/bin/colcon', 'ROS_VERSION': '2', 'TERM': 'xterm-256color', 'ROS_LOCALHOST_ONLY': '0', 'PATH': '/opt/ros/humble/bin:/usr/local/sbin:/usr/local/bin:/usr/sbin:/usr/bin:/sbin:/bin:/usr/games:/usr/local/games:/usr/lib/wsl/lib:/mnt/c/TwinCAT/Common64:/mnt/c/TwinCAT/Common32:/mnt/c/WINDOWS/system32:/mnt/c/WINDOWS:/mnt/c/WINDOWS/System32/Wbem:/mnt/c/WINDOWS/System32/WindowsPowerShell/v1.0/:/mnt/c/WINDOWS/System32/OpenSSH/:/mnt/c/Program Files/NVIDIA Corporation/NVIDIA App/NvDLISR:/mnt/c/Program Files (x86)/NVIDIA Corporation/PhysX/Common:/mnt/c/Program Files (x86)/Windows Kits/8.1/Windows Performance Toolkit/:/mnt/c/Program Files/nodejs/:/mnt/d/Matlab/bin:/mnt/c/Program Files/Git/cmd:/mnt/c/Program Files/Docker/Docker/resources/bin:/mnt/c/Program Files/dotnet/:/mnt/c/Program Files/usbipd-win/:/mnt/c/Program Files (x86)/cloudflared/:/mnt/c/Program Files/Pandoc/:/mnt/c/Program Files/cursor/resources/app/bin:/mnt/c/Program Files/CMake/bin:/mnt/c/Program Files/Cloudflare/Cloudflare WARP/:/mnt/c/Users/amera/AppData/Local/Programs/Python/Python311/Scripts/:/mnt/c/Users/amera/AppData/Local/Programs/Python/Python311/:/mnt/c/Users/amera/AppData/Local/Microsoft/WindowsApps:/mnt/c/Users/amera/AppData/Local/Programs/Microsoft VS Code/bin:/mnt/c/Users/amera/AppData/Local/Programs/MiKTeX/miktex/bin/x64/:/mnt/c/Users/amera/AppData/Roaming/npm:/mnt/c/Users/amera/AppData/Local/Google/Cloud SDK/google-cloud-sdk/bin:/mnt/c/Users/amera/.dotnet/tools:/mnt/c/Users/amera/AppData/Local/Programs/Antigravity/bin', 'XDG_RUNTIME_DIR': '/run/user/1000/', 'DISPLAY': ':0', 'LANG': 'en_US.UTF-8', 'AMENT_PREFIX_PATH': '/opt/ros/humble', 'SHELL': '/bin/bash', 'PWD': '/home/anas/drone_sitl_ws/build/wld_net', 'PYTHONPATH': '/home/anas/drone_sitl_ws/build/wld_net/prefix_override:/usr/lib/python3/dist-packages/colcon_core/task/python/colcon_distutils_commands:/home/anas/drone_sitl_ws/install/wld_net/lib/python3.10/site-packages:/opt/ros/humble/lib/python3.10/site-packages:/opt/ros/humble/local/lib/python3.10/dist-packages', 'COLCON': '1', 'WSL2_GUI_APPS_ENABLED': '1', 'HOSTTYPE': 'x86_64', 'WSLENV': 'ELECTRON_RUN_AS_NODE/w:'}, 'shell': False}
[1.200744] (-) TimerEvent: {}
[1.274203] (wld_net) StderrLine: {'line': b"/home/anas/.local/lib/python3.10/site-packages/setuptools/_distutils/dist.py:289: UserWarning: Unknown distribution option: 'tests_require'\n"}
[1.274437] (wld_net) StderrLine: {'line': b'  warnings.warn(msg)\n'}
[1.300841] (-) TimerEvent: {}
[1.388088] (wld_net) StdoutLine: {'line': b'running egg_info\n'}
[1.400890] (-) TimerEvent: {}
[1.413108] (wld_net) StdoutLine: {'line': b'creating ../../build/wld_net/wld_net.egg-info\n'}
[1.413479] (wld_net) StdoutLine: {'line': b'writing ../../build/wld_net/wld_net.egg-info/PKG-INFO\n'}
[1.414011] (wld_net) StdoutLine: {'line': b'writing dependency_links to ../../build/wld_net/wld_net.egg-info/dependency_links.txt\n'}
[1.414229] (wld_net) StdoutLine: {'line': b'writing entry points to ../../build/wld_net/wld_net.egg-info/entry_points.txt\n'}
[1.414539] (wld_net) StdoutLine: {'line': b'writing requirements to ../../build/wld_net/wld_net.egg-info/requires.txt\n'}
[1.414666] (wld_net) StdoutLine: {'line': b'writing top-level names to ../../build/wld_net/wld_net.egg-info/top_level.txt\n'}
[1.414898] (wld_net) StdoutLine: {'line': b"writing manifest file '../../build/wld_net/wld_net.egg-info/SOURCES.txt'\n"}
[1.458181] (wld_net) StdoutLine: {'line': b"reading manifest file '../../build/wld_net/wld_net.egg-info/SOURCES.txt'\n"}
[1.458454] (wld_net) StdoutLine: {'line': b"adding license file 'LICENSE.txt'\n"}
[1.459305] (wld_net) StdoutLine: {'line': b"writing manifest file '../../build/wld_net/wld_net.egg-info/SOURCES.txt'\n"}
[1.459568] (wld_net) StdoutLine: {'line': b'running build\n'}
[1.459720] (wld_net) StdoutLine: {'line': b'running build_py\n'}
[1.459957] (wld_net) StdoutLine: {'line': b'creating /home/anas/drone_sitl_ws/build/wld_net/build/lib/wld_net\n'}
[1.460694] (wld_net) StdoutLine: {'line': b'copying wld_net/attention_spatial.py -> /home/anas/drone_sitl_ws/build/wld_net/build/lib/wld_net\n'}
[1.461142] (wld_net) StdoutLine: {'line': b'copying wld_net/FCB_class.py -> /home/anas/drone_sitl_ws/build/wld_net/build/lib/wld_net\n'}
[1.461480] (wld_net) StdoutLine: {'line': b'copying wld_net/test_IQA.py -> /home/anas/drone_sitl_ws/build/wld_net/build/lib/wld_net\n'}
[1.461839] (wld_net) StdoutLine: {'line': b'copying wld_net/Attention_Block.py -> /home/anas/drone_sitl_ws/build/wld_net/build/lib/wld_net\n'}
[1.462155] (wld_net) StdoutLine: {'line': b'copying wld_net/attention_pixel.py -> /home/anas/drone_sitl_ws/build/wld_net/build/lib/wld_net\n'}
[1.462481] (wld_net) StdoutLine: {'line': b'copying wld_net/test.py -> /home/anas/drone_sitl_ws/build/wld_net/build/lib/wld_net\n'}
[1.462779] (wld_net) StdoutLine: {'line': b'copying wld_net/train_model.py -> /home/anas/drone_sitl_ws/build/wld_net/build/lib/wld_net\n'}
[1.463167] (wld_net) StdoutLine: {'line': b'copying wld_net/dataloader.py -> /home/anas/drone_sitl_ws/build/wld_net/build/lib/wld_net\n'}
[1.463501] (wld_net) StdoutLine: {'line': b'copying wld_net/Feature_Processing.py -> /home/anas/drone_sitl_ws/build/wld_net/build/lib/wld_net\n'}
[1.463866] (wld_net) StdoutLine: {'line': b'copying wld_net/model_size.py -> /home/anas/drone_sitl_ws/build/wld_net/build/lib/wld_net\n'}
[1.464233] (wld_net) StdoutLine: {'line': b'copying wld_net/model_latency.py -> /home/anas/drone_sitl_ws/build/wld_net/build/lib/wld_net\n'}
[1.464635] (wld_net) StdoutLine: {'line': b'copying wld_net/dehazing_node.py -> /home/anas/drone_sitl_ws/build/wld_net/build/lib/wld_net\n'}
[1.464975] (wld_net) StdoutLine: {'line': b'copying wld_net/__init__.py -> /home/anas/drone_sitl_ws/build/wld_net/build/lib/wld_net\n'}
[1.465103] (wld_net) StdoutLine: {'line': b'copying wld_net/attention_channel.py -> /home/anas/drone_sitl_ws/build/wld_net/build/lib/wld_net\n'}
[1.465292] (wld_net) StdoutLine: {'line': b'copying wld_net/dehazing_model.py -> /home/anas/drone_sitl_ws/build/wld_net/build/lib/wld_net\n'}
[1.465597] (wld_net) StdoutLine: {'line': b'copying wld_net/DWT_Block.py -> /home/anas/drone_sitl_ws/build/wld_net/build/lib/wld_net\n'}
[1.466216] (wld_net) StdoutLine: {'line': b'running install\n'}
[1.470585] (wld_net) StdoutLine: {'line': b'running install_lib\n'}
[1.489519] (wld_net) StdoutLine: {'line': b'creating /home/anas/drone_sitl_ws/install/wld_net/lib/python3.10/site-packages/wld_net\n'}
[1.489859] (wld_net) StdoutLine: {'line': b'copying /home/anas/drone_sitl_ws/build/wld_net/build/lib/wld_net/attention_spatial.py -> /home/anas/drone_sitl_ws/install/wld_net/lib/python3.10/site-packages/wld_net\n'}
[1.490107] (wld_net) StdoutLine: {'line': b'copying /home/anas/drone_sitl_ws/build/wld_net/build/lib/wld_net/FCB_class.py -> /home/anas/drone_sitl_ws/install/wld_net/lib/python3.10/site-packages/wld_net\n'}
[1.490430] (wld_net) StdoutLine: {'line': b'copying /home/anas/drone_sitl_ws/build/wld_net/build/lib/wld_net/test_IQA.py -> /home/anas/drone_sitl_ws/install/wld_net/lib/python3.10/site-packages/wld_net\n'}
[1.490573] (wld_net) StdoutLine: {'line': b'copying /home/anas/drone_sitl_ws/build/wld_net/build/lib/wld_net/Attention_Block.py -> /home/anas/drone_sitl_ws/install/wld_net/lib/python3.10/site-packages/wld_net\n'}
[1.490705] (wld_net) StdoutLine: {'line': b'copying /home/anas/drone_sitl_ws/build/wld_net/build/lib/wld_net/attention_pixel.py -> /home/anas/drone_sitl_ws/install/wld_net/lib/python3.10/site-packages/wld_net\n'}
[1.490919] (wld_net) StdoutLine: {'line': b'copying /home/anas/drone_sitl_ws/build/wld_net/build/lib/wld_net/test.py -> /home/anas/drone_sitl_ws/install/wld_net/lib/python3.10/site-packages/wld_net\n'}
[1.491356] (wld_net) StdoutLine: {'line': b'copying /home/anas/drone_sitl_ws/build/wld_net/build/lib/wld_net/train_model.py -> /home/anas/drone_sitl_ws/install/wld_net/lib/python3.10/site-packages/wld_net\n'}
[1.491539] (wld_net) StdoutLine: {'line': b'copying /home/anas/drone_sitl_ws/build/wld_net/build/lib/wld_net/dataloader.py -> /home/anas/drone_sitl_ws/install/wld_net/lib/python3.10/site-packages/wld_net\n'}
[1.491711] (wld_net) StdoutLine: {'line': b'copying /home/anas/drone_sitl_ws/build/wld_net/build/lib/wld_net/Feature_Processing.py -> /home/anas/drone_sitl_ws/install/wld_net/lib/python3.10/site-packages/wld_net\n'}
[1.491974] (wld_net) StdoutLine: {'line': b'copying /home/anas/drone_sitl_ws/build/wld_net/build/lib/wld_net/model_size.py -> /home/anas/drone_sitl_ws/install/wld_net/lib/python3.10/site-packages/wld_net\n'}
[1.492080] (wld_net) StdoutLine: {'line': b'copying /home/anas/drone_sitl_ws/build/wld_net/build/lib/wld_net/model_latency.py -> /home/anas/drone_sitl_ws/install/wld_net/lib/python3.10/site-packages/wld_net\n'}
[1.492147] (wld_net) StdoutLine: {'line': b'copying /home/anas/drone_sitl_ws/build/wld_net/build/lib/wld_net/dehazing_node.py -> /home/anas/drone_sitl_ws/install/wld_net/lib/python3.10/site-packages/wld_net\n'}
[1.492205] (wld_net) StdoutLine: {'line': b'copying /home/anas/drone_sitl_ws/build/wld_net/build/lib/wld_net/__init__.py -> /home/anas/drone_sitl_ws/install/wld_net/lib/python3.10/site-packages/wld_net\n'}
[1.492260] (wld_net) StdoutLine: {'line': b'copying /home/anas/drone_sitl_ws/build/wld_net/build/lib/wld_net/attention_channel.py -> /home/anas/drone_sitl_ws/install/wld_net/lib/python3.10/site-packages/wld_net\n'}
[1.492312] (wld_net) StdoutLine: {'line': b'copying /home/anas/drone_sitl_ws/build/wld_net/build/lib/wld_net/dehazing_model.py -> /home/anas/drone_sitl_ws/install/wld_net/lib/python3.10/site-packages/wld_net\n'}
[1.492439] (wld_net) StdoutLine: {'line': b'copying /home/anas/drone_sitl_ws/build/wld_net/build/lib/wld_net/DWT_Block.py -> /home/anas/drone_sitl_ws/install/wld_net/lib/python3.10/site-packages/wld_net\n'}
[1.492667] (wld_net) StdoutLine: {'line': b'byte-compiling /home/anas/drone_sitl_ws/install/wld_net/lib/python3.10/site-packages/wld_net/attention_spatial.py to attention_spatial.cpython-310.pyc\n'}
[1.493297] (wld_net) StdoutLine: {'line': b'byte-compiling /home/anas/drone_sitl_ws/install/wld_net/lib/python3.10/site-packages/wld_net/FCB_class.py to FCB_class.cpython-310.pyc\n'}
[1.493816] (wld_net) StdoutLine: {'line': b'byte-compiling /home/anas/drone_sitl_ws/install/wld_net/lib/python3.10/site-packages/wld_net/test_IQA.py to test_IQA.cpython-310.pyc\n'}
[1.494352] (wld_net) StdoutLine: {'line': b'byte-compiling /home/anas/drone_sitl_ws/install/wld_net/lib/python3.10/site-packages/wld_net/Attention_Block.py to Attention_Block.cpython-310.pyc\n'}
[1.494683] (wld_net) StdoutLine: {'line': b'byte-compiling /home/anas/drone_sitl_ws/install/wld_net/lib/python3.10/site-packages/wld_net/attention_pixel.py to attention_pixel.cpython-310.pyc\n'}
[1.494990] (wld_net) StdoutLine: {'line': b'byte-compiling /home/anas/drone_sitl_ws/install/wld_net/lib/python3.10/site-packages/wld_net/test.py to test.cpython-310.pyc\n'}
[1.495402] (wld_net) StdoutLine: {'line': b'byte-compiling /home/anas/drone_sitl_ws/install/wld_net/lib/python3.10/site-packages/wld_net/train_model.py to train_model.cpython-310.pyc\n'}
[1.497081] (wld_net) StdoutLine: {'line': b'byte-compiling /home/anas/drone_sitl_ws/install/wld_net/lib/python3.10/site-packages/wld_net/dataloader.py to dataloader.cpython-310.pyc\n'}
[1.497766] (wld_net) StdoutLine: {'line': b'byte-compiling /home/anas/drone_sitl_ws/install/wld_net/lib/python3.10/site-packages/wld_net/Feature_Processing.py to Feature_Processing.cpython-310.pyc\n'}
[1.498541] (wld_net) StdoutLine: {'line': b'byte-compiling /home/anas/drone_sitl_ws/install/wld_net/lib/python3.10/site-packages/wld_net/model_size.py to model_size.cpython-310.pyc\n'}
[1.498894] (wld_net) StdoutLine: {'line': b'byte-compiling /home/anas/drone_sitl_ws/install/wld_net/lib/python3.10/site-packages/wld_net/model_latency.py to model_latency.cpython-310.pyc\n'}
[1.499380] (wld_net) StdoutLine: {'line': b'byte-compiling /home/anas/drone_sitl_ws/install/wld_net/lib/python3.10/site-packages/wld_net/dehazing_node.py to dehazing_node.cpython-310.pyc\n'}
[1.500174] (wld_net) StdoutLine: {'line': b'byte-compiling /home/anas/drone_sitl_ws/install/wld_net/lib/python3.10/site-packages/wld_net/__init__.py to __init__.cpython-310.pyc\n'}
[1.500397] (wld_net) StdoutLine: {'line': b'byte-compiling /home/anas/drone_sitl_ws/install/wld_net/lib/python3.10/site-packages/wld_net/attention_channel.py to attention_channel.cpython-310.pyc\n'}
[1.500678] (wld_net) StdoutLine: {'line': b'byte-compiling /home/anas/drone_sitl_ws/install/wld_net/lib/python3.10/site-packages/wld_net/dehazing_model.py to dehazing_model.cpython-310.pyc\n'}
[1.500956] (-) TimerEvent: {}
[1.501369] (wld_net) StdoutLine: {'line': b'byte-compiling /home/anas/drone_sitl_ws/install/wld_net/lib/python3.10/site-packages/wld_net/DWT_Block.py to DWT_Block.cpython-310.pyc\n'}
[1.501861] (wld_net) StdoutLine: {'line': b'running install_data\n'}
[1.502061] (wld_net) StdoutLine: {'line': b'creating /home/anas/drone_sitl_ws/install/wld_net/share/ament_index/resource_index/packages\n'}
[1.502711] (wld_net) StdoutLine: {'line': b'copying resource/wld_net -> /home/anas/drone_sitl_ws/install/wld_net/share/ament_index/resource_index/packages\n'}
[1.502904] (wld_net) StdoutLine: {'line': b'copying package.xml -> /home/anas/drone_sitl_ws/install/wld_net/share/wld_net\n'}
[1.503140] (wld_net) StdoutLine: {'line': b'creating /home/anas/drone_sitl_ws/install/wld_net/share/wld_net/launch\n'}
[1.503362] (wld_net) StdoutLine: {'line': b'running install_egg_info\n'}
[1.523440] (wld_net) StdoutLine: {'line': b'Copying ../../build/wld_net/wld_net.egg-info to /home/anas/drone_sitl_ws/install/wld_net/lib/python3.10/site-packages/wld_net-0.0.0-py3.10.egg-info\n'}
[1.524342] (wld_net) StdoutLine: {'line': b'running install_scripts\n'}
[1.601050] (-) TimerEvent: {}
[1.675039] (wld_net) StdoutLine: {'line': b'Installing dehazing_node script to /home/anas/drone_sitl_ws/install/wld_net/bin\n'}
[1.675854] (wld_net) StdoutLine: {'line': b"writing list of installed files to '/home/anas/drone_sitl_ws/build/wld_net/install.log'\n"}
[1.698053] (wld_net) CommandEnded: {'returncode': 0}
[1.701118] (-) TimerEvent: {}
[1.721291] (wld_net) JobEnded: {'identifier': 'wld_net', 'rc': 0}
[1.722028] (-) EventReactorShutdown: {}
