[0.318s] DEBUG:colcon:Command line arguments: ['/usr/bin/colcon', 'build', '--packages-select', 'wld_net']
[0.318s] DEBUG:colcon:Parsed command line arguments: Namespace(log_base=None, log_level=None, verb_name='build', build_base='build', install_base='install', merge_install=False, symlink_install=False, test_result_base=None, continue_on_error=False, executor='parallel', parallel_workers=6, event_handlers=None, ignore_user_meta=False, metas=['./colcon.meta'], base_paths=['.'], packages_ignore=None, packages_ignore_regex=None, paths=None, packages_up_to=None, packages_up_to_regex=None, packages_above=None, packages_above_and_dependencies=None, packages_above_depth=None, packages_select_by_dep=None, packages_skip_by_dep=None, packages_skip_up_to=None, packages_select_build_failed=False, packages_skip_build_finished=False, packages_select_test_failures=False, packages_skip_test_passed=False, packages_select=['wld_net'], packages_skip=None, packages_select_regex=None, packages_skip_regex=None, packages_start=None, packages_end=None, allow_overriding=[], cmake_args=None, cmake_target=None, cmake_target_skip_unavailable=False, cmake_clean_cache=False, cmake_clean_first=False, cmake_force_configure=False, ament_cmake_args=None, catkin_cmake_args=None, catkin_skip_building_tests=False, verb_parser=<colcon_defaults.argument_parser.defaults.DefaultArgumentsDecorator object at 0x7fb0bd256860>, verb_extension=<colcon_core.verb.build.BuildVerb object at 0x7fb0bd3877c0>, main=<bound method BuildVerb.main of <colcon_core.verb.build.BuildVerb object at 0x7fb0bd3877c0>>)
[0.409s] Level 1:colcon.colcon_core.package_discovery:discover_packages(colcon_meta) check parameters
[0.409s] Level 1:colcon.colcon_core.package_discovery:discover_packages(recursive) check parameters
[0.409s] Level 1:colcon.colcon_core.package_discovery:discover_packages(ignore) check parameters
[0.409s] Level 1:colcon.colcon_core.package_discovery:discover_packages(path) check parameters
[0.409s] Level 1:colcon.colcon_core.package_discovery:discover_packages(colcon_meta) discover
[0.409s] Level 1:colcon.colcon_core.package_discovery:discover_packages(recursive) discover
[0.409s] INFO:colcon.colcon_core.package_discovery:Crawling recursively for packages in '/home/anas/drone_sitl_ws'
[0.409s] Level 1:colcon.colcon_core.package_identification:_identify(.) by extensions ['ignore', 'ignore_ament_install']
[0.409s] Level 1:colcon.colcon_core.package_identification:_identify(.) by extension 'ignore'
[0.409s] Level 1:colcon.colcon_core.package_identification:_identify(.) by extension 'ignore_ament_install'
[0.409s] Level 1:colcon.colcon_core.package_identification:_identify(.) by extensions ['colcon_pkg']
[0.409s] Level 1:colcon.colcon_core.package_identification:_identify(.) by extension 'colcon_pkg'
[0.409s] Level 1:colcon.colcon_core.package_identification:_identify(.) by extensions ['colcon_meta']
[0.409s] Level 1:colcon.colcon_core.package_identification:_identify(.) by extension 'colcon_meta'
[0.409s] Level 1:colcon.colcon_core.package_identification:_identify(.) by extensions ['ros']
[0.409s] Level 1:colcon.colcon_core.package_identification:_identify(.) by extension 'ros'
[0.430s] Level 1:colcon.colcon_core.package_identification:_identify(.) by extensions ['cmake', 'python']
[0.430s] Level 1:colcon.colcon_core.package_identification:_identify(.) by extension 'cmake'
[0.430s] Level 1:colcon.colcon_core.package_identification:_identify(.) by extension 'python'
[0.430s] Level 1:colcon.colcon_core.package_identification:_identify(.) by extensions ['python_setup_py']
[0.430s] Level 1:colcon.colcon_core.package_identification:_identify(.) by extension 'python_setup_py'
[0.430s] Level 1:colcon.colcon_core.package_identification:_identify(build) by extensions ['ignore', 'ignore_ament_install']
[0.430s] Level 1:colcon.colcon_core.package_identification:_identify(build) by extension 'ignore'
[0.430s] Level 1:colcon.colcon_core.package_identification:_identify(build) ignored
[0.430s] Level 1:colcon.colcon_core.package_identification:_identify(install) by extensions ['ignore', 'ignore_ament_install']
[0.430s] Level 1:colcon.colcon_core.package_identification:_identify(install) by extension 'ignore'
[0.431s] Level 1:colcon.colcon_core.package_identification:_identify(install) ignored
[0.431s] Level 1:colcon.colcon_core.package_identification:_identify(log) by extensions ['ignore', 'ignore_ament_install']
[0.431s] Level 1:colcon.colcon_core.package_identification:_identify(log) by extension 'ignore'
[0.431s] Level 1:colcon.colcon_core.package_identification:_identify(log) ignored
[0.431s] Level 1:colcon.colcon_core.package_identification:_identify(src) by extensions ['ignore', 'ignore_ament_install']
[0.431s] Level 1:colcon.colcon_core.package_identification:_identify(src) by extension 'ignore'
[0.431s] Level 1:colcon.colcon_core.package_identification:_identify(src) by extension 'ignore_ament_install'
[0.431s] Level 1:colcon.colcon_core.package_identification:_identify(src) by extensions ['colcon_pkg']
[0.431s] Level 1:colcon.colcon_core.package_identification:_identify(src) by extension 'colcon_pkg'
[0.431s] Level 1:colcon.colcon_core.package_identification:_identify(src) by extensions ['colcon_meta']
[0.431s] Level 1:colcon.colcon_core.package_identification:_identify(src) by extension 'colcon_meta'
[0.432s] Level 1:colcon.colcon_core.package_identification:_identify(src) by extensions ['ros']
[0.432s] Level 1:colcon.colcon_core.package_identification:_identify(src) by extension 'ros'
[0.432s] Level 1:colcon.colcon_core.package_identification:_identify(src) by extensions ['cmake', 'python']
[0.432s] Level 1:colcon.colcon_core.package_identification:_identify(src) by extension 'cmake'
[0.432s] Level 1:colcon.colcon_core.package_identification:_identify(src) by extension 'python'
[0.432s] Level 1:colcon.colcon_core.package_identification:_identify(src) by extensions ['python_setup_py']
[0.432s] Level 1:colcon.colcon_core.package_identification:_identify(src) by extension 'python_setup_py'
[0.432s] Level 1:colcon.colcon_core.package_identification:_identify(src/RL_research_workspace) by extensions ['ignore', 'ignore_ament_install']
[0.432s] Level 1:colcon.colcon_core.package_identification:_identify(src/RL_research_workspace) by extension 'ignore'
[0.432s] Level 1:colcon.colcon_core.package_identification:_identify(src/RL_research_workspace) by extension 'ignore_ament_install'
[0.432s] Level 1:colcon.colcon_core.package_identification:_identify(src/RL_research_workspace) by extensions ['colcon_pkg']
[0.432s] Level 1:colcon.colcon_core.package_identification:_identify(src/RL_research_workspace) by extension 'colcon_pkg'
[0.432s] Level 1:colcon.colcon_core.package_identification:_identify(src/RL_research_workspace) by extensions ['colcon_meta']
[0.432s] Level 1:colcon.colcon_core.package_identification:_identify(src/RL_research_workspace) by extension 'colcon_meta'
[0.433s] Level 1:colcon.colcon_core.package_identification:_identify(src/RL_research_workspace) by extensions ['ros']
[0.433s] Level 1:colcon.colcon_core.package_identification:_identify(src/RL_research_workspace) by extension 'ros'
[0.433s] Level 1:colcon.colcon_core.package_identification:_identify(src/RL_research_workspace) by extensions ['cmake', 'python']
[0.433s] Level 1:colcon.colcon_core.package_identification:_identify(src/RL_research_workspace) by extension 'cmake'
[0.433s] Level 1:colcon.colcon_core.package_identification:_identify(src/RL_research_workspace) by extension 'python'
[0.433s] Level 1:colcon.colcon_core.package_identification:_identify(src/RL_research_workspace) by extensions ['python_setup_py']
[0.433s] Level 1:colcon.colcon_core.package_identification:_identify(src/RL_research_workspace) by extension 'python_setup_py'
[0.433s] Level 1:colcon.colcon_core.package_identification:_identify(src/RL_research_workspace/src) by extensions ['ignore', 'ignore_ament_install']
[0.433s] Level 1:colcon.colcon_core.package_identification:_identify(src/RL_research_workspace/src) by extension 'ignore'
[0.433s] Level 1:colcon.colcon_core.package_identification:_identify(src/RL_research_workspace/src) by extension 'ignore_ament_install'
[0.433s] Level 1:colcon.colcon_core.package_identification:_identify(src/RL_research_workspace/src) by extensions ['colcon_pkg']
[0.434s] Level 1:colcon.colcon_core.package_identification:_identify(src/RL_research_workspace/src) by extension 'colcon_pkg'
[0.434s] Level 1:colcon.colcon_core.package_identification:_identify(src/RL_research_workspace/src) by extensions ['colcon_meta']
[0.434s] Level 1:colcon.colcon_core.package_identification:_identify(src/RL_research_workspace/src) by extension 'colcon_meta'
[0.434s] Level 1:colcon.colcon_core.package_identification:_identify(src/RL_research_workspace/src) by extensions ['ros']
[0.434s] Level 1:colcon.colcon_core.package_identification:_identify(src/RL_research_workspace/src) by extension 'ros'
[0.434s] Level 1:colcon.colcon_core.package_identification:_identify(src/RL_research_workspace/src) by extensions ['cmake', 'python']
[0.434s] Level 1:colcon.colcon_core.package_identification:_identify(src/RL_research_workspace/src) by extension 'cmake'
[0.434s] Level 1:colcon.colcon_core.package_identification:_identify(src/RL_research_workspace/src) by extension 'python'
[0.434s] Level 1:colcon.colcon_core.package_identification:_identify(src/RL_research_workspace/src) by extensions ['python_setup_py']
[0.434s] Level 1:colcon.colcon_core.package_identification:_identify(src/RL_research_workspace/src) by extension 'python_setup_py'
[0.434s] Level 1:colcon.colcon_core.package_identification:_identify(src/RL_research_workspace/src/depthimage_to_laserscan-foxy-devel) by extensions ['ignore', 'ignore_ament_install']
[0.435s] Level 1:colcon.colcon_core.package_identification:_identify(src/RL_research_workspace/src/depthimage_to_laserscan-foxy-devel) by extension 'ignore'
[0.435s] Level 1:colcon.colcon_core.package_identification:_identify(src/RL_research_workspace/src/depthimage_to_laserscan-foxy-devel) by extension 'ignore_ament_install'
[0.435s] Level 1:colcon.colcon_core.package_identification:_identify(src/RL_research_workspace/src/depthimage_to_laserscan-foxy-devel) by extensions ['colcon_pkg']
[0.435s] Level 1:colcon.colcon_core.package_identification:_identify(src/RL_research_workspace/src/depthimage_to_laserscan-foxy-devel) by extension 'colcon_pkg'
[0.435s] Level 1:colcon.colcon_core.package_identification:_identify(src/RL_research_workspace/src/depthimage_to_laserscan-foxy-devel) by extensions ['colcon_meta']
[0.435s] Level 1:colcon.colcon_core.package_identification:_identify(src/RL_research_workspace/src/depthimage_to_laserscan-foxy-devel) by extension 'colcon_meta'
[0.435s] Level 1:colcon.colcon_core.package_identification:_identify(src/RL_research_workspace/src/depthimage_to_laserscan-foxy-devel) by extensions ['ros']
[0.435s] Level 1:colcon.colcon_core.package_identification:_identify(src/RL_research_workspace/src/depthimage_to_laserscan-foxy-devel) by extension 'ros'
[0.439s] DEBUG:colcon.colcon_core.package_identification:Package 'src/RL_research_workspace/src/depthimage_to_laserscan-foxy-devel' with type 'ros.ament_cmake' and name 'depthimage_to_laserscan'
[0.440s] Level 1:colcon.colcon_core.package_identification:_identify(src/RL_research_workspace/src/f4_project) by extensions ['ignore', 'ignore_ament_install']
[0.440s] Level 1:colcon.colcon_core.package_identification:_identify(src/RL_research_workspace/src/f4_project) by extension 'ignore'
[0.440s] Level 1:colcon.colcon_core.package_identification:_identify(src/RL_research_workspace/src/f4_project) by extension 'ignore_ament_install'
[0.440s] Level 1:colcon.colcon_core.package_identification:_identify(src/RL_research_workspace/src/f4_project) by extensions ['colcon_pkg']
[0.440s] Level 1:colcon.colcon_core.package_identification:_identify(src/RL_research_workspace/src/f4_project) by extension 'colcon_pkg'
[0.440s] Level 1:colcon.colcon_core.package_identification:_identify(src/RL_research_workspace/src/f4_project) by extensions ['colcon_meta']
[0.440s] Level 1:colcon.colcon_core.package_identification:_identify(src/RL_research_workspace/src/f4_project) by extension 'colcon_meta'
[0.440s] Level 1:colcon.colcon_core.package_identification:_identify(src/RL_research_workspace/src/f4_project) by extensions ['ros']
[0.440s] Level 1:colcon.colcon_core.package_identification:_identify(src/RL_research_workspace/src/f4_project) by extension 'ros'
[0.441s] DEBUG:colcon.colcon_core.package_identification:Package 'src/RL_research_workspace/src/f4_project' with type 'ros.ament_python' and name 'f4_project'
[0.441s] Level 1:colcon.colcon_core.package_identification:_identify(src/WLD-Net) by extensions ['ignore', 'ignore_ament_install']
[0.442s] Level 1:colcon.colcon_core.package_identification:_identify(src/WLD-Net) by extension 'ignore'
[0.442s] Level 1:colcon.colcon_core.package_identification:_identify(src/WLD-Net) by extension 'ignore_ament_install'
[0.442s] Level 1:colcon.colcon_core.package_identification:_identify(src/WLD-Net) by extensions ['colcon_pkg']
[0.442s] Level 1:colcon.colcon_core.package_identification:_identify(src/WLD-Net) by extension 'colcon_pkg'
[0.442s] Level 1:colcon.colcon_core.package_identification:_identify(src/WLD-Net) by extensions ['colcon_meta']
[0.442s] Level 1:colcon.colcon_core.package_identification:_identify(src/WLD-Net) by extension 'colcon_meta'
[0.442s] Level 1:colcon.colcon_core.package_identification:_identify(src/WLD-Net) by extensions ['ros']
[0.442s] Level 1:colcon.colcon_core.package_identification:_identify(src/WLD-Net) by extension 'ros'
[0.442s] DEBUG:colcon.colcon_core.package_identification:Package 'src/WLD-Net' with type 'ros.ament_python' and name 'wld_net'
[0.443s] Level 1:colcon.colcon_core.package_identification:_identify(src/px4-offboard) by extensions ['ignore', 'ignore_ament_install']
[0.443s] Level 1:colcon.colcon_core.package_identification:_identify(src/px4-offboard) by extension 'ignore'
[0.443s] Level 1:colcon.colcon_core.package_identification:_identify(src/px4-offboard) by extension 'ignore_ament_install'
[0.443s] Level 1:colcon.colcon_core.package_identification:_identify(src/px4-offboard) by extensions ['colcon_pkg']
[0.443s] Level 1:colcon.colcon_core.package_identification:_identify(src/px4-offboard) by extension 'colcon_pkg'
[0.443s] Level 1:colcon.colcon_core.package_identification:_identify(src/px4-offboard) by extensions ['colcon_meta']
[0.443s] Level 1:colcon.colcon_core.package_identification:_identify(src/px4-offboard) by extension 'colcon_meta'
[0.443s] Level 1:colcon.colcon_core.package_identification:_identify(src/px4-offboard) by extensions ['ros']
[0.443s] Level 1:colcon.colcon_core.package_identification:_identify(src/px4-offboard) by extension 'ros'
[0.444s] DEBUG:colcon.colcon_core.package_identification:Package 'src/px4-offboard' with type 'ros.ament_python' and name 'px4_offboard'
[0.444s] Level 1:colcon.colcon_core.package_identification:_identify(src/px4_msgs) by extensions ['ignore', 'ignore_ament_install']
[0.445s] Level 1:colcon.colcon_core.package_identification:_identify(src/px4_msgs) by extension 'ignore'
[0.445s] Level 1:colcon.colcon_core.package_identification:_identify(src/px4_msgs) by extension 'ignore_ament_install'
[0.445s] Level 1:colcon.colcon_core.package_identification:_identify(src/px4_msgs) by extensions ['colcon_pkg']
[0.445s] Level 1:colcon.colcon_core.package_identification:_identify(src/px4_msgs) by extension 'colcon_pkg'
[0.445s] Level 1:colcon.colcon_core.package_identification:_identify(src/px4_msgs) by extensions ['colcon_meta']
[0.445s] Level 1:colcon.colcon_core.package_identification:_identify(src/px4_msgs) by extension 'colcon_meta'
[0.445s] Level 1:colcon.colcon_core.package_identification:_identify(src/px4_msgs) by extensions ['ros']
[0.445s] Level 1:colcon.colcon_core.package_identification:_identify(src/px4_msgs) by extension 'ros'
[0.446s] DEBUG:colcon.colcon_core.package_identification:Package 'src/px4_msgs' with type 'ros.ament_cmake' and name 'px4_msgs'
[0.446s] Level 1:colcon.colcon_core.package_identification:_identify(src/px4_ros_com) by extensions ['ignore', 'ignore_ament_install']
[0.446s] Level 1:colcon.colcon_core.package_identification:_identify(src/px4_ros_com) by extension 'ignore'
[0.446s] Level 1:colcon.colcon_core.package_identification:_identify(src/px4_ros_com) by extension 'ignore_ament_install'
[0.446s] Level 1:colcon.colcon_core.package_identification:_identify(src/px4_ros_com) by extensions ['colcon_pkg']
[0.446s] Level 1:colcon.colcon_core.package_identification:_identify(src/px4_ros_com) by extension 'colcon_pkg'
[0.447s] Level 1:colcon.colcon_core.package_identification:_identify(src/px4_ros_com) by extensions ['colcon_meta']
[0.447s] Level 1:colcon.colcon_core.package_identification:_identify(src/px4_ros_com) by extension 'colcon_meta'
[0.447s] Level 1:colcon.colcon_core.package_identification:_identify(src/px4_ros_com) by extensions ['ros']
[0.447s] Level 1:colcon.colcon_core.package_identification:_identify(src/px4_ros_com) by extension 'ros'
[0.449s] DEBUG:colcon.colcon_core.package_identification:Package 'src/px4_ros_com' with type 'ros.ament_cmake' and name 'px4_ros_com'
[0.449s] Level 1:colcon.colcon_core.package_discovery:discover_packages(recursive) using defaults
[0.449s] Level 1:colcon.colcon_core.package_discovery:discover_packages(ignore) discover
[0.449s] Level 1:colcon.colcon_core.package_discovery:discover_packages(ignore) using defaults
[0.449s] Level 1:colcon.colcon_core.package_discovery:discover_packages(path) discover
[0.449s] Level 1:colcon.colcon_core.package_discovery:discover_packages(path) using defaults
[0.483s] INFO:colcon.colcon_core.package_selection:Skipping not selected package 'depthimage_to_laserscan' in 'src/RL_research_workspace/src/depthimage_to_laserscan-foxy-devel'
[0.483s] INFO:colcon.colcon_core.package_selection:Skipping not selected package 'f4_project' in 'src/RL_research_workspace/src/f4_project'
[0.483s] INFO:colcon.colcon_core.package_selection:Skipping not selected package 'px4_msgs' in 'src/px4_msgs'
[0.483s] INFO:colcon.colcon_core.package_selection:Skipping not selected package 'px4_offboard' in 'src/px4-offboard'
[0.483s] INFO:colcon.colcon_core.package_selection:Skipping not selected package 'px4_ros_com' in 'src/px4_ros_com'
[0.484s] Level 1:colcon.colcon_core.package_discovery:discover_packages(prefix_path) check parameters
[0.484s] Level 1:colcon.colcon_core.package_discovery:discover_packages(prefix_path) discover
[0.489s] DEBUG:colcon.colcon_installed_package_information.package_discovery:Found 388 installed packages in /opt/ros/humble
[0.491s] Level 1:colcon.colcon_core.package_discovery:discover_packages(prefix_path) using defaults
[0.542s] Level 5:colcon.colcon_core.verb:set package 'wld_net' build argument 'cmake_args' from command line to 'None'
[0.542s] Level 5:colcon.colcon_core.verb:set package 'wld_net' build argument 'cmake_target' from command line to 'None'
[0.542s] Level 5:colcon.colcon_core.verb:set package 'wld_net' build argument 'cmake_target_skip_unavailable' from command line to 'False'
[0.542s] Level 5:colcon.colcon_core.verb:set package 'wld_net' build argument 'cmake_clean_cache' from command line to 'False'
[0.542s] Level 5:colcon.colcon_core.verb:set package 'wld_net' build argument 'cmake_clean_first' from command line to 'False'
[0.542s] Level 5:colcon.colcon_core.verb:set package 'wld_net' build argument 'cmake_force_configure' from command line to 'False'
[0.542s] Level 5:colcon.colcon_core.verb:set package 'wld_net' build argument 'ament_cmake_args' from command line to 'None'
[0.542s] Level 5:colcon.colcon_core.verb:set package 'wld_net' build argument 'catkin_cmake_args' from command line to 'None'
[0.542s] Level 5:colcon.colcon_core.verb:set package 'wld_net' build argument 'catkin_skip_building_tests' from command line to 'False'
[0.542s] DEBUG:colcon.colcon_core.verb:Building package 'wld_net' with the following arguments: {'ament_cmake_args': None, 'build_base': '/home/anas/drone_sitl_ws/build/wld_net', 'catkin_cmake_args': None, 'catkin_skip_building_tests': False, 'cmake_args': None, 'cmake_clean_cache': False, 'cmake_clean_first': False, 'cmake_force_configure': False, 'cmake_target': None, 'cmake_target_skip_unavailable': False, 'install_base': '/home/anas/drone_sitl_ws/install/wld_net', 'merge_install': False, 'path': '/home/anas/drone_sitl_ws/src/WLD-Net', 'symlink_install': False, 'test_result_base': None}
[0.542s] INFO:colcon.colcon_core.executor:Executing jobs using 'parallel' executor
[0.543s] DEBUG:colcon.colcon_parallel_executor.executor.parallel:run_until_complete
[0.543s] INFO:colcon.colcon_ros.task.ament_python.build:Building ROS package in '/home/anas/drone_sitl_ws/src/WLD-Net' with build type 'ament_python'
[0.543s] Level 1:colcon.colcon_core.shell:create_environment_hook('wld_net', 'ament_prefix_path')
[0.549s] INFO:colcon.colcon_core.plugin_system:Skipping extension 'colcon_core.shell.bat': Not used on non-Windows systems
[0.549s] INFO:colcon.colcon_core.shell:Creating environment hook '/home/anas/drone_sitl_ws/install/wld_net/share/wld_net/hook/ament_prefix_path.ps1'
[0.551s] INFO:colcon.colcon_core.shell:Creating environment descriptor '/home/anas/drone_sitl_ws/install/wld_net/share/wld_net/hook/ament_prefix_path.dsv'
[0.552s] INFO:colcon.colcon_core.shell:Creating environment hook '/home/anas/drone_sitl_ws/install/wld_net/share/wld_net/hook/ament_prefix_path.sh'
[0.553s] INFO:colcon.colcon_core.shell:Skip shell extension 'powershell' for command environment: Not usable outside of PowerShell
[0.553s] DEBUG:colcon.colcon_core.shell:Skip shell extension 'dsv' for command environment
[0.776s] INFO:colcon.colcon_core.task.python.build:Building Python package in '/home/anas/drone_sitl_ws/src/WLD-Net'
[0.777s] INFO:colcon.colcon_core.shell:Skip shell extension 'powershell' for command environment: Not usable outside of PowerShell
[0.777s] DEBUG:colcon.colcon_core.shell:Skip shell extension 'dsv' for command environment
[1.677s] DEBUG:colcon.colcon_core.event_handler.log_command:Invoking command in '/home/anas/drone_sitl_ws/src/WLD-Net': PYTHONPATH=/home/anas/drone_sitl_ws/build/wld_net/prefix_override:/usr/lib/python3/dist-packages/colcon_core/task/python/colcon_distutils_commands:/home/anas/drone_sitl_ws/install/wld_net/lib/python3.10/site-packages:${PYTHONPATH} /usr/bin/python3 -W ignore:setup.py install is deprecated -W ignore:easy_install command is deprecated setup.py egg_info --egg-base ../../build/wld_net build --build-base /home/anas/drone_sitl_ws/build/wld_net/build install --record /home/anas/drone_sitl_ws/build/wld_net/install.log --single-version-externally-managed install_data
[2.242s] DEBUG:colcon.colcon_core.event_handler.log_command:Invoked command in '/home/anas/drone_sitl_ws/src/WLD-Net' returned '0': PYTHONPATH=/home/anas/drone_sitl_ws/build/wld_net/prefix_override:/usr/lib/python3/dist-packages/colcon_core/task/python/colcon_distutils_commands:/home/anas/drone_sitl_ws/install/wld_net/lib/python3.10/site-packages:${PYTHONPATH} /usr/bin/python3 -W ignore:setup.py install is deprecated -W ignore:easy_install command is deprecated setup.py egg_info --egg-base ../../build/wld_net build --build-base /home/anas/drone_sitl_ws/build/wld_net/build install --record /home/anas/drone_sitl_ws/build/wld_net/install.log --single-version-externally-managed install_data
[2.249s] Level 1:colcon.colcon_core.environment:checking '/home/anas/drone_sitl_ws/install/wld_net' for CMake module files
[2.250s] Level 1:colcon.colcon_core.environment:checking '/home/anas/drone_sitl_ws/install/wld_net' for CMake config files
[2.251s] Level 1:colcon.colcon_core.environment:checking '/home/anas/drone_sitl_ws/install/wld_net/lib'
[2.251s] Level 1:colcon.colcon_core.environment:checking '/home/anas/drone_sitl_ws/install/wld_net/bin'
[2.251s] Level 1:colcon.colcon_core.shell:create_environment_hook('wld_net', 'path')
[2.252s] INFO:colcon.colcon_core.shell:Creating environment hook '/home/anas/drone_sitl_ws/install/wld_net/share/wld_net/hook/path.ps1'
[2.252s] INFO:colcon.colcon_core.shell:Creating environment descriptor '/home/anas/drone_sitl_ws/install/wld_net/share/wld_net/hook/path.dsv'
[2.253s] INFO:colcon.colcon_core.shell:Creating environment hook '/home/anas/drone_sitl_ws/install/wld_net/share/wld_net/hook/path.sh'
[2.253s] Level 1:colcon.colcon_core.environment:checking '/home/anas/drone_sitl_ws/install/wld_net/lib/pkgconfig/wld_net.pc'
[2.253s] Level 1:colcon.colcon_core.environment:checking '/home/anas/drone_sitl_ws/install/wld_net/lib/python3.10/site-packages'
[2.253s] Level 1:colcon.colcon_core.shell:create_environment_hook('wld_net', 'pythonpath')
[2.254s] INFO:colcon.colcon_core.shell:Creating environment hook '/home/anas/drone_sitl_ws/install/wld_net/share/wld_net/hook/pythonpath.ps1'
[2.254s] INFO:colcon.colcon_core.shell:Creating environment descriptor '/home/anas/drone_sitl_ws/install/wld_net/share/wld_net/hook/pythonpath.dsv'
[2.254s] INFO:colcon.colcon_core.shell:Creating environment hook '/home/anas/drone_sitl_ws/install/wld_net/share/wld_net/hook/pythonpath.sh'
[2.255s] Level 1:colcon.colcon_core.environment:checking '/home/anas/drone_sitl_ws/install/wld_net/bin'
[2.255s] Level 1:colcon.colcon_core.shell:create_environment_hook('wld_net', 'pythonscriptspath')
[2.256s] INFO:colcon.colcon_core.shell:Creating environment hook '/home/anas/drone_sitl_ws/install/wld_net/share/wld_net/hook/pythonscriptspath.ps1'
[2.256s] INFO:colcon.colcon_core.shell:Creating environment descriptor '/home/anas/drone_sitl_ws/install/wld_net/share/wld_net/hook/pythonscriptspath.dsv'
[2.256s] INFO:colcon.colcon_core.shell:Creating environment hook '/home/anas/drone_sitl_ws/install/wld_net/share/wld_net/hook/pythonscriptspath.sh'
[2.257s] Level 1:colcon.colcon_core.environment:create_environment_scripts_only(wld_net)
[2.257s] INFO:colcon.colcon_core.shell:Creating package script '/home/anas/drone_sitl_ws/install/wld_net/share/wld_net/package.ps1'
[2.259s] INFO:colcon.colcon_core.shell:Creating package descriptor '/home/anas/drone_sitl_ws/install/wld_net/share/wld_net/package.dsv'
[2.260s] INFO:colcon.colcon_core.shell:Creating package script '/home/anas/drone_sitl_ws/install/wld_net/share/wld_net/package.sh'
[2.261s] INFO:colcon.colcon_core.shell:Creating package script '/home/anas/drone_sitl_ws/install/wld_net/share/wld_net/package.bash'
[2.263s] INFO:colcon.colcon_core.shell:Creating package script '/home/anas/drone_sitl_ws/install/wld_net/share/wld_net/package.zsh'
[2.264s] Level 1:colcon.colcon_core.environment:create_file_with_runtime_dependencies(/home/anas/drone_sitl_ws/install/wld_net/share/colcon-core/packages/wld_net)
[2.265s] DEBUG:colcon.colcon_parallel_executor.executor.parallel:closing loop
[2.266s] DEBUG:colcon.colcon_parallel_executor.executor.parallel:loop closed
[2.266s] DEBUG:colcon.colcon_parallel_executor.executor.parallel:run_until_complete finished with '0'
[2.266s] DEBUG:colcon.colcon_core.event_reactor:joining thread
[2.329s] INFO:colcon.colcon_core.plugin_system:Skipping extension 'colcon_notification.desktop_notification.notify_send': Could not find 'notify-send'
[2.329s] INFO:colcon.colcon_core.plugin_system:Skipping extension 'colcon_notification.desktop_notification.terminal_notifier': Not used on non-Darwin systems
[2.329s] INFO:colcon.colcon_core.plugin_system:Skipping extension 'colcon_notification.desktop_notification.win32': Not used on non-Windows systems
[2.329s] INFO:colcon.colcon_notification.desktop_notification:Sending desktop notification using 'notify2'
[2.331s] DEBUG:colcon.colcon_notification.desktop_notification.notify2:Failed to initialize notify2: org.freedesktop.DBus.Error.ServiceUnknown: The name org.freedesktop.Notifications was not provided by any .service files
[2.331s] DEBUG:colcon.colcon_core.event_reactor:joined thread
[2.332s] INFO:colcon.colcon_core.shell:Creating prefix script '/home/anas/drone_sitl_ws/install/local_setup.ps1'
[2.333s] INFO:colcon.colcon_core.shell:Creating prefix util module '/home/anas/drone_sitl_ws/install/_local_setup_util_ps1.py'
[2.336s] INFO:colcon.colcon_core.shell:Creating prefix chain script '/home/anas/drone_sitl_ws/install/setup.ps1'
[2.337s] INFO:colcon.colcon_core.shell:Creating prefix script '/home/anas/drone_sitl_ws/install/local_setup.sh'
[2.338s] INFO:colcon.colcon_core.shell:Creating prefix util module '/home/anas/drone_sitl_ws/install/_local_setup_util_sh.py'
[2.339s] INFO:colcon.colcon_core.shell:Creating prefix chain script '/home/anas/drone_sitl_ws/install/setup.sh'
[2.340s] INFO:colcon.colcon_core.shell:Creating prefix script '/home/anas/drone_sitl_ws/install/local_setup.bash'
[2.341s] INFO:colcon.colcon_core.shell:Creating prefix chain script '/home/anas/drone_sitl_ws/install/setup.bash'
[2.343s] INFO:colcon.colcon_core.shell:Creating prefix script '/home/anas/drone_sitl_ws/install/local_setup.zsh'
[2.344s] INFO:colcon.colcon_core.shell:Creating prefix chain script '/home/anas/drone_sitl_ws/install/setup.zsh'
